...[mcl] new tab created
[mcl] pid 24956
 ite -------------------  chaos  time hom(avg,lo,hi) expa expb expc fmv
  1  ...................   0.20  0.08 1.04/0.98/1.14 1.00 1.00 1.00 100
  2  ...................   0.28  0.05 0.90/0.90/0.92 1.00 1.00 1.00 100
  3  ...................   0.47  0.05 0.78/0.78/0.78 1.00 1.00 1.00 100
  4  ...................   0.77  0.05 0.68/0.68/0.68 1.00 1.00 1.00 100
  5  ...................   1.17  0.05 0.64/0.64/0.64 1.00 0.94 0.94 100
  6  ...................   1.34  0.04 0.62/0.62/0.62 1.00 0.72 0.68 100
  7  ...................   1.53  0.03 0.60/0.60/0.60 1.00 0.71 0.48 100
  8  ...................   1.69  0.02 0.59/0.59/0.59 1.00 0.68 0.33 100
  9  ...................   1.83  0.01 0.58/0.58/0.58 1.00 0.68 0.22 100
 10  ...................   1.81  0.01 0.58/0.58/0.58 1.00 0.64 0.14 100
 11  ...................   1.71  0.00 0.58/0.58/0.58 1.00 0.67 0.10 100
 12  ...................   1.32  0.00 0.62/0.62/0.62 1.00 0.67 0.06 100
 13  ...................   0.62  0.00 0.74/0.74/0.74 1.00 0.62 0.04 100
 14  ...................   0.12  0.00 0.92/0.92/0.92 1.00 0.60 0.02 100
 15  ...................   0.01  0.00 0.99/0.99/0.99 1.00 0.67 0.02 100
 16  ...................   0.00  0.00 1.00/1.00/1.00 1.00 0.50 0.01   0
[mcl] jury pruning marks: <100,100,100>, out of 100
[mcl] jury pruning synopsis: <100.0 or really really really good> (cf -scheme, -do log)
[mcl] output is in /local/wiwie/ClustEval/repository/results/04_07_2013-14_41_00_paper_run_synthetic/clusters/MCL_norm_synthetic_spirals250.44.results
[mcl] 1 clusters found
[mcl] output is in /local/wiwie/ClustEval/repository/results/04_07_2013-14_41_00_paper_run_synthetic/clusters/MCL_norm_synthetic_spirals250.44.results

Please cite:
    Stijn van Dongen, Graph Clustering by Flow Simulation.  PhD thesis,
    University of Utrecht, May 2000.
       (  http://www.library.uu.nl/digiarchief/dip/diss/1895620/full.pdf
       or  http://micans.org/mcl/lit/svdthesis.pdf.gz)
OR
    Stijn van Dongen, A cluster algorithm for graphs. Technical
    Report INS-R0010, National Research Institute for Mathematics
    and Computer Science in the Netherlands, Amsterdam, May 2000.
       (  http://www.cwi.nl/ftp/CWIreports/INS/INS-R0010.ps.Z
       or  http://micans.org/mcl/lit/INS-R0010.ps.Z)

