...[mcl] new tab created
[mcl] pid 5232
 ite -------------------  chaos  time hom(avg,lo,hi) expa expb expc fmv
  1  ...................   0.20  0.05 1.04/0.98/1.14 1.00 1.00 1.00 100
  2  ...................   0.25  0.05 0.92/0.91/0.93 1.00 1.00 1.00 100
  3  ...................   0.38  0.05 0.83/0.83/0.83 1.00 1.00 1.00 100
  4  ...................   0.57  0.05 0.74/0.74/0.74 1.00 1.00 1.00 100
  5  ...................   0.84  0.05 0.67/0.67/0.67 1.00 1.00 1.00 100
  6  ...................   1.16  0.05 0.64/0.64/0.64 1.00 0.95 0.95 100
  7  ...................   1.30  0.03 0.62/0.62/0.62 1.00 0.77 0.74 100
  8  ...................   1.42  0.03 0.61/0.61/0.61 1.00 0.75 0.55 100
  9  ...................   1.60  0.02 0.60/0.60/0.60 1.00 0.77 0.42 100
 10  ...................   1.67  0.01 0.59/0.59/0.59 1.00 0.72 0.30 100
 11  ...................   1.78  0.01 0.58/0.58/0.58 1.00 0.74 0.22 100
 12  ...................   1.80  0.01 0.58/0.58/0.58 1.00 0.71 0.16 100
 13  ...................   1.71  0.00 0.57/0.57/0.57 1.00 0.70 0.11 100
 14  ...................   1.53  0.00 0.58/0.58/0.58 1.00 0.71 0.08 100
 15  ...................   1.15  0.00 0.63/0.63/0.63 1.00 0.70 0.06 100
 16  ...................   0.66  0.00 0.73/0.73/0.73 1.00 0.71 0.04 100
 17  ...................   0.19  0.00 0.87/0.87/0.87 1.00 0.60 0.02 100
 18  ...................   0.03  0.00 0.97/0.97/0.97 1.00 0.67 0.02 100
 19  ...................   0.00  0.00 1.00/1.00/1.00 1.00 1.00 0.02   0
 20  ...................   0.00  0.00 1.00/1.00/1.00 1.00 0.50 0.01   0
[mcl] jury pruning marks: <100,100,100>, out of 100
[mcl] jury pruning synopsis: <100.0 or really really really good> (cf -scheme, -do log)
[mcl] output is in /local/wiwie/ClustEval/repository/results/04_07_2013-14_41_00_paper_run_synthetic/clusters/MCL_norm_synthetic_spirals250.96.results
[mcl] 1 clusters found
[mcl] output is in /local/wiwie/ClustEval/repository/results/04_07_2013-14_41_00_paper_run_synthetic/clusters/MCL_norm_synthetic_spirals250.96.results

Please cite:
    Stijn van Dongen, Graph Clustering by Flow Simulation.  PhD thesis,
    University of Utrecht, May 2000.
       (  http://www.library.uu.nl/digiarchief/dip/diss/1895620/full.pdf
       or  http://micans.org/mcl/lit/svdthesis.pdf.gz)
OR
    Stijn van Dongen, A cluster algorithm for graphs. Technical
    Report INS-R0010, National Research Institute for Mathematics
    and Computer Science in the Netherlands, Amsterdam, May 2000.
       (  http://www.cwi.nl/ftp/CWIreports/INS/INS-R0010.ps.Z
       or  http://micans.org/mcl/lit/INS-R0010.ps.Z)

