...[mcl] new tab created
[mcl] pid 55122
 ite -------------------  chaos  time hom(avg,lo,hi) expa expb expc fmv
  1  ...................   0.20  0.06 1.04/0.98/1.14 1.00 1.00 1.00 100
  2  ...................   0.65  0.06 0.76/0.74/0.79 1.00 1.00 1.00 100
  3  ...................   1.35  0.08 0.63/0.62/0.63 1.00 0.70 0.70 100
  4  ...................   1.73  0.02 0.59/0.59/0.59 1.00 0.40 0.28 100
  5  ...................   1.64  0.00 0.58/0.58/0.58 1.00 0.34 0.10 100
  6  ...................   0.38  0.01 0.81/0.81/0.81 1.00 0.33 0.03 100
  7  ...................   0.00  0.00 1.00/1.00/1.00 1.00 0.25 0.01 100
[mcl] jury pruning marks: <100,100,99>, out of 100
[mcl] jury pruning synopsis: <99.9 or perfect> (cf -scheme, -do log)
[mcl] output is in /local/wiwie/ClustEval/repository/results/04_07_2013-14_41_00_paper_run_synthetic/clusters/MCL_norm_synthetic_spirals250.14.results
[mcl] 1 clusters found
[mcl] output is in /local/wiwie/ClustEval/repository/results/04_07_2013-14_41_00_paper_run_synthetic/clusters/MCL_norm_synthetic_spirals250.14.results

Please cite:
    Stijn van Dongen, Graph Clustering by Flow Simulation.  PhD thesis,
    University of Utrecht, May 2000.
       (  http://www.library.uu.nl/digiarchief/dip/diss/1895620/full.pdf
       or  http://micans.org/mcl/lit/svdthesis.pdf.gz)
OR
    Stijn van Dongen, A cluster algorithm for graphs. Technical
    Report INS-R0010, National Research Institute for Mathematics
    and Computer Science in the Netherlands, Amsterdam, May 2000.
       (  http://www.cwi.nl/ftp/CWIreports/INS/INS-R0010.ps.Z
       or  http://micans.org/mcl/lit/INS-R0010.ps.Z)

