...[mcl] new tab created
[mcl] pid 17899
 ite -------------------  chaos  time hom(avg,lo,hi) expa expb expc fmv
  1  ...................   0.20  0.05 1.04/0.98/1.14 1.00 1.00 1.00 100
  2  ...................   0.51  0.05 0.80/0.79/0.83 1.00 1.00 1.00 100
  3  ...................   1.18  0.05 0.64/0.64/0.64 1.00 0.92 0.92 100
  4  ...................   1.54  0.04 0.60/0.60/0.60 1.00 0.50 0.46 100
  5  ...................   1.84  0.02 0.58/0.58/0.58 1.00 0.46 0.21 100
  6  ...................   1.65  0.00 0.58/0.58/0.58 1.00 0.42 0.09 100
  7  ...................   0.41  0.00 0.79/0.79/0.79 1.00 0.36 0.03 100
  8  ...................   0.00  0.01 1.00/1.00/1.00 1.00 0.50 0.02 100
  9  ...................   0.00  0.00 1.00/1.00/1.00 1.00 0.50 0.01   0
[mcl] jury pruning marks: <100,100,99>, out of 100
[mcl] jury pruning synopsis: <99.9 or perfect> (cf -scheme, -do log)
[mcl] output is in /local/wiwie/ClustEval/repository/results/04_07_2013-14_41_00_paper_run_synthetic/clusters/MCL_norm_synthetic_spirals250.10.results
[mcl] 1 clusters found
[mcl] output is in /local/wiwie/ClustEval/repository/results/04_07_2013-14_41_00_paper_run_synthetic/clusters/MCL_norm_synthetic_spirals250.10.results

Please cite:
    Stijn van Dongen, Graph Clustering by Flow Simulation.  PhD thesis,
    University of Utrecht, May 2000.
       (  http://www.library.uu.nl/digiarchief/dip/diss/1895620/full.pdf
       or  http://micans.org/mcl/lit/svdthesis.pdf.gz)
OR
    Stijn van Dongen, A cluster algorithm for graphs. Technical
    Report INS-R0010, National Research Institute for Mathematics
    and Computer Science in the Netherlands, Amsterdam, May 2000.
       (  http://www.cwi.nl/ftp/CWIreports/INS/INS-R0010.ps.Z
       or  http://micans.org/mcl/lit/INS-R0010.ps.Z)

