...[mcl] new tab created
[mcl] pid 60410
 ite -------------------  chaos  time hom(avg,lo,hi) expa expb expc fmv
  1  ...................   0.20  0.06 1.04/0.98/1.14 1.00 1.00 1.00 100
  2  ...................   0.68  0.05 0.75/0.73/0.78 1.00 1.00 1.00 100
  3  ...................   1.40  0.05 0.62/0.62/0.63 1.00 0.66 0.66 100
  4  ...................   1.74  0.03 0.58/0.58/0.59 1.01 0.38 0.25 100
  5  ...................   1.65  0.00 0.58/0.58/0.58 1.00 0.35 0.09 100
  6  ...................   0.17  0.01 0.89/0.89/0.89 1.00 0.27 0.02 100
  7  ...................   0.00  0.00 1.00/1.00/1.00 1.00 0.33 0.01 100
[mcl] jury pruning marks: <100,100,99>, out of 100
[mcl] jury pruning synopsis: <99.9 or perfect> (cf -scheme, -do log)
[mcl] output is in /local/wiwie/ClustEval/repository/results/04_07_2013-14_41_00_paper_run_synthetic/clusters/MCL_norm_synthetic_spirals250.15.results
[mcl] 1 clusters found
[mcl] output is in /local/wiwie/ClustEval/repository/results/04_07_2013-14_41_00_paper_run_synthetic/clusters/MCL_norm_synthetic_spirals250.15.results

Please cite:
    Stijn van Dongen, Graph Clustering by Flow Simulation.  PhD thesis,
    University of Utrecht, May 2000.
       (  http://www.library.uu.nl/digiarchief/dip/diss/1895620/full.pdf
       or  http://micans.org/mcl/lit/svdthesis.pdf.gz)
OR
    Stijn van Dongen, A cluster algorithm for graphs. Technical
    Report INS-R0010, National Research Institute for Mathematics
    and Computer Science in the Netherlands, Amsterdam, May 2000.
       (  http://www.cwi.nl/ftp/CWIreports/INS/INS-R0010.ps.Z
       or  http://micans.org/mcl/lit/INS-R0010.ps.Z)

