...[mcl] new tab created
[mcl] pid 64568
 ite -------------------  chaos  time hom(avg,lo,hi) expa expb expc fmv
  1  ...................   0.20  0.05 1.04/0.98/1.14 1.00 1.00 1.00 100
  2  ...................   0.18  0.05 0.95/0.95/0.96 1.00 1.00 1.00 100
  3  ...................   0.21  0.05 0.93/0.93/0.93 1.00 1.00 1.00 100
  4  ...................   0.24  0.04 0.91/0.91/0.91 1.00 1.00 1.00 100
  5  ...................   0.28  0.06 0.89/0.89/0.89 1.00 1.00 1.00 100
  6  ...................   0.32  0.05 0.86/0.86/0.86 1.00 1.00 1.00 100
  7  ...................   0.37  0.05 0.84/0.84/0.84 1.00 1.00 1.00 100
  8  ...................   0.42  0.05 0.80/0.80/0.80 1.00 1.00 1.00 100
  9  ...................   0.48  0.08 0.77/0.77/0.77 1.00 1.00 1.00 100
 10  ...................   0.55  0.05 0.74/0.74/0.74 1.00 1.00 1.00 100
 11  ...................   0.63  0.05 0.72/0.72/0.72 1.00 1.00 1.00 100
 12  ...................   0.71  0.08 0.70/0.70/0.70 1.00 1.00 1.00 100
 13  ...................   0.80  0.06 0.68/0.68/0.68 1.00 1.00 1.00 100
 14  ...................   0.90  0.07 0.66/0.66/0.66 1.00 1.00 1.00 100
 15  ...................   1.02  0.07 0.65/0.65/0.65 1.00 1.00 1.00 100
 16  ...................   1.13  0.05 0.64/0.64/0.64 1.00 0.98 0.98 100
 17  ...................   1.18  0.05 0.64/0.64/0.64 1.00 0.93 0.91 100
 18  ...................   1.20  0.04 0.63/0.63/0.63 1.00 0.90 0.82 100
 19  ...................   1.25  0.03 0.63/0.63/0.63 1.00 0.92 0.76 100
 20  ...................   1.32  0.03 0.62/0.62/0.62 1.00 0.94 0.71 100
 21  ...................   1.35  0.04 0.62/0.62/0.62 1.00 0.91 0.65 100
 22  ...................   1.39  0.04 0.61/0.61/0.61 1.00 0.91 0.59 100
 23  ...................   1.43  0.02 0.61/0.61/0.61 1.00 0.91 0.54 100
 24  ...................   1.49  0.02 0.61/0.61/0.61 1.00 0.93 0.50 100
 25  ...................   1.55  0.02 0.60/0.60/0.60 1.00 0.92 0.46 100
 26  ...................   1.60  0.02 0.60/0.60/0.60 1.00 0.91 0.42 100
 27  ...................   1.63  0.01 0.60/0.60/0.60 1.00 0.90 0.38 100
 28  ...................   1.65  0.01 0.59/0.59/0.59 1.00 0.89 0.34 100
 29  ...................   1.68  0.01 0.59/0.59/0.59 1.00 0.90 0.30 100
 30  ...................   1.74  0.01 0.59/0.59/0.59 1.00 0.92 0.28 100
 31  ...................   1.74  0.00 0.59/0.59/0.59 1.00 0.89 0.25 100
 32  ...................   1.77  0.00 0.58/0.58/0.58 1.00 0.90 0.22 100
 33  ...................   1.84  0.01 0.58/0.58/0.58 1.00 0.93 0.21 100
 34  ...................   1.82  0.01 0.58/0.58/0.58 1.00 0.88 0.18 100
 35  ...................   1.86  0.00 0.58/0.58/0.58 1.00 0.91 0.17 100
 36  ...................   1.87  0.00 0.58/0.58/0.58 1.00 0.90 0.15 100
 37  ...................   1.85  0.01 0.58/0.58/0.58 1.00 0.89 0.14 100
 38  ...................   1.79  0.00 0.57/0.57/0.57 1.00 0.88 0.12 100
 39  ...................   1.69  0.00 0.58/0.58/0.58 1.00 0.87 0.10 100
 40  ...................   1.69  0.01 0.58/0.58/0.58 1.00 0.92 0.10 100
 41  ...................   1.65  0.00 0.58/0.58/0.58 1.00 0.92 0.09 100
 42  ...................   1.58  0.00 0.59/0.59/0.59 1.00 0.91 0.08 100
 43  ...................   1.31  0.00 0.60/0.60/0.60 1.00 0.80 0.06 100
 44  ...................   1.32  0.00 0.62/0.62/0.62 1.00 1.00 0.06 100
 45  ...................   1.14  0.01 0.64/0.64/0.64 1.00 0.87 0.06 100
 46  ...................   0.93  0.00 0.67/0.67/0.67 1.00 0.86 0.05 100
 47  ...................   0.71  0.00 0.70/0.70/0.70 1.00 0.83 0.04 100
 48  ...................   0.62  0.00 0.74/0.74/0.74 1.00 1.00 0.04 100
 49  ...................   0.41  0.00 0.79/0.79/0.79 1.00 0.80 0.03 100
 50  ...................   0.32  0.00 0.84/0.84/0.84 1.00 1.00 0.03 100
 51  ...................   0.17  0.01 0.89/0.89/0.89 1.00 0.75 0.02 100
 52  ...................   0.11  0.00 0.93/0.93/0.93 1.00 1.00 0.02 100
 53  ...................   0.07  0.00 0.96/0.96/0.96 1.00 1.00 0.02 100
 54  ...................   0.02  0.00 0.98/0.98/0.98 1.00 0.67 0.02 100
 55  ...................   0.01  0.00 0.99/0.99/0.99 1.00 1.00 0.02   0
 56  ...................   0.00  0.00 1.00/1.00/1.00 1.00 1.00 0.02   0
 57  ...................   0.00  0.00 1.00/1.00/1.00 1.00 1.00 0.02   0
 58  ...................   0.00  0.00 1.00/1.00/1.00 1.00 1.00 0.02   0
 59  ...................   0.00  0.00 1.00/1.00/1.00 1.00 0.50 0.01   0
[mcl] jury pruning marks: <100,100,100>, out of 100
[mcl] jury pruning synopsis: <100.0 or really really really good> (cf -scheme, -do log)
[mcl] output is in /local/wiwie/ClustEval/repository/results/04_07_2013-14_41_00_paper_run_synthetic/clusters/MCL_norm_synthetic_spirals250.113.results
[mcl] 1 clusters found
[mcl] output is in /local/wiwie/ClustEval/repository/results/04_07_2013-14_41_00_paper_run_synthetic/clusters/MCL_norm_synthetic_spirals250.113.results

Please cite:
    Stijn van Dongen, Graph Clustering by Flow Simulation.  PhD thesis,
    University of Utrecht, May 2000.
       (  http://www.library.uu.nl/digiarchief/dip/diss/1895620/full.pdf
       or  http://micans.org/mcl/lit/svdthesis.pdf.gz)
OR
    Stijn van Dongen, A cluster algorithm for graphs. Technical
    Report INS-R0010, National Research Institute for Mathematics
    and Computer Science in the Netherlands, Amsterdam, May 2000.
       (  http://www.cwi.nl/ftp/CWIreports/INS/INS-R0010.ps.Z
       or  http://micans.org/mcl/lit/INS-R0010.ps.Z)

