...[mcl] new tab created
[mcl] pid 11167
 ite -------------------  chaos  time hom(avg,lo,hi) expa expb expc fmv
  1  ...................   0.20  0.08 1.04/0.98/1.14 1.00 1.00 1.00 100
  2  ...................   1.11  0.06 0.71/0.68/0.75 1.00 1.00 1.00 100
  3  ...................   1.94  0.05 0.64/0.58/0.78 1.00 0.35 0.35 100
  4  ...................   2.13  0.02 0.64/0.58/0.77 1.02 0.25 0.09 100
  5  ...................   0.35  0.00 1.12/0.98/1.33 1.00 0.18 0.02 100
  6  ...................   0.25  0.00 1.03/0.97/1.10 1.00 0.50 0.01   0
  7  ...................   0.25  0.00 0.98/0.77/1.00 1.00 1.00 0.01   0
  8  ...................   0.04  0.00 1.00/0.96/1.00 1.00 0.52 0.00   0
  9  ...................   0.00  0.00 1.00/1.00/1.00 1.00 0.95 0.00   0
[mcl] jury pruning marks: <100,100,99>, out of 100
[mcl] jury pruning synopsis: <99.9 or perfect> (cf -scheme, -do log)
[mcl] output is in /local/wiwie/ClustEval/repository/results/04_07_2013-14_41_00_paper_run_synthetic/clusters/MCL_norm_synthetic_spirals250.28.results
[mcl] 2 clusters found
[mcl] output is in /local/wiwie/ClustEval/repository/results/04_07_2013-14_41_00_paper_run_synthetic/clusters/MCL_norm_synthetic_spirals250.28.results

Please cite:
    Stijn van Dongen, Graph Clustering by Flow Simulation.  PhD thesis,
    University of Utrecht, May 2000.
       (  http://www.library.uu.nl/digiarchief/dip/diss/1895620/full.pdf
       or  http://micans.org/mcl/lit/svdthesis.pdf.gz)
OR
    Stijn van Dongen, A cluster algorithm for graphs. Technical
    Report INS-R0010, National Research Institute for Mathematics
    and Computer Science in the Netherlands, Amsterdam, May 2000.
       (  http://www.cwi.nl/ftp/CWIreports/INS/INS-R0010.ps.Z
       or  http://micans.org/mcl/lit/INS-R0010.ps.Z)

