...[mcl] new tab created
[mcl] pid 62858
 ite -------------------  chaos  time hom(avg,lo,hi) expa expb expc fmv
  1  ...................   0.20  0.06 1.04/0.98/1.14 1.00 1.00 1.00 100
  2  ...................   0.25  0.05 0.92/0.92/0.93 1.00 1.00 1.00 100
  3  ...................   0.37  0.05 0.84/0.84/0.84 1.00 1.00 1.00 100
  4  ...................   0.54  0.05 0.75/0.75/0.75 1.00 1.00 1.00 100
  5  ...................   0.79  0.05 0.68/0.68/0.68 1.00 1.00 1.00 100
  6  ...................   1.12  0.05 0.65/0.65/0.65 1.00 0.99 0.99 100
  7  ...................   1.24  0.05 0.63/0.63/0.63 1.00 0.78 0.78 100
  8  ...................   1.38  0.03 0.61/0.61/0.61 1.00 0.77 0.60 100
  9  ...................   1.53  0.02 0.60/0.60/0.60 1.00 0.77 0.46 100
 10  ...................   1.67  0.01 0.59/0.59/0.59 1.00 0.76 0.35 100
 11  ...................   1.74  0.01 0.59/0.59/0.59 1.00 0.73 0.26 100
 12  ...................   1.83  0.01 0.58/0.58/0.58 1.00 0.75 0.19 100
 13  ...................   1.78  0.00 0.58/0.58/0.58 1.00 0.71 0.14 100
 14  ...................   1.64  0.01 0.58/0.58/0.58 1.00 0.71 0.10 100
 15  ...................   1.45  0.00 0.59/0.59/0.59 1.00 0.75 0.07 100
 16  ...................   0.95  0.00 0.65/0.65/0.65 1.00 0.67 0.05 100
 17  ...................   0.45  0.00 0.77/0.77/0.77 1.00 0.67 0.03 100
 18  ...................   0.14  0.00 0.91/0.91/0.91 1.00 0.75 0.02 100
 19  ...................   0.02  0.00 0.98/0.98/0.98 1.00 0.67 0.02 100
 20  ...................   0.00  0.00 1.00/1.00/1.00 1.00 1.00 0.02   0
 21  ...................   0.00  0.01 1.00/1.00/1.00 1.00 0.50 0.01   0
[mcl] jury pruning marks: <100,100,100>, out of 100
[mcl] jury pruning synopsis: <100.0 or really really really good> (cf -scheme, -do log)
[mcl] output is in /local/wiwie/ClustEval/repository/results/04_07_2013-14_41_00_paper_run_synthetic/clusters/MCL_norm_synthetic_spirals250.94.results
[mcl] 1 clusters found
[mcl] output is in /local/wiwie/ClustEval/repository/results/04_07_2013-14_41_00_paper_run_synthetic/clusters/MCL_norm_synthetic_spirals250.94.results

Please cite:
    Stijn van Dongen, Graph Clustering by Flow Simulation.  PhD thesis,
    University of Utrecht, May 2000.
       (  http://www.library.uu.nl/digiarchief/dip/diss/1895620/full.pdf
       or  http://micans.org/mcl/lit/svdthesis.pdf.gz)
OR
    Stijn van Dongen, A cluster algorithm for graphs. Technical
    Report INS-R0010, National Research Institute for Mathematics
    and Computer Science in the Netherlands, Amsterdam, May 2000.
       (  http://www.cwi.nl/ftp/CWIreports/INS/INS-R0010.ps.Z
       or  http://micans.org/mcl/lit/INS-R0010.ps.Z)

