...[mcl] new tab created
[mcl] pid 47634
 ite -------------------  chaos  time hom(avg,lo,hi) expa expb expc fmv
  1  ...................   0.20  0.06 1.04/0.98/1.14 1.00 1.00 1.00 100
  2  ...................   0.18  0.06 0.95/0.95/0.96 1.00 1.00 1.00 100
  3  ...................   0.21  0.05 0.93/0.93/0.93 1.00 1.00 1.00 100
  4  ...................   0.24  0.05 0.91/0.91/0.91 1.00 1.00 1.00 100
  5  ...................   0.27  0.06 0.89/0.89/0.89 1.00 1.00 1.00 100
  6  ...................   0.32  0.05 0.87/0.87/0.87 1.00 1.00 1.00 100
  7  ...................   0.36  0.05 0.84/0.84/0.84 1.00 1.00 1.00 100
  8  ...................   0.41  0.05 0.81/0.81/0.81 1.00 1.00 1.00 100
  9  ...................   0.47  0.05 0.78/0.78/0.78 1.00 1.00 1.00 100
 10  ...................   0.54  0.05 0.75/0.75/0.75 1.00 1.00 1.00 100
 11  ...................   0.61  0.06 0.72/0.72/0.72 1.00 1.00 1.00 100
 12  ...................   0.69  0.05 0.70/0.70/0.70 1.00 1.00 1.00 100
 13  ...................   0.77  0.06 0.68/0.68/0.68 1.00 1.00 1.00 100
 14  ...................   0.87  0.05 0.67/0.67/0.67 1.00 1.00 1.00 100
 15  ...................   0.98  0.05 0.66/0.66/0.66 1.00 1.00 1.00 100
 16  ...................   1.10  0.05 0.65/0.65/0.65 1.00 1.00 1.00 100
 17  ...................   1.16  0.05 0.64/0.64/0.64 1.00 0.94 0.94 100
 18  ...................   1.19  0.04 0.63/0.63/0.63 1.00 0.91 0.86 100
 19  ...................   1.22  0.04 0.63/0.63/0.63 1.00 0.92 0.78 100
 20  ...................   1.29  0.03 0.62/0.62/0.62 1.00 0.94 0.74 100
 21  ...................   1.34  0.03 0.62/0.62/0.62 1.00 0.92 0.68 100
 22  ...................   1.37  0.02 0.62/0.62/0.62 1.00 0.91 0.62 100
 23  ...................   1.40  0.02 0.61/0.61/0.61 1.00 0.91 0.56 100
 24  ...................   1.46  0.02 0.61/0.61/0.61 1.00 0.93 0.52 100
 25  ...................   1.52  0.02 0.60/0.60/0.60 1.00 0.92 0.48 100
 26  ...................   1.57  0.02 0.60/0.60/0.60 1.00 0.92 0.44 100
 27  ...................   1.61  0.02 0.60/0.60/0.60 1.00 0.91 0.40 100
 28  ...................   1.63  0.01 0.59/0.59/0.59 1.00 0.90 0.36 100
 29  ...................   1.67  0.01 0.59/0.59/0.59 1.00 0.91 0.33 100
 30  ...................   1.70  0.01 0.59/0.59/0.59 1.00 0.90 0.30 100
 31  ...................   1.75  0.01 0.59/0.59/0.59 1.00 0.92 0.27 100
 32  ...................   1.80  0.01 0.59/0.59/0.59 1.00 0.91 0.25 100
 33  ...................   1.82  0.01 0.58/0.58/0.58 1.00 0.90 0.22 100
 34  ...................   1.81  0.01 0.58/0.58/0.58 1.00 0.89 0.20 100
 35  ...................   1.86  0.06 0.58/0.58/0.58 1.00 0.92 0.18 100
 36  ...................   1.80  0.00 0.58/0.58/0.58 1.00 0.87 0.16 100
 37  ...................   1.80  0.01 0.58/0.58/0.58 1.00 0.90 0.14 100
 38  ...................   1.76  0.00 0.58/0.58/0.58 1.00 0.89 0.13 100
 39  ...................   1.81  0.01 0.57/0.57/0.57 1.00 0.94 0.12 100
 40  ...................   1.70  0.00 0.58/0.58/0.58 1.00 0.87 0.10 100
 41  ...................   1.69  0.01 0.58/0.58/0.58 1.00 0.92 0.10 100
 42  ...................   1.65  0.00 0.58/0.58/0.58 1.00 0.92 0.09 100
 43  ...................   1.58  0.00 0.59/0.59/0.59 1.00 0.91 0.08 100
 44  ...................   1.47  0.00 0.60/0.60/0.60 1.00 0.90 0.07 100
 45  ...................   1.32  0.01 0.61/0.61/0.61 1.00 0.89 0.06 100
 46  ...................   1.14  0.00 0.64/0.64/0.64 1.00 0.87 0.06 100
 47  ...................   0.94  0.00 0.66/0.66/0.66 1.00 0.86 0.05 100
 48  ...................   0.72  0.00 0.70/0.70/0.70 1.00 0.83 0.04 100
 49  ...................   0.63  0.00 0.74/0.74/0.74 1.00 1.00 0.04 100
 50  ...................   0.42  0.01 0.78/0.78/0.78 1.00 0.80 0.03 100
 51  ...................   0.33  0.00 0.83/0.83/0.83 1.00 1.00 0.03 100
 52  ...................   0.18  0.00 0.88/0.88/0.88 1.00 0.75 0.02 100
 53  ...................   0.12  0.00 0.92/0.92/0.92 1.00 1.00 0.02 100
 54  ...................   0.08  0.00 0.95/0.95/0.95 1.00 1.00 0.02 100
 55  ...................   0.03  0.00 0.97/0.97/0.97 1.00 0.67 0.02 100
 56  ...................   0.01  0.00 0.99/0.99/0.99 1.00 1.00 0.02   0
 57  ...................   0.01  0.00 0.99/0.99/0.99 1.00 1.00 0.02   0
 58  ...................   0.00  0.00 1.00/1.00/1.00 1.00 1.00 0.02   0
 59  ...................   0.00  0.00 1.00/1.00/1.00 1.00 1.00 0.02   0
 60  ...................   0.00  0.00 1.00/1.00/1.00 1.00 0.50 0.01   0
[mcl] jury pruning marks: <100,100,100>, out of 100
[mcl] jury pruning synopsis: <100.0 or really really really good> (cf -scheme, -do log)
[mcl] output is in /local/wiwie/ClustEval/repository/results/04_07_2013-14_41_00_paper_run_synthetic/clusters/MCL_norm_synthetic_spirals250.33.results
[mcl] 1 clusters found
[mcl] output is in /local/wiwie/ClustEval/repository/results/04_07_2013-14_41_00_paper_run_synthetic/clusters/MCL_norm_synthetic_spirals250.33.results

Please cite:
    Stijn van Dongen, Graph Clustering by Flow Simulation.  PhD thesis,
    University of Utrecht, May 2000.
       (  http://www.library.uu.nl/digiarchief/dip/diss/1895620/full.pdf
       or  http://micans.org/mcl/lit/svdthesis.pdf.gz)
OR
    Stijn van Dongen, A cluster algorithm for graphs. Technical
    Report INS-R0010, National Research Institute for Mathematics
    and Computer Science in the Netherlands, Amsterdam, May 2000.
       (  http://www.cwi.nl/ftp/CWIreports/INS/INS-R0010.ps.Z
       or  http://micans.org/mcl/lit/INS-R0010.ps.Z)

