...[mcl] new tab created
[mcl] pid 32748
 ite -------------------  chaos  time hom(avg,lo,hi) expa expb expc fmv
  1  ...................   0.20  0.06 1.04/0.98/1.14 1.00 1.00 1.00 100
  2  ...................   0.33  0.05 0.88/0.87/0.90 1.00 1.00 1.00 100
  3  ...................   0.62  0.06 0.72/0.72/0.72 1.00 1.00 1.00 100
  4  ...................   1.12  0.05 0.64/0.64/0.64 1.00 0.99 0.99 100
  5  ...................   1.35  0.04 0.62/0.62/0.62 1.00 0.66 0.66 100
  6  ...................   1.61  0.02 0.60/0.60/0.60 1.00 0.65 0.42 100
  7  ...................   1.77  0.02 0.59/0.59/0.59 1.00 0.60 0.26 100
  8  ...................   1.84  0.01 0.58/0.58/0.58 1.00 0.59 0.15 100
  9  ...................   1.64  0.00 0.58/0.58/0.58 1.00 0.58 0.09 100
 10  ...................   0.94  0.00 0.66/0.66/0.66 1.00 0.55 0.05 100
 11  ...................   0.18  0.00 0.88/0.88/0.88 1.00 0.50 0.02 100
 12  ...................   0.01  0.00 0.99/0.99/0.99 1.00 0.67 0.02 100
 13  ...................   0.00  0.00 1.00/1.00/1.00 1.00 0.50 0.01   0
[mcl] jury pruning marks: <100,100,100>, out of 100
[mcl] jury pruning synopsis: <100.0 or really really really good> (cf -scheme, -do log)
[mcl] output is in /local/wiwie/ClustEval/repository/results/04_07_2013-14_41_00_paper_run_synthetic/clusters/MCL_norm_synthetic_spirals250.5.results
[mcl] 1 clusters found
[mcl] output is in /local/wiwie/ClustEval/repository/results/04_07_2013-14_41_00_paper_run_synthetic/clusters/MCL_norm_synthetic_spirals250.5.results

Please cite:
    Stijn van Dongen, Graph Clustering by Flow Simulation.  PhD thesis,
    University of Utrecht, May 2000.
       (  http://www.library.uu.nl/digiarchief/dip/diss/1895620/full.pdf
       or  http://micans.org/mcl/lit/svdthesis.pdf.gz)
OR
    Stijn van Dongen, A cluster algorithm for graphs. Technical
    Report INS-R0010, National Research Institute for Mathematics
    and Computer Science in the Netherlands, Amsterdam, May 2000.
       (  http://www.cwi.nl/ftp/CWIreports/INS/INS-R0010.ps.Z
       or  http://micans.org/mcl/lit/INS-R0010.ps.Z)

