...[mcl] new tab created
[mcl] pid 26514
 ite -------------------  chaos  time hom(avg,lo,hi) expa expb expc fmv
  1  ...................   0.20  0.05 1.04/0.98/1.14 1.00 1.00 1.00 100
  2  ...................   0.37  0.05 0.86/0.85/0.88 1.00 1.00 1.00 100
  3  ...................   0.74  0.05 0.69/0.69/0.69 1.00 1.00 1.00 100
  4  ...................   1.20  0.05 0.63/0.63/0.63 1.00 0.82 0.82 100
  5  ...................   1.49  0.04 0.61/0.61/0.61 1.00 0.62 0.50 100
  6  ...................   1.71  0.02 0.59/0.59/0.59 1.00 0.57 0.29 100
  7  ...................   1.83  0.01 0.58/0.58/0.58 1.00 0.56 0.16 100
  8  ...................   1.66  0.00 0.58/0.58/0.58 1.00 0.55 0.09 100
  9  ...................   0.73  0.00 0.69/0.69/0.69 1.00 0.45 0.04 100
 10  ...................   0.09  0.01 0.94/0.94/0.94 1.00 0.60 0.02 100
 11  ...................   0.00  0.00 1.00/1.00/1.00 1.00 0.33 0.01 100
 12  ...................   0.00  0.00 1.00/1.00/1.00 1.00 1.00 0.01   0
[mcl] jury pruning marks: <100,100,100>, out of 100
[mcl] jury pruning synopsis: <100.0 or really really really good> (cf -scheme, -do log)
[mcl] output is in /local/wiwie/ClustEval/repository/results/04_07_2013-14_41_00_paper_run_synthetic/clusters/MCL_norm_synthetic_spirals250.6.results
[mcl] 1 clusters found
[mcl] output is in /local/wiwie/ClustEval/repository/results/04_07_2013-14_41_00_paper_run_synthetic/clusters/MCL_norm_synthetic_spirals250.6.results

Please cite:
    Stijn van Dongen, Graph Clustering by Flow Simulation.  PhD thesis,
    University of Utrecht, May 2000.
       (  http://www.library.uu.nl/digiarchief/dip/diss/1895620/full.pdf
       or  http://micans.org/mcl/lit/svdthesis.pdf.gz)
OR
    Stijn van Dongen, A cluster algorithm for graphs. Technical
    Report INS-R0010, National Research Institute for Mathematics
    and Computer Science in the Netherlands, Amsterdam, May 2000.
       (  http://www.cwi.nl/ftp/CWIreports/INS/INS-R0010.ps.Z
       or  http://micans.org/mcl/lit/INS-R0010.ps.Z)

