...[mcl] new tab created
[mcl] pid 10485
 ite -------------------  chaos  time hom(avg,lo,hi) expa expb expc fmv
  1  ...................   0.20  0.05 1.04/0.98/1.14 1.00 1.00 1.00 100
  2  ...................   0.39  0.05 0.85/0.84/0.87 1.00 1.00 1.00 100
  3  ...................   0.81  0.06 0.68/0.68/0.68 1.00 1.00 1.00 100
  4  ...................   1.26  0.05 0.63/0.63/0.63 1.00 0.76 0.76 100
  5  ...................   1.56  0.03 0.60/0.60/0.60 1.00 0.59 0.45 100
  6  ...................   1.80  0.01 0.58/0.58/0.58 1.00 0.55 0.25 100
  7  ...................   1.80  0.01 0.58/0.58/0.58 1.00 0.52 0.13 100
  8  ...................   1.32  0.00 0.61/0.61/0.61 1.00 0.50 0.06 100
  9  ...................   0.37  0.01 0.81/0.81/0.81 1.00 0.50 0.03 100
 10  ...................   0.01  0.00 0.99/0.99/0.99 1.00 0.50 0.02 100
 11  ...................   0.00  0.00 1.00/1.00/1.00 1.00 0.50 0.01   0
[mcl] jury pruning marks: <100,100,100>, out of 100
[mcl] jury pruning synopsis: <100.0 or really really really good> (cf -scheme, -do log)
[mcl] output is in /local/wiwie/ClustEval/repository/results/04_07_2013-14_41_00_paper_run_synthetic/clusters/MCL_norm_synthetic_spirals250.55.results
[mcl] 1 clusters found
[mcl] output is in /local/wiwie/ClustEval/repository/results/04_07_2013-14_41_00_paper_run_synthetic/clusters/MCL_norm_synthetic_spirals250.55.results

Please cite:
    Stijn van Dongen, Graph Clustering by Flow Simulation.  PhD thesis,
    University of Utrecht, May 2000.
       (  http://www.library.uu.nl/digiarchief/dip/diss/1895620/full.pdf
       or  http://micans.org/mcl/lit/svdthesis.pdf.gz)
OR
    Stijn van Dongen, A cluster algorithm for graphs. Technical
    Report INS-R0010, National Research Institute for Mathematics
    and Computer Science in the Netherlands, Amsterdam, May 2000.
       (  http://www.cwi.nl/ftp/CWIreports/INS/INS-R0010.ps.Z
       or  http://micans.org/mcl/lit/INS-R0010.ps.Z)

