...[mcl] new tab created
[mcl] pid 44911
 ite -------------------  chaos  time hom(avg,lo,hi) expa expb expc fmv
  1  ...................   0.20  0.05 1.04/0.98/1.14 1.00 1.00 1.00 100
  2  ...................   0.27  0.06 0.91/0.90/0.92 1.00 1.00 1.00 100
  3  ...................   0.44  0.05 0.79/0.79/0.80 1.00 1.00 1.00 100
  4  ...................   0.71  0.05 0.70/0.70/0.70 1.00 1.00 1.00 100
  5  ...................   1.10  0.05 0.65/0.65/0.65 1.00 1.00 1.00 100
  6  ...................   1.27  0.05 0.62/0.62/0.62 1.00 0.74 0.74 100
  7  ...................   1.43  0.03 0.61/0.61/0.61 1.00 0.72 0.54 100
  8  ...................   1.61  0.02 0.60/0.60/0.60 1.00 0.72 0.38 100
  9  ...................   1.73  0.01 0.59/0.59/0.59 1.00 0.69 0.26 100
 10  ...................   1.84  0.01 0.58/0.58/0.58 1.00 0.70 0.18 100
 11  ...................   1.75  0.00 0.57/0.57/0.57 1.00 0.65 0.12 100
 12  ...................   1.54  0.01 0.58/0.58/0.58 1.00 0.67 0.08 100
 13  ...................   1.13  0.00 0.64/0.64/0.64 1.00 0.70 0.06 100
 14  ...................   0.43  0.00 0.78/0.78/0.78 1.00 0.57 0.03 100
 15  ...................   0.09  0.00 0.94/0.94/0.94 1.00 0.75 0.02 100
 16  ...................   0.00  0.00 1.00/1.00/1.00 1.00 0.67 0.02 100
 17  ...................   0.00  0.00 1.00/1.00/1.00 1.00 0.50 0.01   0
[mcl] jury pruning marks: <100,100,100>, out of 100
[mcl] jury pruning synopsis: <100.0 or really really really good> (cf -scheme, -do log)
[mcl] output is in /local/wiwie/ClustEval/repository/results/04_07_2013-14_41_00_paper_run_synthetic/clusters/MCL_norm_synthetic_spirals250.43.results
[mcl] 1 clusters found
[mcl] output is in /local/wiwie/ClustEval/repository/results/04_07_2013-14_41_00_paper_run_synthetic/clusters/MCL_norm_synthetic_spirals250.43.results

Please cite:
    Stijn van Dongen, Graph Clustering by Flow Simulation.  PhD thesis,
    University of Utrecht, May 2000.
       (  http://www.library.uu.nl/digiarchief/dip/diss/1895620/full.pdf
       or  http://micans.org/mcl/lit/svdthesis.pdf.gz)
OR
    Stijn van Dongen, A cluster algorithm for graphs. Technical
    Report INS-R0010, National Research Institute for Mathematics
    and Computer Science in the Netherlands, Amsterdam, May 2000.
       (  http://www.cwi.nl/ftp/CWIreports/INS/INS-R0010.ps.Z
       or  http://micans.org/mcl/lit/INS-R0010.ps.Z)

