...[mcl] new tab created
[mcl] pid 10887
 ite -------------------  chaos  time hom(avg,lo,hi) expa expb expc fmv
  1  ...................   0.20  0.05 1.04/0.98/1.14 1.00 1.00 1.00 100
  2  ...................   0.41  0.06 0.84/0.83/0.87 1.00 1.00 1.00 100
  3  ...................   0.87  0.05 0.67/0.67/0.67 1.00 1.00 1.00 100
  4  ...................   1.33  0.05 0.62/0.62/0.62 1.00 0.71 0.71 100
  5  ...................   1.63  0.04 0.60/0.60/0.60 1.00 0.56 0.40 100
  6  ...................   1.82  0.02 0.58/0.58/0.58 1.00 0.52 0.21 100
  7  ...................   1.73  0.01 0.58/0.58/0.58 1.00 0.50 0.10 100
  8  ...................   0.95  0.00 0.66/0.66/0.66 1.00 0.46 0.05 100
  9  ...................   0.11  0.00 0.93/0.93/0.93 1.00 0.50 0.02 100
 10  ...................   0.00  0.00 1.00/1.00/1.00 1.00 0.33 0.01 100
 11  ...................   0.00  0.00 1.00/1.00/1.00 1.00 1.00 0.01   0
[mcl] jury pruning marks: <100,100,100>, out of 100
[mcl] jury pruning synopsis: <100.0 or really really really good> (cf -scheme, -do log)
[mcl] output is in /local/wiwie/ClustEval/repository/results/04_07_2013-14_41_00_paper_run_synthetic/clusters/MCL_norm_synthetic_spirals250.7.results
[mcl] 1 clusters found
[mcl] output is in /local/wiwie/ClustEval/repository/results/04_07_2013-14_41_00_paper_run_synthetic/clusters/MCL_norm_synthetic_spirals250.7.results

Please cite:
    Stijn van Dongen, Graph Clustering by Flow Simulation.  PhD thesis,
    University of Utrecht, May 2000.
       (  http://www.library.uu.nl/digiarchief/dip/diss/1895620/full.pdf
       or  http://micans.org/mcl/lit/svdthesis.pdf.gz)
OR
    Stijn van Dongen, A cluster algorithm for graphs. Technical
    Report INS-R0010, National Research Institute for Mathematics
    and Computer Science in the Netherlands, Amsterdam, May 2000.
       (  http://www.cwi.nl/ftp/CWIreports/INS/INS-R0010.ps.Z
       or  http://micans.org/mcl/lit/INS-R0010.ps.Z)

