...[mcl] new tab created
[mcl] pid 22877
 ite -------------------  chaos  time hom(avg,lo,hi) expa expb expc fmv
  1  ...................   0.20  0.06 1.04/0.98/1.14 1.00 1.00 1.00 100
  2  ...................   0.17  0.05 0.96/0.95/0.96 1.00 1.00 1.00 100
  3  ...................   0.19  0.06 0.94/0.94/0.94 1.00 1.00 1.00 100
  4  ...................   0.21  0.05 0.93/0.93/0.93 1.00 1.00 1.00 100
  5  ...................   0.24  0.04 0.92/0.92/0.92 1.00 1.00 1.00 100
  6  ...................   0.26  0.05 0.90/0.90/0.90 1.00 1.00 1.00 100
  7  ...................   0.29  0.05 0.88/0.88/0.88 1.00 1.00 1.00 100
  8  ...................   0.32  0.05 0.86/0.86/0.86 1.00 1.00 1.00 100
  9  ...................   0.36  0.05 0.84/0.84/0.84 1.00 1.00 1.00 100
 10  ...................   0.39  0.05 0.82/0.82/0.82 1.00 1.00 1.00 100
 11  ...................   0.43  0.08 0.80/0.80/0.80 1.00 1.00 1.00 100
 12  ...................   0.48  0.06 0.78/0.78/0.78 1.00 1.00 1.00 100
 13  ...................   0.52  0.06 0.76/0.76/0.76 1.00 1.00 1.00 100
 14  ...................   0.58  0.07 0.74/0.74/0.74 1.00 1.00 1.00 100
 15  ...................   0.63  0.05 0.72/0.72/0.72 1.00 1.00 1.00 100
 16  ...................   0.69  0.05 0.70/0.70/0.70 1.00 1.00 1.00 100
 17  ...................   0.75  0.05 0.69/0.69/0.69 1.00 1.00 1.00 100
 18  ...................   0.82  0.05 0.67/0.67/0.67 1.00 1.00 1.00 100
 19  ...................   0.90  0.05 0.66/0.66/0.66 1.00 1.00 1.00 100
 20  ...................   0.98  0.06 0.66/0.66/0.66 1.00 1.00 1.00 100
 21  ...................   1.06  0.05 0.65/0.65/0.65 1.00 1.00 1.00 100
 22  ...................   1.13  0.05 0.64/0.64/0.64 1.00 0.98 0.98 100
 23  ...................   1.17  0.05 0.64/0.64/0.64 1.00 0.95 0.93 100
 24  ...................   1.18  0.04 0.63/0.63/0.63 1.00 0.93 0.86 100
 25  ...................   1.21  0.04 0.63/0.63/0.63 1.00 0.94 0.81 100
 26  ...................   1.25  0.04 0.63/0.63/0.63 1.00 0.95 0.77 100
 27  ...................   1.29  0.03 0.62/0.62/0.62 1.00 0.95 0.73 100
 28  ...................   1.33  0.03 0.62/0.62/0.62 1.00 0.95 0.69 100
 29  ...................   1.37  0.03 0.62/0.62/0.62 1.00 0.94 0.65 100
 30  ...................   1.38  0.03 0.61/0.61/0.61 1.00 0.93 0.60 100
 31  ...................   1.41  0.04 0.61/0.61/0.61 1.00 0.93 0.56 100
 32  ...................   1.45  0.02 0.61/0.61/0.61 1.00 0.94 0.53 100
 33  ...................   1.48  0.02 0.61/0.61/0.61 1.00 0.94 0.50 100
 34  ...................   1.54  0.02 0.60/0.60/0.60 1.00 0.95 0.47 100
 35  ...................   1.57  0.02 0.60/0.60/0.60 1.00 0.93 0.44 100
 36  ...................   1.59  0.02 0.60/0.60/0.60 1.00 0.93 0.41 100
 37  ...................   1.63  0.01 0.60/0.60/0.60 1.00 0.94 0.38 100
 38  ...................   1.63  0.01 0.59/0.59/0.59 1.00 0.92 0.35 100
 39  ...................   1.66  0.02 0.59/0.59/0.59 1.00 0.93 0.33 100
 40  ...................   1.68  0.02 0.59/0.59/0.59 1.00 0.93 0.30 100
 41  ...................   1.73  0.01 0.59/0.59/0.59 1.00 0.95 0.29 100
 42  ...................   1.73  0.01 0.59/0.59/0.59 1.00 0.92 0.26 100
 43  ...................   1.77  0.01 0.59/0.59/0.59 1.00 0.94 0.25 100
 44  ...................   1.80  0.01 0.58/0.58/0.58 1.00 0.94 0.23 100
 45  ...................   1.82  0.00 0.58/0.58/0.58 1.00 0.93 0.22 100
 46  ...................   1.83  0.00 0.58/0.58/0.58 1.00 0.93 0.20 100
 47  ...................   1.82  0.01 0.58/0.58/0.58 1.00 0.92 0.18 100
 48  ...................   1.80  0.01 0.58/0.58/0.58 1.00 0.91 0.17 100
 49  ...................   1.85  0.00 0.58/0.58/0.58 1.00 0.95 0.16 100
 50  ...................   1.80  0.01 0.58/0.58/0.58 1.00 0.90 0.14 100
 51  ...................   1.82  0.00 0.58/0.58/0.58 1.00 0.94 0.14 100
 52  ...................   1.84  0.01 0.58/0.58/0.58 1.00 0.94 0.13 100
 53  ...................   1.72  0.00 0.57/0.57/0.57 1.00 0.87 0.11 100
 54  ...................   1.70  0.00 0.58/0.58/0.58 1.00 0.93 0.10 100
 55  ...................   1.66  0.01 0.58/0.58/0.58 1.00 0.92 0.10 100
 56  ...................   1.60  0.00 0.58/0.58/0.58 1.00 0.92 0.09 100
 57  ...................   1.52  0.00 0.58/0.58/0.58 1.00 0.91 0.08 100
 58  ...................   1.57  0.00 0.59/0.59/0.59 1.00 1.00 0.08 100
 59  ...................   1.46  0.01 0.59/0.59/0.59 1.00 0.90 0.07 100
 60  ...................   1.32  0.00 0.60/0.60/0.60 1.00 0.89 0.06 100
 61  ...................   1.32  0.00 0.62/0.62/0.62 1.00 1.00 0.06 100
 62  ...................   1.15  0.00 0.63/0.63/0.63 1.00 0.87 0.06 100
 63  ...................   0.96  0.00 0.65/0.65/0.65 1.00 0.86 0.05 100
 64  ...................   0.92  0.01 0.67/0.67/0.67 1.00 1.00 0.05 100
 65  ...................   0.72  0.00 0.70/0.70/0.70 1.00 0.83 0.04 100
 66  ...................   0.66  0.00 0.73/0.73/0.73 1.00 1.00 0.04 100
 67  ...................   0.58  0.00 0.76/0.76/0.76 1.00 1.00 0.04 100
 68  ...................   0.40  0.00 0.80/0.80/0.80 1.00 0.80 0.03 100
 69  ...................   0.34  0.00 0.83/0.83/0.83 1.00 1.00 0.03 100
 70  ...................   0.27  0.00 0.86/0.86/0.86 1.00 1.00 0.03 100
 71  ...................   0.16  0.00 0.90/0.90/0.90 1.00 0.75 0.02 100
 72  ...................   0.11  0.00 0.92/0.92/0.92 1.00 1.00 0.02 100
 73  ...................   0.08  0.00 0.95/0.95/0.95 1.00 1.00 0.02 100
 74  ...................   0.05  0.00 0.97/0.97/0.97 1.00 1.00 0.02 100
 75  ...................   0.02  0.01 0.98/0.98/0.98 1.00 0.67 0.02 100
 76  ...................   0.01  0.00 0.99/0.99/0.99 1.00 1.00 0.02   0
 77  ...................   0.01  0.00 0.99/0.99/0.99 1.00 1.00 0.02   0
 78  ...................   0.00  0.00 1.00/1.00/1.00 1.00 1.00 0.02   0
 79  ...................   0.00  0.00 1.00/1.00/1.00 1.00 1.00 0.02   0
 80  ...................   0.00  0.00 1.00/1.00/1.00 1.00 1.00 0.02   0
 81  ...................   0.00  0.00 1.00/1.00/1.00 1.00 0.50 0.01   0
 82  ...................   0.00  0.00 1.00/1.00/1.00 1.00 1.00 0.01   0
[mcl] jury pruning marks: <100,100,100>, out of 100
[mcl] jury pruning synopsis: <100.0 or really really really good> (cf -scheme, -do log)
[mcl] output is in /local/wiwie/ClustEval/repository/results/04_07_2013-14_41_00_paper_run_synthetic/clusters/MCL_norm_synthetic_spirals250.149.results
[mcl] 1 clusters found
[mcl] output is in /local/wiwie/ClustEval/repository/results/04_07_2013-14_41_00_paper_run_synthetic/clusters/MCL_norm_synthetic_spirals250.149.results

Please cite:
    Stijn van Dongen, Graph Clustering by Flow Simulation.  PhD thesis,
    University of Utrecht, May 2000.
       (  http://www.library.uu.nl/digiarchief/dip/diss/1895620/full.pdf
       or  http://micans.org/mcl/lit/svdthesis.pdf.gz)
OR
    Stijn van Dongen, A cluster algorithm for graphs. Technical
    Report INS-R0010, National Research Institute for Mathematics
    and Computer Science in the Netherlands, Amsterdam, May 2000.
       (  http://www.cwi.nl/ftp/CWIreports/INS/INS-R0010.ps.Z
       or  http://micans.org/mcl/lit/INS-R0010.ps.Z)

