...[mcl] new tab created
[mcl] pid 19359
 ite -------------------  chaos  time hom(avg,lo,hi) expa expb expc fmv
  1  ...................   0.20  0.06 1.04/0.98/1.14 1.00 1.00 1.00 100
  2  ...................   0.95  0.05 0.72/0.70/0.76 1.00 1.00 1.00 100
  3  ...................   1.74  0.05 0.63/0.60/0.68 1.00 0.44 0.44 100
  4  ...................   1.83  0.01 0.59/0.58/0.63 1.00 0.27 0.12 100
  5  ...................   0.34  0.00 0.84/0.84/0.86 1.00 0.27 0.03 100
  6  ...................   0.00  0.00 1.00/1.00/1.00 1.00 0.25 0.01 100
  7  ...................   0.00  0.00 1.00/1.00/1.00 1.00 1.00 0.01   0
[mcl] jury pruning marks: <100,100,99>, out of 100
[mcl] jury pruning synopsis: <99.9 or perfect> (cf -scheme, -do log)
[mcl] output is in /local/wiwie/ClustEval/repository/results/04_07_2013-14_41_00_paper_run_synthetic/clusters/MCL_norm_synthetic_spirals250.23.results
[mcl] 1 clusters found
[mcl] output is in /local/wiwie/ClustEval/repository/results/04_07_2013-14_41_00_paper_run_synthetic/clusters/MCL_norm_synthetic_spirals250.23.results

Please cite:
    Stijn van Dongen, Graph Clustering by Flow Simulation.  PhD thesis,
    University of Utrecht, May 2000.
       (  http://www.library.uu.nl/digiarchief/dip/diss/1895620/full.pdf
       or  http://micans.org/mcl/lit/svdthesis.pdf.gz)
OR
    Stijn van Dongen, A cluster algorithm for graphs. Technical
    Report INS-R0010, National Research Institute for Mathematics
    and Computer Science in the Netherlands, Amsterdam, May 2000.
       (  http://www.cwi.nl/ftp/CWIreports/INS/INS-R0010.ps.Z
       or  http://micans.org/mcl/lit/INS-R0010.ps.Z)

