...[mcl] new tab created
[mcl] pid 40342
 ite -------------------  chaos  time hom(avg,lo,hi) expa expb expc fmv
  1  ...................   0.20  0.09 1.04/0.98/1.14 1.00 1.00 1.00 100
  2  ...................   0.22  0.05 0.94/0.93/0.95 1.00 1.00 1.00 100
  3  ...................   0.30  0.06 0.88/0.88/0.88 1.00 1.00 1.00 100
  4  ...................   0.41  0.08 0.81/0.81/0.81 1.00 1.00 1.00 100
  5  ...................   0.55  0.15 0.75/0.75/0.75 1.00 1.00 1.00 100
  6  ...................   0.73  0.09 0.69/0.69/0.69 1.00 1.00 1.00 100
  7  ...................   0.96  0.05 0.66/0.66/0.66 1.00 1.00 1.00 100
  8  ...................   1.16  0.04 0.64/0.64/0.64 1.00 0.93 0.93 100
  9  ...................   1.26  0.04 0.63/0.63/0.63 1.00 0.83 0.77 100
 10  ...................   1.37  0.03 0.62/0.62/0.62 1.00 0.83 0.64 100
 11  ...................   1.47  0.02 0.61/0.61/0.61 1.00 0.81 0.52 100
 12  ...................   1.58  0.02 0.60/0.60/0.60 1.00 0.82 0.42 100
 13  ...................   1.64  0.01 0.59/0.59/0.59 1.00 0.79 0.34 100
 14  ...................   1.74  0.00 0.59/0.59/0.59 1.00 0.81 0.27 100
 15  ...................   1.80  0.00 0.58/0.58/0.58 1.00 0.79 0.22 100
 16  ...................   1.80  0.00 0.58/0.58/0.58 1.00 0.78 0.17 100
 17  ...................   1.84  0.01 0.58/0.58/0.58 1.00 0.81 0.14 100
 18  ...................   1.73  0.00 0.58/0.58/0.58 1.00 0.76 0.10 100
 19  ...................   1.54  0.01 0.58/0.58/0.58 1.00 0.77 0.08 100
 20  ...................   1.32  0.00 0.61/0.61/0.61 1.00 0.80 0.06 100
 21  ...................   0.93  0.00 0.67/0.67/0.67 1.00 0.75 0.05 100
 22  ...................   0.60  0.00 0.76/0.76/0.76 1.00 0.83 0.04 100
 23  ...................   0.27  0.00 0.86/0.86/0.86 1.00 0.80 0.03 100
 24  ...................   0.08  0.00 0.95/0.95/0.95 1.00 0.75 0.02 100
 25  ...................   0.01  0.00 0.99/0.99/0.99 1.00 0.67 0.02 100
 26  ...................   0.00  0.01 1.00/1.00/1.00 1.00 1.00 0.02   0
 27  ...................   0.00  0.00 1.00/1.00/1.00 1.00 0.50 0.01   0
[mcl] jury pruning marks: <100,100,100>, out of 100
[mcl] jury pruning synopsis: <100.0 or really really really good> (cf -scheme, -do log)
[mcl] output is in /local/wiwie/ClustEval/repository/results/04_07_2013-14_41_00_paper_run_synthetic/clusters/MCL_norm_synthetic_spirals250.84.results
[mcl] 1 clusters found
[mcl] output is in /local/wiwie/ClustEval/repository/results/04_07_2013-14_41_00_paper_run_synthetic/clusters/MCL_norm_synthetic_spirals250.84.results

Please cite:
    Stijn van Dongen, Graph Clustering by Flow Simulation.  PhD thesis,
    University of Utrecht, May 2000.
       (  http://www.library.uu.nl/digiarchief/dip/diss/1895620/full.pdf
       or  http://micans.org/mcl/lit/svdthesis.pdf.gz)
OR
    Stijn van Dongen, A cluster algorithm for graphs. Technical
    Report INS-R0010, National Research Institute for Mathematics
    and Computer Science in the Netherlands, Amsterdam, May 2000.
       (  http://www.cwi.nl/ftp/CWIreports/INS/INS-R0010.ps.Z
       or  http://micans.org/mcl/lit/INS-R0010.ps.Z)

