...[mcl] new tab created
[mcl] pid 14516
 ite -------------------  chaos  time hom(avg,lo,hi) expa expb expc fmv
  1  ...................   0.20  0.06 1.04/0.98/1.14 1.00 1.00 1.00 100
  2  ...................   0.19  0.05 0.95/0.95/0.96 1.00 1.00 1.00 100
  3  ...................   0.22  0.04 0.92/0.92/0.92 1.00 1.00 1.00 100
  4  ...................   0.27  0.05 0.90/0.90/0.90 1.00 1.00 1.00 100
  5  ...................   0.32  0.05 0.86/0.86/0.86 1.00 1.00 1.00 100
  6  ...................   0.38  0.05 0.83/0.83/0.83 1.00 1.00 1.00 100
  7  ...................   0.45  0.05 0.79/0.79/0.79 1.00 1.00 1.00 100
  8  ...................   0.54  0.05 0.75/0.75/0.75 1.00 1.00 1.00 100
  9  ...................   0.63  0.05 0.72/0.72/0.72 1.00 1.00 1.00 100
 10  ...................   0.73  0.05 0.69/0.69/0.69 1.00 1.00 1.00 100
 11  ...................   0.85  0.05 0.67/0.67/0.67 1.00 1.00 1.00 100
 12  ...................   0.99  0.05 0.65/0.65/0.65 1.00 1.00 1.00 100
 13  ...................   1.13  0.05 0.64/0.64/0.64 1.00 0.98 0.98 100
 14  ...................   1.19  0.05 0.64/0.64/0.64 1.00 0.90 0.89 100
 15  ...................   1.23  0.04 0.63/0.63/0.63 1.00 0.89 0.79 100
 16  ...................   1.30  0.04 0.62/0.62/0.62 1.00 0.91 0.72 100
 17  ...................   1.36  0.02 0.62/0.62/0.62 1.00 0.90 0.65 100
 18  ...................   1.41  0.02 0.61/0.61/0.61 1.00 0.89 0.58 100
 19  ...................   1.46  0.02 0.61/0.61/0.61 1.00 0.89 0.51 100
 20  ...................   1.54  0.01 0.60/0.60/0.60 1.00 0.91 0.46 100
 21  ...................   1.61  0.01 0.60/0.60/0.60 1.00 0.90 0.42 100
 22  ...................   1.62  0.01 0.59/0.59/0.59 1.00 0.87 0.36 100
 23  ...................   1.68  0.01 0.59/0.59/0.59 1.00 0.89 0.32 100
 24  ...................   1.71  0.00 0.59/0.59/0.59 1.00 0.87 0.28 100
 25  ...................   1.75  0.00 0.59/0.59/0.59 1.00 0.89 0.25 100
 26  ...................   1.83  0.00 0.58/0.58/0.58 1.00 0.90 0.22 100
 27  ...................   1.81  0.01 0.58/0.58/0.58 1.00 0.86 0.19 100
 28  ...................   1.82  0.01 0.58/0.58/0.58 1.00 0.87 0.17 100
 29  ...................   1.78  0.00 0.58/0.58/0.58 1.00 0.86 0.14 100
 30  ...................   1.80  0.00 0.58/0.58/0.58 1.00 0.89 0.13 100
 31  ...................   1.76  0.00 0.57/0.57/0.57 1.00 0.87 0.11 100
 32  ...................   1.67  0.00 0.58/0.58/0.58 1.00 0.86 0.10 100
 33  ...................   1.66  0.01 0.58/0.58/0.58 1.00 0.92 0.09 100
 34  ...................   1.44  0.00 0.59/0.59/0.59 1.00 0.82 0.07 100
 35  ...................   1.32  0.00 0.61/0.61/0.61 1.00 0.89 0.06 100
 36  ...................   1.14  0.00 0.63/0.63/0.63 1.00 0.87 0.06 100
 37  ...................   0.92  0.00 0.67/0.67/0.67 1.00 0.86 0.05 100
 38  ...................   0.68  0.00 0.72/0.72/0.72 1.00 0.83 0.04 100
 39  ...................   0.45  0.00 0.77/0.77/0.77 1.00 0.80 0.03 100
 40  ...................   0.33  0.00 0.83/0.83/0.83 1.00 1.00 0.03 100
 41  ...................   0.16  0.00 0.89/0.89/0.89 1.00 0.75 0.02 100
 42  ...................   0.09  0.00 0.94/0.94/0.94 1.00 1.00 0.02 100
 43  ...................   0.03  0.00 0.97/0.97/0.97 1.00 0.67 0.02 100
 44  ...................   0.01  0.00 0.99/0.99/0.99 1.00 1.00 0.02   0
 45  ...................   0.00  0.00 1.00/1.00/1.00 1.00 1.00 0.02   0
 46  ...................   0.00  0.00 1.00/1.00/1.00 1.00 1.00 0.02   0
 47  ...................   0.00  0.00 1.00/1.00/1.00 1.00 0.50 0.01   0
[mcl] jury pruning marks: <100,100,100>, out of 100
[mcl] jury pruning synopsis: <100.0 or really really really good> (cf -scheme, -do log)
[mcl] output is in /local/wiwie/ClustEval/repository/results/04_07_2013-14_41_00_paper_run_synthetic/clusters/MCL_norm_synthetic_spirals250.72.results
[mcl] 1 clusters found
[mcl] output is in /local/wiwie/ClustEval/repository/results/04_07_2013-14_41_00_paper_run_synthetic/clusters/MCL_norm_synthetic_spirals250.72.results

Please cite:
    Stijn van Dongen, Graph Clustering by Flow Simulation.  PhD thesis,
    University of Utrecht, May 2000.
       (  http://www.library.uu.nl/digiarchief/dip/diss/1895620/full.pdf
       or  http://micans.org/mcl/lit/svdthesis.pdf.gz)
OR
    Stijn van Dongen, A cluster algorithm for graphs. Technical
    Report INS-R0010, National Research Institute for Mathematics
    and Computer Science in the Netherlands, Amsterdam, May 2000.
       (  http://www.cwi.nl/ftp/CWIreports/INS/INS-R0010.ps.Z
       or  http://micans.org/mcl/lit/INS-R0010.ps.Z)

