...[mcl] new tab created
[mcl] pid 57111
 ite -------------------  chaos  time hom(avg,lo,hi) expa expb expc fmv
  1  ...................   0.20  0.05 1.04/0.98/1.14 1.00 1.00 1.00 100
  2  ...................   0.47  0.05 0.82/0.80/0.84 1.00 1.00 1.00 100
  3  ...................   1.11  0.05 0.65/0.65/0.65 1.00 1.00 1.00 100
  4  ...................   1.44  0.04 0.61/0.61/0.61 1.00 0.54 0.54 100
  5  ...................   1.75  0.02 0.59/0.59/0.59 1.00 0.49 0.26 100
  6  ...................   1.77  0.00 0.58/0.58/0.58 1.00 0.45 0.12 100
  7  ...................   1.13  0.00 0.65/0.65/0.65 1.00 0.47 0.06 100
  8  ...................   0.08  0.01 0.95/0.95/0.95 1.00 0.43 0.02 100
  9  ...................   0.00  0.00 1.00/1.00/1.00 1.00 0.33 0.01 100
[mcl] jury pruning marks: <100,100,100>, out of 100
[mcl] jury pruning synopsis: <100.0 or really really really good> (cf -scheme, -do log)
[mcl] output is in /local/wiwie/ClustEval/repository/results/04_07_2013-14_41_00_paper_run_synthetic/clusters/MCL_norm_synthetic_spirals250.64.results
[mcl] 1 clusters found
[mcl] output is in /local/wiwie/ClustEval/repository/results/04_07_2013-14_41_00_paper_run_synthetic/clusters/MCL_norm_synthetic_spirals250.64.results

Please cite:
    Stijn van Dongen, Graph Clustering by Flow Simulation.  PhD thesis,
    University of Utrecht, May 2000.
       (  http://www.library.uu.nl/digiarchief/dip/diss/1895620/full.pdf
       or  http://micans.org/mcl/lit/svdthesis.pdf.gz)
OR
    Stijn van Dongen, A cluster algorithm for graphs. Technical
    Report INS-R0010, National Research Institute for Mathematics
    and Computer Science in the Netherlands, Amsterdam, May 2000.
       (  http://www.cwi.nl/ftp/CWIreports/INS/INS-R0010.ps.Z
       or  http://micans.org/mcl/lit/INS-R0010.ps.Z)

