...[mcl] new tab created
[mcl] pid 41021
 ite -------------------  chaos  time hom(avg,lo,hi) expa expb expc fmv
  1  ...................   0.20  0.05 1.04/0.98/1.14 1.00 1.00 1.00 100
  2  ...................   0.20  0.08 0.94/0.94/0.95 1.00 1.00 1.00 100
  3  ...................   0.25  0.05 0.91/0.91/0.91 1.00 1.00 1.00 100
  4  ...................   0.32  0.08 0.86/0.86/0.86 1.00 1.00 1.00 100
  5  ...................   0.41  0.05 0.81/0.81/0.81 1.00 1.00 1.00 100
  6  ...................   0.51  0.05 0.76/0.76/0.76 1.00 1.00 1.00 100
  7  ...................   0.64  0.05 0.72/0.72/0.72 1.00 1.00 1.00 100
  8  ...................   0.78  0.05 0.68/0.68/0.68 1.00 1.00 1.00 100
  9  ...................   0.96  0.05 0.66/0.66/0.66 1.00 1.00 1.00 100
 10  ...................   1.13  0.05 0.64/0.64/0.64 1.00 0.97 0.97 100
 11  ...................   1.19  0.05 0.63/0.63/0.63 1.00 0.86 0.83 100
 12  ...................   1.29  0.04 0.62/0.62/0.62 1.00 0.88 0.74 100
 13  ...................   1.36  0.03 0.62/0.62/0.62 1.00 0.86 0.63 100
 14  ...................   1.44  0.02 0.61/0.61/0.61 1.00 0.86 0.54 100
 15  ...................   1.53  0.02 0.60/0.60/0.60 1.00 0.87 0.47 100
 16  ...................   1.60  0.01 0.60/0.60/0.60 1.00 0.85 0.40 100
 17  ...................   1.65  0.01 0.59/0.59/0.59 1.00 0.84 0.34 100
 18  ...................   1.73  0.01 0.59/0.59/0.59 1.00 0.86 0.29 100
 19  ...................   1.76  0.01 0.59/0.59/0.59 1.00 0.83 0.24 100
 20  ...................   1.78  0.01 0.58/0.58/0.58 1.00 0.83 0.20 100
 21  ...................   1.81  0.01 0.58/0.58/0.58 1.00 0.84 0.17 100
 22  ...................   1.85  0.01 0.58/0.58/0.58 1.00 0.86 0.14 100
 23  ...................   1.81  0.00 0.57/0.57/0.57 1.00 0.83 0.12 100
 24  ...................   1.67  0.00 0.58/0.58/0.58 1.00 0.80 0.10 100
 25  ...................   1.54  0.00 0.58/0.58/0.58 1.00 0.83 0.08 100
 26  ...................   1.31  0.00 0.60/0.60/0.60 1.00 0.80 0.06 100
 27  ...................   1.14  0.00 0.63/0.63/0.63 1.00 0.87 0.06 100
 28  ...................   0.89  0.01 0.69/0.69/0.69 1.00 0.86 0.05 100
 29  ...................   0.59  0.00 0.76/0.76/0.76 1.00 0.83 0.04 100
 30  ...................   0.32  0.00 0.84/0.84/0.84 1.00 0.80 0.03 100
 31  ...................   0.13  0.00 0.91/0.91/0.91 1.00 0.75 0.02 100
 32  ...................   0.05  0.00 0.96/0.96/0.96 1.00 1.00 0.02 100
 33  ...................   0.01  0.00 0.99/0.99/0.99 1.00 0.67 0.02 100
 34  ...................   0.00  0.00 1.00/1.00/1.00 1.00 1.00 0.02   0
 35  ...................   0.00  0.00 1.00/1.00/1.00 1.00 0.50 0.01   0
 36  ...................   0.00  0.00 1.00/1.00/1.00 1.00 1.00 0.01   0
[mcl] jury pruning marks: <100,100,100>, out of 100
[mcl] jury pruning synopsis: <100.0 or really really really good> (cf -scheme, -do log)
[mcl] output is in /local/wiwie/ClustEval/repository/results/04_07_2013-14_41_00_paper_run_synthetic/clusters/MCL_norm_synthetic_spirals250.77.results
[mcl] 1 clusters found
[mcl] output is in /local/wiwie/ClustEval/repository/results/04_07_2013-14_41_00_paper_run_synthetic/clusters/MCL_norm_synthetic_spirals250.77.results

Please cite:
    Stijn van Dongen, Graph Clustering by Flow Simulation.  PhD thesis,
    University of Utrecht, May 2000.
       (  http://www.library.uu.nl/digiarchief/dip/diss/1895620/full.pdf
       or  http://micans.org/mcl/lit/svdthesis.pdf.gz)
OR
    Stijn van Dongen, A cluster algorithm for graphs. Technical
    Report INS-R0010, National Research Institute for Mathematics
    and Computer Science in the Netherlands, Amsterdam, May 2000.
       (  http://www.cwi.nl/ftp/CWIreports/INS/INS-R0010.ps.Z
       or  http://micans.org/mcl/lit/INS-R0010.ps.Z)

