This is pdfTeX, Version 3.1415926-2.4-1.40.13 (TeX Live 2012/Debian) (format=pdflatex 2012.10.16)  4 MAY 2013 15:55
entering extended mode
 \write18 enabled.
 %&-line parsing enabled.
**doku.tex
(./doku.tex
LaTeX2e <2011/06/27>
Babel <v3.8m> and hyphenation patterns for english, dumylang, nohyphenation, lo
aded.
(/usr/share/texlive/texmf-dist/tex/latex/base/article.cls
Document Class: article 2007/10/19 v1.4h Standard LaTeX document class
(/usr/share/texlive/texmf-dist/tex/latex/base/size12.clo
File: size12.clo 2007/10/19 v1.4h Standard LaTeX file (size option)
)
\c@part=\count79
\c@section=\count80
\c@subsection=\count81
\c@subsubsection=\count82
\c@paragraph=\count83
\c@subparagraph=\count84
\c@figure=\count85
\c@table=\count86
\abovecaptionskip=\skip41
\belowcaptionskip=\skip42
\bibindent=\dimen102
)
(/usr/share/texlive/texmf-dist/tex/latex/base/inputenc.sty
Package: inputenc 2008/03/30 v1.1d Input encoding file
\inpenc@prehook=\toks14
\inpenc@posthook=\toks15

(/usr/share/texlive/texmf-dist/tex/latex/base/latin1.def
File: latin1.def 2008/03/30 v1.1d Input encoding file
))
(/usr/share/texlive/texmf-dist/tex/latex/geometry/geometry.sty
Package: geometry 2010/09/12 v5.6 Page Geometry

(/usr/share/texlive/texmf-dist/tex/latex/graphics/keyval.sty
Package: keyval 1999/03/16 v1.13 key=value parser (DPC)
\KV@toks@=\toks16
)
(/usr/share/texlive/texmf-dist/tex/generic/oberdiek/ifpdf.sty
Package: ifpdf 2011/01/30 v2.3 Provides the ifpdf switch (HO)
Package ifpdf Info: pdfTeX in PDF mode is detected.
)
(/usr/share/texlive/texmf-dist/tex/generic/oberdiek/ifvtex.sty
Package: ifvtex 2010/03/01 v1.5 Detect VTeX and its facilities (HO)
Package ifvtex Info: VTeX not detected.
)
(/usr/share/texlive/texmf-dist/tex/generic/ifxetex/ifxetex.sty
Package: ifxetex 2010/09/12 v0.6 Provides ifxetex conditional
)
\Gm@cnth=\count87
\Gm@cntv=\count88
\c@Gm@tempcnt=\count89
\Gm@bindingoffset=\dimen103
\Gm@wd@mp=\dimen104
\Gm@odd@mp=\dimen105
\Gm@even@mp=\dimen106
\Gm@layoutwidth=\dimen107
\Gm@layoutheight=\dimen108
\Gm@layouthoffset=\dimen109
\Gm@layoutvoffset=\dimen110
\Gm@dimlist=\toks17
)
(/usr/share/texlive/texmf-dist/tex/latex/graphics/graphicx.sty
Package: graphicx 1999/02/16 v1.0f Enhanced LaTeX Graphics (DPC,SPQR)

(/usr/share/texlive/texmf-dist/tex/latex/graphics/graphics.sty
Package: graphics 2009/02/05 v1.0o Standard LaTeX Graphics (DPC,SPQR)

(/usr/share/texlive/texmf-dist/tex/latex/graphics/trig.sty
Package: trig 1999/03/16 v1.09 sin cos tan (DPC)
)
(/usr/share/texlive/texmf-dist/tex/latex/latexconfig/graphics.cfg
File: graphics.cfg 2010/04/23 v1.9 graphics configuration of TeX Live
)
Package graphics Info: Driver file: pdftex.def on input line 91.

(/usr/share/texlive/texmf-dist/tex/latex/pdftex-def/pdftex.def
File: pdftex.def 2011/05/27 v0.06d Graphics/color for pdfTeX

(/usr/share/texlive/texmf-dist/tex/generic/oberdiek/infwarerr.sty
Package: infwarerr 2010/04/08 v1.3 Providing info/warning/error messages (HO)
)
(/usr/share/texlive/texmf-dist/tex/generic/oberdiek/ltxcmds.sty
Package: ltxcmds 2011/11/09 v1.22 LaTeX kernel commands for general use (HO)
)
\Gread@gobject=\count90
))
\Gin@req@height=\dimen111
\Gin@req@width=\dimen112
)
(/usr/share/texlive/texmf-dist/tex/latex/multirow/multirow.sty
\bigstrutjot=\dimen113
)
(/usr/share/texlive/texmf-dist/tex/latex/enumitem/enumitem.sty
Package: enumitem 2011/09/28 v3.5.2 Customized lists
\labelindent=\skip43
\enit@outerparindent=\dimen114
\enit@toks=\toks18
\enit@inbox=\box26
\enitdp@description=\count91
)
(/usr/share/texlive/texmf-dist/tex/latex/hyperref/hyperref.sty
Package: hyperref 2012/05/13 v6.82q Hypertext links for LaTeX

(/usr/share/texlive/texmf-dist/tex/generic/oberdiek/hobsub-hyperref.sty
Package: hobsub-hyperref 2012/05/28 v1.13 Bundle oberdiek, subset hyperref (HO)


(/usr/share/texlive/texmf-dist/tex/generic/oberdiek/hobsub-generic.sty
Package: hobsub-generic 2012/05/28 v1.13 Bundle oberdiek, subset generic (HO)
Package: hobsub 2012/05/28 v1.13 Construct package bundles (HO)
Package hobsub Info: Skipping package `infwarerr' (already loaded).
Package hobsub Info: Skipping package `ltxcmds' (already loaded).
Package: ifluatex 2010/03/01 v1.3 Provides the ifluatex switch (HO)
Package ifluatex Info: LuaTeX not detected.
Package hobsub Info: Skipping package `ifvtex' (already loaded).
Package: intcalc 2007/09/27 v1.1 Expandable calculations with integers (HO)
Package hobsub Info: Skipping package `ifpdf' (already loaded).
Package: etexcmds 2011/02/16 v1.5 Avoid name clashes with e-TeX commands (HO)
Package etexcmds Info: Could not find \expanded.
(etexcmds)             That can mean that you are not using pdfTeX 1.50 or
(etexcmds)             that some package has redefined \expanded.
(etexcmds)             In the latter case, load this package earlier.
Package: kvsetkeys 2012/04/25 v1.16 Key value parser (HO)
Package: kvdefinekeys 2011/04/07 v1.3 Define keys (HO)
Package: pdftexcmds 2011/11/29 v0.20 Utility functions of pdfTeX for LuaTeX (HO
)
Package pdftexcmds Info: LuaTeX not detected.
Package pdftexcmds Info: \pdf@primitive is available.
Package pdftexcmds Info: \pdf@ifprimitive is available.
Package pdftexcmds Info: \pdfdraftmode found.
Package: pdfescape 2011/11/25 v1.13 Implements pdfTeX's escape features (HO)
Package: bigintcalc 2012/04/08 v1.3 Expandable calculations on big integers (HO
)
Package: bitset 2011/01/30 v1.1 Handle bit-vector datatype (HO)
Package: uniquecounter 2011/01/30 v1.2 Provide unlimited unique counter (HO)
)
Package hobsub Info: Skipping package `hobsub' (already loaded).
Package: letltxmacro 2010/09/02 v1.4 Let assignment for LaTeX macros (HO)
Package: hopatch 2012/05/28 v1.2 Wrapper for package hooks (HO)
Package: xcolor-patch 2011/01/30 xcolor patch
Package: atveryend 2011/06/30 v1.8 Hooks at the very end of document (HO)
Package atveryend Info: \enddocument detected (standard20110627).
Package: atbegshi 2011/10/05 v1.16 At begin shipout hook (HO)
Package: refcount 2011/10/16 v3.4 Data extraction from label references (HO)
Package: hycolor 2011/01/30 v1.7 Color options for hyperref/bookmark (HO)
)
(/usr/share/texlive/texmf-dist/tex/latex/oberdiek/kvoptions.sty
Package: kvoptions 2011/06/30 v3.11 Key value format for package options (HO)
)
\@linkdim=\dimen115
\Hy@linkcounter=\count92
\Hy@pagecounter=\count93

(/usr/share/texlive/texmf-dist/tex/latex/hyperref/pd1enc.def
File: pd1enc.def 2012/05/13 v6.82q Hyperref: PDFDocEncoding definition (HO)
)
\Hy@SavedSpaceFactor=\count94

(/usr/share/texlive/texmf-dist/tex/latex/latexconfig/hyperref.cfg
File: hyperref.cfg 2002/06/06 v1.2 hyperref configuration of TeXLive
)
Package hyperref Info: Option `colorlinks' set `true' on input line 3941.
Package hyperref Info: Hyper figures OFF on input line 4062.
Package hyperref Info: Link nesting OFF on input line 4067.
Package hyperref Info: Hyper index ON on input line 4070.
Package hyperref Info: Plain pages OFF on input line 4077.
Package hyperref Info: Backreferencing OFF on input line 4082.
Package hyperref Info: Implicit mode ON; LaTeX internals redefined.
Package hyperref Info: Bookmarks ON on input line 4300.
\c@Hy@tempcnt=\count95

(/usr/share/texlive/texmf-dist/tex/latex/url/url.sty
\Urlmuskip=\muskip10
Package: url 2006/04/12  ver 3.3  Verb mode for urls, etc.
)
LaTeX Info: Redefining \url on input line 4653.
\Fld@menulength=\count96
\Field@Width=\dimen116
\Fld@charsize=\dimen117
Package hyperref Info: Hyper figures OFF on input line 5773.
Package hyperref Info: Link nesting OFF on input line 5778.
Package hyperref Info: Hyper index ON on input line 5781.
Package hyperref Info: backreferencing OFF on input line 5788.
Package hyperref Info: Link coloring ON on input line 5791.
Package hyperref Info: Link coloring with OCG OFF on input line 5798.
Package hyperref Info: PDF/A mode OFF on input line 5803.
LaTeX Info: Redefining \ref on input line 5843.
LaTeX Info: Redefining \pageref on input line 5847.
\Hy@abspage=\count97
\c@Item=\count98
\c@Hfootnote=\count99
)

Package hyperref Message: Driver (autodetected): hpdftex.

(/usr/share/texlive/texmf-dist/tex/latex/hyperref/hpdftex.def
File: hpdftex.def 2012/05/13 v6.82q Hyperref driver for pdfTeX
\Fld@listcount=\count100
\c@bookmark@seq@number=\count101

(/usr/share/texlive/texmf-dist/tex/latex/oberdiek/rerunfilecheck.sty
Package: rerunfilecheck 2011/04/15 v1.7 Rerun checks for auxiliary files (HO)
Package uniquecounter Info: New unique counter `rerunfilecheck' on input line 2
82.
)
\Hy@SectionHShift=\skip44
)
(/usr/share/texmf/tex/latex/xcolor/xcolor.sty
Package: xcolor 2007/01/21 v2.11 LaTeX color extensions (UK)

(/usr/share/texlive/texmf-dist/tex/latex/latexconfig/color.cfg
File: color.cfg 2007/01/18 v1.5 color configuration of teTeX/TeXLive
)
Package xcolor Info: Driver file: pdftex.def on input line 225.
Package xcolor Info: Model `cmy' substituted by `cmy0' on input line 1337.
Package xcolor Info: Model `hsb' substituted by `rgb' on input line 1341.
Package xcolor Info: Model `RGB' extended on input line 1353.
Package xcolor Info: Model `HTML' substituted by `rgb' on input line 1355.
Package xcolor Info: Model `Hsb' substituted by `hsb' on input line 1356.
Package xcolor Info: Model `tHsb' substituted by `hsb' on input line 1357.
Package xcolor Info: Model `HSB' substituted by `hsb' on input line 1358.
Package xcolor Info: Model `Gray' substituted by `gray' on input line 1359.
Package xcolor Info: Model `wave' substituted by `hsb' on input line 1360.
)
(/usr/share/texlive/texmf-dist/tex/latex/moreverb/moreverb.sty
Package: moreverb 2008/06/03 v2.3a `more' verbatim facilities

(/usr/share/texlive/texmf-dist/tex/latex/tools/verbatim.sty
Package: verbatim 2003/08/22 v1.5q LaTeX2e package for verbatim enhancements
\every@verbatim=\toks19
\verbatim@line=\toks20
\verbatim@in@stream=\read1
)
\tab@position=\count102
\tab@size=\count103
\listing@line=\count104
)
(/usr/share/texlive/texmf-dist/tex/latex/varwidth/varwidth.sty
Package: varwidth 2009/03/30 ver 0.92;  Variable-width minipages
\@vwid@box=\box27
\sift@deathcycles=\count105
\@vwid@loff=\dimen118
\@vwid@roff=\dimen119
)
(/usr/share/texlive/texmf-dist/tex/latex/listings/listings.sty
\lst@mode=\count106
\lst@gtempboxa=\box28
\lst@token=\toks21
\lst@length=\count107
\lst@currlwidth=\dimen120
\lst@column=\count108
\lst@pos=\count109
\lst@lostspace=\dimen121
\lst@width=\dimen122
\lst@newlines=\count110
\lst@lineno=\count111
\lst@maxwidth=\dimen123

(/usr/share/texlive/texmf-dist/tex/latex/listings/lstmisc.sty
File: lstmisc.sty 2007/02/22 1.4 (Carsten Heinz)
\c@lstnumber=\count112
\lst@skipnumbers=\count113
\lst@framebox=\box29
)
(/usr/share/texlive/texmf-dist/tex/latex/listings/listings.cfg
File: listings.cfg 2007/02/22 1.4 listings configuration
))
Package: listings 2007/02/22 1.4 (Carsten Heinz)
 (./doku.aux)
\openout1 = `doku.aux'.

LaTeX Font Info:    Checking defaults for OML/cmm/m/it on input line 100.
LaTeX Font Info:    ... okay on input line 100.
LaTeX Font Info:    Checking defaults for T1/cmr/m/n on input line 100.
LaTeX Font Info:    ... okay on input line 100.
LaTeX Font Info:    Checking defaults for OT1/cmr/m/n on input line 100.
LaTeX Font Info:    ... okay on input line 100.
LaTeX Font Info:    Checking defaults for OMS/cmsy/m/n on input line 100.
LaTeX Font Info:    ... okay on input line 100.
LaTeX Font Info:    Checking defaults for OMX/cmex/m/n on input line 100.
LaTeX Font Info:    ... okay on input line 100.
LaTeX Font Info:    Checking defaults for U/cmr/m/n on input line 100.
LaTeX Font Info:    ... okay on input line 100.
LaTeX Font Info:    Checking defaults for PD1/pdf/m/n on input line 100.
LaTeX Font Info:    ... okay on input line 100.

*geometry* driver: auto-detecting
*geometry* detected driver: pdftex
*geometry* verbose mode - [ preamble ] result:
* driver: pdftex
* paper: <default>
* layout: <same size as paper>
* layoutoffset:(h,v)=(0.0pt,0.0pt)
* modes: 
* h-part:(L,W,R)=(85.35826pt, 443.57848pt, 85.35826pt)
* v-part:(T,H,B)=(85.35826pt, 624.25346pt, 85.35826pt)
* \paperwidth=614.295pt
* \paperheight=794.96999pt
* \textwidth=443.57848pt
* \textheight=624.25346pt
* \oddsidemargin=13.08827pt
* \evensidemargin=13.08827pt
* \topmargin=-23.91173pt
* \headheight=12.0pt
* \headsep=25.0pt
* \topskip=12.0pt
* \footskip=30.0pt
* \marginparwidth=44.0pt
* \marginparsep=10.0pt
* \columnsep=10.0pt
* \skip\footins=10.8pt plus 4.0pt minus 2.0pt
* \hoffset=0.0pt
* \voffset=0.0pt
* \mag=1000
* \@twocolumnfalse
* \@twosidefalse
* \@mparswitchfalse
* \@reversemarginfalse
* (1in=72.27pt=25.4mm, 1cm=28.453pt)

(/usr/share/texlive/texmf-dist/tex/context/base/supp-pdf.mkii
[Loading MPS to PDF converter (version 2006.09.02).]
\scratchcounter=\count114
\scratchdimen=\dimen124
\scratchbox=\box30
\nofMPsegments=\count115
\nofMParguments=\count116
\everyMPshowfont=\toks22
\MPscratchCnt=\count117
\MPscratchDim=\dimen125
\MPnumerator=\count118
\makeMPintoPDFobject=\count119
\everyMPtoPDFconversion=\toks23
) (/usr/share/texlive/texmf-dist/tex/latex/oberdiek/epstopdf-base.sty
Package: epstopdf-base 2010/02/09 v2.5 Base part for package epstopdf

(/usr/share/texlive/texmf-dist/tex/latex/oberdiek/grfext.sty
Package: grfext 2010/08/19 v1.1 Manage graphics extensions (HO)
)
Package grfext Info: Graphics extension search list:
(grfext)             [.png,.pdf,.jpg,.mps,.jpeg,.jbig2,.jb2,.PNG,.PDF,.JPG,.JPE
G,.JBIG2,.JB2,.eps]
(grfext)             \AppendGraphicsExtensions on input line 452.

(/usr/share/texlive/texmf-dist/tex/latex/latexconfig/epstopdf-sys.cfg
File: epstopdf-sys.cfg 2010/07/13 v1.3 Configuration of (r)epstopdf for TeX Liv
e
))
\AtBeginShipoutBox=\box31
Package hyperref Info: Link coloring ON on input line 100.

(/usr/share/texlive/texmf-dist/tex/latex/hyperref/nameref.sty
Package: nameref 2010/04/30 v2.40 Cross-referencing by name of section

(/usr/share/texlive/texmf-dist/tex/generic/oberdiek/gettitlestring.sty
Package: gettitlestring 2010/12/03 v1.4 Cleanup title references (HO)
)
\c@section@level=\count120
)
LaTeX Info: Redefining \ref on input line 100.
LaTeX Info: Redefining \pageref on input line 100.
LaTeX Info: Redefining \nameref on input line 100.

(./doku.out) (./doku.out)
\@outlinefile=\write3
\openout3 = `doku.out'.

\c@lstlisting=\count121
LaTeX Font Info:    External font `cmex10' loaded for size
(Font)              <14.4> on input line 102.
LaTeX Font Info:    External font `cmex10' loaded for size
(Font)              <7> on input line 102.
 (./doku.toc
LaTeX Font Info:    External font `cmex10' loaded for size
(Font)              <12> on input line 5.
LaTeX Font Info:    External font `cmex10' loaded for size
(Font)              <8> on input line 5.
LaTeX Font Info:    External font `cmex10' loaded for size
(Font)              <6> on input line 5.
 [1

{/var/lib/texmf/fonts/map/pdftex/updmap/pdftex.map}] [2] [3] [4])
\tf@toc=\write4
\openout4 = `doku.toc'.

 [5] (./introduction.tex) (./framework.tex
<../master_seminar_presentation/framework_flow.png, id=938, 925.4575pt x 387.44
75pt>
File: ../master_seminar_presentation/framework_flow.png Graphic file (type png)

 <use ../master_seminar_presentation/framework_flow.png>
Package pdftex.def Info: ../master_seminar_presentation/framework_flow.png used
 on input line 11.
(pdftex.def)             Requested size: 443.57848pt x 185.70663pt.
) (./backend.tex
[6 <../master_seminar_presentation/framework_flow.png (PNG copy)>]
<../master_seminar_presentation/framework_backend.png, id=948, 889.3225pt x 503
.8825pt>
File: ../master_seminar_presentation/framework_backend.png Graphic file (type p
ng)
 <use ../master_seminar_presentation/framework_backend.png>
Package pdftex.def Info: ../master_seminar_presentation/framework_backend.png u
sed on input line 9.
(pdftex.def)             Requested size: 443.57848pt x 251.32553pt.
)
(./backend/server.tex
LaTeX Font Info:    Try loading font information for OMS+cmr on input line 5.
 (/usr/share/texlive/texmf-dist/tex/latex/base/omscmr.fd
File: omscmr.fd 1999/05/25 v2.5h Standard LaTeX font definitions
)
LaTeX Font Info:    Font shape `OMS/cmr/m/n' in size <12> not available
(Font)              Font shape `OMS/cmsy/m/n' tried instead on input line 5.

[7 <../master_seminar_presentation/framework_backend.png (PNG copy)>]
<../master_seminar_presentation/repository_structure.png, id=956, 1033.8625pt x
 1043.9pt>
File: ../master_seminar_presentation/repository_structure.png Graphic file (typ
e png)
 <use ../master_seminar_presentation/repository_structure.png>
Package pdftex.def Info: ../master_seminar_presentation/repository_structure.pn
g used on input line 34.
(pdftex.def)             Requested size: 443.57848pt x 447.88068pt.

[8] [9 <../master_seminar_presentation/repository_structure.png (PNG copy)>]
Overfull \hbox (3.13005pt too wide) in paragraph at lines 63--64
[]\OT1/cmr/bx/n/12 clusters\OT1/cmr/m/n/12 : The clus-ter-ing re-sults, in-clud
-ing clus-ter-ing qual-i-ties and graph-
 []


Overfull \hbox (8.71819pt too wide) in paragraph at lines 77--78
[]\OT1/cmr/bx/n/12 paramOptimization\OT1/cmr/m/n/12 : Con-tains clus-ter-ing pa
-ram-e-ter op-ti-miza-tion meth-
 []


Overfull \hbox (4.67987pt too wide) in paragraph at lines 79--80
[]\OT1/cmr/bx/n/12 [*.jar]\OT1/cmr/m/n/12 : Each jar-file cor-re-sponds to a pa
-ram-e-ter op-ti-miza-tion method
 []

[10]

Package hyperref Warning: Token not allowed in a PDF string (PDFDocEncoding):
(hyperref)                removing `math shift' on input line 124.


Package hyperref Warning: Token not allowed in a PDF string (PDFDocEncoding):
(hyperref)                removing `superscript' on input line 124.


Package hyperref Warning: Token not allowed in a PDF string (PDFDocEncoding):
(hyperref)                removing `math shift' on input line 124.

[11] [12]
<../master_seminar_presentation/flow_dataset.png, id=1000, 686.565pt x 341.275p
t>
File: ../master_seminar_presentation/flow_dataset.png Graphic file (type png)
 <use ../master_seminar_presentation/flow_dataset.png>
Package pdftex.def Info: ../master_seminar_presentation/flow_dataset.png used o
n input line 166.
(pdftex.def)             Requested size: 332.68385pt x 165.36716pt.
 [13 <../master_seminar_presentation/flow_dataset.png (PNG copy)>] [14] [15] [1
6]
Overfull \hbox (7.19675pt too wide) in paragraph at lines 297--297
[]\OT1/cmtt/m/n/12 v1,...,vK e_1_1:f_1_1,...,e_1_s1:f_1_s1;...;e_K_1:f_K_1,...,
e_K_sK:f_K_sK[] 
 []

[17] [18]
<../master_seminar_presentation/backend_configurations.png, id=1097, 605.26125p
t x 376.40625pt>
File: ../master_seminar_presentation/backend_configurations.png Graphic file (t
ype png)

<use ../master_seminar_presentation/backend_configurations.png>
Package pdftex.def Info: ../master_seminar_presentation/backend_configurations.
png used on input line 369.
(pdftex.def)             Requested size: 332.68385pt x 206.89197pt.
 [19 <../master_seminar_presentation/backend_configurations.png (PNG copy)>] [2
0]
Overfull \hbox (62.83247pt too wide) in paragraph at lines 444--445
\OT1/cmr/m/n/12 When a clus-ter-ing method is lo-cated in [][][][][][],
 []

[21] [22]
Underfull \hbox (badness 10000) in paragraph at lines 468--468
[]\OT1/cmtt/m/n/12 invocationFormat = %e% %i% %preference% %o% maxits=%maxits%
 []


Overfull \hbox (3.80832pt too wide) in paragraph at lines 483--484
[]\OT1/cmr/m/n/12 This is
 []


Overfull \hbox (13.37175pt too wide) in paragraph at lines 507--507
[][] \OT1/cmtt/m/n/12 invocationFormat = %e %i %preference %o maxits=%maxits co
nvits=%convits[] 
 []

[23]
<../master_seminar_presentation/run_inheritance.png, id=1126, 687.56876pt x 333
.245pt>
File: ../master_seminar_presentation/run_inheritance.png Graphic file (type png
)
 <use ../master_seminar_presentation/run_inheritance.png>
Package pdftex.def Info: ../master_seminar_presentation/run_inheritance.png use
d on input line 545.
(pdftex.def)             Requested size: 266.14978pt x 128.9938pt.
 [24] [25 <../master_seminar_presentation/run_inheritance.png (PNG copy)>]
<../master_seminar_presentation/framework_flow_singleclustering.png, id=1140, 7
23.70375pt x 380.42125pt>
File: ../master_seminar_presentation/framework_flow_singleclustering.png Graphi
c file (type png)

<use ../master_seminar_presentation/framework_flow_singleclustering.png>
Package pdftex.def Info: ../master_seminar_presentation/framework_flow_singlecl
ustering.png used on input line 588.
(pdftex.def)             Requested size: 443.57848pt x 233.17113pt.

[26 <../master_seminar_presentation/framework_flow_singleclustering.png (PNG co
py)>]
<../master_seminar_presentation/framework_flow_parameterOptimization.png, id=11
49, 954.56625pt x 380.42125pt>
File: ../master_seminar_presentation/framework_flow_parameterOptimization.png G
raphic file (type png)

<use ../master_seminar_presentation/framework_flow_parameterOptimization.png>
Package pdftex.def Info: ../master_seminar_presentation/framework_flow_paramete
rOptimization.png used on input line 603.
(pdftex.def)             Requested size: 443.57848pt x 176.77794pt.

[27 <../master_seminar_presentation/framework_flow_parameterOptimization.png (P
NG copy)>]
Overfull \hbox (5.17265pt too wide) in paragraph at lines 616--617
[]\OT1/cmr/m/n/12 A comma sep-a-rated list of the pa-ram-e-ters that should
 []


<../master_seminar_presentation/framework_flow_dataAnalysis.png, id=1159, 712.6
625pt x 419.5675pt>
File: ../master_seminar_presentation/framework_flow_dataAnalysis.png Graphic fi
le (type png)

<use ../master_seminar_presentation/framework_flow_dataAnalysis.png>
Package pdftex.def Info: ../master_seminar_presentation/framework_flow_dataAnal
ysis.png used on input line 632.
(pdftex.def)             Requested size: 443.57848pt x 261.14708pt.

<../master_seminar_presentation/framework_flow_runAnalysis.png, id=1161, 712.66
25pt x 419.5675pt>
File: ../master_seminar_presentation/framework_flow_runAnalysis.png Graphic fil
e (type png)

<use ../master_seminar_presentation/framework_flow_runAnalysis.png>
Package pdftex.def Info: ../master_seminar_presentation/framework_flow_runAnaly
sis.png used on input line 651.
(pdftex.def)             Requested size: 443.57848pt x 261.14708pt.
 [28]
[29 <../master_seminar_presentation/framework_flow_dataAnalysis.png (PNG copy)>
 <../master_seminar_presentation/framework_flow_runAnalysis.png (PNG copy)>]
<../master_seminar_presentation/framework_flow_runDataAnalysis.png, id=1174, 71
2.6625pt x 419.5675pt>
File: ../master_seminar_presentation/framework_flow_runDataAnalysis.png Graphic
 file (type png)

<use ../master_seminar_presentation/framework_flow_runDataAnalysis.png>
Package pdftex.def Info: ../master_seminar_presentation/framework_flow_runDataA
nalysis.png used on input line 669.
(pdftex.def)             Requested size: 443.57848pt x 261.14708pt.

[30 <../master_seminar_presentation/framework_flow_runDataAnalysis.png (PNG cop
y)>] [31]
Overfull \hbox (8.71776pt too wide) in paragraph at lines 733--734
[][][][][][][]\OT1/cmr/m/n/12 : Con-tains dif-fer-ent log filesm,
 []

) (./backend/client.tex) (./frontend.tex [32]) (./frontend/database.tex
<../master_seminar_presentation/run_inheritance_tables.png, id=1220, 687.56876p
t x 333.245pt>
File: ../master_seminar_presentation/run_inheritance_tables.png Graphic file (t
ype png)
 <use ../master_seminar_presentation/run_inheritance_tables.png>
Package pdftex.def Info: ../master_seminar_presentation/run_inheritance_tables.
png used on input line 12.
(pdftex.def)             Requested size: 266.14978pt x 128.9938pt.

[33 <../master_seminar_presentation/run_inheritance_tables.png (PNG copy)>]
[34] [35] [36]
<../master_seminar_presentation/db_analysis_runs.png, id=1240, 609.27625pt x 24
0.9pt>
File: ../master_seminar_presentation/db_analysis_runs.png Graphic file (type pn
g)
 <use ../master_seminar_presentation/db_analysis_runs.png>
Package pdftex.def Info: ../master_seminar_presentation/db_analysis_runs.png us
ed on input line 103.
(pdftex.def)             Requested size: 243.70618pt x 96.35828pt.
 [37 <../master_seminar_presentation/db_analysis_runs.png (PNG copy)>]
<../master_seminar_presentation/db_data_analysis_runs.png, id=1247, 647.41875pt
 x 218.8175pt>
File: ../master_seminar_presentation/db_data_analysis_runs.png Graphic file (ty
pe png)
 <use ../master_seminar_presentation/db_data_analysis_runs.png>
Package pdftex.def Info: ../master_seminar_presentation/db_data_analysis_runs.p
ng used on input line 119.
(pdftex.def)             Requested size: 258.9629pt x 87.52544pt.

[38 <../master_seminar_presentation/db_data_analysis_runs.png (PNG copy)>]
<../master_seminar_presentation/db_execution_runs.png, id=1254, 681.54625pt x 4
09.53pt>
File: ../master_seminar_presentation/db_execution_runs.png Graphic file (type p
ng)
 <use ../master_seminar_presentation/db_execution_runs.png>
Package pdftex.def Info: ../master_seminar_presentation/db_execution_runs.png u
sed on input line 144.
(pdftex.def)             Requested size: 272.61366pt x 163.80908pt.
 [39 <../master_seminar_presentation/db_execution_runs.png (PNG copy)>]
<../master_seminar_presentation/db_parameter_optimization_runs.png, id=1260, 78
9.95125pt x 295.1025pt>
File: ../master_seminar_presentation/db_parameter_optimization_runs.png Graphic
 file (type png)

<use ../master_seminar_presentation/db_parameter_optimization_runs.png>
Package pdftex.def Info: ../master_seminar_presentation/db_parameter_optimizati
on_runs.png used on input line 166.
(pdftex.def)             Requested size: 315.9749pt x 118.0389pt.

[40 <../master_seminar_presentation/db_parameter_optimization_runs.png (PNG cop
y)>]
Overfull \hbox (6.42143pt too wide) in paragraph at lines 197--198
\OT1/cmr/m/n/12 it-er-a-tion a dif-fer-ent pa-ram-e-ter set (\OT1/cmr/m/it/12 r
un[]results[]parameter[]optimizations[]parameter[]set[]id\OT1/cmr/m/n/12 ,
 []


Overfull \hbox (2.62294pt too wide) in paragraph at lines 203--204
\OT1/cmr/m/n/12 con-tained in a pa-ram-e-ter op-ti-miza-tion run re-sult (\OT1/
cmr/m/it/12 run[]results[]parameter[]optimization[]id\OT1/cmr/m/n/12 ,
 []

[41]
Overfull \hbox (195.85913pt too wide) in paragraph at lines 206--207
\OT1/cmr/m/n/12 This ta-ble con-tains the \OT1/cmr/m/it/12 value \OT1/cmr/m/n/1
2 of a cer-tain pro-gram pa-ram-e-ter (\OT1/cmr/m/it/12 run[]results[]parameter
[]optimizations[]parameter[]set[]parameter[]id\OT1/cmr/m/n/12 ,
 []


Overfull \hbox (184.73647pt too wide) in paragraph at lines 206--207
\OT1/cmr/m/n/12 FK) eval-u-ated in a cer-tain pa-ram-e-ter op-ti-miza-tion it-e
r-a-tion (\OT1/cmr/m/it/12 run[]results[]parameter[]optimizations[]parameter[]s
et[]iteration[]id\OT1/cmr/m/n/12 ,
 []


<../master_seminar_presentation/db_run_analysis_runs.png, id=1270, 466.74374pt 
x 218.8175pt>
File: ../master_seminar_presentation/db_run_analysis_runs.png Graphic file (typ
e png)
 <use ../master_seminar_presentation/db_run_analysis_runs.png>
Package pdftex.def Info: ../master_seminar_presentation/db_run_analysis_runs.pn
g used on input line 224.
(pdftex.def)             Requested size: 186.69418pt x 87.52544pt.

[42 <../master_seminar_presentation/db_run_analysis_runs.png (PNG copy)>]
<../master_seminar_presentation/db_run_data_analysis_runs.png, id=1276, 579.163
76pt x 256.96pt>
File: ../master_seminar_presentation/db_run_data_analysis_runs.png Graphic file
 (type png)

<use ../master_seminar_presentation/db_run_data_analysis_runs.png>
Package pdftex.def Info: ../master_seminar_presentation/db_run_data_analysis_ru
ns.png used on input line 237.
(pdftex.def)             Requested size: 231.66139pt x 102.78217pt.
 [43 <../master_seminar_presentation/db_run_data_analysis_runs.png (PNG copy)>]
)
(./frontend/website.tex [44]
Overfull \hbox (2.89433pt too wide) in paragraph at lines 20--21
[]\OT1/cmr/m/n/12 is com-pa-ra-ble to the "Per-for-mance" sub-sec-tion, but als
o shows
 []

[45]
Overfull \hbox (0.18741pt too wide) in paragraph at lines 36--37
[]\OT1/cmr/m/n/12 is com-pa-ra-ble to the "Com-par-i-son" sub-sec-tion, but als
o shows
 []

[46] [47]) (./dl_install.tex [48] [49]

Package hyperref Warning: Token not allowed in a PDF string (PDFDocEncoding):
(hyperref)                removing `math shift' on input line 28.


Package hyperref Warning: Token not allowed in a PDF string (PDFDocEncoding):
(hyperref)                removing `\geq' on input line 28.


Package hyperref Warning: Token not allowed in a PDF string (PDFDocEncoding):
(hyperref)                removing `math shift' on input line 28.

[50]

Package hyperref Warning: Token not allowed in a PDF string (PDFDocEncoding):
(hyperref)                removing `math shift' on input line 49.


Package hyperref Warning: Token not allowed in a PDF string (PDFDocEncoding):
(hyperref)                removing `\geq' on input line 49.


Package hyperref Warning: Token not allowed in a PDF string (PDFDocEncoding):
(hyperref)                removing `math shift' on input line 49.

[51] [52] [53] [54] [55]
Underfull \hbox (badness 10000) in paragraph at lines 219--219
[]\OT1/cmtt/m/n/12 mysql> CREATE USER 'clustEvalRead'@'localhost' IDENTIFIED BY

 []

[56]
Overfull \hbox (34.83322pt too wide) in paragraph at lines 289--290
[]\OT1/cmr/m/n/12 Create an Apache vir-tual host by cre-at-ing the file '/etc/a
pache2/sites-available/clusteval'
 []


Overfull \hbox (50.70877pt too wide) in paragraph at lines 289--290
\OT1/cmr/m/n/12 with the fol-low-ing con-tent and re-place the place-hold-ers \
OT1/cmtt/m/n/12 <YOUR[]DOMAIN> \OT1/cmr/m/n/12 and \OT1/cmtt/m/n/12 <WEBSITE[]R
OOT>
 []

[57]) (./basic_usage.tex [58] [59] [60]
Overfull \hbox (42.48276pt too wide) in paragraph at lines 75--76
\OT1/cmr/m/n/12 cuta-bles into the de-sired di-rec-tory. We as-sume this di-rec
-tory to be [][][][][][],
 []


Overfull \hbox (66.68297pt too wide) in paragraph at lines 80--82
\OT1/cmr/m/n/12 cre-ate (if it does not ex-ist yet) a new repos-i-tory in the f
older [][][][][][].
 []


Overfull \hbox (40.12373pt too wide) in paragraph at lines 87--88
[]$\OML/cmm/m/it/12 <$\OT1/cmr/m/n/12 REPOSITORY[]ROOT$\OML/cmm/m/it/12 >$\OT1/
cmr/m/n/12 /data/datasets/expression/myGeneExpressionData[]3.txt 
 []


Overfull \hbox (65.91455pt too wide) in paragraph at lines 90--91
[]$\OML/cmm/m/it/12 <$\OT1/cmr/m/n/12 REPOSITORY[]ROOT$\OML/cmm/m/it/12 >$\OT1/
cmr/m/n/12 /data/goldstandards/expression/geneExpr[]3[]goldstandard.txt 
 []


Overfull \hbox (21.5739pt too wide) in paragraph at lines 99--100
[]$\OML/cmm/m/it/12 <$\OT1/cmr/m/n/12 REPOSITORY[]ROOT$\OML/cmm/m/it/12 >$\OT1/
cmr/m/n/12 /data/goldstandards/methylation/methylation[]gs.txt 
 []


Overfull \hbox (51.95349pt too wide) in paragraph at lines 102--103
\OT1/cmr/m/n/12 ex-am-ple the dataset [][][][][][] has the for-mat [][][][][][]

 []


Overfull \hbox (3.17947pt too wide) in paragraph at lines 102--103
\OT1/cmr/m/n/12 As the names in-di-cate, the first dataset has the type [][][][
][][]
 []

[61] [62]
Overfull \hbox (67.40604pt too wide) in paragraph at lines 172--174
\OT1/cmr/m/n/12 clus-ter-ing meth-ods and put them into the folder [][][][][][]
.
 []

[63] [64]) (./extending.tex [65]
Overfull \hbox (41.66803pt too wide) in paragraph at lines 21--23
[]\OT1/cmr/m/n/12 extending the class [][][][][][] with your own class [][][][]
[][].
 []


Overfull \hbox (3.5545pt too wide) in paragraph at lines 26--27
[][][][][][][]\OT1/cmr/m/n/12 : This is the in-vo-ca-tion of the R method
 []


Overfull \hbox (0.18362pt too wide) in paragraph at lines 28--29
[][][][][][][]\OT1/cmr/m/n/12 : In this
 []

[66]
Overfull \hbox (1.10583pt too wide) in paragraph at lines 70--71
[][][][][][][]\OT1/cmr/m/n/12 : The con-struc-tor of
 []


Overfull \hbox (15.68773pt too wide) in paragraph at lines 74--75
[]\OT1/cmr/m/n/12 Creating a jar file named [][][][][][] con-tain-ing the [][][
][][][]
 []

[67]
Overfull \hbox (13.99599pt too wide) in paragraph at lines 88--89
[][][][][][][]\OT1/cmr/m/n/12 : The con-struc-
 []


Overfull \hbox (6.41968pt too wide) in paragraph at lines 89--90
[][][][][][][]\OT1/cmr/m/n/12 : The copy con-struc-tor of your
 []


Overfull \hbox (0.13084pt too wide) in paragraph at lines 95--96
[][][][][][][]\OT1/cmr/m/n/12 : This method con-verts
 []


Overfull \hbox (17.42513pt too wide) in paragraph at lines 98--99
[][][][][][][]\OT1/cmr/m/n/12 : This method
 []


Overfull \hbox (37.5514pt too wide) in paragraph at lines 101--102
[]\OT1/cmr/m/n/12 Creating a jar file named [][][][][][] con-tain-ing the [][][
][][][]
 []

[68]
Overfull \hbox (5.73636pt too wide) in paragraph at lines 117--118
[][][][][][][]\OT1/cmr/m/n/12 : The con-struc-
 []

LaTeX Font Info:    External font `cmex10' loaded for size
(Font)              <5> on input line 124.

Overfull \hbox (9.76332pt too wide) in paragraph at lines 128--128
[]$\OML/cmm/m/it/10 <$\OT1/cmr/m/n/10 REPOSITORY[]ROOT$\OML/cmm/m/it/10 >$\OT1/
cmr/m/n/10 /results/$\OML/cmm/m/it/10 <$\OT1/cmr/m/n/10 runIdentifier$\OML/cmm/
m/it/10 >$\OT1/cmr/m/n/10 /clusters/TransClust[]sfld.1.result.conv 
 []


Overfull \hbox (9.76332pt too wide) detected at line 128
[]$\OML/cmm/m/it/10 <$\OT1/cmr/m/n/10 REPOSITORY[]ROOT$\OML/cmm/m/it/10 >$\OT1/
cmr/m/n/10 /results/$\OML/cmm/m/it/10 <$\OT1/cmr/m/n/10 runIdentifier$\OML/cmm/
m/it/10 >$\OT1/cmr/m/n/10 /clusters/TransClust[]sfld.1.result.conv 
 []


Overfull \hbox (63.46227pt too wide) in paragraph at lines 132--133
[]\OT1/cmr/m/n/12 Creating a jar file named [][][][][][] con-tain-ing the [][][
][][][]
 []

[69]
Overfull \hbox (54.04976pt too wide) in paragraph at lines 149--151
[]\OT1/cmr/m/n/12 extending the class [][][][][][]
 []


Overfull \hbox (23.88338pt too wide) in paragraph at lines 155--156
[][][][][][][]\OT1/cmr/m/n/12 : The
 []


Underfull \hbox (badness 10000) in paragraph at lines 156--156
[]\OT1/cmr/m/n/12 public My-Pa-ram-e-terOp-ti-miza-tion-Method( My-Pa-ram-e-ter
Op-ti-miza-tion-
 []


Overfull \hbox (9.61824pt too wide) in paragraph at lines 156--157
[][][][][][][]\OT1/cmr/m/n/12 : The
 []

[70]
Overfull \hbox (48.74644pt too wide) in paragraph at lines 167--167
[]\OT1/cmtt/m/n/12 de/clusteval/cluster/paramOptimization/MyParameterOptimizati
onMethod.class 
 []


Overfull \hbox (48.74644pt too wide) detected at line 167
[]\OT1/cmtt/m/n/12 de/clusteval/cluster/paramOptimization/MyParameterOptimizati
onMethod.class 
 []


Overfull \hbox (30.05835pt too wide) in paragraph at lines 173--174
\OT1/cmr/m/n/12 method au-to-mat-i-cally the next time, the [][][][][][]
 []


Overfull \hbox (0.90584pt too wide) in paragraph at lines 182--183
[][][][][][][]\OT1/cmr/m/n/12 : The con-struc-
 []


Overfull \hbox (1.78082pt too wide) in paragraph at lines 183--184
[][][][][][][]\OT1/cmr/m/n/12 : The copy con-struc-tor for
 []

[71]
Overfull \hbox (53.80122pt too wide) in paragraph at lines 190--191
[]\OT1/cmr/m/n/12 Creating a jar file named [][][][][][] con-tain-ing the [][][
][][][]
 []


Overfull \hbox (18.69174pt too wide) in paragraph at lines 207--208
[][][][][][][]\OT1/cmr/m/n/12 : The copy
 []

[72]
Overfull \hbox (3.26385pt too wide) in paragraph at lines 212--213
[][][][][][][]\OT1/cmr/m/n/12 :
 []


Overfull \hbox (148.13078pt too wide) in paragraph at lines 217--218
[]\OT1/cmr/m/n/12 Creating a jar file named [][][][][][] con-tain-ing the [][][
][][][]
 []

[73]
Overfull \hbox (0.18083pt too wide) in paragraph at lines 234--235
[][][][][][][]\OT1/cmr/m/n/12 : In-di-cates, whether this data statis-
 []


Overfull \hbox (0.59193pt too wide) in paragraph at lines 236--237
[][][][][][][]\OT1/cmr/m/n/12 : This method in-ter-prets the string and
 []


Overfull \hbox (4.20442pt too wide) in paragraph at lines 241--242
[][][][][][][]\OT1/cmr/m/n/12 : The
 []


Overfull \hbox (68.69273pt too wide) in paragraph at lines 247--248
[]\OT1/cmr/m/n/12 Creating a jar file named [][][][][][] con-tain-ing the [][][
][][][]
 []

[74]
Overfull \hbox (5.74051pt too wide) in paragraph at lines 266--267
[][][][][][][]\OT1/cmr/m/n/12 : The con-struc-tor for
 []


Overfull \hbox (0.59193pt too wide) in paragraph at lines 269--270
[][][][][][][]\OT1/cmr/m/n/12 : This method in-ter-prets the string and
 []


Overfull \hbox (0.61418pt too wide) in paragraph at lines 274--275
[][][][][][][]\OT1/cmr/m/n/12 : The
 []


Overfull \hbox (9.75296pt too wide) in paragraph at lines 275--276
[][][][][][][]\OT1/cmr/m/n/12 : The copy con-
 []

[75]
Overfull \hbox (61.51225pt too wide) in paragraph at lines 280--281
[]\OT1/cmr/m/n/12 Creating a jar file named [][][][][][] con-tain-ing the [][][
][][][]
 []


Overfull \hbox (3.29054pt too wide) in paragraph at lines 299--300
[][][][][][][]\OT1/cmr/m/n/12 : The con-struc-
 []


Overfull \hbox (0.59193pt too wide) in paragraph at lines 302--303
[][][][][][][]\OT1/cmr/m/n/12 : This method in-ter-prets the string and
 []


Overfull \hbox (1.10168pt too wide) in paragraph at lines 307--308
[][][][][][][]\OT1/cmr/m/n/12 :
 []

[76]
Overfull \hbox (10.0752pt too wide) in paragraph at lines 308--309
[][][][][][][]\OT1/cmr/m/n/12 : The
 []


Overfull \hbox (112.09785pt too wide) in paragraph at lines 313--314
[]\OT1/cmr/m/n/12 Creating a jar file named [][][][][][] con-tain-ing the [][][
][][][]
 []

) (./doku.bbl)
Package atveryend Info: Empty hook `BeforeClearDocument' on input line 124.
 [77]
Package atveryend Info: Empty hook `AfterLastShipout' on input line 124.
 (./doku.aux)
Package atveryend Info: Executing hook `AtVeryEndDocument' on input line 124.
Package atveryend Info: Executing hook `AtEndAfterFileList' on input line 124.
Package rerunfilecheck Info: File `doku.out' has not changed.
(rerunfilecheck)             Checksum: 13025DD2E46F642688D0B0EE9802263E;14402.
Package atveryend Info: Empty hook `AtVeryVeryEnd' on input line 124.
 ) 
Here is how much of TeX's memory you used:
 8980 strings out of 495059
 133718 string characters out of 3182029
 390762 words of memory out of 3000000
 11435 multiletter control sequences out of 15000+200000
 10099 words of font info for 36 fonts, out of 3000000 for 9000
 14 hyphenation exceptions out of 8191
 29i,7n,35p,935b,1866s stack positions out of 5000i,500n,10000p,200000b,50000s
</usr/share/texlive/texmf-dist/fonts/type1/public/amsfonts/cm/cmbx12.pfb></us
r/share/texlive/texmf-dist/fonts/type1/public/amsfonts/cm/cmmi10.pfb></usr/shar
e/texlive/texmf-dist/fonts/type1/public/amsfonts/cm/cmmi12.pfb></usr/share/texl
ive/texmf-dist/fonts/type1/public/amsfonts/cm/cmmi8.pfb></usr/share/texlive/tex
mf-dist/fonts/type1/public/amsfonts/cm/cmr10.pfb></usr/share/texlive/texmf-dist
/fonts/type1/public/amsfonts/cm/cmr12.pfb></usr/share/texlive/texmf-dist/fonts/
type1/public/amsfonts/cm/cmr17.pfb></usr/share/texlive/texmf-dist/fonts/type1/p
ublic/amsfonts/cm/cmr8.pfb></usr/share/texlive/texmf-dist/fonts/type1/public/am
sfonts/cm/cmsy10.pfb></usr/share/texlive/texmf-dist/fonts/type1/public/amsfonts
/cm/cmti12.pfb></usr/share/texlive/texmf-dist/fonts/type1/public/amsfonts/cm/cm
tt10.pfb></usr/share/texlive/texmf-dist/fonts/type1/public/amsfonts/cm/cmtt12.p
fb>
Output written on doku.pdf (77 pages, 814472 bytes).
PDF statistics:
 1858 PDF objects out of 2073 (max. 8388607)
 1731 compressed objects within 18 object streams
 599 named destinations out of 1000 (max. 500000)
 1523 words of extra memory for PDF output out of 10000 (max. 10000000)

