\BOOKMARK [1][-]{section.1}{Introduction}{}% 1
\BOOKMARK [1][-]{section.2}{The Framework}{}% 2
\BOOKMARK [1][-]{section.3}{Backend}{}% 3
\BOOKMARK [1][-]{section.4}{Backend Server}{}% 4
\BOOKMARK [2][-]{subsection.4.1}{Repository}{section.4}% 5
\BOOKMARK [3][-]{subsubsection.4.1.1}{Repository folder structure}{subsection.4.1}% 6
\BOOKMARK [2][-]{subsection.4.2}{Clustering Methods}{section.4}% 7
\BOOKMARK [3][-]{subsubsection.4.2.1}{Standalone Programs}{subsection.4.2}% 8
\BOOKMARK [3][-]{subsubsection.4.2.2}{R Programs\(Rserve\)}{subsection.4.2}% 9
\BOOKMARK [2][-]{subsection.4.3}{Datasets}{section.4}% 10
\BOOKMARK [2][-]{subsection.4.4}{Goldstandards}{section.4}% 11
\BOOKMARK [2][-]{subsection.4.5}{Input \046 Output formats}{section.4}% 12
\BOOKMARK [3][-]{subsubsection.4.5.1}{Standard input format}{subsection.4.5}% 13
\BOOKMARK [3][-]{subsubsection.4.5.2}{APRowSimDataSetFormat}{subsection.4.5}% 14
\BOOKMARK [3][-]{subsubsection.4.5.3}{BLASTDataSetFormat}{subsection.4.5}% 15
\BOOKMARK [3][-]{subsubsection.4.5.4}{MatrixDataSetFormat}{subsection.4.5}% 16
\BOOKMARK [3][-]{subsubsection.4.5.5}{RowSimDataSetFormat}{subsection.4.5}% 17
\BOOKMARK [3][-]{subsubsection.4.5.6}{SimMatrixDataSetFormat}{subsection.4.5}% 18
\BOOKMARK [3][-]{subsubsection.4.5.7}{TransClustSimMatrixDataSetFormat}{subsection.4.5}% 19
\BOOKMARK [3][-]{subsubsection.4.5.8}{Standard output format}{subsection.4.5}% 20
\BOOKMARK [3][-]{subsubsection.4.5.9}{APRunResultFormat}{subsection.4.5}% 21
\BOOKMARK [3][-]{subsubsection.4.5.10}{MCLRunResultFormat}{subsection.4.5}% 22
\BOOKMARK [3][-]{subsubsection.4.5.11}{TransClustRunResultFormat}{subsection.4.5}% 23
\BOOKMARK [2][-]{subsection.4.6}{Clustering Quality Measures}{section.4}% 24
\BOOKMARK [2][-]{subsection.4.7}{Distance Measures}{section.4}% 25
\BOOKMARK [2][-]{subsection.4.8}{Parameter Optimization Methods}{section.4}% 26
\BOOKMARK [2][-]{subsection.4.9}{Configuration Files}{section.4}% 27
\BOOKMARK [3][-]{subsubsection.4.9.1}{Data Configurations}{subsection.4.9}% 28
\BOOKMARK [3][-]{subsubsection.4.9.2}{Example Data Configuration}{subsection.4.9}% 29
\BOOKMARK [3][-]{subsubsection.4.9.3}{Dataset Configuration}{subsection.4.9}% 30
\BOOKMARK [3][-]{subsubsection.4.9.4}{Example Dataset Configuration}{subsection.4.9}% 31
\BOOKMARK [3][-]{subsubsection.4.9.5}{GoldStandard Configuration}{subsection.4.9}% 32
\BOOKMARK [3][-]{subsubsection.4.9.6}{Example Goldstandard Configuration}{subsection.4.9}% 33
\BOOKMARK [3][-]{subsubsection.4.9.7}{Program Configurations}{subsection.4.9}% 34
\BOOKMARK [3][-]{subsubsection.4.9.8}{Example program configuration}{subsection.4.9}% 35
\BOOKMARK [2][-]{subsection.4.10}{Runs}{section.4}% 36
\BOOKMARK [3][-]{subsubsection.4.10.1}{Run Files}{subsection.4.10}% 37
\BOOKMARK [3][-]{subsubsection.4.10.2}{Execution Runs}{subsection.4.10}% 38
\BOOKMARK [3][-]{subsubsection.4.10.3}{Execution Run Files}{subsection.4.10}% 39
\BOOKMARK [3][-]{subsubsection.4.10.4}{Clustering Runs}{subsection.4.10}% 40
\BOOKMARK [3][-]{subsubsection.4.10.5}{Parameter Optimization Runs}{subsection.4.10}% 41
\BOOKMARK [3][-]{subsubsection.4.10.6}{Analysis Runs}{subsection.4.10}% 42
\BOOKMARK [3][-]{subsubsection.4.10.7}{Data Analysis Runs}{subsection.4.10}% 43
\BOOKMARK [3][-]{subsubsection.4.10.8}{Data Analysis Run File}{subsection.4.10}% 44
\BOOKMARK [3][-]{subsubsection.4.10.9}{Run Analysis Runs}{subsection.4.10}% 45
\BOOKMARK [3][-]{subsubsection.4.10.10}{Run Analysis Run File}{subsection.4.10}% 46
\BOOKMARK [3][-]{subsubsection.4.10.11}{Run-Data Analysis Runs}{subsection.4.10}% 47
\BOOKMARK [3][-]{subsubsection.4.10.12}{Run-Data Analysis Run File}{subsection.4.10}% 48
\BOOKMARK [3][-]{subsubsection.4.10.13}{Examples of a Run Configurations}{subsection.4.10}% 49
\BOOKMARK [2][-]{subsection.4.11}{Run Results}{section.4}% 50
\BOOKMARK [3][-]{subsubsection.4.11.1}{All run result}{subsection.4.11}% 51
\BOOKMARK [3][-]{subsubsection.4.11.2}{Execution run result}{subsection.4.11}% 52
\BOOKMARK [3][-]{subsubsection.4.11.3}{Analysis run result}{subsection.4.11}% 53
\BOOKMARK [1][-]{section.5}{Backend Client}{}% 54
\BOOKMARK [1][-]{section.6}{Frontend}{}% 55
\BOOKMARK [1][-]{section.7}{Frontend Database}{}% 56
\BOOKMARK [2][-]{subsection.7.1}{Tables}{section.7}% 57
\BOOKMARK [3][-]{subsubsection.7.1.1}{[aboutus]}{subsection.7.1}% 58
\BOOKMARK [3][-]{subsubsection.7.1.2}{[admins]}{subsection.7.1}% 59
\BOOKMARK [3][-]{subsubsection.7.1.3}{cluster\137objects}{subsection.7.1}% 60
\BOOKMARK [3][-]{subsubsection.7.1.4}{clustering\137quality\137measure\137optimums}{subsection.7.1}% 61
\BOOKMARK [3][-]{subsubsection.7.1.5}{clustering\137quality\137measures }{subsection.7.1}% 62
\BOOKMARK [3][-]{subsubsection.7.1.6}{clusterings }{subsection.7.1}% 63
\BOOKMARK [3][-]{subsubsection.7.1.7}{clusters }{subsection.7.1}% 64
\BOOKMARK [3][-]{subsubsection.7.1.8}{data\137configs }{subsection.7.1}% 65
\BOOKMARK [3][-]{subsubsection.7.1.9}{dataset\137configs }{subsection.7.1}% 66
\BOOKMARK [3][-]{subsubsection.7.1.10}{dataset\137formats }{subsection.7.1}% 67
\BOOKMARK [3][-]{subsubsection.7.1.11}{dataset\137types }{subsection.7.1}% 68
\BOOKMARK [3][-]{subsubsection.7.1.12}{datasets }{subsection.7.1}% 69
\BOOKMARK [3][-]{subsubsection.7.1.13}{goldstandard\137configs }{subsection.7.1}% 70
\BOOKMARK [3][-]{subsubsection.7.1.14}{goldstandards}{subsection.7.1}% 71
\BOOKMARK [3][-]{subsubsection.7.1.15}{[helps]}{subsection.7.1}% 72
\BOOKMARK [3][-]{subsubsection.7.1.16}{[mains]}{subsection.7.1}% 73
\BOOKMARK [3][-]{subsubsection.7.1.17}{optimizable\137program\137parameters }{subsection.7.1}% 74
\BOOKMARK [3][-]{subsubsection.7.1.18}{parameter\137optimization\137methods}{subsection.7.1}% 75
\BOOKMARK [3][-]{subsubsection.7.1.19}{program\137configs }{subsection.7.1}% 76
\BOOKMARK [3][-]{subsubsection.7.1.20}{program\137configs\137compatible\137dataset\137formats }{subsection.7.1}% 77
\BOOKMARK [3][-]{subsubsection.7.1.21}{[program\137descriptions]}{subsection.7.1}% 78
\BOOKMARK [3][-]{subsubsection.7.1.22}{[program\137images]}{subsection.7.1}% 79
\BOOKMARK [3][-]{subsubsection.7.1.23}{program\137parameter\137types}{subsection.7.1}% 80
\BOOKMARK [3][-]{subsubsection.7.1.24}{program\137parameters}{subsection.7.1}% 81
\BOOKMARK [3][-]{subsubsection.7.1.25}{[program\137publications]}{subsection.7.1}% 82
\BOOKMARK [3][-]{subsubsection.7.1.26}{programs}{subsection.7.1}% 83
\BOOKMARK [3][-]{subsubsection.7.1.27}{repositories}{subsection.7.1}% 84
\BOOKMARK [3][-]{subsubsection.7.1.28}{repository\137types}{subsection.7.1}% 85
\BOOKMARK [3][-]{subsubsection.7.1.29}{run\137analyses}{subsection.7.1}% 86
\BOOKMARK [3][-]{subsubsection.7.1.30}{run\137analysis\137statistics}{subsection.7.1}% 87
\BOOKMARK [3][-]{subsubsection.7.1.31}{run\137clusterings}{subsection.7.1}% 88
\BOOKMARK [3][-]{subsubsection.7.1.32}{run\137data\137analyses}{subsection.7.1}% 89
\BOOKMARK [3][-]{subsubsection.7.1.33}{run\137data\137analysis\137data\137configs}{subsection.7.1}% 90
\BOOKMARK [3][-]{subsubsection.7.1.34}{run\137execution\137data\137configs}{subsection.7.1}% 91
\BOOKMARK [3][-]{subsubsection.7.1.35}{run\137execution\137parameter\137values}{subsection.7.1}% 92
\BOOKMARK [3][-]{subsubsection.7.1.36}{run\137execution\137program\137configs}{subsection.7.1}% 93
\BOOKMARK [3][-]{subsubsection.7.1.37}{run\137execution\137quality\137measures}{subsection.7.1}% 94
\BOOKMARK [3][-]{subsubsection.7.1.38}{run\137executions}{subsection.7.1}% 95
\BOOKMARK [3][-]{subsubsection.7.1.39}{run\137internal\137parameter\137optimizations}{subsection.7.1}% 96
\BOOKMARK [3][-]{subsubsection.7.1.40}{run\137parameter\137optimization\137methods}{subsection.7.1}% 97
\BOOKMARK [3][-]{subsubsection.7.1.41}{run\137parameter\137optimization\137parameters}{subsection.7.1}% 98
\BOOKMARK [3][-]{subsubsection.7.1.42}{run\137parameter\137optimization\137quality\137measures}{subsection.7.1}% 99
\BOOKMARK [3][-]{subsubsection.7.1.43}{run\137parameter\137optimizations}{subsection.7.1}% 100
\BOOKMARK [3][-]{subsubsection.7.1.44}{run\137result\137data\137analysis\137data\137configs\137statistics}{subsection.7.1}% 101
\BOOKMARK [3][-]{subsubsection.7.1.45}{run\137result\137formats}{subsection.7.1}% 102
\BOOKMARK [3][-]{subsubsection.7.1.46}{run\137results}{subsection.7.1}% 103
\BOOKMARK [3][-]{subsubsection.7.1.47}{run\137results\137analyses}{subsection.7.1}% 104
\BOOKMARK [3][-]{subsubsection.7.1.48}{run\137results\137clusterings}{subsection.7.1}% 105
\BOOKMARK [3][-]{subsubsection.7.1.49}{run\137results\137data\137analyses}{subsection.7.1}% 106
\BOOKMARK [3][-]{subsubsection.7.1.50}{run\137results\137executions}{subsection.7.1}% 107
\BOOKMARK [3][-]{subsubsection.7.1.51}{run\137results\137internal\137parameter\137optimizations}{subsection.7.1}% 108
\BOOKMARK [3][-]{subsubsection.7.1.52}{run\137results\137parameter\137optimizations}{subsection.7.1}% 109
\BOOKMARK [3][-]{subsubsection.7.1.53}{run\137results\137parameter\137optimizations\137parameter\137set\137iterations}{subsection.7.1}% 110
\BOOKMARK [3][-]{subsubsection.7.1.54}{run\137results\137parameter\137optimizations\137parameter\137set\137parameters}{subsection.7.1}% 111
\BOOKMARK [3][-]{subsubsection.7.1.55}{run\137results\137parameter\137optimizations\137parameter\137sets}{subsection.7.1}% 112
\BOOKMARK [3][-]{subsubsection.7.1.56}{run\137results\137parameter\137optimizations\137parameter\137values}{subsection.7.1}% 113
\BOOKMARK [3][-]{subsubsection.7.1.57}{run\137results\137parameter\137optimizations\137qualities}{subsection.7.1}% 114
\BOOKMARK [3][-]{subsubsection.7.1.58}{run\137results\137run\137analyses}{subsection.7.1}% 115
\BOOKMARK [3][-]{subsubsection.7.1.59}{run\137results\137run\137data\137analyses}{subsection.7.1}% 116
\BOOKMARK [3][-]{subsubsection.7.1.60}{run\137run\137analyses}{subsection.7.1}% 117
\BOOKMARK [3][-]{subsubsection.7.1.61}{run\137run\137analysis\137run\137identifiers}{subsection.7.1}% 118
\BOOKMARK [3][-]{subsubsection.7.1.62}{run\137run\137data\137analyses}{subsection.7.1}% 119
\BOOKMARK [3][-]{subsubsection.7.1.63}{run\137run\137data\137analysis\137data\137identifiers}{subsection.7.1}% 120
\BOOKMARK [3][-]{subsubsection.7.1.64}{run\137run\137data\137analysis\137run\137identifiers}{subsection.7.1}% 121
\BOOKMARK [3][-]{subsubsection.7.1.65}{run\137types}{subsection.7.1}% 122
\BOOKMARK [3][-]{subsubsection.7.1.66}{runs}{subsection.7.1}% 123
\BOOKMARK [3][-]{subsubsection.7.1.67}{[schema\137migrations]}{subsection.7.1}% 124
\BOOKMARK [3][-]{subsubsection.7.1.68}{statistics}{subsection.7.1}% 125
\BOOKMARK [3][-]{subsubsection.7.1.69}{statistics\137datas}{subsection.7.1}% 126
\BOOKMARK [3][-]{subsubsection.7.1.70}{statistics\137runs}{subsection.7.1}% 127
\BOOKMARK [3][-]{subsubsection.7.1.71}{statistics\137run\137datas}{subsection.7.1}% 128
\BOOKMARK [3][-]{subsubsection.7.1.72}{[submit\137datasets]}{subsection.7.1}% 129
\BOOKMARK [3][-]{subsubsection.7.1.73}{[submit\137methods]}{subsection.7.1}% 130
\BOOKMARK [3][-]{subsubsection.7.1.74}{[submits]}{subsection.7.1}% 131
\BOOKMARK [3][-]{subsubsection.7.1.75}{[users]}{subsection.7.1}% 132
\BOOKMARK [1][-]{section.8}{Frontend Website}{}% 133
\BOOKMARK [2][-]{subsection.8.1}{Navigation}{section.8}% 134
\BOOKMARK [3][-]{subsubsection.8.1.1}{Welcome}{subsection.8.1}% 135
\BOOKMARK [3][-]{subsubsection.8.1.2}{Overview}{subsection.8.1}% 136
\BOOKMARK [3][-]{subsubsection.8.1.3}{Clustering Methods}{subsection.8.1}% 137
\BOOKMARK [3][-]{subsubsection.8.1.4}{Datasets}{subsection.8.1}% 138
\BOOKMARK [3][-]{subsubsection.8.1.5}{Measures}{subsection.8.1}% 139
\BOOKMARK [3][-]{subsubsection.8.1.6}{Submit}{subsection.8.1}% 140
\BOOKMARK [3][-]{subsubsection.8.1.7}{Admin}{subsection.8.1}% 141
\BOOKMARK [3][-]{subsubsection.8.1.8}{Help}{subsection.8.1}% 142
\BOOKMARK [3][-]{subsubsection.8.1.9}{About us}{subsection.8.1}% 143
\BOOKMARK [2][-]{subsection.8.2}{Clustering Run Results}{section.8}% 144
\BOOKMARK [2][-]{subsection.8.3}{Parameter Optimization Run Results}{section.8}% 145
\BOOKMARK [2][-]{subsection.8.4}{Data Analysis Run Results}{section.8}% 146
\BOOKMARK [2][-]{subsection.8.5}{Run Analysis Run Results}{section.8}% 147
\BOOKMARK [2][-]{subsection.8.6}{Run-Data Analysis Run Results}{section.8}% 148
\BOOKMARK [1][-]{section.9}{Download \046 Installation}{}% 149
\BOOKMARK [2][-]{subsection.9.1}{VirtualBox Image}{section.9}% 150
\BOOKMARK [2][-]{subsection.9.2}{Manual Installation}{section.9}% 151
\BOOKMARK [2][-]{subsection.9.3}{Backend Requirements}{section.9}% 152
\BOOKMARK [3][-]{subsubsection.9.3.1}{Java \0401.6}{subsection.9.3}% 153
\BOOKMARK [3][-]{subsubsection.9.3.2}{Java libraries}{subsection.9.3}% 154
\BOOKMARK [3][-]{subsubsection.9.3.3}{[R installation \( 2.15\)]}{subsection.9.3}% 155
\BOOKMARK [2][-]{subsection.9.4}{Backend Installation}{section.9}% 156
\BOOKMARK [2][-]{subsection.9.5}{Frontend Requirements}{section.9}% 157
\BOOKMARK [3][-]{subsubsection.9.5.1}{MySQL \(5.1\)}{subsection.9.5}% 158
\BOOKMARK [3][-]{subsubsection.9.5.2}{Ruby on Rails \(1.9.1\)}{subsection.9.5}% 159
\BOOKMARK [2][-]{subsection.9.6}{Frontend}{section.9}% 160
\BOOKMARK [1][-]{section.10}{Basic Usage}{}% 161
\BOOKMARK [2][-]{subsection.10.1}{Backend server}{section.10}% 162
\BOOKMARK [3][-]{subsubsection.10.1.1}{Command line}{subsection.10.1}% 163
\BOOKMARK [2][-]{subsection.10.2}{Backend client}{section.10}% 164
\BOOKMARK [3][-]{subsubsection.10.2.1}{Command line}{subsection.10.2}% 165
\BOOKMARK [2][-]{subsection.10.3}{Creating and Executing a Parameter Optimization Run}{section.10}% 166
\BOOKMARK [1][-]{section.11}{Extending the Framework}{}% 167
\BOOKMARK [2][-]{subsection.11.1}{Clustering Methods}{section.11}% 168
\BOOKMARK [3][-]{subsubsection.11.1.1}{Standalone Programs}{subsection.11.1}% 169
\BOOKMARK [3][-]{subsubsection.11.1.2}{R Programs}{subsection.11.1}% 170
\BOOKMARK [2][-]{subsection.11.2}{Dataset Types}{section.11}% 171
\BOOKMARK [2][-]{subsection.11.3}{Dataset Formats}{section.11}% 172
\BOOKMARK [2][-]{subsection.11.4}{Runresult Formats}{section.11}% 173
\BOOKMARK [2][-]{subsection.11.5}{Parameter Optimization Methods}{section.11}% 174
\BOOKMARK [2][-]{subsection.11.6}{Distance Measures}{section.11}% 175
\BOOKMARK [2][-]{subsection.11.7}{Clustering Quality Measures}{section.11}% 176
\BOOKMARK [2][-]{subsection.11.8}{Data Statistics}{section.11}% 177
\BOOKMARK [2][-]{subsection.11.9}{Run Statistics}{section.11}% 178
\BOOKMARK [2][-]{subsection.11.10}{Run-Data Statistics}{section.11}% 179
