Press 'q' to abort ...
[?1049h[1;24r(B[m[4l[?7h[H[2J
[24;1H[?1049l
[?1l>[?1049h[1;24r(B[m[4l[?7h[H[2J

[24;1H[?1049l
[?1l>[?1049h[1;24r(B[m[4l[?7h[H[2J


[24;1H[?1049l
[?1l>[?1049h[1;24r(B[m[4l[?7h[H[2J



[24;1H[?1049l
[?1l>[?1049h[1;24r(B[m[4l[?7h[H[2J[6d[24;1H[?1049l
[?1l>[?1049h[1;24r(B[m[4l[?7h[H[2J[7d[24;1H[?1049l
[?1l>[?1049h[1;24r(B[m[4l[?7h[H[2J[8d[24;1H[?1049l
[?1l>[?1049h[1;24r(B[m[4l[?7h[H[2J[9d[24;1H[?1049l
[?1l>[?1049h[1;24r(B[m[4l[?7h[H[2J[10d[24;1H[?1049l
[?1l>[?1049h[1;24r(B[m[4l[?7h[H[2J[11d[24;1H[?1049l
[?1l>[?1049h[1;24r(B[m[4l[?7h[H[2J[12d[24;1H[?1049l
[?1l>[?1049h[1;24r(B[m[4l[?7h[H[2J[13d[24;1H[?1049l
[?1l>[?1049h[1;24r(B[m[4l[?7h[H[2J[14d[24;1H[?1049l
[?1l>[?1049h[1;24r(B[m[4l[?7h[H[2J[15d[24;1H[?1049l
[?1l>[?1049h[1;24r(B[m[4l[?7h[H[2J[16d[24;1H[?1049l
[?1l>[?1049h[1;24r(B[m[4l[?7h[H[2J[17d[24;1H[?1049l
[?1l>[?1049h[1;24r(B[m[4l[?7h[H[2J[18d[24;1H[?1049l
[?1l>[?1049h[1;24r(B[m[4l[?7h[H[2J[19d[24;1H[?1049l
[?1l>[?1049h[1;24r(B[m[4l[?7h[H[2J[20d[24;1H[?1049l
[?1l>[?1049h[1;24r(B[m[4l[?7h[H[2J[21d[24;1H[?1049l
[?1l>[?1049h[1;24r(B[m[4l[?7h[H[2J[22d[24;1H[?1049l
[?1l>[?1049h[1;24r(B[m[4l[?7h[H[2J[23d[24;1H[?1049l
[?1l>[?1049h[1;24r(B[m[4l[?7h[H[2J[24d[24;1H[?1049l
[?1l>[?1049h[1;24r(B[m[4l[?7h[H[2J[24d[24;1H[?1049l
[?1l>[?1049h[1;24r(B[m[4l[?7h[H[2J[24d[24;1H[?1049l
[?1l>[?1049h[1;24r(B[m[4l[?7h[H[2J[24d[24;1H[?1049l
[?1l>[?1049h[1;24r(B[m[4l[?7h[H[2J[24d[24;1H[?1049l
[?1l>[?1049h[1;24r(B[m[4l[?7h[H[2J[24d[24;1H[?1049l
[?1l>[?1049h[1;24r(B[m[4l[?7h[H[2J[24d[24;1H[?1049l
[?1l>[?1049h[1;24r(B[m[4l[?7h[H[2J[24d[24;1H[?1049l
[?1l>[?1049h[1;24r(B[m[4l[?7h[H[2J[24d[24;1H[?1049l
[?1l>[?1049h[1;24r(B[m[4l[?7h[H[2J[24d[24;1H[?1049l
[?1l>[?1049h[1;24r(B[m[4l[?7h[H[2J[24d[24;1H[?1049l
[?1l>[?1049h[1;24r(B[m[4l[?7h[H[2J[24d[24;1H[?1049l
[?1l>[?1049h[1;24r(B[m[4l[?7h[H[2J[24d[24;1H[?1049l
[?1l>[?1049h[1;24r(B[m[4l[?7h[H[2J[24d[24;1H[?1049l
[?1l>[?1049h[1;24r(B[m[4l[?7h[H[2J[24d[24;1H[?1049l
[?1l>[?1049h[1;24r(B[m[4l[?7h[H[2J[24d[24;1H[?1049l
[?1l>[?1049h[1;24r(B[m[4l[?7h[H[2J[24d[24;1H[?1049l
[?1l>[?1049h[1;24r(B[m[4l[?7h[H[2J[24d[24;1H[?1049l
[?1l>[?1049h[1;24r(B[m[4l[?7h[H[2J[24d[24;1H[?1049l
[?1l>[?1049h[1;24r(B[m[4l[?7h[H[2J[24d[24;1H[?1049l
[?1l>[?1049h[1;24r(B[m[4l[?7h[H[2J[24d[24;1H[?1049l
[?1l>[?1049h[1;24r(B[m[4l[?7h[H[2J[24d[24;1H[?1049l
[?1l>[?1049h[1;24r(B[m[4l[?7h[H[2J[24d[24;1H[?1049l
[?1l>[?1049h[1;24r(B[m[4l[?7h[H[2J[24d[24;1H[?1049l
[?1l>[?1049h[1;24r(B[m[4l[?7h[H[2J[24d[24;1H[?1049l
[?1l>[?1049h[1;24r(B[m[4l[?7h[H[2J[24d[24;1H[?1049l
[?1l>[?1049h[1;24r(B[m[4l[?7h[H[2J[24d[24;1H[?1049l
[?1l>[?1049h[1;24r(B[m[4l[?7h[H[2J[24d[24;1H[?1049l
[?1l>[?1049h[1;24r(B[m[4l[?7h[H[2J[24d[24;1H[?1049l
[?1l>[?1049h[1;24r(B[m[4l[?7h[H[2J[24d[24;1H[?1049l
[?1l>[?1049h[1;24r(B[m[4l[?7h[H[2J[24d[24;1H[?1049l
[?1l>[?1049h[1;24r(B[m[4l[?7h[H[2J[24d[24;1H[?1049l
[?1l>[?1049h[1;24r(B[m[4l[?7h[H[2J[24d[24;1H[?1049l
[?1l>[?1049h[1;24r(B[m[4l[?7h[H[2J[24d[24;1H[?1049l
[?1l>[?1049h[1;24r(B[m[4l[?7h[H[2J[24d[24;1H[?1049l
[?1l>[?1049h[1;24r(B[m[4l[?7h[H[2J[24d[24;1H[?1049l
[?1l>[?1049h[1;24r(B[m[4l[?7h[H[2J[24d[24;1H[?1049l
[?1l>[?1049h[1;24r(B[m[4l[?7h[H[2J[24d[24;1H[?1049l
[?1l>[?1049h[1;24r(B[m[4l[?7h[H[2J[24d[24;1H[?1049l
[?1l>[?1049h[1;24r(B[m[4l[?7h[H[2J[24d[24;1H[?1049l
[?1l>[?1049h[1;24r(B[m[4l[?7h[H[2J[24d[24;1H[?1049l
[?1l>[?1049h[1;24r(B[m[4l[?7h[H[2J[24d[24;1H[?1049l
[?1l>[?1049h[1;24r(B[m[4l[?7h[H[2J[24d[24;1H[?1049l
[?1l>[?1049h[1;24r(B[m[4l[?7h[H[2J[24d[24;1H[?1049l
[?1l>[?1049h[1;24r(B[m[4l[?7h[H[2J[24d[24;1H[?1049l
[?1l>[?1049h[1;24r(B[m[4l[?7h[H[2J[24d[24;1H[?1049l
[?1l>[?1049h[1;24r(B[m[4l[?7h[H[2J[24d[24;1H[?1049l
[?1l>[?1049h[1;24r(B[m[4l[?7h[H[2J[24d[24;1H[?1049l
[?1l>[?1049h[1;24r(B[m[4l[?7h[H[2J[24d[24;1H[?1049l
[?1l>[?1049h[1;24r(B[m[4l[?7h[H[2J[24d[24;1H[?1049l
[?1l>[?1049h[1;24r(B[m[4l[?7h[H[2J[24d[24;1H[?1049l
[?1l>[?1049h[1;24r(B[m[4l[?7h[H[2J[24d[24;1H[?1049l
[?1l>[?1049h[1;24r(B[m[4l[?7h[H[2J[24d[24;1H[?1049l
[?1l>[?1049h[1;24r(B[m[4l[?7h[H[2J[24d[24;1H[?1049l
[?1l>[?1049h[1;24r(B[m[4l[?7h[H[2J[24d[24;1H[?1049l
[?1l>[?1049h[1;24r(B[m[4l[?7h[H[2J[24d[24;1H[?1049l
[?1l>[?1049h[1;24r(B[m[4l[?7h[H[2J[24d[24;1H[?1049l
[?1l>[?1049h[1;24r(B[m[4l[?7h[H[2J[24d[24;1H[?1049l
[?1l>[?1049h[1;24r(B[m[4l[?7h[H[2J[24d[24;1H[?1049l
[?1l>[?1049h[1;24r(B[m[4l[?7h[H[2J[24d[24;1H[?1049l
[?1l>[?1049h[1;24r(B[m[4l[?7h[H[2J[24d[24;1H[?1049l
[?1l>[?1049h[1;24r(B[m[4l[?7h[H[2J[24d[24;1H[?1049l
[?1l>[?1049h[1;24r(B[m[4l[?7h[H[2J[24d[24;1H[?1049l
[?1l>[?1049h[1;24r(B[m[4l[?7h[H[2J[24d[24;1H[?1049l
[?1l>[?1049h[1;24r(B[m[4l[?7h[H[2J[24d[24;1H[?1049l
[?1l>[?1049h[1;24r(B[m[4l[?7h[H[2J[24d[24;1H[?1049l
[?1l>[?1049h[1;24r(B[m[4l[?7h[H[2J[24d[24;1H[?1049l
[?1l>[?1049h[1;24r(B[m[4l[?7h[H[2J[24d[24;1H[?1049l
[?1l>[?1049h[1;24r(B[m[4l[?7h[H[2J[24d[24;1H[?1049l
[?1l>[?1049h[1;24r(B[m[4l[?7h[H[2J[24d[24;1H[?1049l
[?1l>[?1049h[1;24r(B[m[4l[?7h[H[2J[24d[24;1H[?1049l
[?1l>[?1049h[1;24r(B[m[4l[?7h[H[2J[24d[24;1H[?1049l
[?1l>[?1049h[1;24r(B[m[4l[?7h[H[2J[24d[24;1H[?1049l
[?1l>[?1049h[1;24r(B[m[4l[?7h[H[2J[24d[24;1H[?1049l
[?1l>[?1049h[1;24r(B[m[4l[?7h[H[2J[24d[24;1H[?1049l
[?1l>[?1049h[1;24r(B[m[4l[?7h[H[2J[24d[24;1H[?1049l
[?1l>[?1049h[1;24r(B[m[4l[?7h[H[2J[24d[24;1H[?1049l
[?1l>[?1049h[1;24r(B[m[4l[?7h[H[2J[24d[24;1H[?1049l
[?1l>[?1049h[1;24r(B[m[4l[?7h[H[2J[24d[24;1H[?1049l
[?1l>[?1049h[1;24r(B[m[4l[?7h[H[2J[24d[24;1H[?1049l
[?1l>[?1049h[1;24r(B[m[4l[?7h[H[2J[24d[24;1H[?1049l
[?1l>[?1049h[1;24r(B[m[4l[?7h[H[2J[24d[24;1H[?1049l
[?1l>[?1049h[1;24r(B[m[4l[?7h[H[2J[24d[24;1H[?1049l
[?1l>[?1049h[1;24r(B[m[4l[?7h[H[2J[24d[24;1H[?1049l
[?1l>[?1049h[1;24r(B[m[4l[?7h[H[2J[24d[24;1H[?1049l
[?1l>[?1049h[1;24r(B[m[4l[?7h[H[2J[24d[24;1H[?1049l
[?1l>[?1049h[1;24r(B[m[4l[?7h[H[2J[24d[24;1H[?1049l
[?1l>[?1049h[1;24r(B[m[4l[?7h[H[2J[24d[24;1H[?1049l
[?1l>[?1049h[1;24r(B[m[4l[?7h[H[2J[24d[24;1H[?1049l
[?1l>[?1049h[1;24r(B[m[4l[?7h[H[2J[24d[24;1H[?1049l
[?1l>[?1049h[1;24r(B[m[4l[?7h[H[2J[24d[24;1H[?1049l
[?1l>[?1049h[1;24r(B[m[4l[?7h[H[2J[24d[24;1H[?1049l
[?1l>[?1049h[1;24r(B[m[4l[?7h[H[2J[24d[24;1H[?1049l
[?1l>[?1049h[1;24r(B[m[4l[?7h[H[2J[24d[24;1H[?1049l
[?1l>[?1049h[1;24r(B[m[4l[?7h[H[2J[24d[24;1H[?1049l
[?1l>[?1049h[1;24r(B[m[4l[?7h[H[2J[24d[24;1H[?1049l
[?1l>[?1049h[1;24r(B[m[4l[?7h[H[2J[24d[24;1H[?1049l
[?1l>[?1049h[1;24r(B[m[4l[?7h[H[2J[24d[24;1H[?1049l
[?1l>[?1049h[1;24r(B[m[4l[?7h[H[2J[24d[24;1H[?1049l
[?1l>[?1049h[1;24r(B[m[4l[?7h[H[2J[24d[24;1H[?1049l
[?1l>[?1049h[1;24r(B[m[4l[?7h[H[2J[24d[24;1H[?1049l
[?1l>[?1049h[1;24r(B[m[4l[?7h[H[2J[24d[24;1H[?1049l
[?1l>[?1049h[1;24r(B[m[4l[?7h[H[2J[24d[24;1H[?1049l
[?1l>[?1049h[1;24r(B[m[4l[?7h[H[2J[24d[24;1H[?1049l
[?1l>[?1049h[1;24r(B[m[4l[?7h[H[2J[24d[24;1H[?1049l
[?1l>[?1049h[1;24r(B[m[4l[?7h[H[2J[24d[24;1H[?1049l
[?1l>[?1049h[1;24r(B[m[4l[?7h[H[2J[24d[24;1H[?1049l
[?1l>[?1049h[1;24r(B[m[4l[?7h[H[2J[24d[24;1H[?1049l
[?1l>[?1049h[1;24r(B[m[4l[?7h[H[2J[24d[24;1H[?1049l
[?1l>[?1049h[1;24r(B[m[4l[?7h[H[2J[24d[24;1H[?1049l
[?1l>[?1049h[1;24r(B[m[4l[?7h[H[2J[24d[24;1H[?1049l
[?1l>[?1049h[1;24r(B[m[4l[?7h[H[2J[24d[24;1H[?1049l
[?1l>[?1049h[1;24r(B[m[4l[?7h[H[2J[24d[24;1H[?1049l
[?1l>[?1049h[1;24r(B[m[4l[?7h[H[2J[24d[24;1H[?1049l
[?1l>[?1049h[1;24r(B[m[4l[?7h[H[2J[24d[24;1H[?1049l
[?1l>[?1049h[1;24r(B[m[4l[?7h[H[2J[24d[24;1H[?1049l
[?1l>[?1049h[1;24r(B[m[4l[?7h[H[2J[24d[24;1H[?1049l
[?1l>[?1049h[1;24r(B[m[4l[?7h[H[2J[24d[24;1H[?1049l
[?1l>[?1049h[1;24r(B[m[4l[?7h[H[2J[24d[24;1H[?1049l
[?1l>[?1049h[1;24r(B[m[4l[?7h[H[2J[24d[24;1H[?1049l
[?1l>[?1049h[1;24r(B[m[4l[?7h[H[2J[24d[24;1H[?1049l
[?1l>[?1049h[1;24r(B[m[4l[?7h[H[2J[24d[24;1H[?1049l
[?1l>[?1049h[1;24r(B[m[4l[?7h[H[2J[24d[24;1H[?1049l
[?1l>[?1049h[1;24r(B[m[4l[?7h[H[2J[24d[24;1H[?1049l
[?1l>[?1049h[1;24r(B[m[4l[?7h[H[2J[24d[24;1H[?1049l
[?1l>[?1049h[1;24r(B[m[4l[?7h[H[2J[24d[24;1H[?1049l
[?1l>[?1049h[1;24r(B[m[4l[?7h[H[2J[24d[24;1H[?1049l
[?1l>[?1049h[1;24r(B[m[4l[?7h[H[2J[24d[24;1H[?1049l
[?1l>[?1049h[1;24r(B[m[4l[?7h[H[2J[24d[24;1H[?1049l
[?1l>[?1049h[1;24r(B[m[4l[?7h[H[2J[24d[24;1H[?1049l
[?1l>[?1049h[1;24r(B[m[4l[?7h[H[2J[24d[24;1H[?1049l
[?1l>[?1049h[1;24r(B[m[4l[?7h[H[2J[24d[24;1H[?1049l
[?1l>[?1049h[1;24r(B[m[4l[?7h[H[2J[24d[24;1H[?1049l
[?1l>[?1049h[1;24r(B[m[4l[?7h[H[2J[24d[24;1H[?1049l
[?1l>[?1049h[1;24r(B[m[4l[?7h[H[2J[24d[24;1H[?1049l
[?1l>[?1049h[1;24r(B[m[4l[?7h[H[2J[24d[24;1H[?1049l
[?1l>[?1049h[1;24r(B[m[4l[?7h[H[2J[24d[24;1H[?1049l
[?1l>[?1049h[1;24r(B[m[4l[?7h[H[2J[24d[24;1H[?1049l
[?1l>[?1049h[1;24r(B[m[4l[?7h[H[2J[24d[24;1H[?1049l
[?1l>[?1049h[1;24r(B[m[4l[?7h[H[2J[24d[24;1H[?1049l
[?1l>[?1049h[1;24r(B[m[4l[?7h[H[2J[24d[24;1H[?1049l
[?1l>[?1049h[1;24r(B[m[4l[?7h[H[2J[24d[24;1H[?1049l
[?1l>[?1049h[1;24r(B[m[4l[?7h[H[2J[24d[24;1H[?1049l
[?1l>[?1049h[1;24r(B[m[4l[?7h[H[2J[24d[24;1H[?1049l
[?1l>[?1049h[1;24r(B[m[4l[?7h[H[2J[24d[24;1H[?1049l
[?1l>[?1049h[1;24r(B[m[4l[?7h[H[2J[24d[24;1H[?1049l
[?1l>[?1049h[1;24r(B[m[4l[?7h[H[2J[24d[24;1H[?1049l
[?1l>[?1049h[1;24r(B[m[4l[?7h[H[2J[24d[24;1H[?1049l
[?1l>[?1049h[1;24r(B[m[4l[?7h[H[2J[24d[24;1H[?1049l
[?1l>[?1049h[1;24r(B[m[4l[?7h[H[2J[24d[24;1H[?1049l
[?1l>[?1049h[1;24r(B[m[4l[?7h[H[2J[24d[24;1H[?1049l
[?1l>[?1049h[1;24r(B[m[4l[?7h[H[2J[24d[24;1H[?1049l
[?1l>[?1049h[1;24r(B[m[4l[?7h[H[2J[24d[24;1H[?1049l
[?1l>[?1049h[1;24r(B[m[4l[?7h[H[2J[24d[24;1H[?1049l
[?1l>[?1049h[1;24r(B[m[4l[?7h[H[2J[24d[24;1H[?1049l
[?1l>[?1049h[1;24r(B[m[4l[?7h[H[2J[24d[24;1H[?1049l
[?1l>[?1049h[1;24r(B[m[4l[?7h[H[2J[24d[24;1H[?1049l
[?1l>[?1049h[1;24r(B[m[4l[?7h[H[2J[24d[24;1H[?1049l
[?1l>[?1049h[1;24r(B[m[4l[?7h[H[2J[24d[24;1H[?1049l
[?1l>[?1049h[1;24r(B[m[4l[?7h[H[2J[24d[24;1H[?1049l
[?1l>[?1049h[1;24r(B[m[4l[?7h[H[2J[24d[24;1H[?1049l
[?1l>[?1049h[1;24r(B[m[4l[?7h[H[2J[24d[24;1H[?1049l
[?1l>[?1049h[1;24r(B[m[4l[?7h[H[2J[24d[24;1H[?1049l
[?1l>[?1049h[1;24r(B[m[4l[?7h[H[2J[24d[24;1H[?1049l
[?1l>[?1049h[1;24r(B[m[4l[?7h[H[2J[24d[24;1H[?1049l
[?1l>[?1049h[1;24r(B[m[4l[?7h[H[2J[24d[24;1H[?1049l
[?1l>[?1049h[1;24r(B[m[4l[?7h[H[2J[24d[24;1H[?1049l
[?1l>[?1049h[1;24r(B[m[4l[?7h[H[2J[24d[24;1H[?1049l
[?1l>[?1049h[1;24r(B[m[4l[?7h[H[2J[24d[24;1H[?1049l
[?1l>[?1049h[1;24r(B[m[4l[?7h[H[2J[24d[24;1H[?1049l
[?1l>[?1049h[1;24r(B[m[4l[?7h[H[2J[24d[24;1H[?1049l
[?1l>[?1049h[1;24r(B[m[4l[?7h[H[2J[24d[24;1H[?1049l
[?1l>[?1049h[1;24r(B[m[4l[?7h[H[2J[24d[24;1H[?1049l
[?1l>[?1049h[1;24r(B[m[4l[?7h[H[2J[24d[24;1H[?1049l
[?1l>[?1049h[1;24r(B[m[4l[?7h[H[2J[24d[24;1H[?1049l
[?1l>[?1049h[1;24r(B[m[4l[?7h[H[2J[24d[24;1H[?1049l
[?1l>[?1049h[1;24r(B[m[4l[?7h[H[2J[24d[24;1H[?1049l
[?1l>[?1049h[1;24r(B[m[4l[?7h[H[2J[24d[24;1H[?1049l
[?1l>[?1049h[1;24r(B[m[4l[?7h[H[2J[24d[24;1H[?1049l
[?1l>[?1049h[1;24r(B[m[4l[?7h[H[2J[24d[24;1H[?1049l
[?1l>[?1049h[1;24r(B[m[4l[?7h[H[2J[24d[24;1H[?1049l
[?1l>[?1049h[1;24r(B[m[4l[?7h[H[2J[24d[24;1H[?1049l
[?1l>[?1049h[1;24r(B[m[4l[?7h[H[2J[24d[24;1H[?1049l
[?1l>[?1049h[1;24r(B[m[4l[?7h[H[2J[24d[24;1H[?1049l
[?1l>[?1049h[1;24r(B[m[4l[?7h[H[2J[24d[24;1H[?1049l
[?1l>[?1049h[1;24r(B[m[4l[?7h[H[2J[24d[24;1H[?1049l
[?1l>[?1049h[1;24r(B[m[4l[?7h[H[2J[24d[24;1H[?1049l
[?1l>[?1049h[1;24r(B[m[4l[?7h[H[2J[24d[24;1H[?1049l
[?1l>[?1049h[1;24r(B[m[4l[?7h[H[2J[24d[24;1H[?1049l
[?1l>[?1049h[1;24r(B[m[4l[?7h[H[2J[24d[24;1H[?1049l
[?1l>[?1049h[1;24r(B[m[4l[?7h[H[2J[24d[24;1H[?1049l
[?1l>[?1049h[1;24r(B[m[4l[?7h[H[2J[24d[24;1H[?1049l
[?1l>[?1049h[1;24r(B[m[4l[?7h[H[2J[24d[24;1H[?1049l
[?1l>[?1049h[1;24r(B[m[4l[?7h[H[2J[24d[24;1H[?1049l
[?1l>[?1049h[1;24r(B[m[4l[?7h[H[2J[24d[24;1H[?1049l
[?1l>[?1049h[1;24r(B[m[4l[?7h[H[2J[24d[24;1H[?1049l
[?1l>[?1049h[1;24r(B[m[4l[?7h[H[2J[24d[24;1H[?1049l
[?1l>[?1049h[1;24r(B[m[4l[?7h[H[2J[24d[24;1H[?1049l
[?1l>[?1049h[1;24r(B[m[4l[?7h[H[2J[24d[24;1H[?1049l
[?1l>[?1049h[1;24r(B[m[4l[?7h[H[2J[24d[24;1H[?1049l
[?1l>[?1049h[1;24r(B[m[4l[?7h[H[2J[24d[24;1H[?1049l
[?1l>[?1049h[1;24r(B[m[4l[?7h[H[2J[24d[24;1H[?1049l
[?1l>[?1049h[1;24r(B[m[4l[?7h[H[2J[24d[24;1H[?1049l
[?1l>[?1049h[1;24r(B[m[4l[?7h[H[2J[24d[24;1H[?1049l
[?1l>[?1049h[1;24r(B[m[4l[?7h[H[2J[24d[24;1H[?1049l
[?1l>[?1049h[1;24r(B[m[4l[?7h[H[2J[24d[24;1H[?1049l
[?1l>[?1049h[1;24r(B[m[4l[?7h[H[2J[24d[24;1H[?1049l
[?1l>[?1049h[1;24r(B[m[4l[?7h[H[2J[24d[24;1H[?1049l
[?1l>[?1049h[1;24r(B[m[4l[?7h[H[2J[24d[24;1H[?1049l
[?1l>[?1049h[1;24r(B[m[4l[?7h[H[2J[24d[24;1H[?1049l
[?1l>[?1049h[1;24r(B[m[4l[?7h[H[2J[24d[24;1H[?1049l
[?1l>[?1049h[1;24r(B[m[4l[?7h[H[2J[24d[24;1H[?1049l
[?1l>[?1049h[1;24r(B[m[4l[?7h[H[2J[24d[24;1H[?1049l
[?1l>[?1049h[1;24r(B[m[4l[?7h[H[2J[24d[24;1H[?1049l
[?1l>[?1049h[1;24r(B[m[4l[?7h[H[2J[24d[24;1H[?1049l
[?1l>[?1049h[1;24r(B[m[4l[?7h[H[2J[24d[24;1H[?1049l
[?1l>[?1049h[1;24r(B[m[4l[?7h[H[2J[24d[24;1H[?1049l
[?1l>[?1049h[1;24r(B[m[4l[?7h[H[2J[24d[24;1H[?1049l
[?1l>[?1049h[1;24r(B[m[4l[?7h[H[2J[24d[24;1H[?1049l
[?1l>[?1049h[1;24r(B[m[4l[?7h[H[2J[24d[24;1H[?1049l
[?1l>[?1049h[1;24r(B[m[4l[?7h[H[2J[24d[24;1H[?1049l
[?1l>[?1049h[1;24r(B[m[4l[?7h[H[2J[24d[24;1H[?1049l
[?1l>[?1049h[1;24r(B[m[4l[?7h[H[2J[24d[24;1H[?1049l
[?1l>[?1049h[1;24r(B[m[4l[?7h[H[2J[24d[24;1H[?1049l
[?1l>[?1049h[1;24r(B[m[4l[?7h[H[2J[24d[24;1H[?1049l
[?1l>[?1049h[1;24r(B[m[4l[?7h[H[2J[24d[24;1H[?1049l
[?1l>[?1049h[1;24r(B[m[4l[?7h[H[2J[24d[24;1H[?1049l
[?1l>[?1049h[1;24r(B[m[4l[?7h[H[2J[24d[24;1H[?1049l
[?1l>[?1049h[1;24r(B[m[4l[?7h[H[2J[24d[24;1H[?1049l
[?1l>[?1049h[1;24r(B[m[4l[?7h[H[2J[24d[24;1H[?1049l
[?1l>[?1049h[1;24r(B[m[4l[?7h[H[2J[24d[24;1H[?1049l
[?1l>[?1049h[1;24r(B[m[4l[?7h[H[2J[24d[24;1H[?1049l
[?1l>[?1049h[1;24r(B[m[4l[?7h[H[2J[24d[24;1H[?1049l
[?1l>[?1049h[1;24r(B[m[4l[?7h[H[2J[24d[24;1H[?1049l
[?1l>[?1049h[1;24r(B[m[4l[?7h[H[2J[24d[24;1H[?1049l
[?1l>[?1049h[1;24r(B[m[4l[?7h[H[2J[24d[24;1H[?1049l
[?1l>[?1049h[1;24r(B[m[4l[?7h[H[2J[24d[24;1H[?1049l
[?1l>[?1049h[1;24r(B[m[4l[?7h[H[2J[24d[24;1H[?1049l
[?1l>[?1049h[1;24r(B[m[4l[?7h[H[2J[24d[24;1H[?1049l
[?1l>[?1049h[1;24r(B[m[4l[?7h[H[2J[24d[24;1H[?1049l
[?1l>[?1049h[1;24r(B[m[4l[?7h[H[2J[24d[24;1H[?1049l
[?1l>[?1049h[1;24r(B[m[4l[?7h[H[2J[24d[24;1H[?1049l
[?1l>[?1049h[1;24r(B[m[4l[?7h[H[2J[24d[24;1H[?1049l
[?1l>[?1049h[1;24r(B[m[4l[?7h[H[2J[24d[24;1H[?1049l
[?1l>[?1049h[1;24r(B[m[4l[?7h[H[2J[24d[24;1H[?1049l
[?1l>[?1049h[1;24r(B[m[4l[?7h[H[2J[24d[24;1H[?1049l
[?1l>[?1049h[1;24r(B[m[4l[?7h[H[2J[24d[24;1H[?1049l
[?1l>[?1049h[1;24r(B[m[4l[?7h[H[2J[24d[24;1H[?1049l
[?1l>[?1049h[1;24r(B[m[4l[?7h[H[2J[24d[24;1H[?1049l
[?1l>[?1049h[1;24r(B[m[4l[?7h[H[2J[24d[24;1H[?1049l
[?1l>[?1049h[1;24r(B[m[4l[?7h[H[2J[24d[24;1H[?1049l
[?1l>[?1049h[1;24r(B[m[4l[?7h[H[2J[24d[24;1H[?1049l
[?1l>[?1049h[1;24r(B[m[4l[?7h[H[2J[24d[24;1H[?1049l
[?1l>[?1049h[1;24r(B[m[4l[?7h[H[2J[24d[24;1H[?1049l
[?1l>[?1049h[1;24r(B[m[4l[?7h[H[2J[24d[24;1H[?1049l
[?1l>[?1049h[1;24r(B[m[4l[?7h[H[2J[24d[24;1H[?1049l
[?1l>[?1049h[1;24r(B[m[4l[?7h[H[2J[24d[24;1H[?1049l
[?1l>[?1049h[1;24r(B[m[4l[?7h[H[2J[24d[24;1H[?1049l
[?1l>[?1049h[1;24r(B[m[4l[?7h[H[2J[24d[24;1H[?1049l
[?1l>[?1049h[1;24r(B[m[4l[?7h[H[2J[24d[24;1H[?1049l
[?1l>[?1049h[1;24r(B[m[4l[?7h[H[2J[24d[24;1H[?1049l
[?1l>[?1049h[1;24r(B[m[4l[?7h[H[2J[24d[24;1H[?1049l
[?1l>[?1049h[1;24r(B[m[4l[?7h[H[2J[24d[24;1H[?1049l
[?1l>[?1049h[1;24r(B[m[4l[?7h[H[2J[24d[24;1H[?1049l
[?1l>[?1049h[1;24r(B[m[4l[?7h[H[2J[24d[24;1H[?1049l
[?1l>[?1049h[1;24r(B[m[4l[?7h[H[2J[24d[24;1H[?1049l
[?1l>[?1049h[1;24r(B[m[4l[?7h[H[2J[24d[24;1H[?1049l
[?1l>[?1049h[1;24r(B[m[4l[?7h[H[2J[24d[24;1H[?1049l
[?1l>[?1049h[1;24r(B[m[4l[?7h[H[2J[24d[24;1H[?1049l
[?1l>[?1049h[1;24r(B[m[4l[?7h[H[2J[24d[24;1H[?1049l
[?1l>[?1049h[1;24r(B[m[4l[?7h[H[2J[24d[24;1H[?1049l
[?1l>[?1049h[1;24r(B[m[4l[?7h[H[2J[24d[24;1H[?1049l
[?1l>[?1049h[1;24r(B[m[4l[?7h[H[2J[24d[24;1H[?1049l
[?1l>[?1049h[1;24r(B[m[4l[?7h[H[2J[24d[24;1H[?1049l
[?1l>[?1049h[1;24r(B[m[4l[?7h[H[2J[24d[24;1H[?1049l
[?1l>[?1049h[1;24r(B[m[4l[?7h[H[2J[24d[24;1H[?1049l
[?1l>[?1049h[1;24r(B[m[4l[?7h[H[2J[24d[24;1H[?1049l
[?1l>[?1049h[1;24r(B[m[4l[?7h[H[2J[24d[24;1H[?1049l
[?1l>[?1049h[1;24r(B[m[4l[?7h[H[2J[24d[24;1H[?1049l
[?1l>[?1049h[1;24r(B[m[4l[?7h[H[2J[24d[24;1H[?1049l
[?1l>[?1049h[1;24r(B[m[4l[?7h[H[2J[24d[24;1H[?1049l
[?1l>[?1049h[1;24r(B[m[4l[?7h[H[2J[24d[24;1H[?1049l
[?1l>[?1049h[1;24r(B[m[4l[?7h[H[2J[24d[24;1H[?1049l
[?1l>[?1049h[1;24r(B[m[4l[?7h[H[2J[24d[24;1H[?1049l
[?1l>[?1049h[1;24r(B[m[4l[?7h[H[2J[24d[24;1H[?1049l
[?1l>[?1049h[1;24r(B[m[4l[?7h[H[2J[24d[24;1H[?1049l
[?1l>[?1049h[1;24r(B[m[4l[?7h[H[2J[24d[24;1H[?1049l
[?1l>[?1049h[1;24r(B[m[4l[?7h[H[2J[24d[24;1H[?1049l
[?1l>[?1049h[1;24r(B[m[4l[?7h[H[2J[24d[24;1H[?1049l
[?1l>[?1049h[1;24r(B[m[4l[?7h[H[2J[24d[24;1H[?1049l
[?1l>[?1049h[1;24r(B[m[4l[?7h[H[2J[24d[24;1H[?1049l
[?1l>[?1049h[1;24r(B[m[4l[?7h[H[2J[24d[24;1H[?1049l
[?1l>[?1049h[1;24r(B[m[4l[?7h[H[2J[24d[24;1H[?1049l
[?1l>[?1049h[1;24r(B[m[4l[?7h[H[2J[24d[24;1H[?1049l
[?1l>[?1049h[1;24r(B[m[4l[?7h[H[2J[24d[24;1H[?1049l
[?1l>[?1049h[1;24r(B[m[4l[?7h[H[2J[24d[24;1H[?1049l
[?1l>[?1049h[1;24r(B[m[4l[?7h[H[2J[24d[24;1H[?1049l
[?1l>[?1049h[1;24r(B[m[4l[?7h[H[2J[24d[24;1H[?1049l
[?1l>[?1049h[1;24r(B[m[4l[?7h[H[2J[24d[24;1H[?1049l
[?1l>[?1049h[1;24r(B[m[4l[?7h[H[2J[24d[24;1H[?1049l
[?1l>[?1049h[1;24r(B[m[4l[?7h[H[2J[24d[24;1H[?1049l
[?1l>[?1049h[1;24r(B[m[4l[?7h[H[2J[24d[24;1H[?1049l
[?1l>[?1049h[1;24r(B[m[4l[?7h[H[2J[24d[24;1H[?1049l
[?1l>[?1049h[1;24r(B[m[4l[?7h[H[2J[24d[24;1H[?1049l
[?1l>[?1049h[1;24r(B[m[4l[?7h[H[2J[24d[24;1H[?1049l
[?1l>[?1049h[1;24r(B[m[4l[?7h[H[2J[24d[24;1H[?1049l
[?1l>[?1049h[1;24r(B[m[4l[?7h[H[2J[24d[24;1H[?1049l
[?1l>[?1049h[1;24r(B[m[4l[?7h[H[2J[24d[24;1H[?1049l
[?1l>[?1049h[1;24r(B[m[4l[?7h[H[2J[24d[24;1H[?1049l
[?1l>[?1049h[1;24r(B[m[4l[?7h[H[2J[24d[24;1H[?1049l
[?1l>[?1049h[1;24r(B[m[4l[?7h[H[2J[24d[24;1H[?1049l
[?1l>[?1049h[1;24r(B[m[4l[?7h[H[2J[24d[24;1H[?1049l
[?1l>[?1049h[1;24r(B[m[4l[?7h[H[2J[24d[24;1H[?1049l
[?1l>[?1049h[1;24r(B[m[4l[?7h[H[2J[24d[24;1H[?1049l
[?1l>[?1049h[1;24r(B[m[4l[?7h[H[2J[24d[24;1H[?1049l
[?1l>[?1049h[1;24r(B[m[4l[?7h[H[2J[24d[24;1H[?1049l
[?1l>[?1049h[1;24r(B[m[4l[?7h[H[2J[24d[24;1H[?1049l
[?1l>[?1049h[1;24r(B[m[4l[?7h[H[2J[24d[24;1H[?1049l
[?1l>[?1049h[1;24r(B[m[4l[?7h[H[2J[24d[24;1H[?1049l
[?1l>[?1049h[1;24r(B[m[4l[?7h[H[2J[24d[24;1H[?1049l
[?1l>[?1049h[1;24r(B[m[4l[?7h[H[2J[24d[24;1H[?1049l
[?1l>[?1049h[1;24r(B[m[4l[?7h[H[2J[24d[24;1H[?1049l
[?1l>[?1049h[1;24r(B[m[4l[?7h[H[2J[24d[24;1H[?1049l
[?1l>[?1049h[1;24r(B[m[4l[?7h[H[2J[24d[24;1H[?1049l
[?1l>[?1049h[1;24r(B[m[4l[?7h[H[2J[24d[24;1H[?1049l
[?1l>[?1049h[1;24r(B[m[4l[?7h[H[2J[24d[24;1H[?1049l
[?1l>[?1049h[1;24r(B[m[4l[?7h[H[2J[24d[24;1H[?1049l
[?1l>[?1049h[1;24r(B[m[4l[?7h[H[2J[24d[24;1H[?1049l
[?1l>[?1049h[1;24r(B[m[4l[?7h[H[2J[24d[24;1H[?1049l
[?1l>[?1049h[1;24r(B[m[4l[?7h[H[2J[24d[24;1H[?1049l
[?1l>[?1049h[1;24r(B[m[4l[?7h[H[2J[24d[24;1H[?1049l
[?1l>[?1049h[1;24r(B[m[4l[?7h[H[2J[24d[24;1H[?1049l
[?1l>[?1049h[1;24r(B[m[4l[?7h[H[2J[24d[24;1H[?1049l
[?1l>[?1049h[1;24r(B[m[4l[?7h[H[2J[24d[24;1H[?1049l
[?1l>[?1049h[1;24r(B[m[4l[?7h[H[2J[24d[24;1H[?1049l
[?1l>[?1049h[1;24r(B[m[4l[?7h[H[2J[24d[24;1H[?1049l
[?1l>[?1049h[1;24r(B[m[4l[?7h[H[2J[24d[24;1H[?1049l
[?1l>[?1049h[1;24r(B[m[4l[?7h[H[2J[24d[24;1H[?1049l
[?1l>[?1049h[1;24r(B[m[4l[?7h[H[2J[24d[24;1H[?1049l
[?1l>[?1049h[1;24r(B[m[4l[?7h[H[2J[24d[24;1H[?1049l
[?1l>[?1049h[1;24r(B[m[4l[?7h[H[2J[24d[24;1H[?1049l
[?1l>[?1049h[1;24r(B[m[4l[?7h[H[2J[24d[24;1H[?1049l
[?1l>[?1049h[1;24r(B[m[4l[?7h[H[2J[24d[24;1H[?1049l
[?1l>[?1049h[1;24r(B[m[4l[?7h[H[2J[24d[24;1H[?1049l
[?1l>[?1049h[1;24r(B[m[4l[?7h[H[2J[24d[24;1H[?1049l
[?1l>[?1049h[1;24r(B[m[4l[?7h[H[2J[24d[24;1H[?1049l
[?1l>[?1049h[1;24r(B[m[4l[?7h[H[2J[24d[24;1H[?1049l
[?1l>[?1049h[1;24r(B[m[4l[?7h[H[2J[24d[24;1H[?1049l
[?1l>[?1049h[1;24r(B[m[4l[?7h[H[2J[24d[24;1H[?1049l
[?1l>[?1049h[1;24r(B[m[4l[?7h[H[2J[24d[24;1H[?1049l
[?1l>[?1049h[1;24r(B[m[4l[?7h[H[2J[24d[24;1H[?1049l
[?1l>[?1049h[1;24r(B[m[4l[?7h[H[2J[24d[24;1H[?1049l
[?1l>[?1049h[1;24r(B[m[4l[?7h[H[2J[24d[24;1H[?1049l
[?1l>[?1049h[1;24r(B[m[4l[?7h[H[2J[24d[24;1H[?1049l
[?1l>[?1049h[1;24r(B[m[4l[?7h[H[2J[24d[24;1H[?1049l
[?1l>[?1049h[1;24r(B[m[4l[?7h[H[2J[24d[24;1H[?1049l
[?1l>[?1049h[1;24r(B[m[4l[?7h[H[2J[24d[24;1H[?1049l
[?1l>[?1049h[1;24r(B[m[4l[?7h[H[2J[24d[24;1H[?1049l
[?1l>[?1049h[1;24r(B[m[4l[?7h[H[2J[24d[24;1H[?1049l
[?1l>[?1049h[1;24r(B[m[4l[?7h[H[2J[24d[24;1H[?1049l
[?1l>[?1049h[1;24r(B[m[4l[?7h[H[2J[24d[24;1H[?1049l
[?1l>[?1049h[1;24r(B[m[4l[?7h[H[2J[24d[24;1H[?1049l
[?1l>[?1049h[1;24r(B[m[4l[?7h[H[2J[24d[24;1H[?1049l
[?1l>[?1049h[1;24r(B[m[4l[?7h[H[2J[24d[24;1H[?1049l
[?1l>[?1049h[1;24r(B[m[4l[?7h[H[2J[24d[24;1H[?1049l
[?1l>[?1049h[1;24r(B[m[4l[?7h[H[2J[24d[24;1H[?1049l
[?1l>[?1049h[1;24r(B[m[4l[?7h[H[2J[24d[24;1H[?1049l
[?1l>[?1049h[1;24r(B[m[4l[?7h[H[2J[24d[24;1H[?1049l
[?1l>[?1049h[1;24r(B[m[4l[?7h[H[2J[24d[24;1H[?1049l
[?1l>[?1049h[1;24r(B[m[4l[?7h[H[2J[24d[24;1H[?1049l
[?1l>[?1049h[1;24r(B[m[4l[?7h[H[2J[24d[24;1H[?1049l
[?1l>[?1049h[1;24r(B[m[4l[?7h[H[2J[24d[24;1H[?1049l
[?1l>[?1049h[1;24r(B[m[4l[?7h[H[2J[24d[24;1H[?1049l
[?1l>[?1049h[1;24r(B[m[4l[?7h[H[2J[24d[24;1H[?1049l
[?1l>[?1049h[1;24r(B[m[4l[?7h[H[2J[24d[24;1H[?1049l
[?1l>[?1049h[1;24r(B[m[4l[?7h[H[2J[24d[24;1H[?1049l
[?1l>[?1049h[1;24r(B[m[4l[?7h[H[2J[24d[24;1H[?1049l
[?1l>[?1049h[1;24r(B[m[4l[?7h[H[2J[24d[24;1H[?1049l
[?1l>[?1049h[1;24r(B[m[4l[?7h[H[2J[24d[24;1H[?1049l
[?1l>[?1049h[1;24r(B[m[4l[?7h[H[2J[24d[24;1H[?1049l
[?1l>[?1049h[1;24r(B[m[4l[?7h[H[2J[24d[24;1H[?1049l
[?1l>[?1049h[1;24r(B[m[4l[?7h[H[2J[24d[24;1H[?1049l
[?1l>[?1049h[1;24r(B[m[4l[?7h[H[2J[24d[24;1H[?1049l
[?1l>[?1049h[1;24r(B[m[4l[?7h[H[2J[24d[24;1H[?1049l
[?1l>[?1049h[1;24r(B[m[4l[?7h[H[2J[24d[24;1H[?1049l
[?1l>[?1049h[1;24r(B[m[4l[?7h[H[2J[24d[24;1H[?1049l
[?1l>[?1049h[1;24r(B[m[4l[?7h[H[2J[24d[24;1H[?1049l
[?1l>[?1049h[1;24r(B[m[4l[?7h[H[2J[24d[24;1H[?1049l
[?1l>[?1049h[1;24r(B[m[4l[?7h[H[2J[24d[24;1H[?1049l
[?1l>[?1049h[1;24r(B[m[4l[?7h[H[2J[24d[24;1H[?1049l
[?1l>[?1049h[1;24r(B[m[4l[?7h[H[2J[24d[24;1H[?1049l
[?1l>[?1049h[1;24r(B[m[4l[?7h[H[2J[24d[24;1H[?1049l
[?1l>[?1049h[1;24r(B[m[4l[?7h[H[2J[24d[24;1H[?1049l
[?1l>[?1049h[1;24r(B[m[4l[?7h[H[2J[24d[24;1H[?1049l
[?1l>[?1049h[1;24r(B[m[4l[?7h[H[2J[24d[24;1H[?1049l
[?1l>[?1049h[1;24r(B[m[4l[?7h[H[2J[24d[24;1H[?1049l
[?1l>[?1049h[1;24r(B[m[4l[?7h[H[2J[24d[24;1H[?1049l
[?1l>[?1049h[1;24r(B[m[4l[?7h[H[2J[24d[24;1H[?1049l
[?1l>[?1049h[1;24r(B[m[4l[?7h[H[2J[24d[24;1H[?1049l
[?1l>[?1049h[1;24r(B[m[4l[?7h[H[2J[24d[24;1H[?1049l
[?1l>[?1049h[1;24r(B[m[4l[?7h[H[2J[24d[24;1H[?1049l
[?1l>[?1049h[1;24r(B[m[4l[?7h[H[2J[24d[24;1H[?1049l
[?1l>[?1049h[1;24r(B[m[4l[?7h[H[2J[24d[24;1H[?1049l
[?1l>[?1049h[1;24r(B[m[4l[?7h[H[2J[24d[24;1H[?1049l
[?1l>[?1049h[1;24r(B[m[4l[?7h[H[2J[24d[24;1H[?1049l
[?1l>[?1049h[1;24r(B[m[4l[?7h[H[2J[24d[24;1H[?1049l
[?1l>[?1049h[1;24r(B[m[4l[?7h[H[2J[24d[24;1H[?1049l
[?1l>[?1049h[1;24r(B[m[4l[?7h[H[2J[24d[24;1H[?1049l
[?1l>[?1049h[1;24r(B[m[4l[?7h[H[2J[24d[24;1H[?1049l
[?1l>[?1049h[1;24r(B[m[4l[?7h[H[2J[24d[24;1H[?1049l
[?1l>[?1049h[1;24r(B[m[4l[?7h[H[2J[24d[24;1H[?1049l
[?1l>[?1049h[1;24r(B[m[4l[?7h[H[2J[24d[24;1H[?1049l
[?1l>[?1049h[1;24r(B[m[4l[?7h[H[2J[24d[24;1H[?1049l
[?1l>[?1049h[1;24r(B[m[4l[?7h[H[2J[24d[24;1H[?1049l
[?1l>[?1049h[1;24r(B[m[4l[?7h[H[2J[24d[24;1H[?1049l
[?1l>[?1049h[1;24r(B[m[4l[?7h[H[2J[24d[24;1H[?1049l
[?1l>[?1049h[1;24r(B[m[4l[?7h[H[2J[24d[24;1H[?1049l
[?1l>[?1049h[1;24r(B[m[4l[?7h[H[2J[24d[24;1H[?1049l
[?1l>[?1049h[1;24r(B[m[4l[?7h[H[2J[24d[24;1H[?1049l
[?1l>[?1049h[1;24r(B[m[4l[?7h[H[2J[24d[24;1H[?1049l
[?1l>[?1049h[1;24r(B[m[4l[?7h[H[2J[24d[24;1H[?1049l
[?1l>[?1049h[1;24r(B[m[4l[?7h[H[2J[24d[24;1H[?1049l
[?1l>[?1049h[1;24r(B[m[4l[?7h[H[2J[24d[24;1H[?1049l
[?1l>[?1049h[1;24r(B[m[4l[?7h[H[2J[24d[24;1H[?1049l
[?1l>[?1049h[1;24r(B[m[4l[?7h[H[2J[24d[24;1H[?1049l
[?1l>[?1049h[1;24r(B[m[4l[?7h[H[2J[24d[24;1H[?1049l
[?1l>[?1049h[1;24r(B[m[4l[?7h[H[2J[24d[24;1H[?1049l
[?1l>[?1049h[1;24r(B[m[4l[?7h[H[2J[24d[24;1H[?1049l
[?1l>[?1049h[1;24r(B[m[4l[?7h[H[2J[24d[24;1H[?1049l
[?1l>[?1049h[1;24r(B[m[4l[?7h[H[2J[24d[24;1H[?1049l
[?1l>[?1049h[1;24r(B[m[4l[?7h[H[2J[24d[24;1H[?1049l
[?1l>[?1049h[1;24r(B[m[4l[?7h[H[2J[24d[24;1H[?1049l
[?1l>[?1049h[1;24r(B[m[4l[?7h[H[2J[24d[24;1H[?1049l
[?1l>[?1049h[1;24r(B[m[4l[?7h[H[2J[24d[24;1H[?1049l
[?1l>[?1049h[1;24r(B[m[4l[?7h[H[2J[24d[24;1H[?1049l
[?1l>[?1049h[1;24r(B[m[4l[?7h[H[2J[24d[24;1H[?1049l
[?1l>[?1049h[1;24r(B[m[4l[?7h[H[2J[24d[24;1H[?1049l
[?1l>[?1049h[1;24r(B[m[4l[?7h[H[2J[24d[24;1H[?1049l
[?1l>[?1049h[1;24r(B[m[4l[?7h[H[2J[24d[24;1H[?1049l
[?1l>[?1049h[1;24r(B[m[4l[?7h[H[2J[24d[24;1H[?1049l
[?1l>[?1049h[1;24r(B[m[4l[?7h[H[2J[24d[24;1H[?1049l
[?1l>[?1049h[1;24r(B[m[4l[?7h[H[2J[24d[24;1H[?1049l
[?1l>[?1049h[1;24r(B[m[4l[?7h[H[2J[24d[24;1H[?1049l
[?1l>[?1049h[1;24r(B[m[4l[?7h[H[2J[24d[24;1H[?1049l
[?1l>[?1049h[1;24r(B[m[4l[?7h[H[2J[24d[24;1H[?1049l
[?1l>[?1049h[1;24r(B[m[4l[?7h[H[2J[24d[24;1H[?1049l
[?1l>[?1049h[1;24r(B[m[4l[?7h[H[2J[24d[24;1H[?1049l
[?1l>[?1049h[1;24r(B[m[4l[?7h[H[2J[24d[24;1H[?1049l
[?1l>[?1049h[1;24r(B[m[4l[?7h[H[2J[24d[24;1H[?1049l
[?1l>[?1049h[1;24r(B[m[4l[?7h[H[2J[24d[24;1H[?1049l
[?1l>[?1049h[1;24r(B[m[4l[?7h[H[2J[24d[24;1H[?1049l
[?1l>[?1049h[1;24r(B[m[4l[?7h[H[2J[24d[24;1H[?1049l
[?1l>[?1049h[1;24r(B[m[4l[?7h[H[2J[24d[24;1H[?1049l
[?1l>[?1049h[1;24r(B[m[4l[?7h[H[2J[24d[24;1H[?1049l
[?1l>[?1049h[1;24r(B[m[4l[?7h[H[2J[24d[24;1H[?1049l
[?1l>[?1049h[1;24r(B[m[4l[?7h[H[2J[24d[24;1H[?1049l
[?1l>[?1049h[1;24r(B[m[4l[?7h[H[2J[24d[24;1H[?1049l
[?1l>[?1049h[1;24r(B[m[4l[?7h[H[2J[24d[24;1H[?1049l
[?1l>[?1049h[1;24r(B[m[4l[?7h[H[2J[24d[24;1H[?1049l
[?1l>[?1049h[1;24r(B[m[4l[?7h[H[2J[24d[24;1H[?1049l
[?1l>[?1049h[1;24r(B[m[4l[?7h[H[2J[24d[24;1H[?1049l
[?1l>[?1049h[1;24r(B[m[4l[?7h[H[2J[24d[24;1H[?1049l
[?1l>[?1049h[1;24r(B[m[4l[?7h[H[2J[24d[24;1H[?1049l
[?1l>[?1049h[1;24r(B[m[4l[?7h[H[2J[24d[24;1H[?1049l
[?1l>[?1049h[1;24r(B[m[4l[?7h[H[2J[24d[24;1H[?1049l
[?1l>[?1049h[1;24r(B[m[4l[?7h[H[2J[24d[24;1H[?1049l
[?1l>[?1049h[1;24r(B[m[4l[?7h[H[2J[24d[24;1H[?1049l
[?1l>[?1049h[1;24r(B[m[4l[?7h[H[2J[24d[24;1H[?1049l
[?1l>[?1049h[1;24r(B[m[4l[?7h[H[2J[24d[24;1H[?1049l
[?1l>[?1049h[1;24r(B[m[4l[?7h[H[2J[24d[24;1H[?1049l
[?1l>[?1049h[1;24r(B[m[4l[?7h[H[2J[24d[24;1H[?1049l
[?1l>[?1049h[1;24r(B[m[4l[?7h[H[2J[24d[24;1H[?1049l
[?1l>[?1049h[1;24r(B[m[4l[?7h[H[2J[24d[24;1H[?1049l
[?1l>[?1049h[1;24r(B[m[4l[?7h[H[2J[24d[24;1H[?1049l
[?1l>[?1049h[1;24r(B[m[4l[?7h[H[2J[24d[24;1H[?1049l
[?1l>[?1049h[1;24r(B[m[4l[?7h[H[2J[24d[24;1H[?1049l
[?1l>[?1049h[1;24r(B[m[4l[?7h[H[2J[24d[24;1H[?1049l
[?1l>[?1049h[1;24r(B[m[4l[?7h[H[2J[24d[24;1H[?1049l
[?1l>[?1049h[1;24r(B[m[4l[?7h[H[2J[24d[24;1H[?1049l
[?1l>[?1049h[1;24r(B[m[4l[?7h[H[2J[24d[24;1H[?1049l
[?1l>[?1049h[1;24r(B[m[4l[?7h[H[2J[24d[24;1H[?1049l
[?1l>[?1049h[1;24r(B[m[4l[?7h[H[2J[24d[24;1H[?1049l
[?1l>[?1049h[1;24r(B[m[4l[?7h[H[2J[24d[24;1H[?1049l
[?1l>[?1049h[1;24r(B[m[4l[?7h[H[2J[24d[24;1H[?1049l
[?1l>[?1049h[1;24r(B[m[4l[?7h[H[2J[24d[24;1H[?1049l
[?1l>[?1049h[1;24r(B[m[4l[?7h[H[2J[24d[24;1H[?1049l
[?1l>[?1049h[1;24r(B[m[4l[?7h[H[2J[24d[24;1H[?1049l
[?1l>[?1049h[1;24r(B[m[4l[?7h[H[2J[24d[24;1H[?1049l
[?1l>[?1049h[1;24r(B[m[4l[?7h[H[2J[24d[24;1H[?1049l
[?1l>[?1049h[1;24r(B[m[4l[?7h[H[2J[24d[24;1H[?1049l
[?1l>[?1049h[1;24r(B[m[4l[?7h[H[2J[24d[24;1H[?1049l
[?1l>[?1049h[1;24r(B[m[4l[?7h[H[2J[24d[24;1H[?1049l
[?1l>[?1049h[1;24r(B[m[4l[?7h[H[2J[24d[24;1H[?1049l
[?1l>[?1049h[1;24r(B[m[4l[?7h[H[2J[24d[24;1H[?1049l
[?1l>[?1049h[1;24r(B[m[4l[?7h[H[2J[24d[24;1H[?1049l
[?1l>[?1049h[1;24r(B[m[4l[?7h[H[2J[24d[24;1H[?1049l
[?1l>[?1049h[1;24r(B[m[4l[?7h[H[2J[24d[24;1H[?1049l
[?1l>[?1049h[1;24r(B[m[4l[?7h[H[2J[24d[24;1H[?1049l
[?1l>[?1049h[1;24r(B[m[4l[?7h[H[2J[24d[24;1H[?1049l
[?1l>[?1049h[1;24r(B[m[4l[?7h[H[2J[24d[24;1H[?1049l
[?1l>[?1049h[1;24r(B[m[4l[?7h[H[2J[24d[24;1H[?1049l
[?1l>[?1049h[1;24r(B[m[4l[?7h[H[2J[24d[24;1H[?1049l
[?1l>[?1049h[1;24r(B[m[4l[?7h[H[2J[24d[24;1H[?1049l
[?1l>
maxits=2000
convits=200
dampfact=0.900000
number of data points: 232
Preferences: 110.158771

Number of identified clusters: 21
Net similarity:
	 70040.123891
Sum of data point-to-exemplar similarities:
	 67726.789701
Sum of exemplar preferences:
	 2313.334190
Number of iterations: 523

Start:	April 20, 2013, Saturday, 17:40:34 CEST
End:	April 20, 2013, Saturday, 17:40:37 CEST

For more information, please read the files under "/local/wiwie/ClustEval/repository/results/04_20_2013-17_25_45_paper_sfld_layered_f2/clusters/APcluster_1_sfld_1.120.results/" ...

