.[mcl] new tab created
[mcl] pid 27171
 ite -------------------  chaos  time hom(avg,lo,hi) expa expb expc fmv
  1  ...................  19.15  0.01 0.92/0.31/1.25 1.98 1.17 1.17  99
  2  ...................  15.26  0.02 0.89/0.29/1.35 1.80 0.63 0.73  99
  3  ...................   9.69  0.01 0.85/0.30/2.58 1.49 0.81 0.59  99
  4  ...................   9.29  0.01 0.81/0.11/1.21 1.01 0.90 0.53  96
  5  ...................  11.01  0.01 0.81/0.45/1.00 1.02 0.89 0.48  94
  6  ...................   1.07  0.01 0.83/0.65/1.00 1.00 0.87 0.42  90
  7  ...................   1.70  0.00 0.83/0.64/1.00 1.01 0.85 0.35  83
  8  ...................   2.00  0.00 0.73/0.48/1.00 1.00 0.64 0.22  75
  9  ...................   1.77  0.00 0.75/0.55/1.00 1.00 0.67 0.15  68
 10  ...................   1.20  0.00 0.87/0.59/1.00 1.00 0.78 0.12  68
 11  ...................   1.06  0.00 0.86/0.69/1.00 1.00 0.44 0.05  68
 12  ...................   1.02  0.00 0.81/0.67/1.00 1.00 0.85 0.04  68
 13  ...................   0.77  0.01 0.77/0.59/1.00 1.00 0.90 0.04  25
 14  ...................   1.21  0.00 0.83/0.47/1.00 1.00 0.86 0.03  20
 15  ...................   0.98  0.00 0.94/0.58/1.00 1.00 0.82 0.03  20
 16  ...................   1.13  0.00 0.98/0.64/1.00 1.00 0.57 0.02  17
 17  ...................   0.32  0.00 0.99/0.80/1.00 1.00 0.78 0.01   5
 18  ...................   0.38  0.00 0.99/0.76/1.00 1.00 0.99 0.01   0
 19  ...................   0.20  0.00 0.99/0.82/1.00 1.00 0.90 0.01   0
 20  ...................   0.25  0.00 1.00/0.76/1.00 1.00 1.00 0.01   0
 21  ...................   0.12  0.00 1.00/0.88/1.00 1.00 1.00 0.01   0
 22  ...................   0.01  0.00 1.00/0.99/1.00 1.00 0.98 0.01   0
 23  ...................   0.00  0.00 1.00/1.00/1.00 1.00 0.98 0.01   0
[mcl] jury pruning marks: <99,99,99>, out of 100
[mcl] jury pruning synopsis: <99.0 or perfect> (cf -scheme, -do log)
[mcl] output is in /local/wiwie/ClustEval/repository/results/04_20_2013-17_25_45_paper_sfld_layered_f2/clusters/MCL_norm_sfld_1.87.results
[mcl] 19 clusters found
[mcl] output is in /local/wiwie/ClustEval/repository/results/04_20_2013-17_25_45_paper_sfld_layered_f2/clusters/MCL_norm_sfld_1.87.results

Please cite:
    Stijn van Dongen, Graph Clustering by Flow Simulation.  PhD thesis,
    University of Utrecht, May 2000.
       (  http://www.library.uu.nl/digiarchief/dip/diss/1895620/full.pdf
       or  http://micans.org/mcl/lit/svdthesis.pdf.gz)
OR
    Stijn van Dongen, A cluster algorithm for graphs. Technical
    Report INS-R0010, National Research Institute for Mathematics
    and Computer Science in the Netherlands, Amsterdam, May 2000.
       (  http://www.cwi.nl/ftp/CWIreports/INS/INS-R0010.ps.Z
       or  http://micans.org/mcl/lit/INS-R0010.ps.Z)

