.[mcl] new tab created
[mcl] pid 52542
 ite -------------------  chaos  time hom(avg,lo,hi) expa expb expc fmv
  1  ...................  19.15  0.01 0.92/0.31/1.25 1.98 1.17 1.17  99
  2  ...................  20.18  0.02 0.91/0.43/1.48 1.80 0.87 1.01  99
  3  ...................  20.44  0.02 0.90/0.50/1.38 1.68 0.86 0.87  99
  4  ...................  19.28  0.02 0.87/0.29/1.24 1.41 0.87 0.76  99
  5  ...................   6.74  0.01 0.83/0.25/1.00 1.33 0.87 0.66  97
  6  ...................   4.74  0.01 0.81/0.36/1.00 1.20 0.91 0.60  96
  7  ...................   3.26  0.01 0.80/0.45/1.00 1.00 0.98 0.59  96
  8  ...................   2.00  0.00 0.79/0.42/1.00 1.00 0.94 0.55  96
  9  ...................   1.42  0.00 0.79/0.50/1.00 1.00 0.96 0.53  96
 10  ...................   1.82  0.01 0.80/0.58/1.00 1.01 0.91 0.48  96
 11  ...................   2.73  0.00 0.81/0.42/1.00 1.00 0.96 0.46  96
 12  ...................   4.31  0.00 0.82/0.27/1.00 1.00 0.96 0.44  96
 13  ...................   6.63  0.01 0.83/0.20/1.00 1.00 0.92 0.41  96
 14  ...................   8.74  0.00 0.84/0.22/1.00 1.00 0.88 0.36  91
 15  ...................   9.29  0.01 0.82/0.39/1.00 1.00 1.00 0.36  88
 16  ...................   5.36  0.00 0.79/0.55/1.00 1.00 0.81 0.29  88
 17  ...................   3.15  0.00 0.75/0.47/1.00 1.00 0.78 0.23  88
 18  ...................   1.80  0.00 0.73/0.45/1.00 1.00 0.75 0.17  74
 19  ...................   1.83  0.00 0.74/0.52/1.00 1.00 0.92 0.16  74
 20  ...................   1.67  0.00 0.79/0.63/1.00 1.00 0.94 0.15  73
 21  ...................   1.45  0.00 0.84/0.59/1.00 1.00 0.94 0.14  73
 22  ...................   1.28  0.00 0.86/0.61/1.00 1.00 0.87 0.12  73
 23  ...................   0.93  0.00 0.85/0.67/1.00 1.00 0.69 0.08  73
 24  ...................   0.78  0.00 0.83/0.76/1.00 1.00 0.60 0.05  73
 25  ...................   0.76  0.01 0.81/0.74/1.00 1.00 1.00 0.05  30
 26  ...................   0.70  0.00 0.80/0.72/1.00 1.00 0.95 0.05  30
 27  ...................   0.57  0.00 0.78/0.71/1.00 1.00 0.91 0.04  30
 28  ...................   0.68  0.00 0.76/0.65/1.00 1.00 0.97 0.04  24
 29  ...................   0.90  0.00 0.76/0.52/1.00 1.00 1.00 0.04  24
 30  ...................   1.12  0.00 0.78/0.45/1.00 1.00 0.87 0.04  24
 31  ...................   1.21  0.00 0.83/0.49/1.00 1.00 0.91 0.03  24
 32  ...................   0.99  0.00 0.89/0.60/1.00 1.00 0.86 0.03  17
 33  ...................   0.99  0.00 0.94/0.58/1.00 1.00 1.00 0.03  17
 34  ...................   1.10  0.00 0.96/0.60/1.00 1.00 0.95 0.03  17
 35  ...................   1.14  0.00 0.98/0.63/1.00 1.00 0.99 0.03  17
 36  ...................   1.08  0.00 0.98/0.67/1.00 1.00 0.57 0.02  17
 37  ...................   0.86  0.00 0.99/0.75/1.00 1.00 0.91 0.01   3
 38  ...................   0.34  0.00 0.99/0.80/1.00 1.00 0.91 0.01   3
 39  ...................   0.36  0.00 0.99/0.78/1.00 1.00 0.94 0.01   0
 40  ...................   0.38  0.00 0.99/0.76/1.00 1.00 1.00 0.01   0
 41  ...................   0.35  0.00 0.99/0.77/1.00 1.00 0.97 0.01   0
 42  ...................   0.21  0.00 0.99/0.82/1.00 1.00 0.98 0.01   0
 43  ...................   0.24  0.00 0.99/0.79/1.00 1.00 0.97 0.01   0
 44  ...................   0.25  0.00 1.00/0.76/1.00 1.00 1.00 0.01   0
 45  ...................   0.22  0.00 1.00/0.78/1.00 1.00 1.00 0.01   0
 46  ...................   0.15  0.00 1.00/0.85/1.00 1.00 1.00 0.01   0
 47  ...................   0.08  0.00 1.00/0.92/1.00 1.00 0.98 0.01   0
 48  ...................   0.03  0.00 1.00/0.97/1.00 1.00 1.00 0.01   0
 49  ...................   0.00  0.00 1.00/1.00/1.00 1.00 1.00 0.01   0
 50  ...................   0.00  0.01 1.00/1.00/1.00 1.00 1.00 0.01   0
 51  ...................   0.00  0.00 1.00/1.00/1.00 1.00 0.98 0.01   0
[mcl] jury pruning marks: <99,99,99>, out of 100
[mcl] jury pruning synopsis: <99.0 or perfect> (cf -scheme, -do log)
[mcl] output is in /local/wiwie/ClustEval/repository/results/04_20_2013-17_25_45_paper_sfld_layered_f2/clusters/MCL_norm_sfld_1.2.results
[mcl] 13 clusters found
[mcl] output is in /local/wiwie/ClustEval/repository/results/04_20_2013-17_25_45_paper_sfld_layered_f2/clusters/MCL_norm_sfld_1.2.results

Please cite:
    Stijn van Dongen, Graph Clustering by Flow Simulation.  PhD thesis,
    University of Utrecht, May 2000.
       (  http://www.library.uu.nl/digiarchief/dip/diss/1895620/full.pdf
       or  http://micans.org/mcl/lit/svdthesis.pdf.gz)
OR
    Stijn van Dongen, A cluster algorithm for graphs. Technical
    Report INS-R0010, National Research Institute for Mathematics
    and Computer Science in the Netherlands, Amsterdam, May 2000.
       (  http://www.cwi.nl/ftp/CWIreports/INS/INS-R0010.ps.Z
       or  http://micans.org/mcl/lit/INS-R0010.ps.Z)

