.[mcl] new tab created
[mcl] pid 26952
 ite -------------------  chaos  time hom(avg,lo,hi) expa expb expc fmv
  1  ...................  19.15  0.01 0.92/0.31/1.25 1.98 1.17 1.17  99
  2  ...................  21.13  0.02 0.91/0.47/1.46 1.80 0.79 0.93  99
  3  ...................  18.38  0.01 0.90/0.51/1.25 1.47 0.83 0.77  99
  4  ...................   4.84  0.01 0.85/0.29/1.01 1.41 0.85 0.66  99
  5  ...................   4.43  0.01 0.82/0.30/1.00 1.24 0.91 0.60  96
  6  ...................   3.45  0.01 0.80/0.40/1.17 1.00 0.96 0.57  96
  7  ...................   4.19  0.00 0.78/0.23/1.25 1.01 0.94 0.54  96
  8  ...................   7.21  0.00 0.78/0.12/1.00 1.01 0.96 0.52  96
  9  ...................  10.93  0.01 0.81/0.22/1.00 1.01 0.90 0.47  95
 10  ...................   8.42  0.00 0.83/0.61/1.00 1.00 0.94 0.44  95
 11  ...................   2.33  0.01 0.84/0.65/1.00 1.00 0.89 0.39  95
 12  ...................   1.61  0.00 0.84/0.64/1.00 1.00 0.91 0.36  91
 13  ...................   1.93  0.01 0.80/0.57/1.00 1.00 0.85 0.30  87
 14  ...................   1.99  0.00 0.75/0.48/1.00 1.00 0.75 0.23  87
 15  ...................   1.80  0.00 0.73/0.46/1.00 1.00 0.73 0.17  73
 16  ...................   1.71  0.00 0.76/0.57/1.00 1.00 0.89 0.15  73
 17  ...................   1.59  0.00 0.83/0.60/1.00 1.00 1.00 0.15  73
 18  ...................   1.25  0.00 0.86/0.60/1.00 1.00 0.81 0.12  73
 19  ...................   0.95  0.00 0.85/0.67/1.00 1.00 0.61 0.07  73
 20  ...................   0.82  0.00 0.82/0.76/1.00 1.00 0.68 0.05  73
 21  ...................   0.84  0.00 0.80/0.71/1.00 1.00 0.97 0.05  30
 22  ...................   0.56  0.00 0.78/0.70/1.00 1.00 0.94 0.05  30
 23  ...................   0.68  0.00 0.76/0.65/1.00 1.00 0.92 0.04  24
 24  ...................   0.96  0.00 0.76/0.49/1.00 1.00 0.89 0.04  24
 25  ...................   1.19  0.01 0.80/0.46/1.00 1.00 0.98 0.04  24
 26  ...................   1.08  0.00 0.87/0.58/1.00 1.00 0.91 0.03  24
 27  ...................   0.97  0.00 0.93/0.58/1.00 1.00 0.86 0.03  17
 28  ...................   1.11  0.00 0.96/0.60/1.00 1.00 0.95 0.03  17
 29  ...................   1.13  0.00 0.98/0.64/1.00 1.00 0.61 0.02  17
 30  ...................   0.97  0.00 0.99/0.71/1.00 1.00 0.93 0.02   3
 31  ...................   0.33  0.00 0.99/0.81/1.00 1.00 0.83 0.01   3
 32  ...................   0.36  0.00 0.99/0.78/1.00 1.00 0.94 0.01   0
 33  ...................   0.38  0.01 0.99/0.76/1.00 1.00 0.97 0.01   0
 34  ...................   0.32  0.00 0.99/0.79/1.00 1.00 1.00 0.01   0
 35  ...................   0.23  0.00 0.99/0.81/1.00 1.00 0.95 0.01   0
 36  ...................   0.25  0.00 0.99/0.76/1.00 1.00 1.00 0.01   0
 37  ...................   0.22  0.00 1.00/0.78/1.00 1.00 1.00 0.01   0
 38  ...................   0.13  0.00 1.00/0.87/1.00 1.00 1.00 0.01   0
 39  ...................   0.05  0.00 1.00/0.95/1.00 1.00 0.98 0.01   0
 40  ...................   0.01  0.00 1.00/0.99/1.00 1.00 1.00 0.01   0
 41  ...................   0.00  0.00 1.00/1.00/1.00 1.00 1.00 0.01   0
 42  ...................   0.00  0.00 1.00/1.00/1.00 1.00 0.98 0.01   0
[mcl] jury pruning marks: <99,99,99>, out of 100
[mcl] jury pruning synopsis: <99.0 or perfect> (cf -scheme, -do log)
[mcl] output is in /local/wiwie/ClustEval/repository/results/04_20_2013-17_25_45_paper_sfld_layered_f2/clusters/MCL_norm_sfld_1.103.results
[mcl] 13 clusters found
[mcl] output is in /local/wiwie/ClustEval/repository/results/04_20_2013-17_25_45_paper_sfld_layered_f2/clusters/MCL_norm_sfld_1.103.results

Please cite:
    Stijn van Dongen, Graph Clustering by Flow Simulation.  PhD thesis,
    University of Utrecht, May 2000.
       (  http://www.library.uu.nl/digiarchief/dip/diss/1895620/full.pdf
       or  http://micans.org/mcl/lit/svdthesis.pdf.gz)
OR
    Stijn van Dongen, A cluster algorithm for graphs. Technical
    Report INS-R0010, National Research Institute for Mathematics
    and Computer Science in the Netherlands, Amsterdam, May 2000.
       (  http://www.cwi.nl/ftp/CWIreports/INS/INS-R0010.ps.Z
       or  http://micans.org/mcl/lit/INS-R0010.ps.Z)

