.[mcl] new tab created
[mcl] pid 28577
 ite -------------------  chaos  time hom(avg,lo,hi) expa expb expc fmv
  1  ...................  19.15  0.01 0.92/0.31/1.25 1.98 1.17 1.17  99
  2  ...................  16.96  0.01 0.89/0.31/1.36 1.80 0.64 0.75  99
  3  ...................   9.01  0.01 0.85/0.27/2.37 1.50 0.80 0.60  99
  4  ...................  10.86  0.01 0.80/0.13/1.16 1.01 0.90 0.54  96
  5  ...................  12.36  0.00 0.80/0.28/1.00 1.02 0.91 0.49  95
  6  ...................   2.05  0.00 0.83/0.65/1.00 1.01 0.88 0.43  91
  7  ...................   1.41  0.01 0.84/0.65/1.00 1.00 0.81 0.35  85
  8  ...................   1.86  0.00 0.77/0.54/1.00 1.00 0.73 0.26  75
  9  ...................   1.84  0.00 0.71/0.47/1.00 1.00 0.64 0.16  68
 10  ...................   1.59  0.00 0.82/0.63/1.00 1.00 0.89 0.15  68
 11  ...................   1.00  0.01 0.87/0.62/1.00 1.00 0.61 0.09  68
 12  ...................   0.95  0.00 0.84/0.74/1.00 1.00 0.51 0.05  68
 13  ...................   0.59  0.00 0.79/0.66/1.00 1.00 0.92 0.04  25
 14  ...................   0.96  0.00 0.78/0.50/1.00 1.00 0.94 0.04  20
 15  ...................   1.16  0.00 0.86/0.54/1.00 1.00 0.86 0.03  20
 16  ...................   1.05  0.00 0.96/0.59/1.00 1.00 0.80 0.03  20
 17  ...................   1.11  0.00 0.98/0.65/1.00 1.00 0.57 0.02  17
 18  ...................   0.33  0.00 0.99/0.81/1.00 1.00 0.80 0.01   3
 19  ...................   0.38  0.00 0.99/0.76/1.00 1.00 0.99 0.01   0
 20  ...................   0.21  0.00 0.99/0.83/1.00 1.00 0.90 0.01   0
 21  ...................   0.25  0.00 1.00/0.76/1.00 1.00 1.00 0.01   0
 22  ...................   0.13  0.00 1.00/0.87/1.00 1.00 1.00 0.01   0
 23  ...................   0.01  0.00 1.00/0.99/1.00 1.00 0.98 0.01   0
 24  ...................   0.00  0.00 1.00/1.00/1.00 1.00 0.98 0.01   0
[mcl] jury pruning marks: <99,99,99>, out of 100
[mcl] jury pruning synopsis: <99.0 or perfect> (cf -scheme, -do log)
[mcl] output is in /local/wiwie/ClustEval/repository/results/04_20_2013-17_25_45_paper_sfld_layered_f2/clusters/MCL_norm_sfld_1.127.results
[mcl] 19 clusters found
[mcl] output is in /local/wiwie/ClustEval/repository/results/04_20_2013-17_25_45_paper_sfld_layered_f2/clusters/MCL_norm_sfld_1.127.results

Please cite:
    Stijn van Dongen, Graph Clustering by Flow Simulation.  PhD thesis,
    University of Utrecht, May 2000.
       (  http://www.library.uu.nl/digiarchief/dip/diss/1895620/full.pdf
       or  http://micans.org/mcl/lit/svdthesis.pdf.gz)
OR
    Stijn van Dongen, A cluster algorithm for graphs. Technical
    Report INS-R0010, National Research Institute for Mathematics
    and Computer Science in the Netherlands, Amsterdam, May 2000.
       (  http://www.cwi.nl/ftp/CWIreports/INS/INS-R0010.ps.Z
       or  http://micans.org/mcl/lit/INS-R0010.ps.Z)

