.[mcl] new tab created
[mcl] pid 14226
 ite -------------------  chaos  time hom(avg,lo,hi) expa expb expc fmv
  1  ...................  19.15  0.01 0.92/0.31/1.25 1.98 1.17 1.17  99
  2  ...................  20.68  0.01 0.91/0.46/1.47 1.80 0.83 0.97  99
  3  ...................  20.81  0.01 0.90/0.54/1.41 1.47 0.83 0.81  99
  4  ...................   8.98  0.01 0.86/0.28/1.09 1.45 0.86 0.70  99
  5  ...................   4.24  0.00 0.83/0.26/1.02 1.30 0.86 0.60  97
  6  ...................   3.90  0.00 0.79/0.46/1.00 1.08 0.98 0.59  96
  7  ...................   2.44  0.00 0.79/0.41/1.00 1.00 0.93 0.55  96
  8  ...................   3.08  0.01 0.79/0.36/1.00 1.00 0.96 0.53  96
  9  ...................   4.90  0.01 0.80/0.17/1.00 1.01 0.91 0.48  96
 10  ...................   8.28  0.00 0.81/0.14/1.00 1.00 0.95 0.46  95
 11  ...................  11.29  0.01 0.82/0.30/1.00 1.00 0.96 0.44  95
 12  ...................   7.14  0.00 0.84/0.65/1.00 1.00 0.89 0.39  95
 13  ...................   2.33  0.00 0.84/0.65/1.00 1.00 0.92 0.36  91
 14  ...................   1.89  0.00 0.81/0.60/1.00 1.00 0.90 0.32  88
 15  ...................   1.90  0.00 0.77/0.50/1.00 1.01 0.75 0.24  88
 16  ...................   1.80  0.00 0.73/0.45/1.00 1.00 0.74 0.18  87
 17  ...................   1.87  0.00 0.74/0.50/1.00 1.00 0.90 0.16  73
 18  ...................   1.68  0.00 0.79/0.64/1.00 1.00 0.91 0.15  73
 19  ...................   1.45  0.00 0.84/0.59/1.00 1.00 0.94 0.14  73
 20  ...................   1.30  0.00 0.86/0.61/1.00 1.00 0.87 0.12  73
 21  ...................   0.94  0.00 0.85/0.68/1.00 1.00 0.57 0.07  73
 22  ...................   0.80  0.00 0.82/0.76/1.00 1.00 0.72 0.05  73
 23  ...................   0.80  0.00 0.80/0.72/1.00 1.00 0.97 0.05  30
 24  ...................   0.65  0.00 0.78/0.71/1.00 1.00 0.97 0.05  30
 25  ...................   0.61  0.00 0.77/0.70/1.00 1.00 0.90 0.04  30
 26  ...................   0.85  0.00 0.76/0.55/1.00 1.00 1.00 0.04  24
 27  ...................   1.10  0.00 0.78/0.45/1.00 1.00 0.87 0.04  24
 28  ...................   1.21  0.00 0.83/0.49/1.00 1.00 0.93 0.03  24
 29  ...................   0.94  0.00 0.89/0.59/1.00 1.00 0.84 0.03  17
 30  ...................   1.02  0.00 0.94/0.58/1.00 1.00 1.00 0.03  17
 31  ...................   1.12  0.00 0.97/0.61/1.00 1.00 0.95 0.03  17
 32  ...................   1.13  0.00 0.98/0.64/1.00 1.00 0.60 0.02  17
 33  ...................   0.98  0.00 0.99/0.71/1.00 1.00 0.94 0.02   3
 34  ...................   0.32  0.00 0.99/0.81/1.00 1.00 0.83 0.01   3
 35  ...................   0.36  0.00 0.99/0.79/1.00 1.00 0.94 0.01   0
 36  ...................   0.38  0.00 0.99/0.76/1.00 1.00 1.00 0.01   0
 37  ...................   0.36  0.00 0.99/0.77/1.00 1.00 0.97 0.01   0
 38  ...................   0.20  0.00 0.99/0.83/1.00 1.00 0.95 0.01   0
 39  ...................   0.24  0.00 0.99/0.79/1.00 1.00 1.00 0.01   0
 40  ...................   0.25  0.00 1.00/0.76/1.00 1.00 1.00 0.01   0
 41  ...................   0.22  0.00 1.00/0.79/1.00 1.00 1.00 0.01   0
 42  ...................   0.14  0.00 1.00/0.86/1.00 1.00 1.00 0.01   0
 43  ...................   0.06  0.00 1.00/0.94/1.00 1.00 0.98 0.01   0
 44  ...................   0.01  0.00 1.00/0.99/1.00 1.00 1.00 0.01   0
 45  ...................   0.00  0.00 1.00/1.00/1.00 1.00 1.00 0.01   0
 46  ...................   0.00  0.00 1.00/1.00/1.00 1.00 0.98 0.01   0
[mcl] jury pruning marks: <99,99,99>, out of 100
[mcl] jury pruning synopsis: <99.0 or perfect> (cf -scheme, -do log)
[mcl] output is in /local/wiwie/ClustEval/repository/results/04_20_2013-17_25_45_paper_sfld_layered_f2/clusters/MCL_norm_sfld_1.72.results
[mcl] 13 clusters found
[mcl] output is in /local/wiwie/ClustEval/repository/results/04_20_2013-17_25_45_paper_sfld_layered_f2/clusters/MCL_norm_sfld_1.72.results

Please cite:
    Stijn van Dongen, Graph Clustering by Flow Simulation.  PhD thesis,
    University of Utrecht, May 2000.
       (  http://www.library.uu.nl/digiarchief/dip/diss/1895620/full.pdf
       or  http://micans.org/mcl/lit/svdthesis.pdf.gz)
OR
    Stijn van Dongen, A cluster algorithm for graphs. Technical
    Report INS-R0010, National Research Institute for Mathematics
    and Computer Science in the Netherlands, Amsterdam, May 2000.
       (  http://www.cwi.nl/ftp/CWIreports/INS/INS-R0010.ps.Z
       or  http://micans.org/mcl/lit/INS-R0010.ps.Z)

