.[mcl] new tab created
[mcl] pid 28461
 ite -------------------  chaos  time hom(avg,lo,hi) expa expb expc fmv
  1  ...................  19.15  0.02 0.92/0.31/1.25 1.98 1.17 1.17  99
  2  ...................  17.37  0.01 0.90/0.32/1.36 1.80 0.65 0.75  99
  3  ...................   8.53  0.01 0.86/0.26/2.26 1.51 0.79 0.60  99
  4  ...................  11.91  0.01 0.80/0.16/1.14 1.01 0.91 0.54  96
  5  ...................  12.00  0.01 0.80/0.21/1.00 1.01 0.95 0.51  95
  6  ...................   3.09  0.01 0.83/0.66/1.00 1.01 0.86 0.44  93
  7  ...................   1.34  0.01 0.84/0.65/1.00 1.00 0.85 0.37  85
  8  ...................   1.91  0.01 0.79/0.58/1.00 1.00 0.80 0.30  81
  9  ...................   1.73  0.00 0.71/0.45/1.00 1.00 0.56 0.17  75
 10  ...................   1.66  0.00 0.79/0.65/1.00 1.00 0.86 0.15  68
 11  ...................   1.26  0.00 0.88/0.59/1.00 1.00 0.80 0.12  68
 12  ...................   1.05  0.00 0.85/0.71/1.00 1.00 0.40 0.05  68
 13  ...................   1.01  0.01 0.81/0.67/1.00 1.00 0.95 0.04  25
 14  ...................   0.75  0.00 0.77/0.60/1.00 1.00 0.90 0.04  25
 15  ...................   1.19  0.00 0.81/0.45/1.00 1.00 0.86 0.03  20
 16  ...................   0.91  0.00 0.93/0.59/1.00 1.00 0.81 0.03  20
 17  ...................   1.13  0.00 0.97/0.62/1.00 1.00 0.94 0.03  17
 18  ...................   0.94  0.00 0.98/0.72/1.00 1.00 0.54 0.01  17
 19  ...................   0.35  0.00 0.99/0.79/1.00 1.00 0.88 0.01   3
 20  ...................   0.36  0.00 0.99/0.76/1.00 1.00 0.94 0.01   0
 21  ...................   0.23  0.00 0.99/0.80/1.00 1.00 0.95 0.01   0
 22  ...................   0.23  0.00 1.00/0.78/1.00 1.00 1.00 0.01   0
 23  ...................   0.08  0.00 1.00/0.92/1.00 1.00 0.98 0.01   0
 24  ...................   0.00  0.00 1.00/1.00/1.00 1.00 1.00 0.01   0
 25  ...................   0.00  0.00 1.00/1.00/1.00 1.00 0.98 0.01   0
[mcl] jury pruning marks: <99,99,99>, out of 100
[mcl] jury pruning synopsis: <99.0 or perfect> (cf -scheme, -do log)
[mcl] output is in /local/wiwie/ClustEval/repository/results/04_20_2013-17_25_45_paper_sfld_layered_f2/clusters/MCL_norm_sfld_1.125.results
[mcl] 19 clusters found
[mcl] output is in /local/wiwie/ClustEval/repository/results/04_20_2013-17_25_45_paper_sfld_layered_f2/clusters/MCL_norm_sfld_1.125.results

Please cite:
    Stijn van Dongen, Graph Clustering by Flow Simulation.  PhD thesis,
    University of Utrecht, May 2000.
       (  http://www.library.uu.nl/digiarchief/dip/diss/1895620/full.pdf
       or  http://micans.org/mcl/lit/svdthesis.pdf.gz)
OR
    Stijn van Dongen, A cluster algorithm for graphs. Technical
    Report INS-R0010, National Research Institute for Mathematics
    and Computer Science in the Netherlands, Amsterdam, May 2000.
       (  http://www.cwi.nl/ftp/CWIreports/INS/INS-R0010.ps.Z
       or  http://micans.org/mcl/lit/INS-R0010.ps.Z)

