.[mcl] new tab created
[mcl] pid 49968
 ite -------------------  chaos  time hom(avg,lo,hi) expa expb expc fmv
  1  ...................  19.15  0.01 0.92/0.31/1.25 1.98 1.17 1.17  99
  2  ...................  21.04  0.01 0.90/0.45/1.43 1.80 0.73 0.86  99
  3  ...................   6.10  0.00 0.89/0.41/1.46 1.56 0.80 0.69  99
  4  ...................   4.89  0.00 0.84/0.34/1.01 1.35 0.87 0.60  97
  5  ...................   5.69  0.01 0.80/0.35/1.08 1.01 0.98 0.59  96
  6  ...................   6.45  0.01 0.79/0.12/1.00 1.01 0.92 0.54  96
  7  ...................  11.64  0.01 0.80/0.20/1.00 1.02 0.91 0.49  95
  8  ...................   7.32  0.01 0.82/0.48/1.00 1.01 0.93 0.45  94
  9  ...................   1.64  0.00 0.83/0.62/1.00 1.00 0.91 0.41  94
 10  ...................   1.52  0.01 0.83/0.65/1.00 1.01 0.86 0.35  85
 11  ...................   1.91  0.00 0.78/0.57/1.00 1.00 0.84 0.30  80
 12  ...................   1.88  0.00 0.72/0.46/1.00 1.00 0.68 0.20  80
 13  ...................   1.92  0.00 0.72/0.49/1.00 1.00 0.82 0.17  73
 14  ...................   1.64  0.00 0.80/0.64/1.00 1.00 0.89 0.15  72
 15  ...................   1.22  0.00 0.86/0.59/1.00 1.00 0.81 0.12  72
 16  ...................   0.98  0.00 0.86/0.66/1.00 1.00 0.57 0.07  71
 17  ...................   0.87  0.00 0.84/0.74/1.00 1.00 0.70 0.05  71
 18  ...................   0.80  0.00 0.81/0.68/1.00 1.00 0.95 0.04  28
 19  ...................   0.60  0.00 0.78/0.71/1.00 1.00 0.91 0.04  28
 20  ...................   0.92  0.00 0.78/0.51/1.00 1.00 0.97 0.04  22
 21  ...................   1.20  0.01 0.82/0.46/1.00 1.00 0.87 0.03  22
 22  ...................   0.98  0.00 0.90/0.60/1.00 1.00 0.82 0.03  22
 23  ...................   1.04  0.00 0.95/0.59/1.00 1.00 0.98 0.03  17
 24  ...................   1.14  0.00 0.98/0.63/1.00 1.00 0.94 0.03  17
 25  ...................   1.01  0.00 0.98/0.70/1.00 1.00 0.60 0.02  17
 26  ...................   0.33  0.00 0.99/0.81/1.00 1.00 0.80 0.01   3
 27  ...................   0.37  0.00 0.99/0.77/1.00 1.00 0.95 0.01   0
 28  ...................   0.36  0.00 0.99/0.76/1.00 1.00 0.97 0.01   0
 29  ...................   0.21  0.00 0.99/0.84/1.00 1.00 0.95 0.01   0
 30  ...................   0.25  0.00 0.99/0.77/1.00 1.00 1.00 0.01   0
 31  ...................   0.22  0.00 1.00/0.78/1.00 1.00 1.00 0.01   0
 32  ...................   0.12  0.00 1.00/0.88/1.00 1.00 0.98 0.01   0
 33  ...................   0.03  0.00 1.00/0.97/1.00 1.00 1.00 0.01   0
 34  ...................   0.00  0.00 1.00/1.00/1.00 1.00 1.00 0.01   0
 35  ...................   0.00  0.00 1.00/1.00/1.00 1.00 0.98 0.01   0
[mcl] jury pruning marks: <99,99,99>, out of 100
[mcl] jury pruning synopsis: <99.0 or perfect> (cf -scheme, -do log)
[mcl] output is in /local/wiwie/ClustEval/repository/results/04_20_2013-17_25_45_paper_sfld_layered_f2/clusters/MCL_norm_sfld_1.161.results
[mcl] 15 clusters found
[mcl] output is in /local/wiwie/ClustEval/repository/results/04_20_2013-17_25_45_paper_sfld_layered_f2/clusters/MCL_norm_sfld_1.161.results

Please cite:
    Stijn van Dongen, Graph Clustering by Flow Simulation.  PhD thesis,
    University of Utrecht, May 2000.
       (  http://www.library.uu.nl/digiarchief/dip/diss/1895620/full.pdf
       or  http://micans.org/mcl/lit/svdthesis.pdf.gz)
OR
    Stijn van Dongen, A cluster algorithm for graphs. Technical
    Report INS-R0010, National Research Institute for Mathematics
    and Computer Science in the Netherlands, Amsterdam, May 2000.
       (  http://www.cwi.nl/ftp/CWIreports/INS/INS-R0010.ps.Z
       or  http://micans.org/mcl/lit/INS-R0010.ps.Z)

