.[mcl] new tab created
[mcl] pid 28495
 ite -------------------  chaos  time hom(avg,lo,hi) expa expb expc fmv
  1  ...................  19.15  0.01 0.92/0.31/1.25 1.98 1.17 1.17  99
  2  ...................  17.23  0.02 0.90/0.32/1.36 1.80 0.64 0.75  99
  3  ...................   8.77  0.01 0.86/0.27/2.32 1.50 0.80 0.60  99
  4  ...................  11.35  0.00 0.80/0.14/1.15 1.01 0.91 0.54  96
  5  ...................  12.20  0.01 0.80/0.24/1.00 1.02 0.94 0.51  95
  6  ...................   2.68  0.01 0.83/0.66/1.00 1.01 0.86 0.44  93
  7  ...................   1.34  0.00 0.84/0.65/1.00 1.00 0.81 0.35  85
  8  ...................   1.94  0.01 0.78/0.56/1.00 1.00 0.81 0.28  79
  9  ...................   1.76  0.00 0.71/0.46/1.00 1.00 0.58 0.16  68
 10  ...................   1.63  0.00 0.81/0.65/1.00 1.00 0.89 0.15  68
 11  ...................   1.33  0.00 0.88/0.60/1.00 1.00 0.80 0.12  68
 12  ...................   0.94  0.00 0.84/0.73/1.00 1.00 0.39 0.05  68
 13  ...................   0.90  0.00 0.80/0.67/1.00 1.00 0.95 0.04  25
 14  ...................   0.85  0.00 0.77/0.54/1.00 1.00 0.90 0.04  25
 15  ...................   1.21  0.00 0.84/0.48/1.00 1.00 0.86 0.03  20
 16  ...................   0.99  0.00 0.94/0.58/1.00 1.00 0.82 0.03  20
 17  ...................   1.14  0.00 0.98/0.63/1.00 1.00 0.76 0.02  17
 18  ...................   0.33  0.00 0.99/0.77/1.00 1.00 0.59 0.01  17
 19  ...................   0.37  0.00 0.99/0.77/1.00 1.00 0.99 0.01   0
 20  ...................   0.32  0.00 0.99/0.79/1.00 1.00 0.94 0.01   0
 21  ...................   0.25  0.00 0.99/0.77/1.00 1.00 0.95 0.01   0
 22  ...................   0.19  0.00 1.00/0.81/1.00 1.00 1.00 0.01   0
 23  ...................   0.04  0.00 1.00/0.96/1.00 1.00 0.98 0.01   0
 24  ...................   0.00  0.00 1.00/1.00/1.00 1.00 1.00 0.01   0
 25  ...................   0.00  0.00 1.00/1.00/1.00 1.00 0.98 0.01   0
[mcl] jury pruning marks: <99,99,99>, out of 100
[mcl] jury pruning synopsis: <99.0 or perfect> (cf -scheme, -do log)
[mcl] output is in /local/wiwie/ClustEval/repository/results/04_20_2013-17_25_45_paper_sfld_layered_f2/clusters/MCL_norm_sfld_1.126.results
[mcl] 19 clusters found
[mcl] output is in /local/wiwie/ClustEval/repository/results/04_20_2013-17_25_45_paper_sfld_layered_f2/clusters/MCL_norm_sfld_1.126.results

Please cite:
    Stijn van Dongen, Graph Clustering by Flow Simulation.  PhD thesis,
    University of Utrecht, May 2000.
       (  http://www.library.uu.nl/digiarchief/dip/diss/1895620/full.pdf
       or  http://micans.org/mcl/lit/svdthesis.pdf.gz)
OR
    Stijn van Dongen, A cluster algorithm for graphs. Technical
    Report INS-R0010, National Research Institute for Mathematics
    and Computer Science in the Netherlands, Amsterdam, May 2000.
       (  http://www.cwi.nl/ftp/CWIreports/INS/INS-R0010.ps.Z
       or  http://micans.org/mcl/lit/INS-R0010.ps.Z)

