.[mcl] new tab created
[mcl] pid 2153
 ite -------------------  chaos  time hom(avg,lo,hi) expa expb expc fmv
  1  ...................  19.15  0.01 0.92/0.31/1.25 1.98 1.17 1.17  99
  2  ...................   9.22  0.01 0.89/0.26/1.35 1.80 0.60 0.70  99
  3  ...................   8.59  0.01 0.84/0.38/2.94 1.47 0.84 0.59  99
  4  ...................   9.57  0.01 0.80/0.11/1.29 1.02 0.88 0.52  96
  5  ...................   6.32  0.00 0.82/0.68/1.00 1.02 0.89 0.46  94
  6  ...................   1.26  0.00 0.84/0.65/1.00 1.00 0.81 0.37  90
  7  ...................   1.90  0.00 0.79/0.57/1.00 1.00 0.78 0.29  79
  8  ...................   1.82  0.00 0.72/0.46/1.00 1.00 0.57 0.16  68
  9  ...................   1.56  0.00 0.84/0.61/1.00 1.00 0.89 0.15  68
 10  ...................   1.04  0.00 0.86/0.64/1.00 1.00 0.45 0.07  68
 11  ...................   1.01  0.00 0.82/0.69/1.00 1.00 0.68 0.04  68
 12  ...................   0.72  0.00 0.77/0.62/1.00 1.00 0.90 0.04  25
 13  ...................   1.21  0.00 0.82/0.46/1.00 1.00 0.85 0.03  20
 14  ...................   1.00  0.00 0.95/0.59/1.00 1.00 0.81 0.03  20
 15  ...................   1.12  0.00 0.98/0.65/1.00 1.00 0.57 0.02  17
 16  ...................   0.33  0.00 0.99/0.81/1.00 1.00 0.79 0.01   3
 17  ...................   0.38  0.00 0.99/0.76/1.00 1.00 0.96 0.01   0
 18  ...................   0.23  0.00 0.99/0.81/1.00 1.00 0.92 0.01   0
 19  ...................   0.22  0.00 1.00/0.78/1.00 1.00 1.00 0.01   0
 20  ...................   0.05  0.00 1.00/0.95/1.00 1.00 0.98 0.01   0
 21  ...................   0.00  0.00 1.00/1.00/1.00 1.00 1.00 0.01   0
 22  ...................   0.00  0.00 1.00/1.00/1.00 1.00 0.98 0.01   0
[mcl] jury pruning marks: <99,99,99>, out of 100
[mcl] jury pruning synopsis: <99.0 or perfect> (cf -scheme, -do log)
[mcl] output is in /local/wiwie/ClustEval/repository/results/04_20_2013-17_25_45_paper_sfld_layered_f2/clusters/MCL_norm_sfld_1.5.results
[mcl] 21 clusters found
[mcl] output is in /local/wiwie/ClustEval/repository/results/04_20_2013-17_25_45_paper_sfld_layered_f2/clusters/MCL_norm_sfld_1.5.results

Please cite:
    Stijn van Dongen, Graph Clustering by Flow Simulation.  PhD thesis,
    University of Utrecht, May 2000.
       (  http://www.library.uu.nl/digiarchief/dip/diss/1895620/full.pdf
       or  http://micans.org/mcl/lit/svdthesis.pdf.gz)
OR
    Stijn van Dongen, A cluster algorithm for graphs. Technical
    Report INS-R0010, National Research Institute for Mathematics
    and Computer Science in the Netherlands, Amsterdam, May 2000.
       (  http://www.cwi.nl/ftp/CWIreports/INS/INS-R0010.ps.Z
       or  http://micans.org/mcl/lit/INS-R0010.ps.Z)

