.[mcl] new tab created
[mcl] pid 43998
 ite -------------------  chaos  time hom(avg,lo,hi) expa expb expc fmv
  1  ...................  19.15  0.01 0.92/0.31/1.25 1.98 1.17 1.17  99
  2  ...................   8.17  0.01 0.89/0.24/1.34 1.80 0.57 0.67  99
  3  ...................   8.64  0.01 0.84/0.35/3.28 1.43 0.87 0.58  98
  4  ...................  11.78  0.01 0.80/0.14/1.35 1.02 0.89 0.52  95
  5  ...................   2.97  0.00 0.83/0.66/1.00 1.01 0.85 0.44  91
  6  ...................   1.44  0.00 0.84/0.65/1.00 1.00 0.80 0.35  83
  7  ...................   1.90  0.00 0.75/0.49/1.00 1.00 0.65 0.23  75
  8  ...................   1.69  0.00 0.75/0.56/1.00 1.00 0.63 0.15  68
  9  ...................   1.25  0.00 0.87/0.59/1.00 1.00 0.81 0.12  68
 10  ...................   0.97  0.00 0.84/0.72/1.00 1.00 0.39 0.05  68
 11  ...................   0.58  0.00 0.79/0.66/1.00 1.00 0.87 0.04  25
 12  ...................   1.10  0.00 0.79/0.45/1.00 1.00 0.87 0.03  20
 13  ...................   0.91  0.00 0.92/0.59/1.00 1.00 0.80 0.03  20
 14  ...................   1.14  0.00 0.98/0.63/1.00 1.00 0.76 0.02  17
 15  ...................   0.32  0.00 0.99/0.81/1.00 1.00 0.58 0.01  17
 16  ...................   0.38  0.00 0.99/0.76/1.00 1.00 0.96 0.01   0
 17  ...................   0.23  0.00 0.99/0.80/1.00 1.00 0.92 0.01   0
 18  ...................   0.21  0.00 1.00/0.80/1.00 1.00 1.00 0.01   0
 19  ...................   0.03  0.00 1.00/0.97/1.00 1.00 0.98 0.01   0
 20  ...................   0.00  0.00 1.00/1.00/1.00 1.00 0.98 0.01   0
[mcl] jury pruning marks: <99,99,99>, out of 100
[mcl] jury pruning synopsis: <99.0 or perfect> (cf -scheme, -do log)
[mcl] output is in /local/wiwie/ClustEval/repository/results/04_20_2013-17_25_45_paper_sfld_layered_f2/clusters/MCL_norm_sfld_1.47.results
[mcl] 21 clusters found
[mcl] output is in /local/wiwie/ClustEval/repository/results/04_20_2013-17_25_45_paper_sfld_layered_f2/clusters/MCL_norm_sfld_1.47.results

Please cite:
    Stijn van Dongen, Graph Clustering by Flow Simulation.  PhD thesis,
    University of Utrecht, May 2000.
       (  http://www.library.uu.nl/digiarchief/dip/diss/1895620/full.pdf
       or  http://micans.org/mcl/lit/svdthesis.pdf.gz)
OR
    Stijn van Dongen, A cluster algorithm for graphs. Technical
    Report INS-R0010, National Research Institute for Mathematics
    and Computer Science in the Netherlands, Amsterdam, May 2000.
       (  http://www.cwi.nl/ftp/CWIreports/INS/INS-R0010.ps.Z
       or  http://micans.org/mcl/lit/INS-R0010.ps.Z)

