.[mcl] new tab created
[mcl] pid 56193
 ite -------------------  chaos  time hom(avg,lo,hi) expa expb expc fmv
  1  ...................  19.15  0.02 0.92/0.31/1.25 1.98 1.17 1.17  99
  2  ...................  20.06  0.01 0.90/0.45/1.41 1.80 0.71 0.83  99
  3  ...................   4.91  0.00 0.88/0.31/1.66 1.57 0.76 0.63  99
  4  ...................   8.85  0.00 0.82/0.27/1.04 1.29 0.93 0.59  96
  5  ...................  11.86  0.00 0.79/0.15/1.00 1.01 0.92 0.55  96
  6  ...................  11.26  0.01 0.80/0.16/1.00 1.02 0.95 0.52  95
  7  ...................   7.94  0.01 0.82/0.67/1.00 1.01 0.88 0.46  94
  8  ...................   1.13  0.00 0.83/0.65/1.00 1.01 0.91 0.42  94
  9  ...................   1.53  0.01 0.83/0.65/1.00 1.01 0.85 0.35  85
 10  ...................   1.97  0.00 0.77/0.55/1.00 1.00 0.81 0.29  78
 11  ...................   1.68  0.00 0.71/0.45/1.00 1.00 0.59 0.17  78
 12  ...................   1.77  0.01 0.75/0.56/1.00 1.00 0.89 0.15  71
 13  ...................   1.44  0.00 0.85/0.60/1.00 1.00 0.91 0.14  71
 14  ...................   0.98  0.00 0.87/0.62/1.00 1.00 0.66 0.09  71
 15  ...................   0.89  0.00 0.84/0.73/1.00 1.00 0.52 0.05  71
 16  ...................   0.95  0.00 0.81/0.68/1.00 1.00 0.96 0.05  28
 17  ...................   0.61  0.00 0.78/0.66/1.00 1.00 0.90 0.04  28
 18  ...................   0.98  0.00 0.78/0.49/1.00 1.00 0.86 0.04  22
 19  ...................   1.21  0.00 0.84/0.49/1.00 1.00 0.97 0.03  22
 20  ...................   0.93  0.00 0.93/0.58/1.00 1.00 0.81 0.03  22
 21  ...................   1.11  0.00 0.97/0.61/1.00 1.00 0.97 0.03  17
 22  ...................   1.09  0.00 0.98/0.67/1.00 1.00 0.59 0.02  17
 23  ...................   0.32  0.00 0.99/0.80/1.00 1.00 0.79 0.01   3
 24  ...................   0.37  0.00 0.99/0.78/1.00 1.00 1.00 0.01   0
 25  ...................   0.36  0.00 0.99/0.76/1.00 1.00 0.93 0.01   0
 26  ...................   0.22  0.00 0.99/0.82/1.00 1.00 0.95 0.01   0
 27  ...................   0.25  0.01 1.00/0.76/1.00 1.00 1.00 0.01   0
 28  ...................   0.17  0.00 1.00/0.83/1.00 1.00 1.00 0.01   0
 29  ...................   0.05  0.00 1.00/0.95/1.00 1.00 0.98 0.01   0
 30  ...................   0.00  0.00 1.00/1.00/1.00 1.00 1.00 0.01   0
 31  ...................   0.00  0.00 1.00/1.00/1.00 1.00 0.98 0.01   0
[mcl] jury pruning marks: <99,99,99>, out of 100
[mcl] jury pruning synopsis: <99.0 or perfect> (cf -scheme, -do log)
[mcl] output is in /local/wiwie/ClustEval/repository/results/04_20_2013-17_25_45_paper_sfld_layered_f2/clusters/MCL_norm_sfld_1.252.results
[mcl] 17 clusters found
[mcl] output is in /local/wiwie/ClustEval/repository/results/04_20_2013-17_25_45_paper_sfld_layered_f2/clusters/MCL_norm_sfld_1.252.results

Please cite:
    Stijn van Dongen, Graph Clustering by Flow Simulation.  PhD thesis,
    University of Utrecht, May 2000.
       (  http://www.library.uu.nl/digiarchief/dip/diss/1895620/full.pdf
       or  http://micans.org/mcl/lit/svdthesis.pdf.gz)
OR
    Stijn van Dongen, A cluster algorithm for graphs. Technical
    Report INS-R0010, National Research Institute for Mathematics
    and Computer Science in the Netherlands, Amsterdam, May 2000.
       (  http://www.cwi.nl/ftp/CWIreports/INS/INS-R0010.ps.Z
       or  http://micans.org/mcl/lit/INS-R0010.ps.Z)

