.[mcl] new tab created
[mcl] pid 23023
 ite -------------------  chaos  time hom(avg,lo,hi) expa expb expc fmv
  1  ...................  19.15  0.02 0.92/0.31/1.25 1.98 1.17 1.17  99
  2  ...................   5.58  0.06 0.83/0.15/3.79 1.72 0.45 0.52  99
  3  ...................   1.65  0.01 0.87/0.63/8.65 1.01 0.67 0.35  90
  4  ...................   1.16  0.01 0.87/0.59/1.00 1.00 0.33 0.12  69
  5  ...................   0.66  0.01 0.79/0.62/1.00 1.00 0.34 0.04  68
  6  ...................   1.14  0.00 0.97/0.63/1.00 1.00 0.67 0.03  20
  7  ...................   0.19  0.00 0.99/0.82/1.00 1.00 0.44 0.01  17
  8  ...................   0.01  0.00 1.00/0.99/1.00 1.00 0.95 0.01   0
  9  ...................   0.00  0.00 1.00/1.00/1.00 1.00 0.98 0.01   0
[mcl] jury pruning marks: <99,99,99>, out of 100
[mcl] jury pruning synopsis: <99.0 or perfect> (cf -scheme, -do log)
[mcl] output is in /local/wiwie/ClustEval/repository/results/04_20_2013-17_25_45_paper_sfld_layered_f2/clusters/MCL_norm_sfld_1.30.results
[mcl] 25 clusters found
[mcl] output is in /local/wiwie/ClustEval/repository/results/04_20_2013-17_25_45_paper_sfld_layered_f2/clusters/MCL_norm_sfld_1.30.results

Please cite:
    Stijn van Dongen, Graph Clustering by Flow Simulation.  PhD thesis,
    University of Utrecht, May 2000.
       (  http://www.library.uu.nl/digiarchief/dip/diss/1895620/full.pdf
       or  http://micans.org/mcl/lit/svdthesis.pdf.gz)
OR
    Stijn van Dongen, A cluster algorithm for graphs. Technical
    Report INS-R0010, National Research Institute for Mathematics
    and Computer Science in the Netherlands, Amsterdam, May 2000.
       (  http://www.cwi.nl/ftp/CWIreports/INS/INS-R0010.ps.Z
       or  http://micans.org/mcl/lit/INS-R0010.ps.Z)

