.[mcl] new tab created
[mcl] pid 22160
 ite -------------------  chaos  time hom(avg,lo,hi) expa expb expc fmv
  1  ...................  19.15  0.01 0.92/0.31/1.25 1.98 1.17 1.17  99
  2  ...................   4.34  0.01 0.85/0.39/1.99 1.80 0.48 0.56  99
  3  ...................   2.83  0.01 0.86/0.64/8.81 1.02 0.76 0.43  94
  4  ...................   1.80  0.00 0.74/0.46/1.00 1.00 0.45 0.19  83
  5  ...................   1.02  0.00 0.87/0.61/1.00 1.00 0.46 0.09  69
  6  ...................   0.67  0.01 0.78/0.62/1.00 1.00 0.45 0.04  68
  7  ...................   1.07  0.00 0.96/0.59/1.00 1.00 0.69 0.03  20
  8  ...................   0.36  0.00 0.99/0.78/1.00 1.00 0.46 0.01  17
  9  ...................   0.25  0.00 1.00/0.76/1.00 1.00 0.89 0.01   0
 10  ...................   0.00  0.00 1.00/1.00/1.00 1.00 0.98 0.01   0
 11  ...................   0.00  0.00 1.00/1.00/1.00 1.00 0.98 0.01   0
[mcl] jury pruning marks: <99,99,99>, out of 100
[mcl] jury pruning synopsis: <99.0 or perfect> (cf -scheme, -do log)
[mcl] output is in /local/wiwie/ClustEval/repository/results/04_20_2013-17_25_45_paper_sfld_layered_f2/clusters/MCL_norm_sfld_1.18.results
[mcl] 25 clusters found
[mcl] output is in /local/wiwie/ClustEval/repository/results/04_20_2013-17_25_45_paper_sfld_layered_f2/clusters/MCL_norm_sfld_1.18.results

Please cite:
    Stijn van Dongen, Graph Clustering by Flow Simulation.  PhD thesis,
    University of Utrecht, May 2000.
       (  http://www.library.uu.nl/digiarchief/dip/diss/1895620/full.pdf
       or  http://micans.org/mcl/lit/svdthesis.pdf.gz)
OR
    Stijn van Dongen, A cluster algorithm for graphs. Technical
    Report INS-R0010, National Research Institute for Mathematics
    and Computer Science in the Netherlands, Amsterdam, May 2000.
       (  http://www.cwi.nl/ftp/CWIreports/INS/INS-R0010.ps.Z
       or  http://micans.org/mcl/lit/INS-R0010.ps.Z)

