.[mcl] new tab created
[mcl] pid 21818
 ite -------------------  chaos  time hom(avg,lo,hi) expa expb expc fmv
  1  ...................  19.15  0.01 0.92/0.31/1.25 1.98 1.17 1.17  99
  2  ...................   6.08  0.01 0.87/0.41/1.58 1.80 0.50 0.58  99
  3  ...................  12.04  0.01 0.85/0.39/8.51 1.03 0.81 0.47  96
  4  ...................   1.74  0.00 0.83/0.61/1.00 1.00 0.75 0.35  84
  5  ...................   1.68  0.00 0.76/0.57/1.00 1.00 0.41 0.14  71
  6  ...................   1.09  0.01 0.86/0.69/1.00 1.00 0.32 0.05  68
  7  ...................   0.80  0.00 0.78/0.58/1.00 1.00 0.86 0.04  25
  8  ...................   1.02  0.00 0.95/0.59/1.00 1.00 0.69 0.03  20
  9  ...................   0.33  0.00 0.99/0.81/1.00 1.00 0.46 0.01  17
 10  ...................   0.21  0.00 0.99/0.84/1.00 1.00 0.89 0.01   0
 11  ...................   0.10  0.00 1.00/0.90/1.00 1.00 0.98 0.01   0
 12  ...................   0.00  0.00 1.00/1.00/1.00 1.00 0.98 0.01   0
[mcl] jury pruning marks: <99,99,99>, out of 100
[mcl] jury pruning synopsis: <99.0 or perfect> (cf -scheme, -do log)
[mcl] output is in /local/wiwie/ClustEval/repository/results/04_20_2013-17_25_45_paper_sfld_layered_f2/clusters/MCL_norm_sfld_1.13.results
[mcl] 24 clusters found
[mcl] output is in /local/wiwie/ClustEval/repository/results/04_20_2013-17_25_45_paper_sfld_layered_f2/clusters/MCL_norm_sfld_1.13.results

Please cite:
    Stijn van Dongen, Graph Clustering by Flow Simulation.  PhD thesis,
    University of Utrecht, May 2000.
       (  http://www.library.uu.nl/digiarchief/dip/diss/1895620/full.pdf
       or  http://micans.org/mcl/lit/svdthesis.pdf.gz)
OR
    Stijn van Dongen, A cluster algorithm for graphs. Technical
    Report INS-R0010, National Research Institute for Mathematics
    and Computer Science in the Netherlands, Amsterdam, May 2000.
       (  http://www.cwi.nl/ftp/CWIreports/INS/INS-R0010.ps.Z
       or  http://micans.org/mcl/lit/INS-R0010.ps.Z)

