.[mcl] new tab created
[mcl] pid 61644
 ite -------------------  chaos  time hom(avg,lo,hi) expa expb expc fmv
  1  ...................  19.15  0.02 0.92/0.31/1.25 1.98 1.17 1.17  99
  2  ...................   8.34  0.01 0.89/0.23/1.34 1.80 0.57 0.66  99
  3  ...................   8.51  0.01 0.83/0.31/3.50 1.42 0.87 0.57  98
  4  ...................  12.90  0.01 0.81/0.17/1.38 1.02 0.89 0.51  95
  5  ...................   1.97  0.01 0.83/0.65/1.00 1.00 0.84 0.43  91
  6  ...................   1.62  0.00 0.83/0.65/1.00 1.00 0.82 0.35  83
  7  ...................   1.88  0.01 0.73/0.46/1.00 1.00 0.57 0.20  75
  8  ...................   1.65  0.00 0.79/0.64/1.00 1.00 0.72 0.15  68
  9  ...................   1.01  0.00 0.87/0.61/1.00 1.00 0.61 0.09  68
 10  ...................   1.00  0.00 0.82/0.72/1.00 1.00 0.52 0.05  68
 11  ...................   0.70  0.00 0.77/0.63/1.00 1.00 0.87 0.04  25
 12  ...................   1.21  0.00 0.83/0.47/1.00 1.00 0.85 0.03  20
 13  ...................   1.05  0.00 0.96/0.59/1.00 1.00 0.81 0.03  20
 14  ...................   1.04  0.00 0.98/0.68/1.00 1.00 0.55 0.02  17
 15  ...................   0.36  0.00 0.99/0.79/1.00 1.00 0.81 0.01   3
 16  ...................   0.32  0.00 0.99/0.79/1.00 1.00 0.94 0.01   0
 17  ...................   0.25  0.00 1.00/0.76/1.00 1.00 0.95 0.01   0
 18  ...................   0.11  0.00 1.00/0.89/1.00 1.00 0.98 0.01   0
 19  ...................   0.00  0.00 1.00/1.00/1.00 1.00 1.00 0.01   0
 20  ...................   0.00  0.00 1.00/1.00/1.00 1.00 0.98 0.01   0
[mcl] jury pruning marks: <99,99,99>, out of 100
[mcl] jury pruning synopsis: <99.0 or perfect> (cf -scheme, -do log)
[mcl] output is in /local/wiwie/ClustEval/repository/results/04_20_2013-17_25_45_paper_sfld_layered_f2/clusters/MCL_norm_sfld_1.94.results
[mcl] 21 clusters found
[mcl] output is in /local/wiwie/ClustEval/repository/results/04_20_2013-17_25_45_paper_sfld_layered_f2/clusters/MCL_norm_sfld_1.94.results

Please cite:
    Stijn van Dongen, Graph Clustering by Flow Simulation.  PhD thesis,
    University of Utrecht, May 2000.
       (  http://www.library.uu.nl/digiarchief/dip/diss/1895620/full.pdf
       or  http://micans.org/mcl/lit/svdthesis.pdf.gz)
OR
    Stijn van Dongen, A cluster algorithm for graphs. Technical
    Report INS-R0010, National Research Institute for Mathematics
    and Computer Science in the Netherlands, Amsterdam, May 2000.
       (  http://www.cwi.nl/ftp/CWIreports/INS/INS-R0010.ps.Z
       or  http://micans.org/mcl/lit/INS-R0010.ps.Z)

