.[mcl] new tab created
[mcl] pid 31221
 ite -------------------  chaos  time hom(avg,lo,hi) expa expb expc fmv
  1  ...................  19.15  0.01 0.92/0.31/1.25 1.98 1.17 1.17  99
  2  ...................  20.13  0.01 0.90/0.43/1.40 1.80 0.70 0.82  99
  3  ...................   5.06  0.00 0.88/0.29/1.73 1.51 0.76 0.62  99
  4  ...................   9.83  0.00 0.82/0.26/1.16 1.25 0.94 0.59  96
  5  ...................  12.35  0.01 0.79/0.12/1.00 1.01 0.92 0.54  96
  6  ...................  11.96  0.01 0.81/0.22/1.00 1.01 0.92 0.50  95
  7  ...................   5.06  0.01 0.83/0.67/1.00 1.01 0.90 0.45  94
  8  ...................   1.21  0.01 0.83/0.65/1.00 1.01 0.87 0.39  93
  9  ...................   1.75  0.01 0.82/0.46/1.00 1.00 0.91 0.35  81
 10  ...................   1.89  0.01 0.75/0.49/1.00 1.00 0.68 0.24  78
 11  ...................   1.82  0.00 0.71/0.46/1.00 1.00 0.69 0.17  71
 12  ...................   1.66  0.00 0.79/0.66/1.00 1.00 0.89 0.15  71
 13  ...................   1.22  0.00 0.87/0.59/1.00 1.00 0.80 0.12  71
 14  ...................   1.01  0.01 0.86/0.67/1.00 1.00 0.57 0.07  71
 15  ...................   0.92  0.00 0.83/0.71/1.00 1.00 0.69 0.05  71
 16  ...................   0.63  0.00 0.80/0.68/1.00 1.00 0.94 0.04  28
 17  ...................   0.82  0.00 0.77/0.56/1.00 1.00 0.92 0.04  28
 18  ...................   1.18  0.00 0.81/0.45/1.00 1.00 0.87 0.03  21
 19  ...................   0.95  0.00 0.90/0.59/1.00 1.00 0.82 0.03  21
 20  ...................   1.07  0.00 0.96/0.60/1.00 1.00 0.95 0.03  17
 21  ...................   1.13  0.00 0.98/0.65/1.00 1.00 0.59 0.02  17
 22  ...................   0.46  0.00 0.99/0.77/1.00 1.00 0.80 0.01   3
 23  ...................   0.36  0.00 0.99/0.79/1.00 1.00 0.97 0.01   0
 24  ...................   0.37  0.00 0.99/0.76/1.00 1.00 0.93 0.01   0
 25  ...................   0.21  0.00 0.99/0.83/1.00 1.00 0.95 0.01   0
 26  ...................   0.25  0.00 1.00/0.76/1.00 1.00 1.00 0.01   0
 27  ...................   0.19  0.00 1.00/0.81/1.00 1.00 1.00 0.01   0
 28  ...................   0.06  0.00 1.00/0.94/1.00 1.00 0.98 0.01   0
 29  ...................   0.00  0.00 1.00/1.00/1.00 1.00 1.00 0.01   0
 30  ...................   0.00  0.00 1.00/1.00/1.00 1.00 0.98 0.01   0
[mcl] jury pruning marks: <99,99,99>, out of 100
[mcl] jury pruning synopsis: <99.0 or perfect> (cf -scheme, -do log)
[mcl] output is in /local/wiwie/ClustEval/repository/results/04_20_2013-17_25_45_paper_sfld_layered_f2/clusters/MCL_norm_sfld_1.149.results
[mcl] 17 clusters found
[mcl] output is in /local/wiwie/ClustEval/repository/results/04_20_2013-17_25_45_paper_sfld_layered_f2/clusters/MCL_norm_sfld_1.149.results

Please cite:
    Stijn van Dongen, Graph Clustering by Flow Simulation.  PhD thesis,
    University of Utrecht, May 2000.
       (  http://www.library.uu.nl/digiarchief/dip/diss/1895620/full.pdf
       or  http://micans.org/mcl/lit/svdthesis.pdf.gz)
OR
    Stijn van Dongen, A cluster algorithm for graphs. Technical
    Report INS-R0010, National Research Institute for Mathematics
    and Computer Science in the Netherlands, Amsterdam, May 2000.
       (  http://www.cwi.nl/ftp/CWIreports/INS/INS-R0010.ps.Z
       or  http://micans.org/mcl/lit/INS-R0010.ps.Z)

