.[mcl] new tab created
[mcl] pid 14665
 ite -------------------  chaos  time hom(avg,lo,hi) expa expb expc fmv
  1  ...................  19.15  0.01 0.92/0.31/1.25 1.98 1.17 1.17  99
  2  ...................  21.07  0.01 0.91/0.47/1.46 1.80 0.80 0.94  99
  3  ...................  18.93  0.01 0.90/0.52/1.30 1.47 0.83 0.78  99
  4  ...................   5.02  0.01 0.85/0.28/1.00 1.40 0.85 0.66  99
  5  ...................   4.42  0.01 0.82/0.29/1.07 1.27 0.90 0.60  96
  6  ...................   3.52  0.01 0.81/0.41/1.36 1.00 0.98 0.59  96
  7  ...................   3.70  0.00 0.77/0.29/1.00 1.01 0.92 0.54  96
  8  ...................   6.45  0.00 0.79/0.13/1.00 1.01 0.96 0.52  96
  9  ...................  10.15  0.01 0.81/0.17/1.00 1.01 0.91 0.48  95
 10  ...................  10.32  0.00 0.82/0.48/1.00 1.00 0.93 0.44  95
 11  ...................   4.00  0.01 0.84/0.65/1.00 1.00 0.91 0.40  95
 12  ...................   1.50  0.00 0.84/0.65/1.00 1.00 0.89 0.36  91
 13  ...................   1.87  0.01 0.81/0.59/1.00 1.01 0.89 0.32  88
 14  ...................   1.92  0.00 0.76/0.50/1.00 1.00 0.75 0.24  87
 15  ...................   1.76  0.00 0.73/0.45/1.00 1.00 0.72 0.17  73
 16  ...................   1.83  0.00 0.75/0.53/1.00 1.00 0.92 0.16  73
 17  ...................   1.63  0.00 0.81/0.62/1.00 1.00 0.94 0.15  73
 18  ...................   1.21  0.00 0.86/0.59/1.00 1.00 0.81 0.12  73
 19  ...................   0.98  0.00 0.85/0.64/1.00 1.00 0.77 0.09  73
 20  ...................   0.93  0.00 0.83/0.73/1.00 1.00 0.60 0.06  73
 21  ...................   0.82  0.00 0.81/0.73/1.00 1.00 0.90 0.05  73
 22  ...................   0.76  0.00 0.79/0.70/1.00 1.00 0.95 0.05  30
 23  ...................   0.58  0.00 0.77/0.71/1.00 1.00 0.88 0.04  30
 24  ...................   0.84  0.00 0.76/0.55/1.00 1.00 1.00 0.04  24
 25  ...................   1.11  0.00 0.78/0.45/1.00 1.00 0.87 0.04  24
 26  ...................   1.20  0.00 0.84/0.50/1.00 1.00 0.93 0.03  24
 27  ...................   0.88  0.00 0.90/0.59/1.00 1.00 0.84 0.03  17
 28  ...................   1.05  0.00 0.95/0.59/1.00 1.00 1.00 0.03  17
 29  ...................   1.14  0.00 0.97/0.62/1.00 1.00 0.95 0.03  17
 30  ...................   1.09  0.00 0.98/0.67/1.00 1.00 0.59 0.02  17
 31  ...................   0.82  0.00 0.99/0.76/1.00 1.00 0.87 0.01   3
 32  ...................   0.34  0.00 0.99/0.80/1.00 1.00 0.91 0.01   3
 33  ...................   0.37  0.00 0.99/0.77/1.00 1.00 0.94 0.01   0
 34  ...................   0.37  0.00 0.99/0.76/1.00 1.00 0.97 0.01   0
 35  ...................   0.20  0.00 0.99/0.82/1.00 1.00 0.98 0.01   0
 36  ...................   0.24  0.00 0.99/0.78/1.00 1.00 0.97 0.01   0
 37  ...................   0.25  0.01 1.00/0.76/1.00 1.00 1.00 0.01   0
 38  ...................   0.19  0.00 1.00/0.81/1.00 1.00 1.00 0.01   0
 39  ...................   0.10  0.00 1.00/0.90/1.00 1.00 0.98 0.01   0
 40  ...................   0.03  0.00 1.00/0.97/1.00 1.00 1.00 0.01   0
 41  ...................   0.00  0.00 1.00/1.00/1.00 1.00 1.00 0.01   0
 42  ...................   0.00  0.00 1.00/1.00/1.00 1.00 0.98 0.01   0
[mcl] jury pruning marks: <99,99,99>, out of 100
[mcl] jury pruning synopsis: <99.0 or perfect> (cf -scheme, -do log)
[mcl] output is in /local/wiwie/ClustEval/repository/results/04_20_2013-17_25_45_paper_sfld_layered_f2/clusters/MCL_norm_sfld_1.73.results
[mcl] 13 clusters found
[mcl] output is in /local/wiwie/ClustEval/repository/results/04_20_2013-17_25_45_paper_sfld_layered_f2/clusters/MCL_norm_sfld_1.73.results

Please cite:
    Stijn van Dongen, Graph Clustering by Flow Simulation.  PhD thesis,
    University of Utrecht, May 2000.
       (  http://www.library.uu.nl/digiarchief/dip/diss/1895620/full.pdf
       or  http://micans.org/mcl/lit/svdthesis.pdf.gz)
OR
    Stijn van Dongen, A cluster algorithm for graphs. Technical
    Report INS-R0010, National Research Institute for Mathematics
    and Computer Science in the Netherlands, Amsterdam, May 2000.
       (  http://www.cwi.nl/ftp/CWIreports/INS/INS-R0010.ps.Z
       or  http://micans.org/mcl/lit/INS-R0010.ps.Z)

