.[mcl] new tab created
[mcl] pid 55035
 ite -------------------  chaos  time hom(avg,lo,hi) expa expb expc fmv
  1  ...................  19.15  0.01 0.92/0.31/1.25 1.98 1.17 1.17  99
  2  ...................  20.32  0.01 0.90/0.45/1.41 1.80 0.71 0.83  99
  3  ...................   5.28  0.00 0.88/0.33/1.61 1.57 0.78 0.65  99
  4  ...................   8.33  0.00 0.82/0.28/1.03 1.32 0.92 0.59  96
  5  ...................  10.59  0.00 0.79/0.18/1.00 1.01 0.92 0.55  96
  6  ...................  10.77  0.01 0.80/0.13/1.00 1.02 0.96 0.52  95
  7  ...................   9.78  0.01 0.82/0.49/1.05 1.01 0.91 0.48  94
  8  ...................   1.89  0.00 0.83/0.63/1.00 1.01 0.89 0.42  94
  9  ...................   1.40  0.00 0.82/0.34/1.00 1.01 0.84 0.35  88
 10  ...................   1.88  0.00 0.79/0.58/1.00 1.00 0.86 0.31  80
 11  ...................   1.87  0.00 0.72/0.46/1.00 1.00 0.66 0.20  78
 12  ...................   1.81  0.00 0.73/0.50/1.00 1.00 0.77 0.16  71
 13  ...................   1.60  0.00 0.82/0.62/1.00 1.00 0.94 0.15  71
 14  ...................   1.29  0.00 0.87/0.60/1.00 1.00 0.80 0.12  71
 15  ...................   1.00  0.01 0.86/0.70/1.00 1.00 0.49 0.06  71
 16  ...................   0.91  0.00 0.83/0.71/1.00 1.00 0.80 0.05  71
 17  ...................   0.57  0.00 0.80/0.68/1.00 1.00 0.92 0.04  28
 18  ...................   0.81  0.00 0.78/0.57/1.00 1.00 0.93 0.04  22
 19  ...................   1.16  0.00 0.81/0.45/1.00 1.00 0.87 0.03  22
 20  ...................   1.04  0.00 0.89/0.60/1.00 1.00 0.82 0.03  22
 21  ...................   1.04  0.00 0.95/0.59/1.00 1.00 0.98 0.03  17
 22  ...................   1.14  0.00 0.97/0.63/1.00 1.00 0.78 0.02  17
 23  ...................   0.95  0.00 0.98/0.72/1.00 1.00 0.71 0.02  17
 24  ...................   0.34  0.00 0.99/0.80/1.00 1.00 0.83 0.01   3
 25  ...................   0.38  0.00 0.99/0.76/1.00 1.00 0.95 0.01   0
 26  ...................   0.33  0.00 0.99/0.78/1.00 1.00 0.97 0.01   0
 27  ...................   0.24  0.00 0.99/0.79/1.00 1.00 0.95 0.01   0
 28  ...................   0.24  0.00 1.00/0.76/1.00 1.00 1.00 0.01   0
 29  ...................   0.15  0.00 1.00/0.85/1.00 1.00 1.00 0.01   0
 30  ...................   0.04  0.00 1.00/0.96/1.00 1.00 0.98 0.01   0
 31  ...................   0.00  0.00 1.00/1.00/1.00 1.00 1.00 0.01   0
 32  ...................   0.00  0.00 1.00/1.00/1.00 1.00 0.98 0.01   0
[mcl] jury pruning marks: <99,99,99>, out of 100
[mcl] jury pruning synopsis: <99.0 or perfect> (cf -scheme, -do log)
[mcl] output is in /local/wiwie/ClustEval/repository/results/04_20_2013-17_25_45_paper_sfld_layered_f2/clusters/MCL_norm_sfld_1.235.results
[mcl] 16 clusters found
[mcl] output is in /local/wiwie/ClustEval/repository/results/04_20_2013-17_25_45_paper_sfld_layered_f2/clusters/MCL_norm_sfld_1.235.results

Please cite:
    Stijn van Dongen, Graph Clustering by Flow Simulation.  PhD thesis,
    University of Utrecht, May 2000.
       (  http://www.library.uu.nl/digiarchief/dip/diss/1895620/full.pdf
       or  http://micans.org/mcl/lit/svdthesis.pdf.gz)
OR
    Stijn van Dongen, A cluster algorithm for graphs. Technical
    Report INS-R0010, National Research Institute for Mathematics
    and Computer Science in the Netherlands, Amsterdam, May 2000.
       (  http://www.cwi.nl/ftp/CWIreports/INS/INS-R0010.ps.Z
       or  http://micans.org/mcl/lit/INS-R0010.ps.Z)

