.[mcl] new tab created
[mcl] pid 27429
 ite -------------------  chaos  time hom(avg,lo,hi) expa expb expc fmv
  1  ...................  19.15  0.01 0.92/0.31/1.25 1.98 1.17 1.17  99
  2  ...................  20.83  0.02 0.90/0.45/1.42 1.80 0.72 0.84  99
  3  ...................   5.43  0.01 0.88/0.38/1.51 1.57 0.80 0.67  99
  4  ...................   6.26  0.01 0.83/0.32/1.02 1.34 0.89 0.60  97
  5  ...................   8.19  0.00 0.80/0.27/1.00 1.01 0.95 0.57  96
  6  ...................   8.04  0.00 0.79/0.11/1.19 1.01 0.93 0.53  96
  7  ...................  12.45  0.00 0.80/0.30/1.00 1.01 0.91 0.48  95
  8  ...................   3.88  0.01 0.82/0.66/1.00 1.01 0.91 0.44  94
  9  ...................   1.25  0.00 0.83/0.65/1.00 1.00 0.87 0.38  94
 10  ...................   1.75  0.00 0.82/0.63/1.00 1.00 0.93 0.35  83
 11  ...................   1.87  0.00 0.75/0.50/1.00 1.00 0.71 0.25  80
 12  ...................   1.76  0.01 0.71/0.44/1.00 1.00 0.68 0.17  80
 13  ...................   1.70  0.00 0.75/0.57/1.00 1.00 0.86 0.15  73
 14  ...................   1.44  0.00 0.84/0.60/1.00 1.00 0.93 0.14  73
 15  ...................   0.97  0.00 0.87/0.62/1.00 1.00 0.66 0.09  72
 16  ...................   0.99  0.00 0.85/0.72/1.00 1.00 0.53 0.05  71
 17  ...................   0.90  0.00 0.82/0.70/1.00 1.00 0.95 0.05  28
 18  ...................   0.56  0.00 0.79/0.69/1.00 1.00 0.90 0.04  28
 19  ...................   0.82  0.00 0.78/0.56/1.00 1.00 0.97 0.04  22
 20  ...................   1.15  0.00 0.80/0.45/1.00 1.00 0.87 0.03  22
 21  ...................   1.09  0.00 0.88/0.58/1.00 1.00 0.97 0.03  22
 22  ...................   1.01  0.01 0.95/0.59/1.00 1.00 0.83 0.03  22
 23  ...................   1.14  0.00 0.97/0.62/1.00 1.00 0.94 0.03  17
 24  ...................   1.04  0.00 0.98/0.69/1.00 1.00 0.60 0.02  17
 25  ...................   0.33  0.00 0.99/0.81/1.00 1.00 0.80 0.01   3
 26  ...................   0.37  0.00 0.99/0.78/1.00 1.00 1.00 0.01   0
 27  ...................   0.36  0.00 0.99/0.76/1.00 1.00 0.93 0.01   0
 28  ...................   0.21  0.00 0.99/0.83/1.00 1.00 0.95 0.01   0
 29  ...................   0.25  0.00 0.99/0.77/1.00 1.00 1.00 0.01   0
 30  ...................   0.21  0.00 1.00/0.79/1.00 1.00 1.00 0.01   0
 31  ...................   0.10  0.00 1.00/0.90/1.00 1.00 0.98 0.01   0
 32  ...................   0.02  0.00 1.00/0.98/1.00 1.00 1.00 0.01   0
 33  ...................   0.00  0.00 1.00/1.00/1.00 1.00 1.00 0.01   0
 34  ...................   0.00  0.00 1.00/1.00/1.00 1.00 0.98 0.01   0
[mcl] jury pruning marks: <99,99,99>, out of 100
[mcl] jury pruning synopsis: <99.0 or perfect> (cf -scheme, -do log)
[mcl] output is in /local/wiwie/ClustEval/repository/results/04_20_2013-17_25_45_paper_sfld_layered_f2/clusters/MCL_norm_sfld_1.110.results
[mcl] 15 clusters found
[mcl] output is in /local/wiwie/ClustEval/repository/results/04_20_2013-17_25_45_paper_sfld_layered_f2/clusters/MCL_norm_sfld_1.110.results

Please cite:
    Stijn van Dongen, Graph Clustering by Flow Simulation.  PhD thesis,
    University of Utrecht, May 2000.
       (  http://www.library.uu.nl/digiarchief/dip/diss/1895620/full.pdf
       or  http://micans.org/mcl/lit/svdthesis.pdf.gz)
OR
    Stijn van Dongen, A cluster algorithm for graphs. Technical
    Report INS-R0010, National Research Institute for Mathematics
    and Computer Science in the Netherlands, Amsterdam, May 2000.
       (  http://www.cwi.nl/ftp/CWIreports/INS/INS-R0010.ps.Z
       or  http://micans.org/mcl/lit/INS-R0010.ps.Z)

