.[mcl] new tab created
[mcl] pid 22844
 ite -------------------  chaos  time hom(avg,lo,hi) expa expb expc fmv
  1  ...................  19.15  0.01 0.92/0.31/1.25 1.98 1.17 1.17  99
  2  ...................  20.22  0.01 0.91/0.44/1.47 1.80 0.86 1.00  99
  3  ...................  20.74  0.01 0.90/0.53/1.41 1.64 0.85 0.85  99
  4  ...................  18.19  0.00 0.87/0.28/1.30 1.44 0.88 0.75  99
  5  ...................   5.99  0.00 0.83/0.25/1.00 1.30 0.87 0.65  97
  6  ...................   4.35  0.00 0.80/0.39/1.00 1.19 0.91 0.59  96
  7  ...................   3.04  0.00 0.79/0.43/1.00 1.00 0.95 0.56  96
  8  ...................   2.05  0.01 0.79/0.43/1.00 1.00 0.95 0.54  96
  9  ...................   2.36  0.01 0.79/0.50/1.00 1.00 0.97 0.52  96
 10  ...................   3.51  0.00 0.81/0.30/1.00 1.00 0.91 0.48  96
 11  ...................   5.68  0.01 0.82/0.17/1.00 1.00 0.94 0.45  96
 12  ...................   9.02  0.01 0.83/0.17/1.00 1.00 0.94 0.43  95
 13  ...................   9.86  0.00 0.84/0.33/1.00 1.00 0.89 0.38  95
 14  ...................   7.00  0.01 0.84/0.64/1.00 1.00 0.94 0.36  91
 15  ...................   2.62  0.00 0.81/0.59/1.00 1.00 0.88 0.31  88
 16  ...................   1.91  0.00 0.76/0.50/1.00 1.00 0.78 0.24  88
 17  ...................   1.83  0.00 0.73/0.45/1.00 1.00 0.76 0.19  88
 18  ...................   1.91  0.00 0.73/0.49/1.00 1.00 0.90 0.17  73
 19  ...................   1.70  0.00 0.77/0.61/1.00 1.00 0.89 0.15  73
 20  ...................   1.59  0.00 0.83/0.60/1.00 1.00 1.00 0.15  73
 21  ...................   1.24  0.01 0.86/0.60/1.00 1.00 0.81 0.12  73
 22  ...................   1.00  0.00 0.85/0.66/1.00 1.00 0.77 0.09  73
 23  ...................   0.80  0.00 0.83/0.74/1.00 1.00 0.59 0.05  73
 24  ...................   0.77  0.00 0.81/0.74/1.00 1.00 0.91 0.05  73
 25  ...................   0.71  0.00 0.80/0.72/1.00 1.00 0.95 0.05  30
 26  ...................   0.57  0.00 0.78/0.71/1.00 1.00 0.91 0.04  30
 27  ...................   0.68  0.00 0.76/0.65/1.00 1.00 0.97 0.04  24
 28  ...................   0.91  0.00 0.76/0.52/1.00 1.00 1.00 0.04  24
 29  ...................   1.14  0.00 0.78/0.45/1.00 1.00 0.87 0.04  24
 30  ...................   1.20  0.00 0.84/0.50/1.00 1.00 0.91 0.03  24
 31  ...................   0.93  0.00 0.90/0.59/1.00 1.00 0.86 0.03  17
 32  ...................   1.01  0.00 0.94/0.59/1.00 1.00 1.00 0.03  17
 33  ...................   1.12  0.00 0.97/0.61/1.00 1.00 0.95 0.03  17
 34  ...................   1.14  0.00 0.98/0.64/1.00 1.00 0.60 0.02  17
 35  ...................   1.03  0.00 0.98/0.69/1.00 1.00 0.94 0.02   3
 36  ...................   0.32  0.00 0.99/0.78/1.00 1.00 0.83 0.01   3
 37  ...................   0.35  0.00 0.99/0.79/1.00 1.00 1.00 0.01   0
 38  ...................   0.37  0.00 0.99/0.77/1.00 1.00 0.94 0.01   0
 39  ...................   0.37  0.00 0.99/0.76/1.00 1.00 0.97 0.01   0
 40  ...................   0.31  0.00 0.99/0.79/1.00 1.00 1.00 0.01   0
 41  ...................   0.22  0.00 0.99/0.82/1.00 1.00 0.95 0.01   0
 42  ...................   0.25  0.00 0.99/0.77/1.00 1.00 1.00 0.01   0
 43  ...................   0.24  0.00 1.00/0.76/1.00 1.00 1.00 0.01   0
 44  ...................   0.19  0.00 1.00/0.81/1.00 1.00 1.00 0.01   0
 45  ...................   0.12  0.00 1.00/0.88/1.00 1.00 0.98 0.01   0
 46  ...................   0.05  0.00 1.00/0.95/1.00 1.00 1.00 0.01   0
 47  ...................   0.01  0.00 1.00/0.99/1.00 1.00 1.00 0.01   0
 48  ...................   0.00  0.00 1.00/1.00/1.00 1.00 1.00 0.01   0
 49  ...................   0.00  0.00 1.00/1.00/1.00 1.00 0.98 0.01   0
[mcl] jury pruning marks: <99,99,99>, out of 100
[mcl] jury pruning synopsis: <99.0 or perfect> (cf -scheme, -do log)
[mcl] output is in /local/wiwie/ClustEval/repository/results/04_20_2013-17_25_45_paper_sfld_layered_f2/clusters/MCL_norm_sfld_1.99.results
[mcl] 13 clusters found
[mcl] output is in /local/wiwie/ClustEval/repository/results/04_20_2013-17_25_45_paper_sfld_layered_f2/clusters/MCL_norm_sfld_1.99.results

Please cite:
    Stijn van Dongen, Graph Clustering by Flow Simulation.  PhD thesis,
    University of Utrecht, May 2000.
       (  http://www.library.uu.nl/digiarchief/dip/diss/1895620/full.pdf
       or  http://micans.org/mcl/lit/svdthesis.pdf.gz)
OR
    Stijn van Dongen, A cluster algorithm for graphs. Technical
    Report INS-R0010, National Research Institute for Mathematics
    and Computer Science in the Netherlands, Amsterdam, May 2000.
       (  http://www.cwi.nl/ftp/CWIreports/INS/INS-R0010.ps.Z
       or  http://micans.org/mcl/lit/INS-R0010.ps.Z)

