.[mcl] new tab created
[mcl] pid 26022
 ite -------------------  chaos  time hom(avg,lo,hi) expa expb expc fmv
  1  ...................  19.15  0.01 0.92/0.31/1.25 1.98 1.17 1.17  99
  2  ...................   6.22  0.01 0.88/0.22/1.36 1.80 0.52 0.60  99
  3  ...................   6.36  0.01 0.83/0.12/5.59 1.06 0.87 0.53  96
  4  ...................   5.82  0.00 0.82/0.62/1.34 1.02 0.85 0.45  92
  5  ...................   1.54  0.01 0.84/0.65/1.00 1.00 0.78 0.35  84
  6  ...................   1.69  0.00 0.72/0.45/1.00 1.00 0.48 0.17  69
  7  ...................   1.29  0.01 0.85/0.60/1.00 1.00 0.75 0.13  68
  8  ...................   1.10  0.00 0.85/0.71/1.00 1.00 0.37 0.05  68
  9  ...................   0.62  0.00 0.78/0.64/1.00 1.00 0.85 0.04  25
 10  ...................   1.20  0.00 0.85/0.50/1.00 1.00 0.85 0.03  20
 11  ...................   1.13  0.00 0.97/0.61/1.00 1.00 0.77 0.03  20
 12  ...................   0.32  0.00 0.99/0.81/1.00 1.00 0.47 0.01  17
 13  ...................   0.35  0.00 0.99/0.77/1.00 1.00 0.96 0.01   0
 14  ...................   0.25  0.00 1.00/0.76/1.00 1.00 0.92 0.01   0
 15  ...................   0.05  0.00 1.00/0.95/1.00 1.00 0.98 0.01   0
 16  ...................   0.00  0.00 1.00/1.00/1.00 1.00 0.98 0.01   0
[mcl] jury pruning marks: <99,99,99>, out of 100
[mcl] jury pruning synopsis: <99.0 or perfect> (cf -scheme, -do log)
[mcl] output is in /local/wiwie/ClustEval/repository/results/04_20_2013-17_25_45_paper_sfld_layered_f2/clusters/MCL_norm_sfld_1.54.results
[mcl] 21 clusters found
[mcl] output is in /local/wiwie/ClustEval/repository/results/04_20_2013-17_25_45_paper_sfld_layered_f2/clusters/MCL_norm_sfld_1.54.results

Please cite:
    Stijn van Dongen, Graph Clustering by Flow Simulation.  PhD thesis,
    University of Utrecht, May 2000.
       (  http://www.library.uu.nl/digiarchief/dip/diss/1895620/full.pdf
       or  http://micans.org/mcl/lit/svdthesis.pdf.gz)
OR
    Stijn van Dongen, A cluster algorithm for graphs. Technical
    Report INS-R0010, National Research Institute for Mathematics
    and Computer Science in the Netherlands, Amsterdam, May 2000.
       (  http://www.cwi.nl/ftp/CWIreports/INS/INS-R0010.ps.Z
       or  http://micans.org/mcl/lit/INS-R0010.ps.Z)

