.[mcl] new tab created
[mcl] pid 27062
 ite -------------------  chaos  time hom(avg,lo,hi) expa expb expc fmv
  1  ...................  19.15  0.01 0.92/0.31/1.25 1.98 1.17 1.17  99
  2  ...................  21.12  0.01 0.91/0.46/1.45 1.80 0.77 0.89  99
  3  ...................  15.64  0.00 0.89/0.48/1.32 1.51 0.84 0.75  99
  4  ...................   4.37  0.00 0.85/0.31/1.14 1.41 0.81 0.61  99
  5  ...................   3.73  0.01 0.80/0.37/1.00 1.21 0.97 0.59  96
  6  ...................   3.73  0.01 0.79/0.30/1.00 1.01 0.93 0.55  96
  7  ...................   6.81  0.00 0.79/0.12/1.00 1.02 0.97 0.53  96
  8  ...................  10.97  0.01 0.80/0.19/1.00 1.02 0.91 0.48  95
  9  ...................   8.87  0.01 0.82/0.59/1.00 1.00 0.93 0.45  95
 10  ...................   2.42  0.00 0.83/0.65/1.00 1.00 0.92 0.41  95
 11  ...................   1.48  0.00 0.83/0.65/1.00 1.01 0.86 0.36  90
 12  ...................   1.86  0.00 0.80/0.59/1.00 1.00 0.88 0.31  86
 13  ...................   1.96  0.00 0.74/0.48/1.00 1.00 0.74 0.23  86
 14  ...................   1.79  0.00 0.71/0.46/1.00 1.00 0.72 0.17  78
 15  ...................   1.70  0.01 0.75/0.58/1.00 1.00 0.88 0.15  78
 16  ...................   1.52  0.00 0.83/0.60/1.00 1.01 0.96 0.14  78
 17  ...................   1.29  0.00 0.87/0.60/1.00 1.00 0.83 0.12  72
 18  ...................   0.96  0.00 0.85/0.69/1.00 1.00 0.57 0.07  72
 19  ...................   0.84  0.00 0.83/0.74/1.00 1.00 0.71 0.05  72
 20  ...................   0.77  0.00 0.80/0.69/1.00 1.00 0.95 0.05  29
 21  ...................   0.56  0.00 0.78/0.71/1.00 1.00 0.90 0.04  29
 22  ...................   0.83  0.00 0.77/0.55/1.00 1.00 0.98 0.04  23
 23  ...................   1.13  0.00 0.79/0.45/1.00 1.00 0.87 0.04  23
 24  ...................   1.17  0.00 0.86/0.53/1.00 1.00 0.96 0.03  23
 25  ...................   0.93  0.00 0.92/0.58/1.00 1.00 0.82 0.03  23
 26  ...................   1.09  0.00 0.96/0.60/1.00 1.00 0.96 0.03  17
 27  ...................   1.14  0.01 0.98/0.64/1.00 1.00 0.61 0.02  17
 28  ...................   0.97  0.00 0.99/0.71/1.00 1.00 0.92 0.02   5
 29  ...................   0.33  0.00 0.99/0.80/1.00 1.00 0.83 0.01   3
 30  ...................   0.37  0.00 0.99/0.78/1.00 1.00 0.95 0.01   0
 31  ...................   0.37  0.00 0.99/0.76/1.00 1.00 0.97 0.01   0
 32  ...................   0.19  0.00 0.99/0.81/1.00 1.00 0.98 0.01   0
 33  ...................   0.24  0.00 0.99/0.79/1.00 1.00 0.97 0.01   0
 34  ...................   0.25  0.00 1.00/0.76/1.00 1.00 1.00 0.01   0
 35  ...................   0.19  0.00 1.00/0.81/1.00 1.00 1.00 0.01   0
 36  ...................   0.09  0.00 1.00/0.91/1.00 1.00 0.98 0.01   0
 37  ...................   0.02  0.00 1.00/0.98/1.00 1.00 1.00 0.01   0
 38  ...................   0.00  0.00 1.00/1.00/1.00 1.00 1.00 0.01   0
 39  ...................   0.00  0.00 1.00/1.00/1.00 1.00 0.98 0.01   0
[mcl] jury pruning marks: <99,99,99>, out of 100
[mcl] jury pruning synopsis: <99.0 or perfect> (cf -scheme, -do log)
[mcl] output is in /local/wiwie/ClustEval/repository/results/04_20_2013-17_25_45_paper_sfld_layered_f2/clusters/MCL_norm_sfld_1.105.results
[mcl] 15 clusters found
[mcl] output is in /local/wiwie/ClustEval/repository/results/04_20_2013-17_25_45_paper_sfld_layered_f2/clusters/MCL_norm_sfld_1.105.results

Please cite:
    Stijn van Dongen, Graph Clustering by Flow Simulation.  PhD thesis,
    University of Utrecht, May 2000.
       (  http://www.library.uu.nl/digiarchief/dip/diss/1895620/full.pdf
       or  http://micans.org/mcl/lit/svdthesis.pdf.gz)
OR
    Stijn van Dongen, A cluster algorithm for graphs. Technical
    Report INS-R0010, National Research Institute for Mathematics
    and Computer Science in the Netherlands, Amsterdam, May 2000.
       (  http://www.cwi.nl/ftp/CWIreports/INS/INS-R0010.ps.Z
       or  http://micans.org/mcl/lit/INS-R0010.ps.Z)

