.[mcl] new tab created
[mcl] pid 10027
 ite -------------------  chaos  time hom(avg,lo,hi) expa expb expc fmv
  1  ...................  19.15  0.01 0.92/0.31/1.25 1.98 1.17 1.17  99
  2  ...................  19.37  0.01 0.90/0.35/1.37 1.80 0.67 0.78  99
  3  ...................   7.38  0.01 0.86/0.25/2.07 1.51 0.77 0.60  99
  4  ...................  12.34  0.01 0.81/0.22/1.39 1.03 0.96 0.58  96
  5  ...................  11.29  0.01 0.80/0.13/1.19 1.02 0.90 0.52  95
  6  ...................   6.93  0.01 0.82/0.66/1.13 1.02 0.89 0.46  94
  7  ...................   1.16  0.00 0.84/0.65/1.28 1.00 0.86 0.40  90
  8  ...................   1.77  0.00 0.82/0.63/1.00 1.00 0.88 0.35  81
  9  ...................   1.96  0.00 0.73/0.49/1.00 1.00 0.65 0.23  78
 10  ...................   1.87  0.01 0.72/0.50/1.00 1.00 0.70 0.16  71
 11  ...................   1.51  0.00 0.84/0.61/1.00 1.00 0.88 0.14  71
 12  ...................   1.00  0.00 0.87/0.62/1.00 1.00 0.63 0.09  71
 13  ...................   0.93  0.01 0.84/0.74/1.00 1.00 0.52 0.05  71
 14  ...................   0.89  0.00 0.80/0.67/1.00 1.00 0.95 0.04  28
 15  ...................   0.84  0.00 0.77/0.55/1.00 1.00 0.89 0.04  28
 16  ...................   1.21  0.00 0.83/0.47/1.00 1.00 0.86 0.03  21
 17  ...................   0.93  0.00 0.93/0.58/1.00 1.00 0.81 0.03  21
 18  ...................   1.13  0.00 0.97/0.62/1.00 1.00 0.95 0.03  17
 19  ...................   0.97  0.00 0.98/0.71/1.00 1.00 0.59 0.02  17
 20  ...................   0.35  0.00 0.99/0.80/1.00 1.00 0.80 0.01   3
 21  ...................   0.38  0.00 0.99/0.76/1.00 1.00 0.93 0.01   0
 22  ...................   0.21  0.00 0.99/0.83/1.00 1.00 0.95 0.01   0
 23  ...................   0.25  0.00 1.00/0.76/1.00 1.00 1.00 0.01   0
 24  ...................   0.14  0.00 1.00/0.86/1.00 1.00 1.00 0.01   0
 25  ...................   0.02  0.00 1.00/0.98/1.00 1.00 0.98 0.01   0
 26  ...................   0.00  0.00 1.00/1.00/1.00 1.00 1.00 0.01   0
 27  ...................   0.00  0.00 1.00/1.00/1.00 1.00 0.98 0.01   0
[mcl] jury pruning marks: <99,99,99>, out of 100
[mcl] jury pruning synopsis: <99.0 or perfect> (cf -scheme, -do log)
[mcl] output is in /local/wiwie/ClustEval/repository/results/04_20_2013-17_25_45_paper_sfld_layered_f2/clusters/MCL_norm_sfld_1.42.results
[mcl] 17 clusters found
[mcl] output is in /local/wiwie/ClustEval/repository/results/04_20_2013-17_25_45_paper_sfld_layered_f2/clusters/MCL_norm_sfld_1.42.results

Please cite:
    Stijn van Dongen, Graph Clustering by Flow Simulation.  PhD thesis,
    University of Utrecht, May 2000.
       (  http://www.library.uu.nl/digiarchief/dip/diss/1895620/full.pdf
       or  http://micans.org/mcl/lit/svdthesis.pdf.gz)
OR
    Stijn van Dongen, A cluster algorithm for graphs. Technical
    Report INS-R0010, National Research Institute for Mathematics
    and Computer Science in the Netherlands, Amsterdam, May 2000.
       (  http://www.cwi.nl/ftp/CWIreports/INS/INS-R0010.ps.Z
       or  http://micans.org/mcl/lit/INS-R0010.ps.Z)

