.[mcl] new tab created
[mcl] pid 2067
 ite -------------------  chaos  time hom(avg,lo,hi) expa expb expc fmv
  1  ...................  19.15  0.01 0.92/0.31/1.25 1.98 1.17 1.17  99
  2  ...................  17.51  0.01 0.90/0.33/1.37 1.80 0.65 0.76  99
  3  ...................   8.10  0.01 0.86/0.25/2.19 1.50 0.78 0.60  99
  4  ...................  11.91  0.01 0.80/0.18/1.12 1.01 0.92 0.55  96
  5  ...................  12.51  0.00 0.80/0.17/1.00 1.02 0.93 0.51  95
  6  ...................   4.36  0.00 0.82/0.67/1.00 1.01 0.87 0.45  94
  7  ...................   1.25  0.00 0.83/0.65/1.00 1.00 0.84 0.37  90
  8  ...................   1.85  0.00 0.80/0.60/1.00 1.00 0.85 0.32  81
  9  ...................   1.92  0.01 0.72/0.46/1.00 1.00 0.62 0.20  78
 10  ...................   1.70  0.00 0.76/0.58/1.00 1.00 0.74 0.15  69
 11  ...................   1.20  0.00 0.87/0.59/1.00 1.00 0.81 0.12  68
 12  ...................   1.04  0.00 0.86/0.67/1.00 1.00 0.52 0.06  68
 13  ...................   0.98  0.00 0.82/0.69/1.00 1.00 0.73 0.04  68
 14  ...................   0.64  0.00 0.78/0.63/1.00 1.00 0.90 0.04  25
 15  ...................   1.08  0.00 0.79/0.46/1.00 1.00 0.87 0.03  20
 16  ...................   1.04  0.00 0.89/0.60/1.00 1.00 0.82 0.03  20
 17  ...................   1.08  0.00 0.96/0.60/1.00 1.00 0.94 0.03  20
 18  ...................   1.09  0.00 0.98/0.67/1.00 1.00 0.58 0.02  17
 19  ...................   0.33  0.00 0.99/0.81/1.00 1.00 0.80 0.01   3
 20  ...................   0.38  0.00 0.99/0.76/1.00 1.00 0.99 0.01   0
 21  ...................   0.20  0.01 0.99/0.82/1.00 1.00 0.93 0.01   0
 22  ...................   0.25  0.00 1.00/0.76/1.00 1.00 0.97 0.01   0
 23  ...................   0.17  0.00 1.00/0.83/1.00 1.00 1.00 0.01   0
 24  ...................   0.03  0.00 1.00/0.97/1.00 1.00 0.98 0.01   0
 25  ...................   0.00  0.00 1.00/1.00/1.00 1.00 1.00 0.01   0
 26  ...................   0.00  0.00 1.00/1.00/1.00 1.00 0.98 0.01   0
[mcl] jury pruning marks: <99,99,99>, out of 100
[mcl] jury pruning synopsis: <99.0 or perfect> (cf -scheme, -do log)
[mcl] output is in /local/wiwie/ClustEval/repository/results/04_20_2013-17_25_45_paper_sfld_layered_f2/clusters/MCL_norm_sfld_1.4.results
[mcl] 19 clusters found
[mcl] output is in /local/wiwie/ClustEval/repository/results/04_20_2013-17_25_45_paper_sfld_layered_f2/clusters/MCL_norm_sfld_1.4.results

Please cite:
    Stijn van Dongen, Graph Clustering by Flow Simulation.  PhD thesis,
    University of Utrecht, May 2000.
       (  http://www.library.uu.nl/digiarchief/dip/diss/1895620/full.pdf
       or  http://micans.org/mcl/lit/svdthesis.pdf.gz)
OR
    Stijn van Dongen, A cluster algorithm for graphs. Technical
    Report INS-R0010, National Research Institute for Mathematics
    and Computer Science in the Netherlands, Amsterdam, May 2000.
       (  http://www.cwi.nl/ftp/CWIreports/INS/INS-R0010.ps.Z
       or  http://micans.org/mcl/lit/INS-R0010.ps.Z)

