.[mcl] new tab created
[mcl] pid 4195
 ite -------------------  chaos  time hom(avg,lo,hi) expa expb expc fmv
  1  ...................  19.15  0.01 0.92/0.31/1.25 1.98 1.17 1.17  99
  2  ...................   7.65  0.01 0.89/0.22/1.35 1.80 0.54 0.63  99
  3  ...................   7.53  0.00 0.83/0.21/4.21 1.35 0.90 0.56  96
  4  ...................  12.28  0.01 0.81/0.34/1.43 1.02 0.85 0.48  95
  5  ...................   1.16  0.00 0.84/0.65/1.00 1.00 0.84 0.40  88
  6  ...................   1.90  0.01 0.79/0.57/1.00 1.00 0.73 0.29  78
  7  ...................   1.85  0.00 0.73/0.49/1.00 1.00 0.54 0.16  68
  8  ...................   1.21  0.00 0.87/0.59/1.00 1.00 0.74 0.12  68
  9  ...................   0.98  0.00 0.84/0.72/1.00 1.00 0.40 0.05  68
 10  ...................   0.61  0.00 0.78/0.64/1.00 1.00 0.86 0.04  25
 11  ...................   1.20  0.00 0.82/0.46/1.00 1.00 0.85 0.03  20
 12  ...................   1.04  0.00 0.96/0.59/1.00 1.00 0.81 0.03  20
 13  ...................   1.00  0.00 0.98/0.70/1.00 1.00 0.55 0.02  17
 14  ...................   0.37  0.00 0.99/0.78/1.00 1.00 0.81 0.01   3
 15  ...................   0.21  0.01 0.99/0.84/1.00 1.00 0.89 0.01   0
 16  ...................   0.23  0.00 1.00/0.78/1.00 1.00 1.00 0.01   0
 17  ...................   0.03  0.00 1.00/0.97/1.00 1.00 0.98 0.01   0
 18  ...................   0.00  0.00 1.00/1.00/1.00 1.00 0.98 0.01   0
[mcl] jury pruning marks: <99,99,99>, out of 100
[mcl] jury pruning synopsis: <99.0 or perfect> (cf -scheme, -do log)
[mcl] output is in /local/wiwie/ClustEval/repository/results/04_20_2013-17_25_45_paper_sfld_layered_f2/clusters/MCL_norm_sfld_1.50.results
[mcl] 21 clusters found
[mcl] output is in /local/wiwie/ClustEval/repository/results/04_20_2013-17_25_45_paper_sfld_layered_f2/clusters/MCL_norm_sfld_1.50.results

Please cite:
    Stijn van Dongen, Graph Clustering by Flow Simulation.  PhD thesis,
    University of Utrecht, May 2000.
       (  http://www.library.uu.nl/digiarchief/dip/diss/1895620/full.pdf
       or  http://micans.org/mcl/lit/svdthesis.pdf.gz)
OR
    Stijn van Dongen, A cluster algorithm for graphs. Technical
    Report INS-R0010, National Research Institute for Mathematics
    and Computer Science in the Netherlands, Amsterdam, May 2000.
       (  http://www.cwi.nl/ftp/CWIreports/INS/INS-R0010.ps.Z
       or  http://micans.org/mcl/lit/INS-R0010.ps.Z)

