.[mcl] new tab created
[mcl] pid 13818
 ite -------------------  chaos  time hom(avg,lo,hi) expa expb expc fmv
  1  ...................  19.15  0.01 0.92/0.31/1.25 1.98 1.17 1.17  99
  2  ...................  20.14  0.01 0.91/0.41/1.48 1.80 0.88 1.03  99
  3  ...................  19.60  0.01 0.90/0.47/1.31 1.67 0.88 0.90  99
  4  ...................  19.00  0.01 0.86/0.30/1.00 1.38 0.87 0.79  99
  5  ...................  16.65  0.02 0.83/0.25/1.00 1.33 0.88 0.70  99
  6  ...................   5.72  0.01 0.81/0.32/1.00 1.20 0.87 0.60  97
  7  ...................   4.41  0.00 0.80/0.48/1.00 1.15 0.97 0.59  96
  8  ...................   2.58  0.00 0.80/0.42/1.06 1.00 0.94 0.55  96
  9  ...................   1.45  0.01 0.79/0.44/1.00 1.00 0.97 0.54  96
 10  ...................   1.30  0.01 0.79/0.53/1.00 1.00 0.98 0.52  96
 11  ...................   1.19  0.01 0.81/0.62/1.00 1.00 0.91 0.48  96
 12  ...................   0.88  0.00 0.82/0.67/1.00 1.00 0.95 0.45  96
 13  ...................   1.09  0.01 0.83/0.65/1.00 1.00 0.96 0.44  96
 14  ...................   1.23  0.00 0.83/0.65/1.00 1.00 0.90 0.39  96
 15  ...................   1.46  0.00 0.84/0.65/1.00 1.00 0.92 0.36  92
 16  ...................   1.91  0.00 0.82/0.61/1.00 1.00 1.00 0.36  89
 17  ...................   2.04  0.00 0.79/0.53/1.00 1.00 0.82 0.29  89
 18  ...................   2.07  0.00 0.75/0.46/1.00 1.00 0.80 0.23  89
 19  ...................   1.89  0.01 0.72/0.44/1.00 1.00 0.74 0.17  74
 20  ...................   1.96  0.00 0.73/0.49/1.00 1.00 0.95 0.16  74
 21  ...................   1.84  0.00 0.77/0.62/1.00 1.00 0.91 0.15  74
 22  ...................   1.72  0.00 0.83/0.60/1.00 1.00 1.00 0.15  74
 23  ...................   1.23  0.00 0.85/0.59/1.00 1.00 0.81 0.12  74
 24  ...................   0.96  0.00 0.85/0.64/1.00 1.00 0.77 0.09  74
 25  ...................   0.89  0.00 0.84/0.72/1.00 1.00 0.75 0.07  74
 26  ...................   0.75  0.00 0.82/0.75/1.00 1.00 0.72 0.05  74
 27  ...................   0.76  0.00 0.81/0.73/1.00 1.00 0.97 0.05  30
 28  ...................   0.61  0.00 0.79/0.72/1.00 1.00 0.97 0.05  30
 29  ...................   0.56  0.00 0.77/0.71/1.00 1.00 0.90 0.04  30
 30  ...................   0.72  0.00 0.76/0.62/1.00 1.00 1.00 0.04  24
 31  ...................   0.94  0.00 0.76/0.50/1.00 1.00 1.00 0.04  24
 32  ...................   1.14  0.00 0.78/0.45/1.00 1.00 0.87 0.04  24
 33  ...................   1.21  0.00 0.83/0.49/1.00 1.00 0.91 0.03  24
 34  ...................   1.00  0.00 0.89/0.59/1.00 1.00 0.86 0.03  17
 35  ...................   0.98  0.00 0.93/0.58/1.00 1.00 1.00 0.03  17
 36  ...................   1.09  0.00 0.96/0.59/1.00 1.00 0.94 0.03  17
 37  ...................   1.15  0.00 0.98/0.62/1.00 1.00 1.00 0.03  17
 38  ...................   1.11  0.00 0.98/0.66/1.00 1.00 0.57 0.02  17
 39  ...................   0.94  0.00 0.99/0.72/1.00 1.00 1.00 0.02   3
 40  ...................   0.33  0.00 0.99/0.81/1.00 1.00 0.83 0.01   3
 41  ...................   0.35  0.00 0.99/0.79/1.00 1.00 0.94 0.01   0
 42  ...................   0.38  0.00 0.99/0.77/1.00 1.00 1.00 0.01   0
 43  ...................   0.37  0.00 0.99/0.76/1.00 1.00 0.97 0.01   0
 44  ...................   0.32  0.00 0.99/0.79/1.00 1.00 1.00 0.01   0
 45  ...................   0.21  0.00 0.99/0.83/1.00 1.00 0.95 0.01   0
 46  ...................   0.24  0.00 0.99/0.78/1.00 1.00 1.00 0.01   0
 47  ...................   0.25  0.00 1.00/0.76/1.00 1.00 1.00 0.01   0
 48  ...................   0.22  0.01 1.00/0.78/1.00 1.00 1.00 0.01   0
 49  ...................   0.16  0.00 1.00/0.84/1.00 1.00 1.00 0.01   0
 50  ...................   0.09  0.00 1.00/0.91/1.00 1.00 0.98 0.01   0
 51  ...................   0.03  0.00 1.00/0.97/1.00 1.00 1.00 0.01   0
 52  ...................   0.01  0.00 1.00/0.99/1.00 1.00 1.00 0.01   0
 53  ...................   0.00  0.00 1.00/1.00/1.00 1.00 1.00 0.01   0
 54  ...................   0.00  0.00 1.00/1.00/1.00 1.00 0.98 0.01   0
[mcl] jury pruning marks: <99,99,99>, out of 100
[mcl] jury pruning synopsis: <99.0 or perfect> (cf -scheme, -do log)
[mcl] output is in /local/wiwie/ClustEval/repository/results/04_20_2013-17_25_45_paper_sfld_layered_f2/clusters/MCL_norm_sfld_1.97.results
[mcl] 12 clusters found
[mcl] output is in /local/wiwie/ClustEval/repository/results/04_20_2013-17_25_45_paper_sfld_layered_f2/clusters/MCL_norm_sfld_1.97.results

Please cite:
    Stijn van Dongen, Graph Clustering by Flow Simulation.  PhD thesis,
    University of Utrecht, May 2000.
       (  http://www.library.uu.nl/digiarchief/dip/diss/1895620/full.pdf
       or  http://micans.org/mcl/lit/svdthesis.pdf.gz)
OR
    Stijn van Dongen, A cluster algorithm for graphs. Technical
    Report INS-R0010, National Research Institute for Mathematics
    and Computer Science in the Netherlands, Amsterdam, May 2000.
       (  http://www.cwi.nl/ftp/CWIreports/INS/INS-R0010.ps.Z
       or  http://micans.org/mcl/lit/INS-R0010.ps.Z)

