.[mcl] new tab created
[mcl] pid 58680
 ite -------------------  chaos  time hom(avg,lo,hi) expa expb expc fmv
  1  ...................  19.15  0.01 0.92/0.31/1.25 1.98 1.17 1.17  99
  2  ...................  20.09  0.01 0.90/0.45/1.41 1.80 0.71 0.83  99
  3  ...................   4.99  0.01 0.88/0.32/1.64 1.57 0.77 0.64  99
  4  ...................   9.05  0.01 0.82/0.27/1.03 1.29 0.93 0.59  96
  5  ...................  11.57  0.00 0.79/0.16/1.00 1.01 0.92 0.55  96
  6  ...................  11.20  0.01 0.80/0.15/1.00 1.02 0.95 0.52  95
  7  ...................   8.41  0.00 0.82/0.64/1.00 1.01 0.89 0.46  94
  8  ...................   1.19  0.00 0.83/0.65/1.00 1.01 0.90 0.42  94
  9  ...................   1.49  0.00 0.83/0.65/1.00 1.01 0.85 0.35  85
 10  ...................   1.95  0.01 0.78/0.56/1.00 1.00 0.83 0.29  78
 11  ...................   1.86  0.00 0.71/0.45/1.00 1.00 0.65 0.19  78
 12  ...................   1.84  0.00 0.74/0.54/1.00 1.00 0.83 0.16  71
 13  ...................   1.44  0.00 0.84/0.60/1.00 1.00 0.88 0.14  71
 14  ...................   0.97  0.00 0.87/0.61/1.00 1.00 0.66 0.09  71
 15  ...................   1.00  0.00 0.85/0.73/1.00 1.00 0.53 0.05  71
 16  ...................   0.94  0.00 0.82/0.69/1.00 1.00 0.95 0.05  28
 17  ...................   0.58  0.00 0.78/0.67/1.00 1.00 0.90 0.04  28
 18  ...................   0.94  0.00 0.78/0.50/1.00 1.00 0.97 0.04  22
 19  ...................   1.21  0.01 0.83/0.47/1.00 1.00 0.86 0.03  22
 20  ...................   0.90  0.00 0.92/0.59/1.00 1.00 0.81 0.03  22
 21  ...................   1.10  0.00 0.96/0.60/1.00 1.00 0.97 0.03  17
 22  ...................   1.11  0.00 0.98/0.66/1.00 1.00 0.58 0.02  17
 23  ...................   0.32  0.00 0.99/0.78/1.00 1.00 0.79 0.01   3
 24  ...................   0.36  0.00 0.99/0.78/1.00 1.00 1.00 0.01   0
 25  ...................   0.37  0.00 0.99/0.76/1.00 1.00 0.93 0.01   0
 26  ...................   0.21  0.00 0.99/0.84/1.00 1.00 0.95 0.01   0
 27  ...................   0.25  0.00 1.00/0.77/1.00 1.00 1.00 0.01   0
 28  ...................   0.21  0.00 1.00/0.80/1.00 1.00 1.00 0.01   0
 29  ...................   0.08  0.00 1.00/0.92/1.00 1.00 0.98 0.01   0
 30  ...................   0.01  0.00 1.00/0.99/1.00 1.00 1.00 0.01   0
 31  ...................   0.00  0.00 1.00/1.00/1.00 1.00 1.00 0.01   0
 32  ...................   0.00  0.00 1.00/1.00/1.00 1.00 0.98 0.01   0
[mcl] jury pruning marks: <99,99,99>, out of 100
[mcl] jury pruning synopsis: <99.0 or perfect> (cf -scheme, -do log)
[mcl] output is in /local/wiwie/ClustEval/repository/results/04_20_2013-17_25_45_paper_sfld_layered_f2/clusters/MCL_norm_sfld_1.287.results
[mcl] 17 clusters found
[mcl] output is in /local/wiwie/ClustEval/repository/results/04_20_2013-17_25_45_paper_sfld_layered_f2/clusters/MCL_norm_sfld_1.287.results

Please cite:
    Stijn van Dongen, Graph Clustering by Flow Simulation.  PhD thesis,
    University of Utrecht, May 2000.
       (  http://www.library.uu.nl/digiarchief/dip/diss/1895620/full.pdf
       or  http://micans.org/mcl/lit/svdthesis.pdf.gz)
OR
    Stijn van Dongen, A cluster algorithm for graphs. Technical
    Report INS-R0010, National Research Institute for Mathematics
    and Computer Science in the Netherlands, Amsterdam, May 2000.
       (  http://www.cwi.nl/ftp/CWIreports/INS/INS-R0010.ps.Z
       or  http://micans.org/mcl/lit/INS-R0010.ps.Z)

