.[mcl] new tab created
[mcl] pid 22993
 ite -------------------  chaos  time hom(avg,lo,hi) expa expb expc fmv
  1  ...................  19.15  0.02 0.92/0.31/1.25 1.98 1.17 1.17  99
  2  ...................   5.30  0.05 0.83/0.16/3.60 1.75 0.45 0.52  99
  3  ...................   1.57  0.00 0.87/0.63/8.68 1.01 0.67 0.35  91
  4  ...................   1.21  0.01 0.86/0.60/1.00 1.00 0.35 0.12  70
  5  ...................   0.98  0.00 0.79/0.62/1.00 1.00 0.33 0.04  68
  6  ...................   1.14  0.00 0.97/0.62/1.00 1.00 0.67 0.03  20
  7  ...................   0.33  0.00 0.99/0.78/1.00 1.00 0.44 0.01  17
  8  ...................   0.03  0.00 1.00/0.97/1.00 1.00 0.93 0.01   0
  9  ...................   0.00  0.00 1.00/1.00/1.00 1.00 0.98 0.01   0
[mcl] jury pruning marks: <99,99,99>, out of 100
[mcl] jury pruning synopsis: <99.0 or perfect> (cf -scheme, -do log)
[mcl] output is in /local/wiwie/ClustEval/repository/results/04_20_2013-17_25_45_paper_sfld_layered_f2/clusters/MCL_norm_sfld_1.29.results
[mcl] 25 clusters found
[mcl] output is in /local/wiwie/ClustEval/repository/results/04_20_2013-17_25_45_paper_sfld_layered_f2/clusters/MCL_norm_sfld_1.29.results

Please cite:
    Stijn van Dongen, Graph Clustering by Flow Simulation.  PhD thesis,
    University of Utrecht, May 2000.
       (  http://www.library.uu.nl/digiarchief/dip/diss/1895620/full.pdf
       or  http://micans.org/mcl/lit/svdthesis.pdf.gz)
OR
    Stijn van Dongen, A cluster algorithm for graphs. Technical
    Report INS-R0010, National Research Institute for Mathematics
    and Computer Science in the Netherlands, Amsterdam, May 2000.
       (  http://www.cwi.nl/ftp/CWIreports/INS/INS-R0010.ps.Z
       or  http://micans.org/mcl/lit/INS-R0010.ps.Z)

