.[mcl] new tab created
[mcl] pid 9749
 ite -------------------  chaos  time hom(avg,lo,hi) expa expb expc fmv
  1  ...................  19.15  0.02 0.92/0.31/1.25 1.98 1.17 1.17  99
  2  ...................   6.47  0.01 0.88/0.23/1.37 1.80 0.52 0.60  99
  3  ...................   7.20  0.00 0.83/0.11/6.01 1.06 0.87 0.52  96
  4  ...................   4.05  0.01 0.83/0.62/1.29 1.01 0.85 0.44  91
  5  ...................   1.75  0.00 0.83/0.57/1.00 1.00 0.80 0.35  84
  6  ...................   1.81  0.00 0.72/0.46/1.00 1.00 0.47 0.16  69
  7  ...................   1.21  0.00 0.87/0.59/1.00 1.00 0.71 0.12  69
  8  ...................   1.01  0.00 0.83/0.73/1.00 1.00 0.39 0.05  68
  9  ...................   0.82  0.00 0.77/0.56/1.00 1.00 0.87 0.04  25
 10  ...................   0.94  0.00 0.90/0.59/1.00 1.00 0.71 0.03  20
 11  ...................   1.12  0.00 0.98/0.65/1.00 1.00 0.55 0.02  20
 12  ...................   0.36  0.00 0.99/0.79/1.00 1.00 0.79 0.01   3
 13  ...................   0.21  0.00 0.99/0.84/1.00 1.00 0.89 0.01   0
 14  ...................   0.19  0.00 1.00/0.81/1.00 1.00 1.00 0.01   0
 15  ...................   0.00  0.00 1.00/1.00/1.00 1.00 0.98 0.01   0
 16  ...................   0.00  0.00 1.00/1.00/1.00 1.00 0.98 0.01   0
[mcl] jury pruning marks: <99,99,99>, out of 100
[mcl] jury pruning synopsis: <99.0 or perfect> (cf -scheme, -do log)
[mcl] output is in /local/wiwie/ClustEval/repository/results/04_20_2013-17_25_45_paper_sfld_layered_f2/clusters/MCL_norm_sfld_1.8.results
[mcl] 21 clusters found
[mcl] output is in /local/wiwie/ClustEval/repository/results/04_20_2013-17_25_45_paper_sfld_layered_f2/clusters/MCL_norm_sfld_1.8.results

Please cite:
    Stijn van Dongen, Graph Clustering by Flow Simulation.  PhD thesis,
    University of Utrecht, May 2000.
       (  http://www.library.uu.nl/digiarchief/dip/diss/1895620/full.pdf
       or  http://micans.org/mcl/lit/svdthesis.pdf.gz)
OR
    Stijn van Dongen, A cluster algorithm for graphs. Technical
    Report INS-R0010, National Research Institute for Mathematics
    and Computer Science in the Netherlands, Amsterdam, May 2000.
       (  http://www.cwi.nl/ftp/CWIreports/INS/INS-R0010.ps.Z
       or  http://micans.org/mcl/lit/INS-R0010.ps.Z)

