.[mcl] new tab created
[mcl] pid 38943
 ite -------------------  chaos  time hom(avg,lo,hi) expa expb expc fmv
  1  ...................  19.15  0.01 0.92/0.31/1.25 1.98 1.17 1.17  99
  2  ...................  13.01  0.01 0.89/0.27/1.35 1.80 0.61 0.71  99
  3  ...................   9.34  0.01 0.84/0.34/2.76 1.49 0.83 0.59  99
  4  ...................   8.25  0.01 0.80/0.11/1.25 1.01 0.89 0.53  96
  5  ...................   8.73  0.01 0.82/0.61/1.15 1.03 0.90 0.47  94
  6  ...................   1.16  0.00 0.83/0.55/1.00 1.00 0.83 0.39  90
  7  ...................   1.80  0.01 0.81/0.61/1.00 1.00 0.81 0.32  79
  8  ...................   1.68  0.00 0.72/0.45/1.00 1.00 0.53 0.17  76
  9  ...................   1.64  0.00 0.80/0.66/1.00 1.00 0.86 0.15  69
 10  ...................   1.06  0.00 0.87/0.60/1.00 1.00 0.67 0.10  69
 11  ...................   0.96  0.00 0.83/0.73/1.00 1.00 0.47 0.05  68
 12  ...................   0.59  0.01 0.79/0.66/1.00 1.00 0.88 0.04  25
 13  ...................   1.04  0.00 0.78/0.47/1.00 1.00 0.87 0.03  20
 14  ...................   0.99  0.00 0.90/0.60/1.00 1.00 0.81 0.03  20
 15  ...................   1.12  0.00 0.97/0.61/1.00 1.00 0.92 0.03  20
 16  ...................   0.94  0.00 0.98/0.72/1.00 1.00 0.54 0.01  17
 17  ...................   0.36  0.00 0.99/0.78/1.00 1.00 0.88 0.01   3
 18  ...................   0.33  0.00 0.99/0.78/1.00 1.00 0.94 0.01   0
 19  ...................   0.25  0.01 0.99/0.77/1.00 1.00 0.95 0.01   0
 20  ...................   0.17  0.00 1.00/0.83/1.00 1.00 1.00 0.01   0
 21  ...................   0.02  0.00 1.00/0.98/1.00 1.00 0.98 0.01   0
 22  ...................   0.00  0.00 1.00/1.00/1.00 1.00 0.98 0.01   0
[mcl] jury pruning marks: <99,99,99>, out of 100
[mcl] jury pruning synopsis: <99.0 or perfect> (cf -scheme, -do log)
[mcl] output is in /local/wiwie/ClustEval/repository/results/04_20_2013-17_25_45_paper_sfld_layered_f2/clusters/MCL_norm_sfld_1.45.results
[mcl] 20 clusters found
[mcl] output is in /local/wiwie/ClustEval/repository/results/04_20_2013-17_25_45_paper_sfld_layered_f2/clusters/MCL_norm_sfld_1.45.results

Please cite:
    Stijn van Dongen, Graph Clustering by Flow Simulation.  PhD thesis,
    University of Utrecht, May 2000.
       (  http://www.library.uu.nl/digiarchief/dip/diss/1895620/full.pdf
       or  http://micans.org/mcl/lit/svdthesis.pdf.gz)
OR
    Stijn van Dongen, A cluster algorithm for graphs. Technical
    Report INS-R0010, National Research Institute for Mathematics
    and Computer Science in the Netherlands, Amsterdam, May 2000.
       (  http://www.cwi.nl/ftp/CWIreports/INS/INS-R0010.ps.Z
       or  http://micans.org/mcl/lit/INS-R0010.ps.Z)

