.[mcl] new tab created
[mcl] pid 29073
 ite -------------------  chaos  time hom(avg,lo,hi) expa expb expc fmv
  1  ...................  19.15  0.01 0.92/0.31/1.25 1.98 1.17 1.17  99
  2  ...................  21.12  0.01 0.90/0.45/1.43 1.80 0.74 0.86  99
  3  ...................   9.49  0.01 0.89/0.43/1.42 1.56 0.81 0.70  99
  4  ...................   4.08  0.01 0.84/0.35/1.16 1.36 0.86 0.60  97
  5  ...................   4.02  0.00 0.80/0.41/1.00 1.01 0.98 0.59  96
  6  ...................   5.75  0.00 0.78/0.14/1.00 1.01 0.93 0.54  96
  7  ...................  10.49  0.01 0.80/0.15/1.00 1.02 0.93 0.50  95
  8  ...................   9.77  0.00 0.82/0.55/1.00 1.01 0.91 0.46  95
  9  ...................   2.23  0.01 0.83/0.58/1.00 1.01 0.92 0.42  94
 10  ...................   1.39  0.00 0.83/0.47/1.00 1.00 0.84 0.35  90
 11  ...................   1.86  0.01 0.80/0.54/1.00 1.00 0.90 0.32  80
 12  ...................   1.96  0.00 0.74/0.48/1.00 1.00 0.72 0.23  80
 13  ...................   1.82  0.00 0.71/0.46/1.00 1.00 0.72 0.17  72
 14  ...................   1.69  0.00 0.77/0.61/1.00 1.00 0.88 0.15  72
 15  ...................   1.32  0.00 0.85/0.59/1.00 1.00 0.87 0.13  71
 16  ...................   0.97  0.01 0.87/0.62/1.00 1.00 0.71 0.09  71
 17  ...................   0.97  0.00 0.85/0.73/1.00 1.00 0.53 0.05  71
 18  ...................   0.88  0.00 0.82/0.70/1.00 1.00 0.95 0.05  28
 19  ...................   0.56  0.00 0.79/0.69/1.00 1.00 0.94 0.04  28
 20  ...................   0.75  0.00 0.77/0.60/1.00 1.00 0.93 0.04  22
 21  ...................   1.09  0.00 0.79/0.46/1.00 1.00 0.88 0.04  22
 22  ...................   1.19  0.00 0.85/0.52/1.00 1.00 0.95 0.03  22
 23  ...................   0.93  0.00 0.93/0.58/1.00 1.00 0.83 0.03  22
 24  ...................   1.10  0.00 0.97/0.60/1.00 1.00 0.96 0.03  17
 25  ...................   1.12  0.00 0.98/0.65/1.00 1.00 0.60 0.02  17
 26  ...................   0.88  0.00 0.99/0.74/1.00 1.00 0.86 0.01   3
 27  ...................   0.35  0.00 0.99/0.80/1.00 1.00 0.90 0.01   3
 28  ...................   0.38  0.00 0.99/0.76/1.00 1.00 0.95 0.01   0
 29  ...................   0.34  0.00 0.99/0.78/1.00 1.00 0.97 0.01   0
 30  ...................   0.22  0.00 0.99/0.81/1.00 1.00 0.95 0.01   0
 31  ...................   0.25  0.00 1.00/0.76/1.00 1.00 1.00 0.01   0
 32  ...................   0.20  0.00 1.00/0.80/1.00 1.00 1.00 0.01   0
 33  ...................   0.09  0.00 1.00/0.91/1.00 1.00 0.98 0.01   0
 34  ...................   0.02  0.00 1.00/0.98/1.00 1.00 1.00 0.01   0
 35  ...................   0.00  0.00 1.00/1.00/1.00 1.00 1.00 0.01   0
 36  ...................   0.00  0.00 1.00/1.00/1.00 1.00 0.98 0.01   0
[mcl] jury pruning marks: <99,99,99>, out of 100
[mcl] jury pruning synopsis: <99.0 or perfect> (cf -scheme, -do log)
[mcl] output is in /local/wiwie/ClustEval/repository/results/04_20_2013-17_25_45_paper_sfld_layered_f2/clusters/MCL_norm_sfld_1.135.results
[mcl] 15 clusters found
[mcl] output is in /local/wiwie/ClustEval/repository/results/04_20_2013-17_25_45_paper_sfld_layered_f2/clusters/MCL_norm_sfld_1.135.results

Please cite:
    Stijn van Dongen, Graph Clustering by Flow Simulation.  PhD thesis,
    University of Utrecht, May 2000.
       (  http://www.library.uu.nl/digiarchief/dip/diss/1895620/full.pdf
       or  http://micans.org/mcl/lit/svdthesis.pdf.gz)
OR
    Stijn van Dongen, A cluster algorithm for graphs. Technical
    Report INS-R0010, National Research Institute for Mathematics
    and Computer Science in the Netherlands, Amsterdam, May 2000.
       (  http://www.cwi.nl/ftp/CWIreports/INS/INS-R0010.ps.Z
       or  http://micans.org/mcl/lit/INS-R0010.ps.Z)

