.[mcl] new tab created
[mcl] pid 54348
 ite -------------------  chaos  time hom(avg,lo,hi) expa expb expc fmv
  1  ...................  19.15  0.02 0.92/0.31/1.25 1.98 1.17 1.17  99
  2  ...................  20.49  0.01 0.90/0.45/1.41 1.80 0.72 0.83  99
  3  ...................   5.41  0.01 0.88/0.34/1.58 1.57 0.79 0.66  99
  4  ...................   7.72  0.01 0.82/0.29/1.03 1.33 0.91 0.59  97
  5  ...................   9.78  0.01 0.79/0.20/1.00 1.01 0.92 0.55  96
  6  ...................   9.97  0.00 0.80/0.12/1.00 1.02 0.96 0.52  95
  7  ...................  10.79  0.00 0.81/0.47/1.00 1.01 0.91 0.48  94
  8  ...................   2.18  0.01 0.82/0.34/1.00 1.00 0.90 0.43  94
  9  ...................   1.95  0.00 0.83/0.38/1.00 1.00 0.83 0.36  88
 10  ...................   2.34  0.01 0.80/0.41/1.00 1.00 0.90 0.32  84
 11  ...................   1.99  0.00 0.73/0.48/1.00 1.00 0.70 0.23  80
 12  ...................   1.89  0.00 0.72/0.48/1.00 1.00 0.73 0.17  72
 13  ...................   1.64  0.00 0.80/0.64/1.00 1.00 0.88 0.15  71
 14  ...................   1.23  0.00 0.87/0.59/1.00 1.00 0.80 0.12  71
 15  ...................   1.00  0.00 0.86/0.67/1.00 1.00 0.57 0.07  71
 16  ...................   0.89  0.00 0.83/0.73/1.00 1.00 0.69 0.05  71
 17  ...................   0.85  0.00 0.80/0.68/1.00 1.00 0.96 0.04  28
 18  ...................   0.71  0.00 0.78/0.63/1.00 1.00 0.89 0.04  28
 19  ...................   1.08  0.00 0.79/0.46/1.00 1.00 0.88 0.03  22
 20  ...................   1.17  0.00 0.86/0.53/1.00 1.00 0.95 0.03  22
 21  ...................   0.97  0.00 0.94/0.58/1.00 1.00 0.83 0.03  22
 22  ...................   1.13  0.00 0.97/0.61/1.00 1.00 0.97 0.03  17
 23  ...................   1.06  0.00 0.98/0.68/1.00 1.00 0.59 0.02  17
 24  ...................   0.32  0.00 0.99/0.81/1.00 1.00 0.79 0.01   3
 25  ...................   0.37  0.00 0.99/0.78/1.00 1.00 1.00 0.01   0
 26  ...................   0.36  0.00 0.99/0.76/1.00 1.00 0.93 0.01   0
 27  ...................   0.22  0.00 0.99/0.82/1.00 1.00 0.95 0.01   0
 28  ...................   0.25  0.00 1.00/0.76/1.00 1.00 1.00 0.01   0
 29  ...................   0.19  0.00 1.00/0.81/1.00 1.00 1.00 0.01   0
 30  ...................   0.07  0.00 1.00/0.93/1.00 1.00 0.98 0.01   0
 31  ...................   0.01  0.00 1.00/0.99/1.00 1.00 1.00 0.01   0
 32  ...................   0.00  0.00 1.00/1.00/1.00 1.00 1.00 0.01   0
 33  ...................   0.00  0.00 1.00/1.00/1.00 1.00 0.98 0.01   0
[mcl] jury pruning marks: <99,99,99>, out of 100
[mcl] jury pruning synopsis: <99.0 or perfect> (cf -scheme, -do log)
[mcl] output is in /local/wiwie/ClustEval/repository/results/04_20_2013-17_25_45_paper_sfld_layered_f2/clusters/MCL_norm_sfld_1.225.results
[mcl] 16 clusters found
[mcl] output is in /local/wiwie/ClustEval/repository/results/04_20_2013-17_25_45_paper_sfld_layered_f2/clusters/MCL_norm_sfld_1.225.results

Please cite:
    Stijn van Dongen, Graph Clustering by Flow Simulation.  PhD thesis,
    University of Utrecht, May 2000.
       (  http://www.library.uu.nl/digiarchief/dip/diss/1895620/full.pdf
       or  http://micans.org/mcl/lit/svdthesis.pdf.gz)
OR
    Stijn van Dongen, A cluster algorithm for graphs. Technical
    Report INS-R0010, National Research Institute for Mathematics
    and Computer Science in the Netherlands, Amsterdam, May 2000.
       (  http://www.cwi.nl/ftp/CWIreports/INS/INS-R0010.ps.Z
       or  http://micans.org/mcl/lit/INS-R0010.ps.Z)

