.[mcl] new tab created
[mcl] pid 54454
 ite -------------------  chaos  time hom(avg,lo,hi) expa expb expc fmv
  1  ...................  19.15  0.03 0.92/0.31/1.25 1.98 1.17 1.17  99
  2  ...................   6.86  0.02 0.88/0.25/1.40 1.80 0.51 0.60  99
  3  ...................   8.77  0.01 0.83/0.11/6.82 1.03 0.86 0.52  96
  4  ...................   1.48  0.01 0.83/0.62/1.18 1.00 0.83 0.43  91
  5  ...................   1.86  0.01 0.80/0.58/1.00 1.01 0.68 0.29  84
  6  ...................   1.69  0.00 0.76/0.58/1.00 1.00 0.50 0.14  69
  7  ...................   1.05  0.01 0.86/0.63/1.00 1.00 0.45 0.07  68
  8  ...................   0.94  0.00 0.79/0.68/1.00 1.00 0.67 0.04  68
  9  ...................   1.20  0.00 0.81/0.45/1.00 1.00 0.78 0.03  25
 10  ...................   1.11  0.00 0.97/0.61/1.00 1.00 0.79 0.03  20
 11  ...................   0.33  0.00 0.99/0.81/1.00 1.00 0.46 0.01  17
 12  ...................   0.32  0.00 0.99/0.79/1.00 1.00 0.94 0.01   0
 13  ...................   0.23  0.00 1.00/0.78/1.00 1.00 0.95 0.01   0
 14  ...................   0.01  0.00 1.00/0.99/1.00 1.00 0.98 0.01   0
 15  ...................   0.00  0.00 1.00/1.00/1.00 1.00 0.98 0.01   0
[mcl] jury pruning marks: <99,99,99>, out of 100
[mcl] jury pruning synopsis: <99.0 or perfect> (cf -scheme, -do log)
[mcl] output is in /local/wiwie/ClustEval/repository/results/04_20_2013-17_25_45_paper_sfld_layered_f2/clusters/MCL_norm_sfld_1.58.results
[mcl] 22 clusters found
[mcl] output is in /local/wiwie/ClustEval/repository/results/04_20_2013-17_25_45_paper_sfld_layered_f2/clusters/MCL_norm_sfld_1.58.results

Please cite:
    Stijn van Dongen, Graph Clustering by Flow Simulation.  PhD thesis,
    University of Utrecht, May 2000.
       (  http://www.library.uu.nl/digiarchief/dip/diss/1895620/full.pdf
       or  http://micans.org/mcl/lit/svdthesis.pdf.gz)
OR
    Stijn van Dongen, A cluster algorithm for graphs. Technical
    Report INS-R0010, National Research Institute for Mathematics
    and Computer Science in the Netherlands, Amsterdam, May 2000.
       (  http://www.cwi.nl/ftp/CWIreports/INS/INS-R0010.ps.Z
       or  http://micans.org/mcl/lit/INS-R0010.ps.Z)

