.[mcl] new tab created
[mcl] pid 28859
 ite -------------------  chaos  time hom(avg,lo,hi) expa expb expc fmv
  1  ...................  19.15  0.01 0.92/0.31/1.25 1.98 1.17 1.17  99
  2  ...................  21.17  0.01 0.91/0.46/1.44 1.80 0.76 0.88  99
  3  ...................  15.07  0.01 0.89/0.47/1.35 1.52 0.83 0.74  99
  4  ...................   2.88  0.00 0.85/0.33/1.26 1.43 0.82 0.60  99
  5  ...................   3.52  0.01 0.80/0.40/1.00 1.03 0.98 0.59  96
  6  ...................   4.33  0.01 0.79/0.24/1.00 1.01 0.93 0.55  96
  7  ...................   8.08  0.00 0.79/0.12/1.00 1.02 0.96 0.53  96
  8  ...................  12.11  0.00 0.81/0.26/1.00 1.02 0.92 0.48  95
  9  ...................   6.41  0.01 0.82/0.60/1.00 1.01 0.91 0.44  95
 10  ...................   1.24  0.00 0.83/0.48/1.00 1.01 0.89 0.39  94
 11  ...................   1.62  0.01 0.83/0.54/1.00 1.01 0.91 0.36  90
 12  ...................   1.94  0.00 0.78/0.56/1.00 1.00 0.82 0.29  86
 13  ...................   1.87  0.00 0.72/0.46/1.00 1.00 0.69 0.20  82
 14  ...................   1.90  0.00 0.72/0.48/1.00 1.00 0.82 0.17  72
 15  ...................   1.67  0.00 0.78/0.65/1.00 1.00 0.89 0.15  72
 16  ...................   1.26  0.00 0.85/0.59/1.00 1.00 0.84 0.12  71
 17  ...................   0.97  0.00 0.87/0.63/1.00 1.00 0.73 0.09  71
 18  ...................   0.96  0.00 0.85/0.73/1.00 1.00 0.53 0.05  71
 19  ...................   0.86  0.00 0.82/0.71/1.00 1.00 0.95 0.05  28
 20  ...................   0.70  0.00 0.80/0.69/1.00 1.00 0.97 0.04  28
 21  ...................   0.69  0.00 0.78/0.65/1.00 1.00 0.90 0.04  28
 22  ...................   1.00  0.01 0.78/0.48/1.00 1.00 0.88 0.04  22
 23  ...................   1.21  0.00 0.83/0.47/1.00 1.00 0.98 0.03  22
 24  ...................   0.94  0.00 0.90/0.59/1.00 1.00 0.80 0.03  22
 25  ...................   1.04  0.00 0.95/0.59/1.00 1.00 1.00 0.03  17
 26  ...................   1.14  0.00 0.97/0.62/1.00 1.00 0.97 0.03  17
 27  ...................   1.06  0.00 0.98/0.68/1.00 1.00 0.59 0.02  17
 28  ...................   0.32  0.00 0.99/0.79/1.00 1.00 0.80 0.01   3
 29  ...................   0.36  0.00 0.99/0.79/1.00 1.00 1.00 0.01   0
 30  ...................   0.38  0.00 0.99/0.76/1.00 1.00 0.92 0.01   0
 31  ...................   0.32  0.00 0.99/0.79/1.00 1.00 1.00 0.01   0
 32  ...................   0.22  0.00 0.99/0.81/1.00 1.00 0.95 0.01   0
 33  ...................   0.25  0.00 1.00/0.76/1.00 1.00 1.00 0.01   0
 34  ...................   0.21  0.00 1.00/0.79/1.00 1.00 1.00 0.01   0
 35  ...................   0.11  0.00 1.00/0.89/1.00 1.00 0.98 0.01   0
 36  ...................   0.03  0.00 1.00/0.97/1.00 1.00 1.00 0.01   0
 37  ...................   0.00  0.00 1.00/1.00/1.00 1.00 1.00 0.01   0
 38  ...................   0.00  0.00 1.00/1.00/1.00 1.00 0.98 0.01   0
[mcl] jury pruning marks: <99,99,99>, out of 100
[mcl] jury pruning synopsis: <99.0 or perfect> (cf -scheme, -do log)
[mcl] output is in /local/wiwie/ClustEval/repository/results/04_20_2013-17_25_45_paper_sfld_layered_f2/clusters/MCL_norm_sfld_1.131.results
[mcl] 15 clusters found
[mcl] output is in /local/wiwie/ClustEval/repository/results/04_20_2013-17_25_45_paper_sfld_layered_f2/clusters/MCL_norm_sfld_1.131.results

Please cite:
    Stijn van Dongen, Graph Clustering by Flow Simulation.  PhD thesis,
    University of Utrecht, May 2000.
       (  http://www.library.uu.nl/digiarchief/dip/diss/1895620/full.pdf
       or  http://micans.org/mcl/lit/svdthesis.pdf.gz)
OR
    Stijn van Dongen, A cluster algorithm for graphs. Technical
    Report INS-R0010, National Research Institute for Mathematics
    and Computer Science in the Netherlands, Amsterdam, May 2000.
       (  http://www.cwi.nl/ftp/CWIreports/INS/INS-R0010.ps.Z
       or  http://micans.org/mcl/lit/INS-R0010.ps.Z)

