.[mcl] new tab created
[mcl] pid 23204
 ite -------------------  chaos  time hom(avg,lo,hi) expa expb expc fmv
  1  ...................  19.15  0.01 0.92/0.31/1.25 1.98 1.17 1.17  99
  2  ...................   6.12  0.06 0.83/0.13/4.18 1.67 0.44 0.52  99
  3  ...................   1.73  0.00 0.86/0.61/8.58 1.00 0.64 0.33  88
  4  ...................   1.22  0.02 0.88/0.59/1.00 1.00 0.35 0.12  69
  5  ...................   0.79  0.00 0.78/0.58/1.00 1.00 0.34 0.04  68
  6  ...................   1.06  0.00 0.98/0.68/1.00 1.00 0.40 0.02  20
  7  ...................   0.23  0.00 0.99/0.80/1.00 1.00 0.73 0.01   3
  8  ...................   0.00  0.00 1.00/1.00/1.00 1.00 0.98 0.01   0
  9  ...................   0.00  0.00 1.00/1.00/1.00 1.00 0.98 0.01   0
[mcl] jury pruning marks: <99,99,99>, out of 100
[mcl] jury pruning synopsis: <99.0 or perfect> (cf -scheme, -do log)
[mcl] output is in /local/wiwie/ClustEval/repository/results/04_20_2013-17_25_45_paper_sfld_layered_f2/clusters/MCL_norm_sfld_1.32.results
[mcl] 25 clusters found
[mcl] output is in /local/wiwie/ClustEval/repository/results/04_20_2013-17_25_45_paper_sfld_layered_f2/clusters/MCL_norm_sfld_1.32.results

Please cite:
    Stijn van Dongen, Graph Clustering by Flow Simulation.  PhD thesis,
    University of Utrecht, May 2000.
       (  http://www.library.uu.nl/digiarchief/dip/diss/1895620/full.pdf
       or  http://micans.org/mcl/lit/svdthesis.pdf.gz)
OR
    Stijn van Dongen, A cluster algorithm for graphs. Technical
    Report INS-R0010, National Research Institute for Mathematics
    and Computer Science in the Netherlands, Amsterdam, May 2000.
       (  http://www.cwi.nl/ftp/CWIreports/INS/INS-R0010.ps.Z
       or  http://micans.org/mcl/lit/INS-R0010.ps.Z)

