.[mcl] new tab created
[mcl] pid 22808
 ite -------------------  chaos  time hom(avg,lo,hi) expa expb expc fmv
  1  ...................  19.15  0.02 0.92/0.31/1.25 1.98 1.17 1.17  99
  2  ...................   4.75  0.04 0.83/0.18/3.23 1.77 0.45 0.52  99
  3  ...................   1.41  0.00 0.88/0.64/8.74 1.00 0.67 0.35  91
  4  ...................   1.55  0.00 0.83/0.63/1.00 1.00 0.41 0.14  71
  5  ...................   0.57  0.00 0.80/0.67/1.00 1.00 0.29 0.04  68
  6  ...................   1.07  0.00 0.95/0.60/1.00 1.00 0.66 0.03  20
  7  ...................   0.38  0.00 0.99/0.76/1.00 1.00 0.44 0.01  17
  8  ...................   0.12  0.00 1.00/0.88/1.00 1.00 0.91 0.01   0
  9  ...................   0.00  0.00 1.00/1.00/1.00 1.00 0.98 0.01   0
[mcl] jury pruning marks: <99,99,99>, out of 100
[mcl] jury pruning synopsis: <99.0 or perfect> (cf -scheme, -do log)
[mcl] output is in /local/wiwie/ClustEval/repository/results/04_20_2013-17_25_45_paper_sfld_layered_f2/clusters/MCL_norm_sfld_1.27.results
[mcl] 25 clusters found
[mcl] output is in /local/wiwie/ClustEval/repository/results/04_20_2013-17_25_45_paper_sfld_layered_f2/clusters/MCL_norm_sfld_1.27.results

Please cite:
    Stijn van Dongen, Graph Clustering by Flow Simulation.  PhD thesis,
    University of Utrecht, May 2000.
       (  http://www.library.uu.nl/digiarchief/dip/diss/1895620/full.pdf
       or  http://micans.org/mcl/lit/svdthesis.pdf.gz)
OR
    Stijn van Dongen, A cluster algorithm for graphs. Technical
    Report INS-R0010, National Research Institute for Mathematics
    and Computer Science in the Netherlands, Amsterdam, May 2000.
       (  http://www.cwi.nl/ftp/CWIreports/INS/INS-R0010.ps.Z
       or  http://micans.org/mcl/lit/INS-R0010.ps.Z)

