.[mcl] new tab created
[mcl] pid 41147
 ite -------------------  chaos  time hom(avg,lo,hi) expa expb expc fmv
  1  ...................  19.15  0.01 0.92/0.31/1.25 1.98 1.17 1.17  99
  2  ...................  20.90  0.02 0.91/0.48/1.46 1.80 0.82 0.95  99
  3  ...................  19.84  0.01 0.90/0.53/1.37 1.46 0.83 0.79  99
  4  ...................   5.21  0.01 0.86/0.28/1.00 1.43 0.85 0.67  99
  5  ...................   4.38  0.01 0.83/0.27/1.31 1.30 0.89 0.60  97
  6  ...................   3.73  0.01 0.79/0.44/1.00 1.01 0.98 0.59  96
  7  ...................   2.65  0.01 0.78/0.42/1.00 1.00 0.93 0.55  96
  8  ...................   4.60  0.01 0.79/0.20/1.00 1.01 0.96 0.52  96
  9  ...................   7.62  0.00 0.80/0.13/1.00 1.00 0.91 0.48  95
 10  ...................  11.14  0.01 0.82/0.25/1.00 1.00 0.94 0.45  95
 11  ...................   7.84  0.00 0.83/0.62/1.00 1.00 0.94 0.42  95
 12  ...................   2.66  0.00 0.84/0.65/1.00 1.00 0.85 0.36  95
 13  ...................   1.80  0.01 0.83/0.63/1.00 1.00 0.99 0.36  91
 14  ...................   2.01  0.00 0.79/0.55/1.00 1.01 0.81 0.29  88
 15  ...................   1.87  0.01 0.74/0.46/1.00 1.00 0.70 0.20  87
 16  ...................   1.85  0.00 0.73/0.47/1.00 1.00 0.82 0.17  73
 17  ...................   1.70  0.01 0.77/0.59/1.00 1.00 0.89 0.15  73
 18  ...................   1.59  0.00 0.83/0.60/1.00 1.00 1.00 0.15  73
 19  ...................   1.25  0.00 0.86/0.60/1.00 1.00 0.81 0.12  73
 20  ...................   0.95  0.01 0.85/0.67/1.00 1.00 0.69 0.08  73
 21  ...................   0.81  0.00 0.83/0.76/1.00 1.00 0.60 0.05  73
 22  ...................   0.81  0.00 0.80/0.72/1.00 1.00 0.97 0.05  30
 23  ...................   0.66  0.00 0.78/0.70/1.00 1.00 0.97 0.05  30
 24  ...................   0.61  0.00 0.76/0.71/1.00 1.00 0.90 0.04  30
 25  ...................   0.86  0.00 0.76/0.54/1.00 1.00 1.00 0.04  24
 26  ...................   1.12  0.01 0.78/0.45/1.00 1.00 0.87 0.04  24
 27  ...................   1.20  0.00 0.84/0.50/1.00 1.00 0.93 0.03  24
 28  ...................   0.88  0.00 0.90/0.59/1.00 1.00 0.84 0.03  17
 29  ...................   1.04  0.00 0.95/0.59/1.00 1.00 1.00 0.03  17
 30  ...................   1.14  0.00 0.97/0.61/1.00 1.00 0.95 0.03  17
 31  ...................   1.11  0.00 0.98/0.66/1.00 1.00 0.59 0.02  17
 32  ...................   0.89  0.00 0.99/0.74/1.00 1.00 0.87 0.01   3
 33  ...................   0.34  0.00 0.99/0.80/1.00 1.00 0.91 0.01   3
 34  ...................   0.37  0.00 0.99/0.78/1.00 1.00 0.94 0.01   0
 35  ...................   0.38  0.00 0.99/0.76/1.00 1.00 0.97 0.01   0
 36  ...................   0.32  0.00 0.99/0.79/1.00 1.00 1.00 0.01   0
 37  ...................   0.23  0.00 0.99/0.80/1.00 1.00 0.95 0.01   0
 38  ...................   0.25  0.00 0.99/0.76/1.00 1.00 1.00 0.01   0
 39  ...................   0.22  0.00 1.00/0.78/1.00 1.00 1.00 0.01   0
 40  ...................   0.14  0.00 1.00/0.86/1.00 1.00 1.00 0.01   0
 41  ...................   0.06  0.00 1.00/0.94/1.00 1.00 0.98 0.01   0
 42  ...................   0.01  0.00 1.00/0.99/1.00 1.00 1.00 0.01   0
 43  ...................   0.00  0.00 1.00/1.00/1.00 1.00 1.00 0.01   0
 44  ...................   0.00  0.00 1.00/1.00/1.00 1.00 0.98 0.01   0
[mcl] jury pruning marks: <99,99,99>, out of 100
[mcl] jury pruning synopsis: <99.0 or perfect> (cf -scheme, -do log)
[mcl] output is in /local/wiwie/ClustEval/repository/results/04_20_2013-17_25_45_paper_sfld_layered_f2/clusters/MCL_norm_sfld_1.37.results
[mcl] 13 clusters found
[mcl] output is in /local/wiwie/ClustEval/repository/results/04_20_2013-17_25_45_paper_sfld_layered_f2/clusters/MCL_norm_sfld_1.37.results

Please cite:
    Stijn van Dongen, Graph Clustering by Flow Simulation.  PhD thesis,
    University of Utrecht, May 2000.
       (  http://www.library.uu.nl/digiarchief/dip/diss/1895620/full.pdf
       or  http://micans.org/mcl/lit/svdthesis.pdf.gz)
OR
    Stijn van Dongen, A cluster algorithm for graphs. Technical
    Report INS-R0010, National Research Institute for Mathematics
    and Computer Science in the Netherlands, Amsterdam, May 2000.
       (  http://www.cwi.nl/ftp/CWIreports/INS/INS-R0010.ps.Z
       or  http://micans.org/mcl/lit/INS-R0010.ps.Z)

