.[mcl] new tab created
[mcl] pid 21781
 ite -------------------  chaos  time hom(avg,lo,hi) expa expb expc fmv
  1  ...................  19.15  0.02 0.92/0.31/1.25 1.98 1.17 1.17  99
  2  ...................   6.27  0.01 0.87/0.37/1.53 1.80 0.50 0.59  99
  3  ...................  13.19  0.01 0.85/0.27/8.33 1.02 0.81 0.48  96
  4  ...................   1.48  0.00 0.84/0.62/1.18 1.00 0.74 0.35  87
  5  ...................   1.89  0.00 0.72/0.49/1.00 1.00 0.46 0.16  72
  6  ...................   1.04  0.00 0.87/0.63/1.00 1.00 0.48 0.08  69
  7  ...................   0.60  0.00 0.79/0.65/1.00 1.00 0.50 0.04  68
  8  ...................   1.06  0.00 0.89/0.60/1.00 1.00 0.72 0.03  20
  9  ...................   1.02  0.00 0.98/0.69/1.00 1.00 0.53 0.02  20
 10  ...................   0.37  0.00 0.99/0.76/1.00 1.00 0.78 0.01   3
 11  ...................   0.23  0.00 1.00/0.77/1.00 1.00 0.92 0.01   0
 12  ...................   0.00  0.00 1.00/1.00/1.00 1.00 0.98 0.01   0
 13  ...................   0.00  0.00 1.00/1.00/1.00 1.00 0.98 0.01   0
[mcl] jury pruning marks: <99,99,99>, out of 100
[mcl] jury pruning synopsis: <99.0 or perfect> (cf -scheme, -do log)
[mcl] output is in /local/wiwie/ClustEval/repository/results/04_20_2013-17_25_45_paper_sfld_layered_f2/clusters/MCL_norm_sfld_1.12.results
[mcl] 23 clusters found
[mcl] output is in /local/wiwie/ClustEval/repository/results/04_20_2013-17_25_45_paper_sfld_layered_f2/clusters/MCL_norm_sfld_1.12.results

Please cite:
    Stijn van Dongen, Graph Clustering by Flow Simulation.  PhD thesis,
    University of Utrecht, May 2000.
       (  http://www.library.uu.nl/digiarchief/dip/diss/1895620/full.pdf
       or  http://micans.org/mcl/lit/svdthesis.pdf.gz)
OR
    Stijn van Dongen, A cluster algorithm for graphs. Technical
    Report INS-R0010, National Research Institute for Mathematics
    and Computer Science in the Netherlands, Amsterdam, May 2000.
       (  http://www.cwi.nl/ftp/CWIreports/INS/INS-R0010.ps.Z
       or  http://micans.org/mcl/lit/INS-R0010.ps.Z)

