.[mcl] new tab created
[mcl] pid 2194
 ite -------------------  chaos  time hom(avg,lo,hi) expa expb expc fmv
  1  ...................  19.15  0.02 0.92/0.31/1.25 1.98 1.17 1.17  99
  2  ...................   7.84  0.01 0.89/0.23/1.34 1.80 0.55 0.64  99
  3  ...................   8.22  0.01 0.83/0.25/3.85 1.41 0.88 0.57  97
  4  ...................  12.41  0.00 0.81/0.24/1.41 1.02 0.90 0.51  95
  5  ...................   1.06  0.01 0.84/0.65/1.00 1.01 0.82 0.42  91
  6  ...................   1.82  0.00 0.82/0.62/1.00 1.01 0.79 0.33  81
  7  ...................   1.80  0.01 0.72/0.45/1.00 1.00 0.51 0.17  68
  8  ...................   1.43  0.00 0.84/0.61/1.00 1.00 0.81 0.14  68
  9  ...................   1.07  0.00 0.86/0.67/1.00 1.00 0.42 0.06  68
 10  ...................   0.93  0.00 0.80/0.67/1.00 1.00 0.78 0.04  68
 11  ...................   0.99  0.00 0.78/0.48/1.00 1.00 0.79 0.03  25
 12  ...................   0.90  0.00 0.91/0.59/1.00 1.00 0.80 0.03  20
 13  ...................   1.14  0.00 0.97/0.63/1.00 1.00 0.93 0.03  17
 14  ...................   0.33  0.00 0.99/0.81/1.00 1.00 0.48 0.01  17
 15  ...................   0.37  0.00 0.99/0.76/1.00 1.00 0.96 0.01   0
 16  ...................   0.24  0.00 0.99/0.78/1.00 1.00 0.92 0.01   0
 17  ...................   0.16  0.00 1.00/0.84/1.00 1.00 1.00 0.01   0
 18  ...................   0.01  0.00 1.00/0.99/1.00 1.00 0.98 0.01   0
 19  ...................   0.00  0.00 1.00/1.00/1.00 1.00 0.98 0.01   0
[mcl] jury pruning marks: <99,99,99>, out of 100
[mcl] jury pruning synopsis: <99.0 or perfect> (cf -scheme, -do log)
[mcl] output is in /local/wiwie/ClustEval/repository/results/04_20_2013-17_25_45_paper_sfld_layered_f2/clusters/MCL_norm_sfld_1.6.results
[mcl] 21 clusters found
[mcl] output is in /local/wiwie/ClustEval/repository/results/04_20_2013-17_25_45_paper_sfld_layered_f2/clusters/MCL_norm_sfld_1.6.results

Please cite:
    Stijn van Dongen, Graph Clustering by Flow Simulation.  PhD thesis,
    University of Utrecht, May 2000.
       (  http://www.library.uu.nl/digiarchief/dip/diss/1895620/full.pdf
       or  http://micans.org/mcl/lit/svdthesis.pdf.gz)
OR
    Stijn van Dongen, A cluster algorithm for graphs. Technical
    Report INS-R0010, National Research Institute for Mathematics
    and Computer Science in the Netherlands, Amsterdam, May 2000.
       (  http://www.cwi.nl/ftp/CWIreports/INS/INS-R0010.ps.Z
       or  http://micans.org/mcl/lit/INS-R0010.ps.Z)

