.[mcl] new tab created
[mcl] pid 22035
 ite -------------------  chaos  time hom(avg,lo,hi) expa expb expc fmv
  1  ...................  19.15  0.01 0.92/0.31/1.25 1.98 1.17 1.17  99
  2  ...................   5.01  0.01 0.86/0.46/1.80 1.80 0.49 0.57  99
  3  ...................   6.02  0.01 0.86/0.59/8.75 1.03 0.78 0.44  95
  4  ...................   1.84  0.00 0.77/0.52/1.00 1.00 0.55 0.24  84
  5  ...................   1.18  0.00 0.87/0.59/1.00 1.00 0.48 0.12  69
  6  ...................   0.94  0.01 0.81/0.70/1.00 1.00 0.37 0.04  68
  7  ...................   1.10  0.00 0.88/0.57/1.00 1.00 0.77 0.03  25
  8  ...................   0.86  0.00 0.98/0.75/1.00 1.00 0.42 0.01  20
  9  ...................   0.20  0.00 0.99/0.82/1.00 1.00 0.81 0.01   3
 10  ...................   0.09  0.00 1.00/0.91/1.00 1.00 0.98 0.01   0
 11  ...................   0.00  0.00 1.00/1.00/1.00 1.00 0.98 0.01   0
[mcl] jury pruning marks: <99,99,99>, out of 100
[mcl] jury pruning synopsis: <99.0 or perfect> (cf -scheme, -do log)
[mcl] output is in /local/wiwie/ClustEval/repository/results/04_20_2013-17_25_45_paper_sfld_layered_f2/clusters/MCL_norm_sfld_1.16.results
[mcl] 24 clusters found
[mcl] output is in /local/wiwie/ClustEval/repository/results/04_20_2013-17_25_45_paper_sfld_layered_f2/clusters/MCL_norm_sfld_1.16.results

Please cite:
    Stijn van Dongen, Graph Clustering by Flow Simulation.  PhD thesis,
    University of Utrecht, May 2000.
       (  http://www.library.uu.nl/digiarchief/dip/diss/1895620/full.pdf
       or  http://micans.org/mcl/lit/svdthesis.pdf.gz)
OR
    Stijn van Dongen, A cluster algorithm for graphs. Technical
    Report INS-R0010, National Research Institute for Mathematics
    and Computer Science in the Netherlands, Amsterdam, May 2000.
       (  http://www.cwi.nl/ftp/CWIreports/INS/INS-R0010.ps.Z
       or  http://micans.org/mcl/lit/INS-R0010.ps.Z)

