.[mcl] new tab created
[mcl] pid 22437
 ite -------------------  chaos  time hom(avg,lo,hi) expa expb expc fmv
  1  ...................  19.15  0.01 0.92/0.31/1.25 1.98 1.17 1.17  99
  2  ...................   3.57  0.02 0.84/0.30/2.33 1.80 0.48 0.56  99
  3  ...................   1.24  0.01 0.87/0.63/8.82 1.02 0.73 0.41  94
  4  ...................   1.87  0.00 0.73/0.48/1.00 1.01 0.40 0.16  78
  5  ...................   1.10  0.00 0.85/0.71/1.00 1.00 0.28 0.05  68
  6  ...................   1.12  0.00 0.80/0.45/1.00 1.00 0.74 0.03  25
  7  ...................   1.05  0.00 0.98/0.68/1.00 1.00 0.45 0.02  20
  8  ...................   0.19  0.00 0.99/0.82/1.00 1.00 0.75 0.01   3
  9  ...................   0.05  0.01 1.00/0.95/1.00 1.00 0.95 0.01   0
 10  ...................   0.00  0.00 1.00/1.00/1.00 1.00 0.98 0.01   0
[mcl] jury pruning marks: <99,99,99>, out of 100
[mcl] jury pruning synopsis: <99.0 or perfect> (cf -scheme, -do log)
[mcl] output is in /local/wiwie/ClustEval/repository/results/04_20_2013-17_25_45_paper_sfld_layered_f2/clusters/MCL_norm_sfld_1.21.results
[mcl] 25 clusters found
[mcl] output is in /local/wiwie/ClustEval/repository/results/04_20_2013-17_25_45_paper_sfld_layered_f2/clusters/MCL_norm_sfld_1.21.results

Please cite:
    Stijn van Dongen, Graph Clustering by Flow Simulation.  PhD thesis,
    University of Utrecht, May 2000.
       (  http://www.library.uu.nl/digiarchief/dip/diss/1895620/full.pdf
       or  http://micans.org/mcl/lit/svdthesis.pdf.gz)
OR
    Stijn van Dongen, A cluster algorithm for graphs. Technical
    Report INS-R0010, National Research Institute for Mathematics
    and Computer Science in the Netherlands, Amsterdam, May 2000.
       (  http://www.cwi.nl/ftp/CWIreports/INS/INS-R0010.ps.Z
       or  http://micans.org/mcl/lit/INS-R0010.ps.Z)

