.[mcl] new tab created
[mcl] pid 29668
 ite -------------------  chaos  time hom(avg,lo,hi) expa expb expc fmv
  1  ...................  19.15  0.01 0.92/0.31/1.25 1.98 1.17 1.17  99
  2  ...................  19.61  0.02 0.90/0.30/1.47 1.80 0.98 1.15  99
  3  ...................  19.10  0.01 0.88/0.29/1.00 1.54 0.95 1.09  99
  4  ...................  17.76  0.02 0.85/0.27/1.00 1.61 0.95 1.03  99
  5  ...................  14.28  0.01 0.83/0.26/1.00 1.32 0.95 0.98  99
  6  ...................   8.44  0.01 0.82/0.35/1.00 1.25 0.96 0.94  99
  7  ...................   4.96  0.01 0.83/0.34/1.90 1.17 0.96 0.90  99
  8  ...................   5.09  0.01 0.81/0.29/1.00 1.16 0.95 0.85  99
  9  ...................   5.90  0.01 0.79/0.25/1.00 1.12 0.97 0.83  99
 10  ...................   7.09  0.01 0.80/0.23/1.00 1.10 0.96 0.80  99
 11  ...................   7.29  0.01 0.88/0.28/1.19 1.09 0.98 0.78  99
 12  ...................   5.48  0.01 0.82/0.39/1.00 1.01 0.97 0.75  99
 13  ...................   3.83  0.01 0.81/0.42/1.00 1.00 0.91 0.69  99
 14  ...................   2.54  0.00 0.81/0.41/1.00 1.00 0.99 0.68  97
 15  ...................   2.19  0.00 0.80/0.35/1.00 1.00 0.99 0.67  97
 16  ...................   2.71  0.01 0.79/0.28/1.00 1.00 1.00 0.67  97
 17  ...................   3.11  0.01 0.79/0.25/1.00 1.01 0.99 0.66  97
 18  ...................   3.65  0.00 0.78/0.25/1.00 1.01 0.92 0.61  97
 19  ...................   3.91  0.00 0.78/0.26/1.00 1.00 1.00 0.61  97
 20  ...................   3.90  0.01 0.78/0.29/1.00 1.00 0.95 0.58  97
 21  ...................   3.89  0.00 0.78/0.36/1.00 1.00 0.98 0.57  97
 22  ...................   3.51  0.00 0.78/0.41/1.00 1.00 0.98 0.56  97
 23  ...................   2.64  0.01 0.79/0.38/1.00 1.00 0.97 0.54  97
 24  ...................   2.73  0.00 0.79/0.36/1.00 1.00 0.93 0.51  93
 25  ...................   2.92  0.01 0.79/0.37/1.00 1.00 0.93 0.47  93
 26  ...................   3.15  0.00 0.79/0.40/1.00 1.01 0.99 0.47  93
 27  ...................   2.87  0.00 0.78/0.42/1.00 1.01 0.99 0.47  90
 28  ...................   2.52  0.00 0.76/0.43/1.00 1.01 0.89 0.42  90
 29  ...................   2.17  0.00 0.74/0.47/1.00 1.01 0.91 0.38  90
 30  ...................   2.14  0.00 0.72/0.47/1.00 1.01 0.85 0.32  90
 31  ...................   2.25  0.01 0.70/0.43/1.00 1.01 0.90 0.29  90
 32  ...................   2.24  0.00 0.68/0.41/1.00 1.02 0.87 0.25  90
 33  ...................   2.15  0.00 0.68/0.40/1.00 1.02 0.87 0.22  90
 34  ...................   2.28  0.00 0.69/0.42/1.00 1.01 0.97 0.21  90
 35  ...................   2.27  0.01 0.71/0.44/1.00 1.01 0.94 0.20  90
 36  ...................   2.20  0.00 0.74/0.49/1.00 1.01 0.94 0.19  90
 37  ...................   2.26  0.00 0.78/0.56/1.00 1.00 0.99 0.19  90
 38  ...................   2.25  0.00 0.81/0.59/1.00 1.01 0.98 0.18  90
 39  ...................   1.84  0.00 0.83/0.59/1.00 1.02 0.84 0.15  90
 40  ...................   1.92  0.01 0.84/0.60/1.00 1.01 0.95 0.15  90
 41  ...................   1.81  0.00 0.84/0.58/1.00 1.01 0.96 0.14  90
 42  ...................   1.69  0.00 0.83/0.57/1.00 1.05 0.76 0.11  90
 43  ...................   1.40  0.00 0.82/0.55/1.00 1.03 0.74 0.08  90
 44  ...................   1.05  0.00 0.82/0.53/1.00 1.01 0.76 0.06  90
 45  ...................   1.14  0.00 0.81/0.52/1.00 1.02 0.91 0.06  90
 46  ...................   1.23  0.00 0.81/0.53/1.00 1.00 1.00 0.06  43
 47  ...................   1.30  0.00 0.81/0.55/1.00 1.00 0.99 0.06  43
 48  ...................   1.33  0.00 0.80/0.59/1.00 1.00 0.97 0.05  43
 49  ...................   1.34  0.00 0.79/0.63/1.00 1.00 0.96 0.05  43
 50  ...................   1.33  0.00 0.78/0.67/1.00 1.00 0.96 0.05  37
 51  ...................   1.31  0.01 0.77/0.69/1.00 1.01 0.99 0.05  37
 52  ...................   1.28  0.00 0.76/0.63/1.00 1.01 0.99 0.05  37
 53  ...................   1.23  0.00 0.75/0.56/1.00 1.00 0.97 0.05  36
 54  ...................   0.95  0.00 0.75/0.50/1.00 1.03 0.81 0.04  36
 55  ...................   1.07  0.00 0.76/0.46/1.00 1.00 0.97 0.04  23
 56  ...................   1.17  0.00 0.77/0.45/1.00 1.00 1.00 0.04  23
 57  ...................   1.21  0.00 0.80/0.47/1.00 1.00 0.99 0.04  23
 58  ...................   1.17  0.00 0.83/0.53/1.00 1.00 1.00 0.04  23
 59  ...................   1.04  0.00 0.87/0.58/1.00 1.00 0.84 0.03  23
 60  ...................   0.96  0.00 0.90/0.57/1.00 1.00 1.00 0.03  23
 61  ...................   1.04  0.00 0.92/0.57/1.00 1.00 1.00 0.03  23
 62  ...................   1.11  0.00 0.94/0.58/1.00 1.00 1.00 0.03  23
 63  ...................   1.15  0.00 0.95/0.59/1.00 1.00 1.00 0.03  23
 64  ...................   1.17  0.00 0.96/0.61/1.00 1.00 0.92 0.03  23
 65  ...................   1.16  0.00 0.97/0.63/1.00 1.00 1.00 0.03  15
 66  ...................   1.10  0.00 0.97/0.66/1.00 1.00 0.61 0.02  15
 67  ...................   0.99  0.00 0.97/0.70/1.00 1.00 0.96 0.02   3
 68  ...................   0.84  0.00 0.98/0.75/1.00 1.00 1.00 0.02   3
 69  ...................   0.34  0.00 0.98/0.80/1.00 1.00 0.84 0.01   3
 70  ...................   0.36  0.00 0.98/0.79/1.00 1.00 1.00 0.01   0
 71  ...................   0.37  0.00 0.98/0.78/1.00 1.00 0.94 0.01   0
 72  ...................   0.38  0.00 0.98/0.76/1.00 1.00 1.00 0.01   0
 73  ...................   0.38  0.00 0.98/0.76/1.00 1.00 1.00 0.01   0
 74  ...................   0.36  0.00 0.98/0.77/1.00 1.00 1.00 0.01   0
 75  ...................   0.21  0.01 0.98/0.79/1.00 1.00 0.91 0.01   0
 76  ...................   0.23  0.00 0.98/0.81/1.00 1.00 1.00 0.01   0
 77  ...................   0.24  0.00 0.98/0.78/1.00 1.00 1.00 0.01   0
 78  ...................   0.25  0.00 0.99/0.77/1.00 1.00 0.97 0.01   0
 79  ...................   0.25  0.00 0.99/0.76/1.00 1.00 1.00 0.01   0
 80  ...................   0.24  0.00 0.99/0.77/1.00 1.00 1.00 0.01   0
 81  ...................   0.21  0.00 1.00/0.79/1.00 1.00 1.00 0.01   0
 82  ...................   0.18  0.00 1.00/0.83/1.00 1.00 1.00 0.01   0
 83  ...................   0.13  0.00 1.00/0.87/1.00 1.00 1.00 0.01   0
 84  ...................   0.09  0.00 1.00/0.91/1.00 1.00 1.00 0.01   0
 85  ...................   0.06  0.00 1.00/0.94/1.00 1.00 0.92 0.01   0
 86  ...................   0.03  0.00 1.00/0.97/1.00 1.00 1.00 0.01   0
 87  ...................   0.01  0.00 1.00/0.99/1.00 1.00 1.00 0.01   0
 88  ...................   0.01  0.00 1.00/0.99/1.00 1.00 1.00 0.01   0
 89  ...................   0.00  0.00 1.00/1.00/1.00 1.00 1.00 0.01   0
 90  ...................   0.00  0.00 1.00/1.00/1.00 1.00 1.00 0.01   0
 91  ...................   0.00  0.00 1.00/1.00/1.00 1.00 0.98 0.01   0
[mcl] jury pruning marks: <99,99,99>, out of 100
[mcl] jury pruning synopsis: <99.0 or perfect> (cf -scheme, -do log)
[mcl] output is in /local/wiwie/ClustEval/repository/results/04_20_2013-17_25_45_paper_sfld_layered_f2/clusters/MCL_norm_sfld_1.34.results
[mcl] 10 clusters found
[mcl] output is in /local/wiwie/ClustEval/repository/results/04_20_2013-17_25_45_paper_sfld_layered_f2/clusters/MCL_norm_sfld_1.34.results

Please cite:
    Stijn van Dongen, Graph Clustering by Flow Simulation.  PhD thesis,
    University of Utrecht, May 2000.
       (  http://www.library.uu.nl/digiarchief/dip/diss/1895620/full.pdf
       or  http://micans.org/mcl/lit/svdthesis.pdf.gz)
OR
    Stijn van Dongen, A cluster algorithm for graphs. Technical
    Report INS-R0010, National Research Institute for Mathematics
    and Computer Science in the Netherlands, Amsterdam, May 2000.
       (  http://www.cwi.nl/ftp/CWIreports/INS/INS-R0010.ps.Z
       or  http://micans.org/mcl/lit/INS-R0010.ps.Z)

