.[mcl] new tab created
[mcl] pid 58359
 ite -------------------  chaos  time hom(avg,lo,hi) expa expb expc fmv
  1  ...................  19.15  0.01 0.92/0.31/1.25 1.98 1.17 1.17  99
  2  ...................   6.96  0.01 0.88/0.26/1.41 1.80 0.51 0.60  99
  3  ...................   9.52  0.01 0.83/0.11/7.07 1.03 0.86 0.51  96
  4  ...................   1.05  0.01 0.83/0.62/1.15 1.00 0.81 0.42  90
  5  ...................   1.90  0.00 0.78/0.55/1.00 1.01 0.65 0.27  84
  6  ...................   1.66  0.00 0.78/0.61/1.00 1.00 0.54 0.14  68
  7  ...................   1.07  0.01 0.86/0.66/1.00 1.00 0.42 0.06  68
  8  ...................   0.59  0.00 0.78/0.66/1.00 1.00 0.66 0.04  68
  9  ...................   1.20  0.00 0.85/0.50/1.00 1.00 0.85 0.03  20
 10  ...................   1.14  0.00 0.97/0.63/1.00 1.00 0.77 0.03  20
 11  ...................   0.35  0.00 0.99/0.79/1.00 1.00 0.47 0.01  17
 12  ...................   0.21  0.00 0.99/0.84/1.00 1.00 0.89 0.01   0
 13  ...................   0.17  0.00 1.00/0.83/1.00 1.00 1.00 0.01   0
 14  ...................   0.00  0.00 1.00/1.00/1.00 1.00 0.98 0.01   0
 15  ...................   0.00  0.00 1.00/1.00/1.00 1.00 0.98 0.01   0
[mcl] jury pruning marks: <99,99,99>, out of 100
[mcl] jury pruning synopsis: <99.0 or perfect> (cf -scheme, -do log)
[mcl] output is in /local/wiwie/ClustEval/repository/results/04_20_2013-17_25_45_paper_sfld_layered_f2/clusters/MCL_norm_sfld_1.59.results
[mcl] 22 clusters found
[mcl] output is in /local/wiwie/ClustEval/repository/results/04_20_2013-17_25_45_paper_sfld_layered_f2/clusters/MCL_norm_sfld_1.59.results

Please cite:
    Stijn van Dongen, Graph Clustering by Flow Simulation.  PhD thesis,
    University of Utrecht, May 2000.
       (  http://www.library.uu.nl/digiarchief/dip/diss/1895620/full.pdf
       or  http://micans.org/mcl/lit/svdthesis.pdf.gz)
OR
    Stijn van Dongen, A cluster algorithm for graphs. Technical
    Report INS-R0010, National Research Institute for Mathematics
    and Computer Science in the Netherlands, Amsterdam, May 2000.
       (  http://www.cwi.nl/ftp/CWIreports/INS/INS-R0010.ps.Z
       or  http://micans.org/mcl/lit/INS-R0010.ps.Z)

