.[mcl] new tab created
[mcl] pid 50536
 ite -------------------  chaos  time hom(avg,lo,hi) expa expb expc fmv
  1  ...................  19.15  0.01 0.92/0.31/1.25 1.98 1.17 1.17  99
  2  ...................  20.70  0.01 0.90/0.45/1.42 1.80 0.72 0.84  99
  3  ...................   5.36  0.01 0.88/0.36/1.54 1.57 0.79 0.67  99
  4  ...................   6.90  0.01 0.83/0.31/1.02 1.34 0.89 0.60  97
  5  ...................   9.11  0.01 0.80/0.24/1.00 1.01 0.94 0.56  96
  6  ...................   8.82  0.00 0.80/0.11/1.00 1.02 0.94 0.53  96
  7  ...................  11.76  0.00 0.81/0.30/1.34 1.02 0.91 0.48  95
  8  ...................   3.19  0.01 0.82/0.65/1.00 1.00 0.91 0.44  94
  9  ...................   1.30  0.00 0.83/0.65/1.00 1.00 0.86 0.38  89
 10  ...................   1.87  0.01 0.81/0.58/1.00 1.00 0.94 0.35  83
 11  ...................   1.88  0.00 0.74/0.50/1.00 1.00 0.67 0.24  80
 12  ...................   1.79  0.00 0.71/0.46/1.00 1.00 0.70 0.17  73
 13  ...................   1.69  0.00 0.77/0.62/1.00 1.00 0.89 0.15  73
 14  ...................   1.25  0.00 0.85/0.59/1.00 1.00 0.84 0.12  73
 15  ...................   1.00  0.00 0.87/0.64/1.00 1.00 0.73 0.09  72
 16  ...................   0.88  0.00 0.84/0.72/1.00 1.00 0.52 0.05  71
 17  ...................   0.93  0.00 0.81/0.67/1.00 1.00 0.96 0.05  28
 18  ...................   0.59  0.00 0.79/0.70/1.00 1.00 0.90 0.04  28
 19  ...................   0.93  0.00 0.78/0.51/1.00 1.00 0.97 0.04  22
 20  ...................   1.21  0.00 0.82/0.46/1.00 1.00 0.86 0.03  22
 21  ...................   0.89  0.00 0.91/0.59/1.00 1.00 0.81 0.03  22
 22  ...................   1.07  0.00 0.96/0.60/1.00 1.00 0.97 0.03  17
 23  ...................   1.14  0.00 0.98/0.64/1.00 1.00 0.61 0.02  17
 24  ...................   0.90  0.00 0.99/0.73/1.00 1.00 0.85 0.01   5
 25  ...................   0.34  0.00 0.99/0.80/1.00 1.00 0.90 0.01   3
 26  ...................   0.38  0.00 0.99/0.76/1.00 1.00 0.95 0.01   0
 27  ...................   0.32  0.00 0.99/0.79/1.00 1.00 0.97 0.01   0
 28  ...................   0.23  0.00 0.99/0.80/1.00 1.00 0.95 0.01   0
 29  ...................   0.25  0.00 1.00/0.76/1.00 1.00 1.00 0.01   0
 30  ...................   0.16  0.00 1.00/0.84/1.00 1.00 1.00 0.01   0
 31  ...................   0.05  0.00 1.00/0.95/1.00 1.00 0.98 0.01   0
 32  ...................   0.00  0.00 1.00/1.00/1.00 1.00 1.00 0.01   0
 33  ...................   0.00  0.00 1.00/1.00/1.00 1.00 0.98 0.01   0
[mcl] jury pruning marks: <99,99,99>, out of 100
[mcl] jury pruning synopsis: <99.0 or perfect> (cf -scheme, -do log)
[mcl] output is in /local/wiwie/ClustEval/repository/results/04_20_2013-17_25_45_paper_sfld_layered_f2/clusters/MCL_norm_sfld_1.169.results
[mcl] 15 clusters found
[mcl] output is in /local/wiwie/ClustEval/repository/results/04_20_2013-17_25_45_paper_sfld_layered_f2/clusters/MCL_norm_sfld_1.169.results

Please cite:
    Stijn van Dongen, Graph Clustering by Flow Simulation.  PhD thesis,
    University of Utrecht, May 2000.
       (  http://www.library.uu.nl/digiarchief/dip/diss/1895620/full.pdf
       or  http://micans.org/mcl/lit/svdthesis.pdf.gz)
OR
    Stijn van Dongen, A cluster algorithm for graphs. Technical
    Report INS-R0010, National Research Institute for Mathematics
    and Computer Science in the Netherlands, Amsterdam, May 2000.
       (  http://www.cwi.nl/ftp/CWIreports/INS/INS-R0010.ps.Z
       or  http://micans.org/mcl/lit/INS-R0010.ps.Z)

