.[mcl] new tab created
[mcl] pid 50254
 ite -------------------  chaos  time hom(avg,lo,hi) expa expb expc fmv
  1  ...................  19.15  0.02 0.92/0.31/1.25 1.98 1.17 1.17  99
  2  ...................  20.89  0.01 0.90/0.45/1.42 1.80 0.72 0.85  99
  3  ...................   5.49  0.01 0.88/0.38/1.50 1.57 0.80 0.68  99
  4  ...................   5.87  0.01 0.83/0.33/1.02 1.34 0.88 0.60  97
  5  ...................   7.45  0.01 0.80/0.29/1.08 1.01 0.97 0.58  96
  6  ...................   7.59  0.01 0.79/0.11/1.00 1.01 0.92 0.53  96
  7  ...................  12.38  0.00 0.80/0.27/1.00 1.01 0.90 0.48  95
  8  ...................   4.96  0.01 0.82/0.66/1.00 1.01 0.92 0.44  94
  9  ...................   1.23  0.00 0.83/0.65/1.00 1.00 0.88 0.39  94
 10  ...................   1.68  0.01 0.82/0.64/1.00 1.01 0.91 0.35  84
 11  ...................   1.90  0.00 0.76/0.53/1.00 1.00 0.75 0.26  80
 12  ...................   1.70  0.00 0.71/0.43/1.00 1.00 0.65 0.17  80
 13  ...................   1.84  0.00 0.74/0.43/1.00 1.00 0.92 0.16  73
 14  ...................   1.58  0.00 0.83/0.61/1.00 1.00 0.94 0.15  73
 15  ...................   1.32  0.00 0.87/0.61/1.00 1.00 0.81 0.12  72
 16  ...................   0.99  0.00 0.85/0.71/1.00 1.00 0.49 0.06  71
 17  ...................   0.89  0.01 0.83/0.71/1.00 1.00 0.80 0.05  71
 18  ...................   0.61  0.00 0.80/0.68/1.00 1.00 0.94 0.04  28
 19  ...................   0.75  0.00 0.78/0.60/1.00 1.00 0.91 0.04  28
 20  ...................   1.10  0.00 0.79/0.45/1.00 1.00 0.88 0.04  22
 21  ...................   1.16  0.00 0.86/0.53/1.00 1.00 0.95 0.03  22
 22  ...................   0.97  0.00 0.94/0.58/1.00 1.00 0.83 0.03  22
 23  ...................   1.12  0.00 0.97/0.61/1.00 1.00 0.97 0.03  17
 24  ...................   1.09  0.00 0.98/0.66/1.00 1.00 0.59 0.02  17
 25  ...................   0.31  0.00 0.99/0.79/1.00 1.00 0.79 0.01   3
 26  ...................   0.36  0.00 0.99/0.79/1.00 1.00 1.00 0.01   0
 27  ...................   0.38  0.00 0.99/0.76/1.00 1.00 0.93 0.01   0
 28  ...................   0.20  0.00 0.99/0.81/1.00 1.00 0.98 0.01   0
 29  ...................   0.24  0.00 0.99/0.78/1.00 1.00 0.97 0.01   0
 30  ...................   0.23  0.00 1.00/0.77/1.00 1.00 1.00 0.01   0
 31  ...................   0.13  0.00 1.00/0.87/1.00 1.00 1.00 0.01   0
 32  ...................   0.03  0.00 1.00/0.97/1.00 1.00 0.98 0.01   0
 33  ...................   0.00  0.00 1.00/1.00/1.00 1.00 1.00 0.01   0
 34  ...................   0.00  0.00 1.00/1.00/1.00 1.00 0.98 0.01   0
[mcl] jury pruning marks: <99,99,99>, out of 100
[mcl] jury pruning synopsis: <99.0 or perfect> (cf -scheme, -do log)
[mcl] output is in /local/wiwie/ClustEval/repository/results/04_20_2013-17_25_45_paper_sfld_layered_f2/clusters/MCL_norm_sfld_1.165.results
[mcl] 15 clusters found
[mcl] output is in /local/wiwie/ClustEval/repository/results/04_20_2013-17_25_45_paper_sfld_layered_f2/clusters/MCL_norm_sfld_1.165.results

Please cite:
    Stijn van Dongen, Graph Clustering by Flow Simulation.  PhD thesis,
    University of Utrecht, May 2000.
       (  http://www.library.uu.nl/digiarchief/dip/diss/1895620/full.pdf
       or  http://micans.org/mcl/lit/svdthesis.pdf.gz)
OR
    Stijn van Dongen, A cluster algorithm for graphs. Technical
    Report INS-R0010, National Research Institute for Mathematics
    and Computer Science in the Netherlands, Amsterdam, May 2000.
       (  http://www.cwi.nl/ftp/CWIreports/INS/INS-R0010.ps.Z
       or  http://micans.org/mcl/lit/INS-R0010.ps.Z)

