.[mcl] new tab created
[mcl] pid 14584
 ite -------------------  chaos  time hom(avg,lo,hi) expa expb expc fmv
  1  ...................  19.15  0.01 0.92/0.31/1.25 1.98 1.17 1.17  99
  2  ...................   5.52  0.01 0.89/0.22/1.35 1.80 0.53 0.62  99
  3  ...................   7.19  0.01 0.83/0.18/4.55 1.31 0.88 0.55  96
  4  ...................  11.00  0.00 0.81/0.45/1.42 1.02 0.86 0.47  94
  5  ...................   1.23  0.00 0.84/0.65/1.00 1.00 0.80 0.38  88
  6  ...................   1.82  0.00 0.77/0.53/1.00 1.00 0.65 0.25  78
  7  ...................   1.69  0.00 0.75/0.56/1.00 1.00 0.59 0.15  68
  8  ...................   1.33  0.00 0.87/0.60/1.00 1.00 0.81 0.12  68
  9  ...................   1.01  0.00 0.82/0.73/1.00 1.00 0.39 0.05  68
 10  ...................   0.79  0.00 0.77/0.58/1.00 1.00 0.87 0.04  25
 11  ...................   1.13  0.00 0.87/0.56/1.00 1.00 0.84 0.03  20
 12  ...................   1.13  0.00 0.97/0.62/1.00 1.00 0.77 0.03  20
 13  ...................   0.32  0.00 0.99/0.81/1.00 1.00 0.47 0.01  17
 14  ...................   0.37  0.00 0.99/0.76/1.00 1.00 0.96 0.01   0
 15  ...................   0.25  0.00 0.99/0.77/1.00 1.00 0.92 0.01   0
 16  ...................   0.12  0.00 1.00/0.88/1.00 1.00 0.98 0.01   0
 17  ...................   0.00  0.00 1.00/1.00/1.00 1.00 1.00 0.01   0
 18  ...................   0.00  0.00 1.00/1.00/1.00 1.00 0.98 0.01   0
[mcl] jury pruning marks: <99,99,99>, out of 100
[mcl] jury pruning synopsis: <99.0 or perfect> (cf -scheme, -do log)
[mcl] output is in /local/wiwie/ClustEval/repository/results/04_20_2013-17_25_45_paper_sfld_layered_f2/clusters/MCL_norm_sfld_1.51.results
[mcl] 21 clusters found
[mcl] output is in /local/wiwie/ClustEval/repository/results/04_20_2013-17_25_45_paper_sfld_layered_f2/clusters/MCL_norm_sfld_1.51.results

Please cite:
    Stijn van Dongen, Graph Clustering by Flow Simulation.  PhD thesis,
    University of Utrecht, May 2000.
       (  http://www.library.uu.nl/digiarchief/dip/diss/1895620/full.pdf
       or  http://micans.org/mcl/lit/svdthesis.pdf.gz)
OR
    Stijn van Dongen, A cluster algorithm for graphs. Technical
    Report INS-R0010, National Research Institute for Mathematics
    and Computer Science in the Netherlands, Amsterdam, May 2000.
       (  http://www.cwi.nl/ftp/CWIreports/INS/INS-R0010.ps.Z
       or  http://micans.org/mcl/lit/INS-R0010.ps.Z)

