.[mcl] new tab created
[mcl] pid 28206
 ite -------------------  chaos  time hom(avg,lo,hi) expa expb expc fmv
  1  ...................  19.15  0.02 0.92/0.31/1.25 1.98 1.17 1.17  99
  2  ...................  19.05  0.01 0.90/0.35/1.37 1.80 0.66 0.77  99
  3  ...................   7.55  0.01 0.86/0.25/2.10 1.51 0.77 0.60  99
  4  ...................  12.44  0.00 0.81/0.21/1.28 1.03 0.96 0.58  96
  5  ...................  11.68  0.00 0.81/0.14/1.43 1.02 0.90 0.52  95
  6  ...................   6.27  0.01 0.82/0.68/1.00 1.02 0.87 0.45  94
  7  ...................   1.18  0.00 0.83/0.65/1.00 1.00 0.87 0.39  90
  8  ...................   1.83  0.01 0.81/0.63/1.00 1.00 0.90 0.35  81
  9  ...................   1.99  0.00 0.73/0.48/1.00 1.00 0.64 0.23  78
 10  ...................   1.82  0.00 0.73/0.52/1.00 1.00 0.69 0.16  71
 11  ...................   1.43  0.00 0.84/0.60/1.00 1.00 0.88 0.14  71
 12  ...................   1.01  0.01 0.87/0.63/1.00 1.00 0.62 0.09  71
 13  ...................   0.94  0.00 0.83/0.73/1.00 1.01 0.54 0.05  71
 14  ...................   0.58  0.00 0.79/0.66/1.00 1.00 0.91 0.04  26
 15  ...................   0.90  0.00 0.77/0.52/1.00 1.00 0.94 0.04  20
 16  ...................   1.21  0.00 0.84/0.49/1.00 1.00 0.86 0.03  20
 17  ...................   0.97  0.00 0.94/0.58/1.00 1.00 0.82 0.03  20
 18  ...................   1.14  0.00 0.98/0.63/1.00 1.00 0.93 0.03  17
 19  ...................   0.89  0.00 0.99/0.74/1.00 1.00 0.53 0.01  17
 20  ...................   0.36  0.00 0.99/0.79/1.00 1.00 0.90 0.01   3
 21  ...................   0.36  0.00 0.99/0.76/1.00 1.00 0.94 0.01   0
 22  ...................   0.23  0.00 0.99/0.81/1.00 1.00 0.95 0.01   0
 23  ...................   0.24  0.00 1.00/0.76/1.00 1.00 1.00 0.01   0
 24  ...................   0.11  0.00 1.00/0.89/1.00 1.00 0.98 0.01   0
 25  ...................   0.01  0.00 1.00/0.99/1.00 1.00 1.00 0.01   0
 26  ...................   0.00  0.00 1.00/1.00/1.00 1.00 0.98 0.01   0
[mcl] jury pruning marks: <99,99,99>, out of 100
[mcl] jury pruning synopsis: <99.0 or perfect> (cf -scheme, -do log)
[mcl] output is in /local/wiwie/ClustEval/repository/results/04_20_2013-17_25_45_paper_sfld_layered_f2/clusters/MCL_norm_sfld_1.122.results
[mcl] 18 clusters found
[mcl] output is in /local/wiwie/ClustEval/repository/results/04_20_2013-17_25_45_paper_sfld_layered_f2/clusters/MCL_norm_sfld_1.122.results

Please cite:
    Stijn van Dongen, Graph Clustering by Flow Simulation.  PhD thesis,
    University of Utrecht, May 2000.
       (  http://www.library.uu.nl/digiarchief/dip/diss/1895620/full.pdf
       or  http://micans.org/mcl/lit/svdthesis.pdf.gz)
OR
    Stijn van Dongen, A cluster algorithm for graphs. Technical
    Report INS-R0010, National Research Institute for Mathematics
    and Computer Science in the Netherlands, Amsterdam, May 2000.
       (  http://www.cwi.nl/ftp/CWIreports/INS/INS-R0010.ps.Z
       or  http://micans.org/mcl/lit/INS-R0010.ps.Z)

