.[mcl] new tab created
[mcl] pid 26758
 ite -------------------  chaos  time hom(avg,lo,hi) expa expb expc fmv
  1  ...................  19.15  0.01 0.92/0.31/1.25 1.98 1.17 1.17  99
  2  ...................  20.54  0.01 0.91/0.46/1.47 1.80 0.84 0.98  99
  3  ...................  20.86  0.00 0.90/0.55/1.42 1.53 0.83 0.82  99
  4  ...................  14.99  0.00 0.86/0.28/1.17 1.46 0.89 0.72  99
  5  ...................   4.16  0.00 0.83/0.26/1.00 1.30 0.84 0.61  97
  6  ...................   3.95  0.00 0.80/0.44/1.00 1.20 0.97 0.59  96
  7  ...................   2.59  0.01 0.79/0.42/1.00 1.00 0.93 0.55  96
  8  ...................   2.47  0.00 0.79/0.45/1.00 1.01 0.96 0.53  96
  9  ...................   3.84  0.01 0.80/0.24/1.00 1.00 0.94 0.49  96
 10  ...................   6.55  0.00 0.81/0.14/1.00 1.00 0.95 0.47  95
 11  ...................  10.33  0.01 0.82/0.19/1.00 1.00 0.93 0.44  95
 12  ...................   9.71  0.00 0.83/0.46/1.00 1.00 0.92 0.41  95
 13  ...................   4.81  0.01 0.84/0.65/1.00 1.00 0.88 0.36  91
 14  ...................   1.89  0.00 0.82/0.62/1.00 1.00 0.98 0.35  88
 15  ...................   1.92  0.01 0.78/0.53/1.00 1.01 0.76 0.27  88
 16  ...................   1.91  0.00 0.74/0.46/1.00 1.00 0.77 0.20  87
 17  ...................   1.86  0.00 0.73/0.47/1.00 1.00 0.82 0.17  73
 18  ...................   1.71  0.00 0.76/0.58/1.00 1.00 0.89 0.15  73
 19  ...................   1.60  0.00 0.82/0.60/1.00 1.00 1.00 0.15  73
 20  ...................   1.23  0.00 0.86/0.59/1.00 1.00 0.81 0.12  73
 21  ...................   0.99  0.00 0.85/0.65/1.00 1.00 0.77 0.09  73
 22  ...................   0.91  0.00 0.83/0.74/1.00 1.00 0.60 0.06  73
 23  ...................   0.79  0.00 0.81/0.74/1.00 1.00 0.90 0.05  73
 24  ...................   0.72  0.00 0.79/0.71/1.00 1.00 0.95 0.05  30
 25  ...................   0.55  0.00 0.78/0.71/1.00 1.00 0.88 0.04  30
 26  ...................   0.71  0.00 0.76/0.63/1.00 1.00 1.00 0.04  24
 27  ...................   0.97  0.00 0.76/0.49/1.00 1.00 0.89 0.04  24
 28  ...................   1.18  0.00 0.80/0.45/1.00 1.00 0.98 0.04  24
 29  ...................   1.15  0.00 0.85/0.54/1.00 1.00 0.91 0.03  24
 30  ...................   0.92  0.00 0.91/0.58/1.00 1.00 0.86 0.03  17
 31  ...................   1.06  0.00 0.95/0.59/1.00 1.00 1.00 0.03  17
 32  ...................   1.14  0.00 0.97/0.62/1.00 1.00 0.95 0.03  17
 33  ...................   1.11  0.00 0.98/0.66/1.00 1.00 0.57 0.02  17
 34  ...................   0.90  0.00 0.99/0.73/1.00 1.00 0.91 0.01   3
 35  ...................   0.34  0.00 0.99/0.80/1.00 1.00 0.91 0.01   3
 36  ...................   0.37  0.00 0.99/0.78/1.00 1.00 0.94 0.01   0
 37  ...................   0.38  0.00 0.99/0.76/1.00 1.00 0.97 0.01   0
 38  ...................   0.34  0.00 0.99/0.78/1.00 1.00 1.00 0.01   0
 39  ...................   0.21  0.00 0.99/0.83/1.00 1.00 0.95 0.01   0
 40  ...................   0.25  0.00 0.99/0.78/1.00 1.00 1.00 0.01   0
 41  ...................   0.24  0.00 1.00/0.76/1.00 1.00 1.00 0.01   0
 42  ...................   0.20  0.00 1.00/0.81/1.00 1.00 1.00 0.01   0
 43  ...................   0.11  0.00 1.00/0.89/1.00 1.00 0.98 0.01   0
 44  ...................   0.04  0.00 1.00/0.96/1.00 1.00 1.00 0.01   0
 45  ...................   0.01  0.00 1.00/0.99/1.00 1.00 1.00 0.01   0
 46  ...................   0.00  0.00 1.00/1.00/1.00 1.00 1.00 0.01   0
 47  ...................   0.00  0.00 1.00/1.00/1.00 1.00 0.98 0.01   0
[mcl] jury pruning marks: <99,99,99>, out of 100
[mcl] jury pruning synopsis: <99.0 or perfect> (cf -scheme, -do log)
[mcl] output is in /local/wiwie/ClustEval/repository/results/04_20_2013-17_25_45_paper_sfld_layered_f2/clusters/MCL_norm_sfld_1.100.results
[mcl] 13 clusters found
[mcl] output is in /local/wiwie/ClustEval/repository/results/04_20_2013-17_25_45_paper_sfld_layered_f2/clusters/MCL_norm_sfld_1.100.results

Please cite:
    Stijn van Dongen, Graph Clustering by Flow Simulation.  PhD thesis,
    University of Utrecht, May 2000.
       (  http://www.library.uu.nl/digiarchief/dip/diss/1895620/full.pdf
       or  http://micans.org/mcl/lit/svdthesis.pdf.gz)
OR
    Stijn van Dongen, A cluster algorithm for graphs. Technical
    Report INS-R0010, National Research Institute for Mathematics
    and Computer Science in the Netherlands, Amsterdam, May 2000.
       (  http://www.cwi.nl/ftp/CWIreports/INS/INS-R0010.ps.Z
       or  http://micans.org/mcl/lit/INS-R0010.ps.Z)

