.[mcl] new tab created
[mcl] pid 22259
 ite -------------------  chaos  time hom(avg,lo,hi) expa expb expc fmv
  1  ...................  19.15  0.01 0.92/0.31/1.25 1.98 1.17 1.17  99
  2  ...................   3.98  0.01 0.85/0.36/2.09 1.80 0.48 0.56  99
  3  ...................   1.94  0.01 0.86/0.63/8.82 1.02 0.76 0.42  94
  4  ...................   1.70  0.00 0.73/0.45/1.00 1.00 0.40 0.17  81
  5  ...................   1.06  0.00 0.87/0.65/1.00 1.00 0.39 0.06  68
  6  ...................   0.83  0.00 0.78/0.56/1.00 1.00 0.61 0.04  68
  7  ...................   1.13  0.00 0.97/0.62/1.00 1.00 0.69 0.03  20
  8  ...................   0.38  0.00 0.99/0.76/1.00 1.00 0.46 0.01  17
  9  ...................   0.20  0.00 1.00/0.80/1.00 1.00 0.93 0.01   0
 10  ...................   0.00  0.00 1.00/1.00/1.00 1.00 0.96 0.01   0
[mcl] jury pruning marks: <99,99,99>, out of 100
[mcl] jury pruning synopsis: <99.0 or perfect> (cf -scheme, -do log)
[mcl] output is in /local/wiwie/ClustEval/repository/results/04_20_2013-17_25_45_paper_sfld_layered_f2/clusters/MCL_norm_sfld_1.19.results
[mcl] 25 clusters found
[mcl] output is in /local/wiwie/ClustEval/repository/results/04_20_2013-17_25_45_paper_sfld_layered_f2/clusters/MCL_norm_sfld_1.19.results

Please cite:
    Stijn van Dongen, Graph Clustering by Flow Simulation.  PhD thesis,
    University of Utrecht, May 2000.
       (  http://www.library.uu.nl/digiarchief/dip/diss/1895620/full.pdf
       or  http://micans.org/mcl/lit/svdthesis.pdf.gz)
OR
    Stijn van Dongen, A cluster algorithm for graphs. Technical
    Report INS-R0010, National Research Institute for Mathematics
    and Computer Science in the Netherlands, Amsterdam, May 2000.
       (  http://www.cwi.nl/ftp/CWIreports/INS/INS-R0010.ps.Z
       or  http://micans.org/mcl/lit/INS-R0010.ps.Z)

