.[mcl] new tab created
[mcl] pid 3890
 ite -------------------  chaos  time hom(avg,lo,hi) expa expb expc fmv
  1  ...................  19.15  0.01 0.92/0.31/1.25 1.98 1.17 1.17  99
  2  ...................  20.18  0.01 0.91/0.44/1.47 1.80 0.86 1.01  99
  3  ...................  20.58  0.02 0.90/0.51/1.39 1.68 0.86 0.86  99
  4  ...................  19.27  0.01 0.87/0.29/1.27 1.41 0.87 0.75  99
  5  ...................   6.53  0.01 0.83/0.25/1.00 1.34 0.87 0.66  97
  6  ...................   4.37  0.00 0.81/0.37/1.00 1.19 0.91 0.60  96
  7  ...................   3.19  0.00 0.80/0.44/1.00 1.00 0.98 0.58  96
  8  ...................   2.02  0.01 0.79/0.42/1.00 1.00 0.94 0.54  96
  9  ...................   1.69  0.00 0.79/0.51/1.00 1.00 0.96 0.52  96
 10  ...................   2.35  0.00 0.80/0.48/1.00 1.00 0.91 0.48  96
 11  ...................   3.62  0.01 0.82/0.30/1.00 1.00 0.95 0.45  96
 12  ...................   5.90  0.00 0.82/0.19/1.00 1.00 0.96 0.43  96
 13  ...................   8.21  0.01 0.83/0.19/1.00 1.00 0.91 0.39  95
 14  ...................  10.16  0.00 0.84/0.33/1.00 1.00 0.91 0.36  91
 15  ...................   6.65  0.00 0.82/0.61/1.00 1.00 0.97 0.35  88
 16  ...................   3.03  0.00 0.78/0.53/1.00 1.00 0.77 0.27  88
 17  ...................   2.10  0.00 0.74/0.46/1.00 1.00 0.77 0.20  88
 18  ...................   1.81  0.00 0.73/0.46/1.00 1.00 0.81 0.17  74
 19  ...................   1.78  0.00 0.75/0.55/1.00 1.00 0.92 0.15  73
 20  ...................   1.64  0.00 0.80/0.62/1.00 1.00 0.97 0.15  73
 21  ...................   1.26  0.00 0.85/0.59/1.00 1.00 0.84 0.12  73
 22  ...................   1.33  0.00 0.86/0.62/1.00 1.00 0.96 0.12  73
 23  ...................   0.92  0.00 0.84/0.70/1.00 1.00 0.57 0.07  73
 24  ...................   0.78  0.00 0.82/0.76/1.00 1.00 0.72 0.05  73
 25  ...................   0.77  0.00 0.81/0.73/1.00 1.00 0.97 0.05  30
 26  ...................   0.73  0.00 0.79/0.72/1.00 1.00 0.98 0.05  30
 27  ...................   0.56  0.00 0.77/0.71/1.00 1.00 0.88 0.04  30
 28  ...................   0.76  0.00 0.76/0.60/1.00 1.00 1.00 0.04  24
 29  ...................   0.99  0.00 0.76/0.48/1.00 1.00 0.89 0.04  24
 30  ...................   1.19  0.00 0.80/0.45/1.00 1.00 0.94 0.04  24
 31  ...................   1.16  0.00 0.85/0.54/1.00 1.00 0.95 0.03  24
 32  ...................   0.90  0.01 0.91/0.58/1.00 1.00 0.86 0.03  17
 33  ...................   1.05  0.00 0.95/0.59/1.00 1.00 1.00 0.03  17
 34  ...................   1.13  0.00 0.97/0.61/1.00 1.00 0.94 0.03  17
 35  ...................   1.13  0.00 0.98/0.64/1.00 1.00 0.60 0.02  17
 36  ...................   0.99  0.00 0.99/0.70/1.00 1.00 0.94 0.02   3
 37  ...................   0.32  0.00 0.99/0.80/1.00 1.00 0.83 0.01   3
 38  ...................   0.35  0.00 0.99/0.79/1.00 1.00 0.94 0.01   0
 39  ...................   0.38  0.00 0.99/0.77/1.00 1.00 1.00 0.01   0
 40  ...................   0.37  0.00 0.99/0.76/1.00 1.00 0.97 0.01   0
 41  ...................   0.21  0.00 0.99/0.80/1.00 1.00 0.98 0.01   0
 42  ...................   0.23  0.00 0.99/0.81/1.00 1.00 0.97 0.01   0
 43  ...................   0.25  0.00 0.99/0.77/1.00 1.00 1.00 0.01   0
 44  ...................   0.24  0.00 1.00/0.77/1.00 1.00 1.00 0.01   0
 45  ...................   0.19  0.00 1.00/0.82/1.00 1.00 1.00 0.01   0
 46  ...................   0.11  0.00 1.00/0.89/1.00 1.00 0.98 0.01   0
 47  ...................   0.04  0.00 1.00/0.96/1.00 1.00 1.00 0.01   0
 48  ...................   0.01  0.00 1.00/0.99/1.00 1.00 1.00 0.01   0
 49  ...................   0.00  0.00 1.00/1.00/1.00 1.00 1.00 0.01   0
 50  ...................   0.00  0.00 1.00/1.00/1.00 1.00 0.98 0.01   0
[mcl] jury pruning marks: <99,99,99>, out of 100
[mcl] jury pruning synopsis: <99.0 or perfect> (cf -scheme, -do log)
[mcl] output is in /local/wiwie/ClustEval/repository/results/04_20_2013-17_25_45_paper_sfld_layered_f2/clusters/MCL_norm_sfld_1.71.results
[mcl] 13 clusters found
[mcl] output is in /local/wiwie/ClustEval/repository/results/04_20_2013-17_25_45_paper_sfld_layered_f2/clusters/MCL_norm_sfld_1.71.results

Please cite:
    Stijn van Dongen, Graph Clustering by Flow Simulation.  PhD thesis,
    University of Utrecht, May 2000.
       (  http://www.library.uu.nl/digiarchief/dip/diss/1895620/full.pdf
       or  http://micans.org/mcl/lit/svdthesis.pdf.gz)
OR
    Stijn van Dongen, A cluster algorithm for graphs. Technical
    Report INS-R0010, National Research Institute for Mathematics
    and Computer Science in the Netherlands, Amsterdam, May 2000.
       (  http://www.cwi.nl/ftp/CWIreports/INS/INS-R0010.ps.Z
       or  http://micans.org/mcl/lit/INS-R0010.ps.Z)

