.[mcl] new tab created
[mcl] pid 54368
 ite -------------------  chaos  time hom(avg,lo,hi) expa expb expc fmv
  1  ...................  19.15  0.02 0.92/0.31/1.25 1.98 1.17 1.17  99
  2  ...................   6.71  0.01 0.88/0.24/1.39 1.80 0.51 0.60  99
  3  ...................   8.04  0.01 0.83/0.10/6.55 1.04 0.86 0.52  96
  4  ...................   2.30  0.01 0.83/0.62/1.22 1.00 0.84 0.43  91
  5  ...................   1.80  0.00 0.81/0.60/1.00 1.00 0.72 0.31  84
  6  ...................   1.81  0.00 0.74/0.52/1.00 1.00 0.50 0.15  69
  7  ...................   1.01  0.01 0.87/0.61/1.00 1.00 0.58 0.09  68
  8  ...................   1.06  0.00 0.81/0.70/1.00 1.00 0.50 0.04  68
  9  ...................   1.09  0.00 0.79/0.46/1.00 1.00 0.78 0.03  25
 10  ...................   1.04  0.00 0.96/0.59/1.00 1.00 0.80 0.03  20
 11  ...................   0.84  0.00 0.98/0.75/1.00 1.00 0.50 0.01  17
 12  ...................   0.37  0.00 0.99/0.76/1.00 1.00 0.87 0.01   3
 13  ...................   0.25  0.00 1.00/0.76/1.00 1.00 0.92 0.01   0
 14  ...................   0.05  0.00 1.00/0.95/1.00 1.00 0.98 0.01   0
 15  ...................   0.00  0.00 1.00/1.00/1.00 1.00 0.98 0.01   0
[mcl] jury pruning marks: <99,99,99>, out of 100
[mcl] jury pruning synopsis: <99.0 or perfect> (cf -scheme, -do log)
[mcl] output is in /local/wiwie/ClustEval/repository/results/04_20_2013-17_25_45_paper_sfld_layered_f2/clusters/MCL_norm_sfld_1.57.results
[mcl] 22 clusters found
[mcl] output is in /local/wiwie/ClustEval/repository/results/04_20_2013-17_25_45_paper_sfld_layered_f2/clusters/MCL_norm_sfld_1.57.results

Please cite:
    Stijn van Dongen, Graph Clustering by Flow Simulation.  PhD thesis,
    University of Utrecht, May 2000.
       (  http://www.library.uu.nl/digiarchief/dip/diss/1895620/full.pdf
       or  http://micans.org/mcl/lit/svdthesis.pdf.gz)
OR
    Stijn van Dongen, A cluster algorithm for graphs. Technical
    Report INS-R0010, National Research Institute for Mathematics
    and Computer Science in the Netherlands, Amsterdam, May 2000.
       (  http://www.cwi.nl/ftp/CWIreports/INS/INS-R0010.ps.Z
       or  http://micans.org/mcl/lit/INS-R0010.ps.Z)

