.[mcl] new tab created
[mcl] pid 28664
 ite -------------------  chaos  time hom(avg,lo,hi) expa expb expc fmv
  1  ...................  19.15  0.02 0.92/0.31/1.25 1.98 1.17 1.17  99
  2  ...................  16.12  0.01 0.89/0.30/1.36 1.80 0.63 0.74  99
  3  ...................   9.27  0.01 0.85/0.28/2.43 1.48 0.80 0.60  99
  4  ...................  10.65  0.01 0.80/0.13/1.17 1.01 0.90 0.54  96
  5  ...................  12.34  0.00 0.80/0.33/1.00 1.02 0.90 0.48  94
  6  ...................   1.46  0.01 0.83/0.65/1.00 1.01 0.90 0.43  90
  7  ...................   1.48  0.00 0.83/0.65/1.00 1.00 0.81 0.35  85
  8  ...................   1.91  0.00 0.76/0.52/1.00 1.00 0.70 0.25  75
  9  ...................   1.90  0.00 0.72/0.48/1.00 1.00 0.66 0.16  68
 10  ...................   1.44  0.00 0.84/0.61/1.00 1.00 0.83 0.14  68
 11  ...................   1.02  0.00 0.87/0.63/1.00 1.00 0.58 0.08  68
 12  ...................   0.97  0.00 0.83/0.72/1.00 1.00 0.57 0.05  68
 13  ...................   0.61  0.01 0.78/0.65/1.00 1.00 0.88 0.04  25
 14  ...................   1.06  0.00 0.78/0.46/1.00 1.00 0.87 0.03  20
 15  ...................   1.03  0.00 0.89/0.60/1.00 1.00 0.82 0.03  20
 16  ...................   1.10  0.00 0.97/0.60/1.00 1.00 0.94 0.03  20
 17  ...................   1.04  0.00 0.98/0.68/1.00 1.00 0.57 0.02  17
 18  ...................   0.34  0.00 0.99/0.80/1.00 1.00 0.81 0.01   3
 19  ...................   0.37  0.00 0.99/0.76/1.00 1.00 0.94 0.01   0
 20  ...................   0.22  0.00 0.99/0.81/1.00 1.00 0.95 0.01   0
 21  ...................   0.23  0.00 1.00/0.77/1.00 1.00 1.00 0.01   0
 22  ...................   0.08  0.00 1.00/0.92/1.00 1.00 0.98 0.01   0
 23  ...................   0.00  0.00 1.00/1.00/1.00 1.00 1.00 0.01   0
 24  ...................   0.00  0.00 1.00/1.00/1.00 1.00 0.98 0.01   0
[mcl] jury pruning marks: <99,99,99>, out of 100
[mcl] jury pruning synopsis: <99.0 or perfect> (cf -scheme, -do log)
[mcl] output is in /local/wiwie/ClustEval/repository/results/04_20_2013-17_25_45_paper_sfld_layered_f2/clusters/MCL_norm_sfld_1.128.results
[mcl] 19 clusters found
[mcl] output is in /local/wiwie/ClustEval/repository/results/04_20_2013-17_25_45_paper_sfld_layered_f2/clusters/MCL_norm_sfld_1.128.results

Please cite:
    Stijn van Dongen, Graph Clustering by Flow Simulation.  PhD thesis,
    University of Utrecht, May 2000.
       (  http://www.library.uu.nl/digiarchief/dip/diss/1895620/full.pdf
       or  http://micans.org/mcl/lit/svdthesis.pdf.gz)
OR
    Stijn van Dongen, A cluster algorithm for graphs. Technical
    Report INS-R0010, National Research Institute for Mathematics
    and Computer Science in the Netherlands, Amsterdam, May 2000.
       (  http://www.cwi.nl/ftp/CWIreports/INS/INS-R0010.ps.Z
       or  http://micans.org/mcl/lit/INS-R0010.ps.Z)

