.[mcl] new tab created
[mcl] pid 16890
 ite -------------------  chaos  time hom(avg,lo,hi) expa expb expc fmv
  1  ...................  19.15  0.02 0.92/0.31/1.25 1.98 1.17 1.17  99
  2  ...................  17.25  0.01 0.90/0.32/1.36 1.80 0.64 0.75  99
  3  ...................   8.63  0.01 0.86/0.26/2.29 1.50 0.79 0.60  99
  4  ...................  11.89  0.00 0.80/0.15/1.14 1.01 0.91 0.54  96
  5  ...................  12.06  0.00 0.80/0.23/1.00 1.01 0.95 0.51  95
  6  ...................   2.86  0.00 0.83/0.66/1.00 1.01 0.85 0.44  93
  7  ...................   1.30  0.00 0.84/0.65/1.00 1.00 0.81 0.36  85
  8  ...................   1.91  0.01 0.78/0.57/1.00 1.00 0.82 0.29  81
  9  ...................   1.78  0.00 0.71/0.45/1.00 1.00 0.58 0.17  75
 10  ...................   1.64  0.00 0.80/0.66/1.00 1.00 0.86 0.15  68
 11  ...................   1.30  0.00 0.88/0.59/1.00 1.00 0.80 0.12  68
 12  ...................   1.05  0.00 0.85/0.72/1.00 1.00 0.40 0.05  68
 13  ...................   0.89  0.00 0.80/0.67/1.00 1.00 0.94 0.04  25
 14  ...................   0.80  0.00 0.77/0.57/1.00 1.00 0.90 0.04  25
 15  ...................   1.21  0.00 0.83/0.46/1.00 1.00 0.86 0.03  20
 16  ...................   0.95  0.00 0.94/0.58/1.00 1.00 0.82 0.03  20
 17  ...................   1.14  0.00 0.97/0.62/1.00 1.00 0.94 0.03  17
 18  ...................   0.87  0.00 0.99/0.75/1.00 1.00 0.53 0.01  17
 19  ...................   0.36  0.00 0.99/0.78/1.00 1.00 0.90 0.01   3
 20  ...................   0.35  0.00 0.99/0.77/1.00 1.00 0.94 0.01   0
 21  ...................   0.24  0.00 0.99/0.79/1.00 1.00 0.95 0.01   0
 22  ...................   0.22  0.00 1.00/0.78/1.00 1.00 1.00 0.01   0
 23  ...................   0.06  0.00 1.00/0.94/1.00 1.00 0.98 0.01   0
 24  ...................   0.00  0.00 1.00/1.00/1.00 1.00 1.00 0.01   0
 25  ...................   0.00  0.00 1.00/1.00/1.00 1.00 0.98 0.01   0
[mcl] jury pruning marks: <99,99,99>, out of 100
[mcl] jury pruning synopsis: <99.0 or perfect> (cf -scheme, -do log)
[mcl] output is in /local/wiwie/ClustEval/repository/results/04_20_2013-17_25_45_paper_sfld_layered_f2/clusters/MCL_norm_sfld_1.43.results
[mcl] 19 clusters found
[mcl] output is in /local/wiwie/ClustEval/repository/results/04_20_2013-17_25_45_paper_sfld_layered_f2/clusters/MCL_norm_sfld_1.43.results

Please cite:
    Stijn van Dongen, Graph Clustering by Flow Simulation.  PhD thesis,
    University of Utrecht, May 2000.
       (  http://www.library.uu.nl/digiarchief/dip/diss/1895620/full.pdf
       or  http://micans.org/mcl/lit/svdthesis.pdf.gz)
OR
    Stijn van Dongen, A cluster algorithm for graphs. Technical
    Report INS-R0010, National Research Institute for Mathematics
    and Computer Science in the Netherlands, Amsterdam, May 2000.
       (  http://www.cwi.nl/ftp/CWIreports/INS/INS-R0010.ps.Z
       or  http://micans.org/mcl/lit/INS-R0010.ps.Z)

