.[mcl] new tab created
[mcl] pid 50169
 ite -------------------  chaos  time hom(avg,lo,hi) expa expb expc fmv
  1  ...................  19.15  0.01 0.92/0.31/1.25 1.98 1.17 1.17  99
  2  ...................   8.39  0.01 0.89/0.23/1.34 1.80 0.56 0.66  99
  3  ...................   8.48  0.01 0.83/0.30/3.57 1.43 0.87 0.57  98
  4  ...................  13.02  0.01 0.81/0.18/1.39 1.03 0.89 0.51  95
  5  ...................   1.58  0.01 0.83/0.65/1.00 1.00 0.84 0.43  91
  6  ...................   1.68  0.00 0.83/0.64/1.00 1.00 0.82 0.35  81
  7  ...................   1.90  0.01 0.72/0.46/1.00 1.00 0.56 0.20  75
  8  ...................   1.63  0.00 0.80/0.66/1.00 1.00 0.74 0.15  68
  9  ...................   1.03  0.00 0.87/0.62/1.00 1.00 0.61 0.09  68
 10  ...................   1.01  0.00 0.82/0.70/1.00 1.00 0.51 0.05  68
 11  ...................   0.76  0.00 0.77/0.60/1.00 1.00 0.88 0.04  25
 12  ...................   1.20  0.00 0.85/0.50/1.00 1.00 0.84 0.03  20
 13  ...................   1.08  0.00 0.96/0.60/1.00 1.00 0.80 0.03  20
 14  ...................   0.97  0.00 0.98/0.71/1.00 1.00 0.57 0.02  17
 15  ...................   0.37  0.00 0.99/0.78/1.00 1.00 0.81 0.01   3
 16  ...................   0.20  0.00 0.99/0.82/1.00 1.00 0.92 0.01   0
 17  ...................   0.24  0.00 1.00/0.76/1.00 1.00 0.97 0.01   0
 18  ...................   0.06  0.00 1.00/0.94/1.00 1.00 0.98 0.01   0
 19  ...................   0.00  0.00 1.00/1.00/1.00 1.00 1.00 0.01   0
 20  ...................   0.00  0.01 1.00/1.00/1.00 1.00 0.98 0.01   0
[mcl] jury pruning marks: <99,99,99>, out of 100
[mcl] jury pruning synopsis: <99.0 or perfect> (cf -scheme, -do log)
[mcl] output is in /local/wiwie/ClustEval/repository/results/04_20_2013-17_25_45_paper_sfld_layered_f2/clusters/MCL_norm_sfld_1.48.results
[mcl] 21 clusters found
[mcl] output is in /local/wiwie/ClustEval/repository/results/04_20_2013-17_25_45_paper_sfld_layered_f2/clusters/MCL_norm_sfld_1.48.results

Please cite:
    Stijn van Dongen, Graph Clustering by Flow Simulation.  PhD thesis,
    University of Utrecht, May 2000.
       (  http://www.library.uu.nl/digiarchief/dip/diss/1895620/full.pdf
       or  http://micans.org/mcl/lit/svdthesis.pdf.gz)
OR
    Stijn van Dongen, A cluster algorithm for graphs. Technical
    Report INS-R0010, National Research Institute for Mathematics
    and Computer Science in the Netherlands, Amsterdam, May 2000.
       (  http://www.cwi.nl/ftp/CWIreports/INS/INS-R0010.ps.Z
       or  http://micans.org/mcl/lit/INS-R0010.ps.Z)

