.[mcl] new tab created
[mcl] pid 16870
 ite -------------------  chaos  time hom(avg,lo,hi) expa expb expc fmv
  1  ...................  19.15  0.01 0.92/0.31/1.25 1.98 1.17 1.17  99
  2  ...................  20.18  0.01 0.91/0.43/1.48 1.80 0.87 1.01  99
  3  ...................  20.31  0.01 0.90/0.50/1.37 1.69 0.87 0.88  99
  4  ...................  19.24  0.00 0.87/0.29/1.20 1.40 0.86 0.76  99
  5  ...................   7.09  0.00 0.83/0.25/1.00 1.36 0.87 0.66  99
  6  ...................   5.48  0.00 0.81/0.35/1.00 1.21 0.90 0.60  96
  7  ...................   3.34  0.00 0.80/0.45/1.00 1.00 0.98 0.59  96
  8  ...................   2.05  0.01 0.79/0.41/1.00 1.00 0.94 0.55  96
  9  ...................   1.43  0.01 0.79/0.49/1.00 1.00 0.96 0.53  96
 10  ...................   1.46  0.01 0.80/0.57/1.00 1.01 0.92 0.48  96
 11  ...................   2.12  0.00 0.81/0.53/1.00 1.00 0.97 0.47  96
 12  ...................   3.23  0.02 0.82/0.39/1.00 1.00 0.94 0.44  96
 13  ...................   4.88  0.00 0.83/0.26/1.00 1.00 0.95 0.42  96
 14  ...................   6.71  0.01 0.84/0.21/1.00 1.00 0.87 0.36  92
 15  ...................   9.57  0.00 0.83/0.26/1.00 1.00 1.00 0.36  88
 16  ...................   7.68  0.01 0.79/0.44/1.00 1.00 0.83 0.30  88
 17  ...................   4.37  0.00 0.75/0.49/1.00 1.00 0.79 0.23  88
 18  ...................   3.25  0.00 0.73/0.45/1.00 1.00 0.74 0.17  74
 19  ...................   1.87  0.01 0.73/0.50/1.00 1.00 0.94 0.16  74
 20  ...................   1.69  0.00 0.78/0.62/1.00 1.01 0.91 0.15  74
 21  ...................   1.59  0.00 0.83/0.60/1.00 1.00 1.00 0.15  73
 22  ...................   1.24  0.00 0.86/0.60/1.00 1.00 0.81 0.12  73
 23  ...................   0.99  0.00 0.85/0.65/1.00 1.00 0.77 0.09  73
 24  ...................   0.89  0.00 0.83/0.74/1.00 1.00 0.65 0.06  73
 25  ...................   0.76  0.00 0.82/0.75/1.00 1.00 0.83 0.05  73
 26  ...................   0.68  0.01 0.80/0.73/1.00 1.00 0.96 0.05  30
 27  ...................   0.54  0.00 0.78/0.71/1.00 1.00 0.94 0.04  30
 28  ...................   0.62  0.00 0.77/0.70/1.00 1.00 0.94 0.04  24
 29  ...................   0.83  0.00 0.76/0.56/1.00 1.00 1.00 0.04  24
 30  ...................   1.06  0.00 0.77/0.46/1.00 1.00 0.87 0.04  24
 31  ...................   1.21  0.00 0.81/0.46/1.00 1.00 0.93 0.03  24
 32  ...................   1.10  0.00 0.87/0.57/1.00 1.00 0.98 0.03  17
 33  ...................   0.94  0.00 0.92/0.58/1.00 1.00 0.86 0.03  17
 34  ...................   1.07  0.00 0.96/0.59/1.00 1.00 1.00 0.03  17
 35  ...................   1.14  0.00 0.97/0.61/1.00 1.00 0.94 0.03  17
 36  ...................   1.12  0.00 0.98/0.65/1.00 1.00 0.57 0.02  17
 37  ...................   0.96  0.00 0.99/0.71/1.00 1.00 1.00 0.02   3
 38  ...................   0.32  0.00 0.99/0.81/1.00 1.00 0.83 0.01   3
 39  ...................   0.35  0.00 0.99/0.79/1.00 1.00 0.94 0.01   0
 40  ...................   0.38  0.00 0.99/0.77/1.00 1.00 1.00 0.01   0
 41  ...................   0.37  0.00 0.99/0.76/1.00 1.00 0.97 0.01   0
 42  ...................   0.21  0.00 0.99/0.79/1.00 1.00 0.98 0.01   0
 43  ...................   0.23  0.00 0.99/0.81/1.00 1.00 0.97 0.01   0
 44  ...................   0.25  0.00 0.99/0.77/1.00 1.00 1.00 0.01   0
 45  ...................   0.24  0.00 1.00/0.77/1.00 1.00 1.00 0.01   0
 46  ...................   0.19  0.00 1.00/0.81/1.00 1.00 1.00 0.01   0
 47  ...................   0.11  0.00 1.00/0.89/1.00 1.00 1.00 0.01   0
 48  ...................   0.04  0.00 1.00/0.96/1.00 1.00 0.98 0.01   0
 49  ...................   0.01  0.00 1.00/0.99/1.00 1.00 1.00 0.01   0
 50  ...................   0.00  0.00 1.00/1.00/1.00 1.00 1.00 0.01   0
 51  ...................   0.00  0.00 1.00/1.00/1.00 1.00 0.98 0.01   0
[mcl] jury pruning marks: <99,99,99>, out of 100
[mcl] jury pruning synopsis: <99.0 or perfect> (cf -scheme, -do log)
[mcl] output is in /local/wiwie/ClustEval/repository/results/04_20_2013-17_25_45_paper_sfld_layered_f2/clusters/MCL_norm_sfld_1.98.results
[mcl] 13 clusters found
[mcl] output is in /local/wiwie/ClustEval/repository/results/04_20_2013-17_25_45_paper_sfld_layered_f2/clusters/MCL_norm_sfld_1.98.results

Please cite:
    Stijn van Dongen, Graph Clustering by Flow Simulation.  PhD thesis,
    University of Utrecht, May 2000.
       (  http://www.library.uu.nl/digiarchief/dip/diss/1895620/full.pdf
       or  http://micans.org/mcl/lit/svdthesis.pdf.gz)
OR
    Stijn van Dongen, A cluster algorithm for graphs. Technical
    Report INS-R0010, National Research Institute for Mathematics
    and Computer Science in the Netherlands, Amsterdam, May 2000.
       (  http://www.cwi.nl/ftp/CWIreports/INS/INS-R0010.ps.Z
       or  http://micans.org/mcl/lit/INS-R0010.ps.Z)

