.[mcl] new tab created
[mcl] pid 32731
 ite -------------------  chaos  time hom(avg,lo,hi) expa expb expc fmv
  1  ...................  19.15  0.02 0.92/0.31/1.25 1.98 1.17 1.17  99
  2  ...................  18.23  0.02 0.90/0.26/1.45 1.80 1.02 1.19  99
  3  ...................  13.77  0.03 0.87/0.25/1.29 1.48 1.03 1.24  99
  4  ...................   8.05  0.02 0.84/0.30/1.00 1.42 1.01 1.24  99
  5  ...................   7.68  0.02 0.84/0.37/1.31 1.41 0.96 1.20  99
  6  ...................   8.08  0.02 0.86/0.43/1.00 1.45 0.97 1.16  99
  7  ...................   8.30  0.01 0.90/0.47/1.22 1.14 0.98 1.14  99
  8  ...................   8.42  0.01 0.85/0.48/1.00 1.13 0.97 1.11  99
  9  ...................   8.92  0.01 0.85/0.51/1.00 1.14 0.93 1.03  99
 10  ...................   8.63  0.01 0.87/0.56/1.49 1.13 0.98 1.02  99
 11  ...................   6.63  0.01 0.86/0.56/1.00 1.07 0.99 1.00  99
 12  ...................   4.07  0.01 0.87/0.56/1.04 1.04 0.99 0.99  99
 13  ...................   3.93  0.01 0.84/0.56/1.00 1.04 0.99 0.98  99
 14  ...................   3.45  0.01 0.84/0.62/1.00 1.05 0.98 0.96  99
 15  ...................   2.47  0.01 0.82/0.54/1.00 1.05 0.99 0.95  99
 16  ...................   3.10  0.02 0.79/0.34/1.00 1.05 0.98 0.93  99
 17  ...................   2.76  0.01 0.80/0.47/1.00 1.02 0.98 0.92  99
 18  ...................   2.37  0.01 0.80/0.59/1.00 1.02 0.99 0.90  99
 19  ...................   1.97  0.01 0.80/0.56/1.00 1.02 0.95 0.86  99
 20  ...................   1.65  0.00 0.80/0.54/1.00 1.01 1.00 0.85  99
 21  ...................   1.29  0.00 0.80/0.52/1.00 1.01 0.99 0.85  99
 22  ...................   1.20  0.01 0.79/0.51/1.00 1.02 0.99 0.84  99
 23  ...................   1.25  0.01 0.79/0.51/1.00 1.02 0.98 0.82  99
 24  ...................   1.29  0.01 0.79/0.52/1.00 1.02 1.00 0.82  99
 25  ...................   1.30  0.01 0.78/0.54/1.00 1.03 1.00 0.82  99
 26  ...................   1.28  0.01 0.78/0.56/1.00 1.03 0.95 0.78  99
 27  ...................   1.23  0.01 0.78/0.60/1.00 1.02 0.99 0.77  99
 28  ...................   1.15  0.00 0.77/0.64/1.00 1.02 1.00 0.76  99
 29  ...................   0.95  0.01 0.77/0.68/1.00 1.02 0.98 0.75  99
 30  ...................   1.04  0.01 0.76/0.67/1.00 1.02 0.97 0.73  99
 31  ...................   1.14  0.01 0.76/0.66/1.00 1.02 0.98 0.71  99
 32  ...................   1.24  0.01 0.76/0.65/1.00 1.02 0.99 0.70  99
 33  ...................   1.41  0.01 0.76/0.64/1.00 1.02 0.98 0.69  99
 34  ...................   1.62  0.01 0.75/0.62/1.00 1.02 0.99 0.68  99
 35  ...................   1.87  0.00 0.75/0.60/1.00 1.02 0.97 0.66  99
 36  ...................   2.15  0.00 0.75/0.59/1.00 1.01 0.96 0.63  99
 37  ...................   2.40  0.01 0.74/0.59/1.00 1.01 0.96 0.61  99
 38  ...................   2.43  0.01 0.74/0.59/1.00 1.00 1.00 0.61  99
 39  ...................   1.81  0.01 0.77/0.60/1.00 1.00 1.00 0.61  96
 40  ...................   1.99  0.00 0.73/0.61/1.00 1.00 1.00 0.61  96
 41  ...................   2.19  0.00 0.68/0.47/1.00 1.00 0.98 0.60  96
 42  ...................   1.88  0.01 0.68/0.56/1.00 1.00 0.86 0.51  96
 43  ...................   1.98  0.00 0.66/0.56/1.00 1.00 0.95 0.49  96
 44  ...................   1.93  0.00 0.64/0.53/1.00 1.00 0.88 0.43  96
 45  ...................   1.92  0.01 0.61/0.50/1.00 1.00 0.90 0.39  96
 46  ...................   2.03  0.00 0.59/0.48/1.00 1.00 0.96 0.37  96
 47  ...................   1.91  0.00 0.58/0.46/1.00 1.00 0.87 0.32  96
 48  ...................   1.85  0.00 0.57/0.45/1.00 1.00 0.90 0.29  96
 49  ...................   1.81  0.00 0.57/0.45/1.00 1.00 0.91 0.26  96
 50  ...................   1.86  0.00 0.58/0.46/1.00 1.00 0.97 0.26  96
 51  ...................   1.95  0.00 0.60/0.49/1.00 1.00 1.00 0.26  96
 52  ...................   1.86  0.00 0.62/0.52/1.00 1.00 0.93 0.24  96
 53  ...................   1.74  0.00 0.66/0.56/1.00 1.00 0.93 0.22  96
 54  ...................   1.73  0.01 0.69/0.61/1.00 1.00 1.00 0.22  96
 55  ...................   1.70  0.00 0.73/0.66/1.00 1.00 1.00 0.22  96
 56  ...................   1.66  0.00 0.77/0.71/1.00 1.00 1.00 0.22  96
 57  ...................   1.56  0.00 0.80/0.76/1.00 1.00 0.96 0.21  96
 58  ...................   1.36  0.01 0.83/0.79/1.00 1.00 0.88 0.19  96
 59  ...................   1.25  0.00 0.84/0.81/1.00 1.00 0.91 0.17  96
 60  ...................   1.29  0.00 0.85/0.82/1.00 1.00 1.00 0.17  96
 61  ...................   1.34  0.00 0.85/0.82/1.00 1.00 1.00 0.17  96
 62  ...................   0.97  0.00 0.85/0.81/1.00 1.00 0.71 0.12  96
 63  ...................   0.95  0.00 0.84/0.80/1.00 1.00 0.93 0.11  96
 64  ...................   0.67  0.00 0.83/0.79/1.00 1.00 0.71 0.08  96
 65  ...................   0.63  0.00 0.82/0.78/1.00 1.00 0.90 0.07  96
 66  ...................   0.38  0.00 0.82/0.77/1.00 1.00 0.66 0.05  96
 67  ...................   0.40  0.00 0.81/0.76/1.00 1.00 1.00 0.05  19
 68  ...................   0.42  0.00 0.80/0.75/1.00 1.00 1.00 0.05  19
 69  ...................   0.44  0.00 0.80/0.75/1.00 1.00 1.00 0.05  19
 70  ...................   0.46  0.00 0.79/0.75/1.00 1.00 1.00 0.05  19
 71  ...................   0.47  0.00 0.78/0.74/1.00 1.00 1.00 0.05  19
 72  ...................   0.49  0.00 0.78/0.74/1.00 1.00 1.00 0.05  19
 73  ...................   0.51  0.00 0.77/0.74/1.00 1.00 1.00 0.05  19
 74  ...................   0.53  0.00 0.76/0.73/1.00 1.00 1.00 0.05  19
 75  ...................   0.53  0.00 0.76/0.73/1.00 1.00 0.96 0.05  19
 76  ...................   0.57  0.00 0.75/0.73/1.00 1.00 1.00 0.05  19
 77  ...................   0.64  0.00 0.74/0.68/1.00 1.00 1.00 0.05  19
 78  ...................   0.71  0.00 0.73/0.63/1.00 1.00 1.00 0.05  19
 79  ...................   0.79  0.00 0.72/0.58/1.00 1.00 1.00 0.05  19
 80  ...................   0.87  0.00 0.72/0.53/1.00 1.00 1.00 0.05  19
 81  ...................   0.96  0.00 0.72/0.50/1.00 1.00 0.82 0.04  19
 82  ...................   1.04  0.00 0.72/0.47/1.00 1.00 1.00 0.04  19
 83  ...................   1.11  0.00 0.73/0.45/1.00 1.00 1.00 0.04  19
 84  ...................   1.17  0.00 0.75/0.45/1.00 1.00 1.00 0.04  19
 85  ...................   1.20  0.00 0.77/0.46/1.00 1.00 1.00 0.04  19
 86  ...................   1.21  0.00 0.79/0.49/1.00 1.00 1.00 0.04  19
 87  ...................   1.17  0.00 0.82/0.53/1.00 1.00 1.00 0.04  19
 88  ...................   1.09  0.00 0.85/0.56/1.00 1.00 0.78 0.03  19
 89  ...................   1.01  0.00 0.88/0.55/1.00 1.00 1.00 0.03  19
 90  ...................   1.07  0.00 0.90/0.55/1.00 1.00 1.00 0.03  19
 91  ...................   1.13  0.00 0.93/0.55/1.00 1.00 1.00 0.03  19
 92  ...................   1.17  0.00 0.95/0.55/1.00 1.00 1.00 0.03  19
 93  ...................   1.20  0.00 0.96/0.56/1.00 1.00 1.00 0.03  19
 94  ...................   1.22  0.00 0.97/0.57/1.00 1.00 1.00 0.03  19
 95  ...................   1.22  0.00 0.98/0.59/1.00 1.00 1.00 0.03  19
 96  ...................   1.20  0.00 0.98/0.61/1.00 1.00 1.00 0.03  19
 97  ...................   1.16  0.00 0.99/0.63/1.00 1.00 1.00 0.03  19
 98  ...................   1.09  0.01 0.99/0.66/1.00 1.00 0.66 0.02  19
 99  ...................   0.99  0.00 0.99/0.70/1.00 1.00 0.73 0.01  19
100  ...................   0.88  0.00 0.99/0.74/1.00 1.00 1.00 0.01   3
101  ...................   0.75  0.00 0.99/0.78/1.00 1.00 1.00 0.01   3
102  ...................   0.44  0.00 0.99/0.82/1.00 1.00 0.95 0.01   3
103  ...................   0.20  0.00 1.00/0.86/1.00 1.00 0.82 0.01   3
104  ...................   0.15  0.00 1.00/0.90/1.00 1.00 1.00 0.01   0
105  ...................   0.11  0.00 1.00/0.93/1.00 1.00 1.00 0.01   0
106  ...................   0.07  0.00 1.00/0.95/1.00 1.00 1.00 0.01   0
107  ...................   0.04  0.00 1.00/0.97/1.00 1.00 1.00 0.01   0
108  ...................   0.03  0.00 1.00/0.98/1.00 1.00 1.00 0.01   0
109  ...................   0.01  0.00 1.00/0.99/1.00 1.00 1.00 0.01   0
110  ...................   0.01  0.00 1.00/1.00/1.00 1.00 1.00 0.01   0
111  ...................   0.00  0.00 1.00/1.00/1.00 1.00 0.97 0.01   0
112  ...................   0.00  0.00 1.00/1.00/1.00 1.00 1.00 0.01   0
113  ...................   0.00  0.00 1.00/1.00/1.00 1.00 1.00 0.01   0
114  ...................   0.00  0.00 1.00/1.00/1.00 1.00 0.97 0.01   0
[mcl] jury pruning marks: <99,99,99>, out of 100
[mcl] jury pruning synopsis: <99.0 or perfect> (cf -scheme, -do log)
[mcl] output is in /local/wiwie/ClustEval/repository/results/04_20_2013-17_25_45_paper_sfld_layered_f2/clusters/MCL_norm_sfld_1.65.results
[mcl] 5 clusters found
[mcl] output is in /local/wiwie/ClustEval/repository/results/04_20_2013-17_25_45_paper_sfld_layered_f2/clusters/MCL_norm_sfld_1.65.results

Please cite:
    Stijn van Dongen, Graph Clustering by Flow Simulation.  PhD thesis,
    University of Utrecht, May 2000.
       (  http://www.library.uu.nl/digiarchief/dip/diss/1895620/full.pdf
       or  http://micans.org/mcl/lit/svdthesis.pdf.gz)
OR
    Stijn van Dongen, A cluster algorithm for graphs. Technical
    Report INS-R0010, National Research Institute for Mathematics
    and Computer Science in the Netherlands, Amsterdam, May 2000.
       (  http://www.cwi.nl/ftp/CWIreports/INS/INS-R0010.ps.Z
       or  http://micans.org/mcl/lit/INS-R0010.ps.Z)

