.[mcl] new tab created
[mcl] pid 27038
 ite -------------------  chaos  time hom(avg,lo,hi) expa expb expc fmv
  1  ...................  19.15  0.01 0.92/0.31/1.25 1.98 1.17 1.17  99
  2  ...................  21.20  0.02 0.91/0.46/1.45 1.80 0.78 0.91  99
  3  ...................  16.62  0.01 0.89/0.50/1.29 1.48 0.84 0.76  99
  4  ...................   4.87  0.01 0.85/0.30/1.08 1.42 0.82 0.63  99
  5  ...................   4.30  0.00 0.81/0.33/1.00 1.24 0.94 0.59  96
  6  ...................   3.29  0.00 0.79/0.37/1.00 1.00 0.93 0.55  96
  7  ...................   5.35  0.01 0.79/0.16/1.00 1.01 0.97 0.53  96
  8  ...................   9.02  0.00 0.80/0.13/1.00 1.02 0.91 0.48  95
  9  ...................  11.14  0.00 0.80/0.38/1.00 1.00 0.94 0.46  95
 10  ...................   4.49  0.01 0.82/0.65/1.00 1.00 0.94 0.43  95
 11  ...................   1.31  0.00 0.84/0.65/1.00 1.00 0.84 0.36  95
 12  ...................   1.86  0.00 0.83/0.62/1.00 1.01 0.99 0.36  91
 13  ...................   1.88  0.00 0.78/0.53/1.00 1.00 0.72 0.26  87
 14  ...................   1.87  0.00 0.73/0.45/1.00 1.00 0.74 0.19  87
 15  ...................   1.81  0.00 0.74/0.50/1.00 1.00 0.82 0.16  73
 16  ...................   1.65  0.00 0.80/0.64/1.00 1.00 0.94 0.15  72
 17  ...................   1.26  0.01 0.86/0.59/1.00 1.00 0.84 0.12  72
 18  ...................   0.97  0.00 0.86/0.63/1.00 1.00 0.74 0.09  72
 19  ...................   0.94  0.00 0.83/0.73/1.00 1.00 0.54 0.05  72
 20  ...................   0.83  0.00 0.81/0.72/1.00 1.00 0.98 0.05  29
 21  ...................   0.79  0.00 0.78/0.69/1.00 1.00 0.95 0.05  29
 22  ...................   0.63  0.00 0.76/0.69/1.00 1.00 0.89 0.04  29
 23  ...................   0.91  0.00 0.76/0.52/1.00 1.00 1.00 0.04  23
 24  ...................   1.17  0.00 0.80/0.45/1.00 1.00 0.87 0.04  23
 25  ...................   1.12  0.00 0.87/0.56/1.00 1.00 0.93 0.03  23
 26  ...................   0.96  0.00 0.93/0.58/1.00 1.00 0.84 0.03  17
 27  ...................   1.11  0.00 0.97/0.60/1.00 1.00 0.94 0.03  17
 28  ...................   1.13  0.00 0.98/0.64/1.00 1.00 0.60 0.02  17
 29  ...................   0.95  0.00 0.99/0.72/1.00 1.00 0.94 0.02   3
 30  ...................   0.33  0.00 0.99/0.81/1.00 1.00 0.83 0.01   3
 31  ...................   0.37  0.00 0.99/0.78/1.00 1.00 0.95 0.01   0
 32  ...................   0.37  0.00 0.99/0.76/1.00 1.00 0.97 0.01   0
 33  ...................   0.20  0.00 0.99/0.80/1.00 1.00 0.98 0.01   0
 34  ...................   0.24  0.00 0.99/0.80/1.00 1.00 0.97 0.01   0
 35  ...................   0.25  0.01 1.00/0.76/1.00 1.00 1.00 0.01   0
 36  ...................   0.20  0.00 1.00/0.80/1.00 1.00 1.00 0.01   0
 37  ...................   0.10  0.00 1.00/0.90/1.00 1.00 0.98 0.01   0
 38  ...................   0.03  0.00 1.00/0.97/1.00 1.00 1.00 0.01   0
 39  ...................   0.00  0.00 1.00/1.00/1.00 1.00 1.00 0.01   0
 40  ...................   0.00  0.00 1.00/1.00/1.00 1.00 0.98 0.01   0
[mcl] jury pruning marks: <99,99,99>, out of 100
[mcl] jury pruning synopsis: <99.0 or perfect> (cf -scheme, -do log)
[mcl] output is in /local/wiwie/ClustEval/repository/results/04_20_2013-17_25_45_paper_sfld_layered_f2/clusters/MCL_norm_sfld_1.104.results
[mcl] 14 clusters found
[mcl] output is in /local/wiwie/ClustEval/repository/results/04_20_2013-17_25_45_paper_sfld_layered_f2/clusters/MCL_norm_sfld_1.104.results

Please cite:
    Stijn van Dongen, Graph Clustering by Flow Simulation.  PhD thesis,
    University of Utrecht, May 2000.
       (  http://www.library.uu.nl/digiarchief/dip/diss/1895620/full.pdf
       or  http://micans.org/mcl/lit/svdthesis.pdf.gz)
OR
    Stijn van Dongen, A cluster algorithm for graphs. Technical
    Report INS-R0010, National Research Institute for Mathematics
    and Computer Science in the Netherlands, Amsterdam, May 2000.
       (  http://www.cwi.nl/ftp/CWIreports/INS/INS-R0010.ps.Z
       or  http://micans.org/mcl/lit/INS-R0010.ps.Z)

