.[mcl] new tab created
[mcl] pid 51306
 ite -------------------  chaos  time hom(avg,lo,hi) expa expb expc fmv
  1  ...................  19.15  0.01 0.92/0.31/1.25 1.98 1.17 1.17  99
  2  ...................  19.96  0.01 0.90/0.44/1.40 1.80 0.71 0.83  99
  3  ...................   4.88  0.00 0.88/0.31/1.66 1.57 0.76 0.63  99
  4  ...................   8.94  0.00 0.82/0.26/1.04 1.28 0.93 0.59  96
  5  ...................  11.81  0.01 0.79/0.15/1.00 1.01 0.92 0.55  96
  6  ...................  11.31  0.01 0.80/0.16/1.00 1.02 0.95 0.52  95
  7  ...................   7.57  0.00 0.82/0.68/1.00 1.01 0.89 0.46  94
  8  ...................   1.15  0.01 0.83/0.65/1.00 1.01 0.91 0.41  94
  9  ...................   1.55  0.00 0.83/0.65/1.00 1.01 0.85 0.35  83
 10  ...................   2.00  0.01 0.77/0.55/1.00 1.00 0.81 0.29  78
 11  ...................   1.70  0.00 0.71/0.45/1.00 1.00 0.59 0.17  78
 12  ...................   1.70  0.00 0.75/0.57/1.00 1.00 0.86 0.15  71
 13  ...................   1.31  0.00 0.85/0.60/1.00 1.00 0.87 0.13  71
 14  ...................   0.99  0.00 0.87/0.63/1.00 1.00 0.70 0.09  71
 15  ...................   0.90  0.00 0.84/0.74/1.00 1.00 0.52 0.05  71
 16  ...................   0.95  0.00 0.81/0.68/1.00 1.00 0.96 0.05  28
 17  ...................   0.63  0.00 0.78/0.65/1.00 1.00 0.90 0.04  28
 18  ...................   1.01  0.00 0.78/0.48/1.00 1.00 0.86 0.04  22
 19  ...................   1.20  0.00 0.85/0.50/1.00 1.00 0.97 0.03  22
 20  ...................   0.95  0.01 0.93/0.58/1.00 1.00 0.81 0.03  22
 21  ...................   1.12  0.00 0.97/0.61/1.00 1.00 0.97 0.03  17
 22  ...................   1.07  0.00 0.98/0.67/1.00 1.00 0.59 0.02  17
 23  ...................   0.32  0.00 0.99/0.81/1.00 1.00 0.79 0.01   3
 24  ...................   0.37  0.00 0.99/0.77/1.00 1.00 1.00 0.01   0
 25  ...................   0.36  0.00 0.99/0.77/1.00 1.00 0.93 0.01   0
 26  ...................   0.22  0.00 0.99/0.82/1.00 1.00 0.95 0.01   0
 27  ...................   0.25  0.00 1.00/0.76/1.00 1.00 1.00 0.01   0
 28  ...................   0.17  0.00 1.00/0.83/1.00 1.00 1.00 0.01   0
 29  ...................   0.05  0.00 1.00/0.95/1.00 1.00 0.98 0.01   0
 30  ...................   0.00  0.00 1.00/1.00/1.00 1.00 1.00 0.01   0
 31  ...................   0.00  0.00 1.00/1.00/1.00 1.00 0.98 0.01   0
[mcl] jury pruning marks: <99,99,99>, out of 100
[mcl] jury pruning synopsis: <99.0 or perfect> (cf -scheme, -do log)
[mcl] output is in /local/wiwie/ClustEval/repository/results/04_20_2013-17_25_45_paper_sfld_layered_f2/clusters/MCL_norm_sfld_1.180.results
[mcl] 17 clusters found
[mcl] output is in /local/wiwie/ClustEval/repository/results/04_20_2013-17_25_45_paper_sfld_layered_f2/clusters/MCL_norm_sfld_1.180.results

Please cite:
    Stijn van Dongen, Graph Clustering by Flow Simulation.  PhD thesis,
    University of Utrecht, May 2000.
       (  http://www.library.uu.nl/digiarchief/dip/diss/1895620/full.pdf
       or  http://micans.org/mcl/lit/svdthesis.pdf.gz)
OR
    Stijn van Dongen, A cluster algorithm for graphs. Technical
    Report INS-R0010, National Research Institute for Mathematics
    and Computer Science in the Netherlands, Amsterdam, May 2000.
       (  http://www.cwi.nl/ftp/CWIreports/INS/INS-R0010.ps.Z
       or  http://micans.org/mcl/lit/INS-R0010.ps.Z)

