.[mcl] new tab created
[mcl] pid 22768
 ite -------------------  chaos  time hom(avg,lo,hi) expa expb expc fmv
  1  ...................  19.15  0.02 0.92/0.31/1.25 1.98 1.17 1.17  99
  2  ...................  21.18  0.01 0.91/0.45/1.44 1.80 0.75 0.88  99
  3  ...................  14.61  0.00 0.89/0.45/1.37 1.53 0.82 0.72  99
  4  ...................   3.02  0.00 0.84/0.34/1.32 1.44 0.83 0.60  99
  5  ...................   3.24  0.00 0.80/0.44/1.00 1.03 0.98 0.59  96
  6  ...................   4.75  0.01 0.78/0.19/1.00 1.01 0.93 0.55  96
  7  ...................   9.09  0.01 0.79/0.12/1.00 1.02 0.95 0.52  95
  8  ...................  11.79  0.00 0.81/0.35/1.00 1.01 0.92 0.48  95
  9  ...................   4.10  0.00 0.82/0.65/1.00 1.01 0.90 0.44  95
 10  ...................   1.30  0.01 0.83/0.65/1.00 1.01 0.86 0.38  94
 11  ...................   1.77  0.00 0.82/0.63/1.00 1.01 0.94 0.36  85
 12  ...................   1.93  0.01 0.76/0.53/1.00 1.00 0.74 0.26  82
 13  ...................   1.78  0.00 0.71/0.45/1.00 1.00 0.68 0.18  80
 14  ...................   1.83  0.00 0.73/0.52/1.00 1.00 0.87 0.16  71
 15  ...................   1.61  0.00 0.81/0.62/1.00 1.00 0.94 0.15  71
 16  ...................   1.24  0.00 0.87/0.59/1.00 1.00 0.81 0.12  71
 17  ...................   0.97  0.00 0.86/0.67/1.00 1.00 0.57 0.07  71
 18  ...................   0.85  0.00 0.84/0.75/1.00 1.00 0.70 0.05  71
 19  ...................   0.89  0.00 0.81/0.69/1.00 1.00 0.96 0.05  28
 20  ...................   0.58  0.00 0.79/0.70/1.00 1.00 0.90 0.04  28
 21  ...................   0.84  0.00 0.77/0.55/1.00 1.00 0.97 0.04  22
 22  ...................   1.14  0.00 0.80/0.45/1.00 1.00 0.87 0.03  22
 23  ...................   1.14  0.00 0.86/0.55/1.00 1.00 0.95 0.03  22
 24  ...................   0.96  0.00 0.93/0.58/1.00 1.00 0.84 0.03  17
 25  ...................   1.11  0.00 0.97/0.61/1.00 1.00 0.97 0.03  17
 26  ...................   1.12  0.00 0.98/0.65/1.00 1.00 0.60 0.02  17
 27  ...................   0.87  0.00 0.99/0.74/1.00 1.00 0.86 0.01   3
 28  ...................   0.34  0.00 0.99/0.80/1.00 1.00 0.90 0.01   3
 29  ...................   0.38  0.00 0.99/0.76/1.00 1.00 0.95 0.01   0
 30  ...................   0.35  0.01 0.99/0.77/1.00 1.00 0.97 0.01   0
 31  ...................   0.22  0.00 0.99/0.82/1.00 1.00 0.95 0.01   0
 32  ...................   0.25  0.00 0.99/0.76/1.00 1.00 1.00 0.01   0
 33  ...................   0.22  0.00 1.00/0.78/1.00 1.00 1.00 0.01   0
 34  ...................   0.12  0.00 1.00/0.88/1.00 1.00 1.00 0.01   0
 35  ...................   0.03  0.00 1.00/0.97/1.00 1.00 0.98 0.01   0
 36  ...................   0.00  0.00 1.00/1.00/1.00 1.00 1.00 0.01   0
 37  ...................   0.00  0.00 1.00/1.00/1.00 1.00 0.98 0.01   0
[mcl] jury pruning marks: <99,99,99>, out of 100
[mcl] jury pruning synopsis: <99.0 or perfect> (cf -scheme, -do log)
[mcl] output is in /local/wiwie/ClustEval/repository/results/04_20_2013-17_25_45_paper_sfld_layered_f2/clusters/MCL_norm_sfld_1.75.results
[mcl] 15 clusters found
[mcl] output is in /local/wiwie/ClustEval/repository/results/04_20_2013-17_25_45_paper_sfld_layered_f2/clusters/MCL_norm_sfld_1.75.results

Please cite:
    Stijn van Dongen, Graph Clustering by Flow Simulation.  PhD thesis,
    University of Utrecht, May 2000.
       (  http://www.library.uu.nl/digiarchief/dip/diss/1895620/full.pdf
       or  http://micans.org/mcl/lit/svdthesis.pdf.gz)
OR
    Stijn van Dongen, A cluster algorithm for graphs. Technical
    Report INS-R0010, National Research Institute for Mathematics
    and Computer Science in the Netherlands, Amsterdam, May 2000.
       (  http://www.cwi.nl/ftp/CWIreports/INS/INS-R0010.ps.Z
       or  http://micans.org/mcl/lit/INS-R0010.ps.Z)

