.[mcl] new tab created
[mcl] pid 22603
 ite -------------------  chaos  time hom(avg,lo,hi) expa expb expc fmv
  1  ...................  19.15  0.01 0.92/0.31/1.25 1.98 1.17 1.17  99
  2  ...................   4.07  0.03 0.84/0.23/2.74 1.79 0.46 0.53  99
  3  ...................   1.27  0.01 0.87/0.64/8.80 1.01 0.70 0.37  91
  4  ...................   1.66  0.00 0.78/0.60/1.00 1.00 0.39 0.14  74
  5  ...................   1.05  0.00 0.83/0.73/1.00 1.00 0.31 0.05  68
  6  ...................   1.08  0.00 0.89/0.59/1.00 1.00 0.64 0.03  25
  7  ...................   0.34  0.00 0.99/0.80/1.00 1.00 0.44 0.01  20
  8  ...................   0.25  0.00 1.00/0.76/1.00 1.00 0.89 0.01   0
  9  ...................   0.00  0.00 1.00/1.00/1.00 1.00 0.96 0.01   0
[mcl] jury pruning marks: <99,99,99>, out of 100
[mcl] jury pruning synopsis: <99.0 or perfect> (cf -scheme, -do log)
[mcl] output is in /local/wiwie/ClustEval/repository/results/04_20_2013-17_25_45_paper_sfld_layered_f2/clusters/MCL_norm_sfld_1.24.results
[mcl] 25 clusters found
[mcl] output is in /local/wiwie/ClustEval/repository/results/04_20_2013-17_25_45_paper_sfld_layered_f2/clusters/MCL_norm_sfld_1.24.results

Please cite:
    Stijn van Dongen, Graph Clustering by Flow Simulation.  PhD thesis,
    University of Utrecht, May 2000.
       (  http://www.library.uu.nl/digiarchief/dip/diss/1895620/full.pdf
       or  http://micans.org/mcl/lit/svdthesis.pdf.gz)
OR
    Stijn van Dongen, A cluster algorithm for graphs. Technical
    Report INS-R0010, National Research Institute for Mathematics
    and Computer Science in the Netherlands, Amsterdam, May 2000.
       (  http://www.cwi.nl/ftp/CWIreports/INS/INS-R0010.ps.Z
       or  http://micans.org/mcl/lit/INS-R0010.ps.Z)

