.[mcl] new tab created
[mcl] pid 22474
 ite -------------------  chaos  time hom(avg,lo,hi) expa expb expc fmv
  1  ...................  19.15  0.01 0.92/0.31/1.25 1.98 1.17 1.17  99
  2  ...................   3.72  0.01 0.84/0.27/2.46 1.80 0.48 0.56  99
  3  ...................   1.17  0.00 0.87/0.63/8.82 1.01 0.71 0.39  93
  4  ...................   1.79  0.01 0.74/0.51/1.00 1.01 0.39 0.15  78
  5  ...................   1.00  0.00 0.84/0.72/1.00 1.00 0.30 0.05  68
  6  ...................   1.20  0.00 0.83/0.46/1.00 1.00 0.74 0.03  25
  7  ...................   0.89  0.00 0.98/0.74/1.00 1.00 0.45 0.02  20
  8  ...................   0.23  0.00 0.99/0.81/1.00 1.00 0.74 0.01   3
  9  ...................   0.01  0.00 1.00/0.99/1.00 1.00 0.98 0.01   0
 10  ...................   0.00  0.00 1.00/1.00/1.00 1.00 0.98 0.01   0
[mcl] jury pruning marks: <99,99,99>, out of 100
[mcl] jury pruning synopsis: <99.0 or perfect> (cf -scheme, -do log)
[mcl] output is in /local/wiwie/ClustEval/repository/results/04_20_2013-17_25_45_paper_sfld_layered_f2/clusters/MCL_norm_sfld_1.22.results
[mcl] 25 clusters found
[mcl] output is in /local/wiwie/ClustEval/repository/results/04_20_2013-17_25_45_paper_sfld_layered_f2/clusters/MCL_norm_sfld_1.22.results

Please cite:
    Stijn van Dongen, Graph Clustering by Flow Simulation.  PhD thesis,
    University of Utrecht, May 2000.
       (  http://www.library.uu.nl/digiarchief/dip/diss/1895620/full.pdf
       or  http://micans.org/mcl/lit/svdthesis.pdf.gz)
OR
    Stijn van Dongen, A cluster algorithm for graphs. Technical
    Report INS-R0010, National Research Institute for Mathematics
    and Computer Science in the Netherlands, Amsterdam, May 2000.
       (  http://www.cwi.nl/ftp/CWIreports/INS/INS-R0010.ps.Z
       or  http://micans.org/mcl/lit/INS-R0010.ps.Z)

