.[mcl] new tab created
[mcl] pid 8776
 ite -------------------  chaos  time hom(avg,lo,hi) expa expb expc fmv
  1  ...................  19.15  0.02 0.92/0.31/1.25 1.98 1.17 1.17  99
  2  ...................  17.50  0.02 0.90/0.33/1.36 1.80 0.65 0.76  99
  3  ...................   8.37  0.00 0.86/0.26/2.23 1.51 0.79 0.60  99
  4  ...................  11.93  0.00 0.80/0.16/1.13 1.01 0.91 0.54  96
  5  ...................  11.91  0.01 0.80/0.20/1.00 1.01 0.95 0.51  95
  6  ...................   3.35  0.01 0.82/0.66/1.00 1.01 0.86 0.44  94
  7  ...................   1.31  0.00 0.84/0.65/1.00 1.00 0.84 0.37  85
  8  ...................   1.87  0.01 0.79/0.59/1.00 1.00 0.81 0.30  81
  9  ...................   1.68  0.00 0.71/0.45/1.00 1.00 0.55 0.17  76
 10  ...................   1.68  0.00 0.78/0.62/1.00 1.00 0.86 0.15  68
 11  ...................   1.24  0.00 0.87/0.59/1.00 1.00 0.81 0.12  68
 12  ...................   1.05  0.00 0.85/0.70/1.00 1.00 0.40 0.05  68
 13  ...................   1.00  0.00 0.81/0.68/1.00 1.00 0.94 0.04  25
 14  ...................   0.70  0.01 0.77/0.63/1.00 1.00 0.91 0.04  25
 15  ...................   1.16  0.00 0.80/0.45/1.00 1.00 0.85 0.03  20
 16  ...................   0.87  0.00 0.91/0.59/1.00 1.00 0.82 0.03  20
 17  ...................   1.12  0.00 0.97/0.61/1.00 1.00 0.93 0.03  17
 18  ...................   1.01  0.00 0.98/0.70/1.00 1.00 0.59 0.02  17
 19  ...................   0.35  0.00 0.99/0.80/1.00 1.00 0.81 0.01   3
 20  ...................   0.37  0.00 0.99/0.76/1.00 1.00 0.94 0.01   0
 21  ...................   0.22  0.00 0.99/0.82/1.00 1.00 0.95 0.01   0
 22  ...................   0.24  0.00 1.00/0.76/1.00 1.00 1.00 0.01   0
 23  ...................   0.12  0.00 1.00/0.88/1.00 1.00 0.98 0.01   0
 24  ...................   0.01  0.00 1.00/0.99/1.00 1.00 1.00 0.01   0
 25  ...................   0.00  0.00 1.00/1.00/1.00 1.00 0.98 0.01   0
[mcl] jury pruning marks: <99,99,99>, out of 100
[mcl] jury pruning synopsis: <99.0 or perfect> (cf -scheme, -do log)
[mcl] output is in /local/wiwie/ClustEval/repository/results/04_20_2013-17_25_45_paper_sfld_layered_f2/clusters/MCL_norm_sfld_1.84.results
[mcl] 19 clusters found
[mcl] output is in /local/wiwie/ClustEval/repository/results/04_20_2013-17_25_45_paper_sfld_layered_f2/clusters/MCL_norm_sfld_1.84.results

Please cite:
    Stijn van Dongen, Graph Clustering by Flow Simulation.  PhD thesis,
    University of Utrecht, May 2000.
       (  http://www.library.uu.nl/digiarchief/dip/diss/1895620/full.pdf
       or  http://micans.org/mcl/lit/svdthesis.pdf.gz)
OR
    Stijn van Dongen, A cluster algorithm for graphs. Technical
    Report INS-R0010, National Research Institute for Mathematics
    and Computer Science in the Netherlands, Amsterdam, May 2000.
       (  http://www.cwi.nl/ftp/CWIreports/INS/INS-R0010.ps.Z
       or  http://micans.org/mcl/lit/INS-R0010.ps.Z)

