.[mcl] new tab created
[mcl] pid 64199
 ite -------------------  chaos  time hom(avg,lo,hi) expa expb expc fmv
  1  ...................  19.15  0.03 0.92/0.31/1.25 1.98 1.17 1.17  99
  2  ...................  19.72  0.02 0.90/0.38/1.38 1.80 0.68 0.80  99
  3  ...................   6.40  0.00 0.87/0.26/1.91 1.51 0.75 0.60  99
  4  ...................  11.67  0.01 0.82/0.28/1.23 1.04 0.97 0.59  96
  5  ...................   8.82  0.01 0.80/0.11/1.03 1.01 0.90 0.53  96
  6  ...................  10.64  0.00 0.81/0.48/1.00 1.02 0.91 0.48  94
  7  ...................   1.19  0.01 0.83/0.65/1.00 1.01 0.90 0.43  93
  8  ...................   1.43  0.00 0.83/0.65/1.00 1.00 0.83 0.35  85
  9  ...................   1.94  0.01 0.78/0.56/1.00 1.00 0.81 0.29  78
 10  ...................   1.74  0.00 0.71/0.45/1.00 1.00 0.59 0.17  78
 11  ...................   1.69  0.00 0.77/0.61/1.00 1.00 0.86 0.15  71
 12  ...................   1.21  0.00 0.86/0.59/1.00 1.00 0.81 0.12  71
 13  ...................   1.02  0.00 0.86/0.67/1.00 1.00 0.56 0.07  71
 14  ...................   0.94  0.00 0.83/0.71/1.00 1.00 0.69 0.05  71
 15  ...................   0.56  0.00 0.79/0.68/1.00 1.00 0.88 0.04  28
 16  ...................   0.92  0.00 0.77/0.51/1.00 1.00 0.97 0.04  21
 17  ...................   1.21  0.00 0.84/0.48/1.00 1.00 0.86 0.03  21
 18  ...................   0.95  0.00 0.93/0.58/1.00 1.00 0.81 0.03  21
 19  ...................   1.13  0.00 0.97/0.62/1.00 1.00 0.94 0.03  17
 20  ...................   1.00  0.00 0.98/0.70/1.00 1.00 0.60 0.02  17
 21  ...................   0.34  0.00 0.99/0.80/1.00 1.00 0.80 0.01   3
 22  ...................   0.38  0.00 0.99/0.76/1.00 1.00 0.93 0.01   0
 23  ...................   0.19  0.00 0.99/0.82/1.00 1.00 0.98 0.01   0
 24  ...................   0.25  0.01 1.00/0.77/1.00 1.00 0.97 0.01   0
 25  ...................   0.20  0.00 1.00/0.80/1.00 1.00 1.00 0.01   0
 26  ...................   0.06  0.00 1.00/0.94/1.00 1.00 0.98 0.01   0
 27  ...................   0.00  0.00 1.00/1.00/1.00 1.00 1.00 0.01   0
 28  ...................   0.00  0.00 1.00/1.00/1.00 1.00 0.98 0.01   0
[mcl] jury pruning marks: <99,99,99>, out of 100
[mcl] jury pruning synopsis: <99.0 or perfect> (cf -scheme, -do log)
[mcl] output is in /local/wiwie/ClustEval/repository/results/04_20_2013-17_25_45_paper_sfld_layered_f2/clusters/MCL_norm_sfld_1.81.results
[mcl] 17 clusters found
[mcl] output is in /local/wiwie/ClustEval/repository/results/04_20_2013-17_25_45_paper_sfld_layered_f2/clusters/MCL_norm_sfld_1.81.results

Please cite:
    Stijn van Dongen, Graph Clustering by Flow Simulation.  PhD thesis,
    University of Utrecht, May 2000.
       (  http://www.library.uu.nl/digiarchief/dip/diss/1895620/full.pdf
       or  http://micans.org/mcl/lit/svdthesis.pdf.gz)
OR
    Stijn van Dongen, A cluster algorithm for graphs. Technical
    Report INS-R0010, National Research Institute for Mathematics
    and Computer Science in the Netherlands, Amsterdam, May 2000.
       (  http://www.cwi.nl/ftp/CWIreports/INS/INS-R0010.ps.Z
       or  http://micans.org/mcl/lit/INS-R0010.ps.Z)

