.[mcl] new tab created
[mcl] pid 4188
 ite -------------------  chaos  time hom(avg,lo,hi) expa expb expc fmv
  1  ...................  19.15  0.01 0.92/0.31/1.25 1.98 1.17 1.17  99
  2  ...................   8.42  0.01 0.89/0.23/1.34 1.80 0.56 0.65  99
  3  ...................   8.43  0.00 0.83/0.28/3.65 1.43 0.88 0.57  98
  4  ...................  12.60  0.00 0.81/0.20/1.40 1.03 0.89 0.51  95
  5  ...................   1.30  0.01 0.83/0.65/1.00 1.00 0.84 0.43  91
  6  ...................   1.75  0.00 0.83/0.64/1.00 1.00 0.82 0.35  81
  7  ...................   1.65  0.01 0.72/0.45/1.00 1.00 0.48 0.17  75
  8  ...................   1.60  0.00 0.81/0.64/1.00 1.00 0.86 0.15  68
  9  ...................   1.04  0.00 0.87/0.63/1.00 1.00 0.45 0.07  68
 10  ...................   1.03  0.00 0.81/0.69/1.00 1.00 0.68 0.04  68
 11  ...................   0.82  0.00 0.77/0.56/1.00 1.00 0.89 0.04  25
 12  ...................   1.16  0.00 0.87/0.54/1.00 1.00 0.86 0.03  20
 13  ...................   1.11  0.00 0.97/0.61/1.00 1.00 0.80 0.03  20
 14  ...................   0.88  0.00 0.98/0.74/1.00 1.00 0.51 0.01  17
 15  ...................   0.38  0.00 0.99/0.77/1.00 1.00 0.90 0.01   3
 16  ...................   0.21  0.00 0.99/0.84/1.00 1.00 0.90 0.01   0
 17  ...................   0.23  0.00 1.00/0.77/1.00 1.00 1.00 0.01   0
 18  ...................   0.04  0.00 1.00/0.96/1.00 1.00 0.98 0.01   0
 19  ...................   0.00  0.00 1.00/1.00/1.00 1.00 0.98 0.01   0
[mcl] jury pruning marks: <99,99,99>, out of 100
[mcl] jury pruning synopsis: <99.0 or perfect> (cf -scheme, -do log)
[mcl] output is in /local/wiwie/ClustEval/repository/results/04_20_2013-17_25_45_paper_sfld_layered_f2/clusters/MCL_norm_sfld_1.95.results
[mcl] 21 clusters found
[mcl] output is in /local/wiwie/ClustEval/repository/results/04_20_2013-17_25_45_paper_sfld_layered_f2/clusters/MCL_norm_sfld_1.95.results

Please cite:
    Stijn van Dongen, Graph Clustering by Flow Simulation.  PhD thesis,
    University of Utrecht, May 2000.
       (  http://www.library.uu.nl/digiarchief/dip/diss/1895620/full.pdf
       or  http://micans.org/mcl/lit/svdthesis.pdf.gz)
OR
    Stijn van Dongen, A cluster algorithm for graphs. Technical
    Report INS-R0010, National Research Institute for Mathematics
    and Computer Science in the Netherlands, Amsterdam, May 2000.
       (  http://www.cwi.nl/ftp/CWIreports/INS/INS-R0010.ps.Z
       or  http://micans.org/mcl/lit/INS-R0010.ps.Z)

