.[mcl] new tab created
[mcl] pid 53051
 ite -------------------  chaos  time hom(avg,lo,hi) expa expb expc fmv
  1  ...................  19.15  0.01 0.92/0.31/1.25 1.98 1.17 1.17  99
  2  ...................   7.90  0.02 0.89/0.25/1.34 1.80 0.59 0.68  99
  3  ...................   8.71  0.01 0.84/0.40/3.08 1.43 0.85 0.58  99
  4  ...................  10.49  0.00 0.80/0.12/1.32 1.02 0.89 0.52  96
  5  ...................   4.75  0.00 0.83/0.67/1.00 1.02 0.86 0.44  93
  6  ...................   1.34  0.00 0.84/0.65/1.00 1.00 0.83 0.37  83
  7  ...................   1.79  0.01 0.77/0.54/1.00 1.00 0.67 0.25  79
  8  ...................   1.85  0.00 0.73/0.49/1.00 1.00 0.64 0.16  68
  9  ...................   1.24  0.00 0.86/0.59/1.00 1.00 0.77 0.12  68
 10  ...................   1.06  0.00 0.85/0.68/1.00 1.00 0.42 0.05  68
 11  ...................   1.04  0.00 0.80/0.67/1.00 1.00 0.86 0.04  68
 12  ...................   0.88  0.00 0.77/0.53/1.00 1.00 0.89 0.04  25
 13  ...................   1.15  0.00 0.87/0.54/1.00 1.00 0.86 0.03  20
 14  ...................   1.09  0.00 0.97/0.60/1.00 1.00 0.80 0.03  20
 15  ...................   0.99  0.00 0.98/0.70/1.00 1.00 0.57 0.02  17
 16  ...................   0.36  0.00 0.99/0.78/1.00 1.00 0.81 0.01   3
 17  ...................   0.32  0.00 0.99/0.79/1.00 1.00 0.94 0.01   0
 18  ...................   0.25  0.00 1.00/0.76/1.00 1.00 0.95 0.01   0
 19  ...................   0.13  0.01 1.00/0.87/1.00 1.00 1.00 0.01   0
 20  ...................   0.01  0.00 1.00/0.99/1.00 1.00 0.98 0.01   0
 21  ...................   0.00  0.00 1.00/1.00/1.00 1.00 0.98 0.01   0
[mcl] jury pruning marks: <99,99,99>, out of 100
[mcl] jury pruning synopsis: <99.0 or perfect> (cf -scheme, -do log)
[mcl] output is in /local/wiwie/ClustEval/repository/results/04_20_2013-17_25_45_paper_sfld_layered_f2/clusters/MCL_norm_sfld_1.91.results
[mcl] 21 clusters found
[mcl] output is in /local/wiwie/ClustEval/repository/results/04_20_2013-17_25_45_paper_sfld_layered_f2/clusters/MCL_norm_sfld_1.91.results

Please cite:
    Stijn van Dongen, Graph Clustering by Flow Simulation.  PhD thesis,
    University of Utrecht, May 2000.
       (  http://www.library.uu.nl/digiarchief/dip/diss/1895620/full.pdf
       or  http://micans.org/mcl/lit/svdthesis.pdf.gz)
OR
    Stijn van Dongen, A cluster algorithm for graphs. Technical
    Report INS-R0010, National Research Institute for Mathematics
    and Computer Science in the Netherlands, Amsterdam, May 2000.
       (  http://www.cwi.nl/ftp/CWIreports/INS/INS-R0010.ps.Z
       or  http://micans.org/mcl/lit/INS-R0010.ps.Z)

