.[mcl] new tab created
[mcl] pid 26870
 ite -------------------  chaos  time hom(avg,lo,hi) expa expb expc fmv
  1  ...................  19.15  0.01 0.92/0.31/1.25 1.98 1.17 1.17  99
  2  ...................  20.99  0.01 0.91/0.47/1.46 1.80 0.81 0.94  99
  3  ...................  19.30  0.01 0.90/0.53/1.34 1.47 0.83 0.78  99
  4  ...................   4.88  0.01 0.85/0.28/1.00 1.41 0.85 0.67  99
  5  ...................   4.42  0.01 0.83/0.28/1.18 1.28 0.90 0.60  96
  6  ...................   3.63  0.00 0.80/0.42/1.01 1.00 0.98 0.59  96
  7  ...................   3.10  0.00 0.77/0.36/1.00 1.00 0.93 0.54  96
  8  ...................   5.48  0.01 0.79/0.16/1.00 1.01 0.96 0.52  96
  9  ...................   9.11  0.00 0.81/0.14/1.00 1.00 0.91 0.48  95
 10  ...................  11.40  0.01 0.82/0.35/1.00 1.00 0.93 0.44  95
 11  ...................   5.58  0.00 0.83/0.65/1.00 1.00 0.94 0.42  95
 12  ...................   1.49  0.00 0.84/0.65/1.00 1.00 0.85 0.36  91
 13  ...................   1.89  0.00 0.82/0.61/1.00 1.01 0.97 0.34  88
 14  ...................   1.88  0.00 0.77/0.52/1.00 1.00 0.73 0.25  87
 15  ...................   1.91  0.01 0.73/0.45/1.00 1.00 0.77 0.19  87
 16  ...................   1.93  0.00 0.74/0.49/1.00 1.00 0.86 0.17  73
 17  ...................   1.67  0.00 0.79/0.64/1.00 1.00 0.89 0.15  73
 18  ...................   1.32  0.00 0.85/0.59/1.00 1.00 0.87 0.13  73
 19  ...................   1.33  0.00 0.86/0.61/1.00 1.00 0.93 0.12  73
 20  ...................   0.94  0.00 0.84/0.70/1.00 1.00 0.57 0.07  73
 21  ...................   0.81  0.00 0.82/0.75/1.00 1.00 0.72 0.05  73
 22  ...................   0.73  0.01 0.79/0.71/1.00 1.00 0.96 0.05  30
 23  ...................   0.58  0.00 0.77/0.71/1.00 1.00 0.94 0.04  30
 24  ...................   0.72  0.00 0.76/0.63/1.00 1.00 0.93 0.04  24
 25  ...................   0.99  0.00 0.76/0.48/1.00 1.00 0.89 0.04  24
 26  ...................   1.20  0.00 0.81/0.46/1.00 1.00 0.98 0.04  24
 27  ...................   1.08  0.00 0.87/0.59/1.00 1.00 0.91 0.03  24
 28  ...................   0.97  0.00 0.93/0.58/1.00 1.00 0.86 0.03  17
 29  ...................   1.10  0.00 0.96/0.60/1.00 1.00 0.95 0.03  17
 30  ...................   1.14  0.00 0.98/0.64/1.00 1.00 0.60 0.02  17
 31  ...................   1.00  0.00 0.99/0.70/1.00 1.00 0.94 0.02   3
 32  ...................   0.32  0.00 0.99/0.81/1.00 1.00 0.83 0.01   3
 33  ...................   0.36  0.00 0.99/0.79/1.00 1.00 0.94 0.01   0
 34  ...................   0.38  0.00 0.99/0.76/1.00 1.00 1.00 0.01   0
 35  ...................   0.35  0.00 0.99/0.77/1.00 1.00 0.97 0.01   0
 36  ...................   0.21  0.00 0.99/0.83/1.00 1.00 0.95 0.01   0
 37  ...................   0.25  0.00 0.99/0.78/1.00 1.00 1.00 0.01   0
 38  ...................   0.24  0.00 1.00/0.76/1.00 1.00 1.00 0.01   0
 39  ...................   0.18  0.00 1.00/0.82/1.00 1.00 1.00 0.01   0
 40  ...................   0.09  0.00 1.00/0.91/1.00 1.00 0.98 0.01   0
 41  ...................   0.03  0.00 1.00/0.97/1.00 1.00 1.00 0.01   0
 42  ...................   0.00  0.00 1.00/1.00/1.00 1.00 1.00 0.01   0
 43  ...................   0.00  0.00 1.00/1.00/1.00 1.00 0.98 0.01   0
[mcl] jury pruning marks: <99,99,99>, out of 100
[mcl] jury pruning synopsis: <99.0 or perfect> (cf -scheme, -do log)
[mcl] output is in /local/wiwie/ClustEval/repository/results/04_20_2013-17_25_45_paper_sfld_layered_f2/clusters/MCL_norm_sfld_1.102.results
[mcl] 13 clusters found
[mcl] output is in /local/wiwie/ClustEval/repository/results/04_20_2013-17_25_45_paper_sfld_layered_f2/clusters/MCL_norm_sfld_1.102.results

Please cite:
    Stijn van Dongen, Graph Clustering by Flow Simulation.  PhD thesis,
    University of Utrecht, May 2000.
       (  http://www.library.uu.nl/digiarchief/dip/diss/1895620/full.pdf
       or  http://micans.org/mcl/lit/svdthesis.pdf.gz)
OR
    Stijn van Dongen, A cluster algorithm for graphs. Technical
    Report INS-R0010, National Research Institute for Mathematics
    and Computer Science in the Netherlands, Amsterdam, May 2000.
       (  http://www.cwi.nl/ftp/CWIreports/INS/INS-R0010.ps.Z
       or  http://micans.org/mcl/lit/INS-R0010.ps.Z)

