.[mcl] new tab created
[mcl] pid 30096
 ite -------------------  chaos  time hom(avg,lo,hi) expa expb expc fmv
  1  ...................  19.15  0.01 0.92/0.31/1.25 1.98 1.17 1.17  99
  2  ...................  13.87  0.01 0.89/0.28/1.35 1.80 0.62 0.72  99
  3  ...................   9.25  0.01 0.85/0.33/2.70 1.50 0.82 0.59  99
  4  ...................   7.87  0.01 0.80/0.11/1.23 1.01 0.90 0.53  96
  5  ...................   9.60  0.00 0.82/0.56/1.19 1.03 0.90 0.47  94
  6  ...................   1.14  0.01 0.83/0.51/1.02 1.00 0.86 0.41  90
  7  ...................   1.90  0.00 0.81/0.50/1.00 1.00 0.86 0.35  79
  8  ...................   1.92  0.00 0.72/0.46/1.00 1.00 0.56 0.20  76
  9  ...................   1.67  0.00 0.78/0.63/1.00 1.00 0.74 0.15  68
 10  ...................   1.29  0.00 0.88/0.59/1.00 1.00 0.80 0.12  68
 11  ...................   0.95  0.00 0.84/0.72/1.00 1.00 0.39 0.05  68
 12  ...................   0.79  0.00 0.80/0.67/1.00 1.00 0.94 0.04  25
 13  ...................   0.96  0.01 0.78/0.50/1.00 1.00 0.91 0.04  25
 14  ...................   1.12  0.00 0.87/0.56/1.00 1.00 0.84 0.03  20
 15  ...................   1.09  0.00 0.97/0.60/1.00 1.00 0.82 0.03  20
 16  ...................   1.04  0.00 0.98/0.68/1.00 1.00 0.57 0.02  17
 17  ...................   0.35  0.00 0.99/0.80/1.00 1.00 0.81 0.01   3
 18  ...................   0.36  0.00 0.99/0.76/1.00 1.00 0.94 0.01   0
 19  ...................   0.24  0.00 0.99/0.79/1.00 1.00 0.95 0.01   0
 20  ...................   0.21  0.00 1.00/0.80/1.00 1.00 1.00 0.01   0
 21  ...................   0.04  0.00 1.00/0.96/1.00 1.00 0.98 0.01   0
 22  ...................   0.00  0.00 1.00/1.00/1.00 1.00 1.00 0.01   0
 23  ...................   0.00  0.00 1.00/1.00/1.00 1.00 0.98 0.01   0
[mcl] jury pruning marks: <99,99,99>, out of 100
[mcl] jury pruning synopsis: <99.0 or perfect> (cf -scheme, -do log)
[mcl] output is in /local/wiwie/ClustEval/repository/results/04_20_2013-17_25_45_paper_sfld_layered_f2/clusters/MCL_norm_sfld_1.88.results
[mcl] 19 clusters found
[mcl] output is in /local/wiwie/ClustEval/repository/results/04_20_2013-17_25_45_paper_sfld_layered_f2/clusters/MCL_norm_sfld_1.88.results

Please cite:
    Stijn van Dongen, Graph Clustering by Flow Simulation.  PhD thesis,
    University of Utrecht, May 2000.
       (  http://www.library.uu.nl/digiarchief/dip/diss/1895620/full.pdf
       or  http://micans.org/mcl/lit/svdthesis.pdf.gz)
OR
    Stijn van Dongen, A cluster algorithm for graphs. Technical
    Report INS-R0010, National Research Institute for Mathematics
    and Computer Science in the Netherlands, Amsterdam, May 2000.
       (  http://www.cwi.nl/ftp/CWIreports/INS/INS-R0010.ps.Z
       or  http://micans.org/mcl/lit/INS-R0010.ps.Z)

