.[mcl] new tab created
[mcl] pid 22782
 ite -------------------  chaos  time hom(avg,lo,hi) expa expb expc fmv
  1  ...................  19.15  0.01 0.92/0.31/1.25 1.98 1.17 1.17  99
  2  ...................   4.49  0.04 0.83/0.19/3.06 1.78 0.45 0.53  99
  3  ...................   1.34  0.00 0.88/0.64/8.76 1.00 0.67 0.35  91
  4  ...................   1.59  0.00 0.82/0.62/1.00 1.00 0.41 0.14  71
  5  ...................   0.94  0.00 0.81/0.69/1.00 1.00 0.30 0.04  68
  6  ...................   1.01  0.00 0.94/0.59/1.00 1.00 0.63 0.03  25
  7  ...................   0.38  0.00 0.99/0.77/1.00 1.00 0.46 0.01  17
  8  ...................   0.18  0.00 1.00/0.82/1.00 1.00 0.89 0.01   0
  9  ...................   0.00  0.00 1.00/1.00/1.00 1.00 0.96 0.01   0
[mcl] jury pruning marks: <99,99,99>, out of 100
[mcl] jury pruning synopsis: <99.0 or perfect> (cf -scheme, -do log)
[mcl] output is in /local/wiwie/ClustEval/repository/results/04_20_2013-17_25_45_paper_sfld_layered_f2/clusters/MCL_norm_sfld_1.26.results
[mcl] 25 clusters found
[mcl] output is in /local/wiwie/ClustEval/repository/results/04_20_2013-17_25_45_paper_sfld_layered_f2/clusters/MCL_norm_sfld_1.26.results

Please cite:
    Stijn van Dongen, Graph Clustering by Flow Simulation.  PhD thesis,
    University of Utrecht, May 2000.
       (  http://www.library.uu.nl/digiarchief/dip/diss/1895620/full.pdf
       or  http://micans.org/mcl/lit/svdthesis.pdf.gz)
OR
    Stijn van Dongen, A cluster algorithm for graphs. Technical
    Report INS-R0010, National Research Institute for Mathematics
    and Computer Science in the Netherlands, Amsterdam, May 2000.
       (  http://www.cwi.nl/ftp/CWIreports/INS/INS-R0010.ps.Z
       or  http://micans.org/mcl/lit/INS-R0010.ps.Z)

