.[mcl] new tab created
[mcl] pid 39757
 ite -------------------  chaos  time hom(avg,lo,hi) expa expb expc fmv
  1  ...................  19.15  0.02 0.92/0.31/1.25 1.98 1.17 1.17  99
  2  ...................  19.24  0.01 0.90/0.28/1.47 1.80 1.00 1.16  99
  3  ...................  17.64  0.01 0.88/0.26/1.00 1.52 0.99 1.15  99
  4  ...................  13.94  0.02 0.84/0.25/1.00 1.54 0.93 1.07  99
  5  ...................   7.30  0.01 0.83/0.35/1.00 1.29 0.96 1.03  99
  6  ...................   4.37  0.01 0.84/0.36/1.70 1.26 0.94 0.97  99
  7  ...................   4.15  0.01 0.82/0.29/1.00 1.26 0.96 0.93  99
  8  ...................   4.62  0.01 0.84/0.20/1.00 1.18 0.98 0.92  99
  9  ...................   5.58  0.01 0.91/0.17/1.27 1.16 0.97 0.89  99
 10  ...................   5.78  0.01 0.85/0.18/1.00 1.17 0.97 0.86  99
 11  ...................   5.79  0.01 0.85/0.22/1.00 1.15 0.95 0.81  99
 12  ...................   6.09  0.01 0.84/0.26/1.00 1.16 0.95 0.77  99
 13  ...................   5.66  0.01 0.83/0.31/1.00 1.12 0.97 0.75  99
 14  ...................   6.08  0.01 0.82/0.40/1.00 1.03 0.97 0.72  99
 15  ...................   5.81  0.01 0.81/0.41/1.00 1.03 0.97 0.70  99
 16  ...................   5.05  0.01 0.81/0.42/1.00 1.03 0.99 0.69  99
 17  ...................   3.12  0.01 0.80/0.45/1.00 1.03 0.98 0.68  99
 18  ...................   2.83  0.01 0.79/0.50/1.00 1.04 0.99 0.68  99
 19  ...................   1.30  0.00 0.79/0.54/1.00 1.04 0.99 0.67  99
 20  ...................   1.26  0.00 0.79/0.58/1.00 1.00 0.92 0.62  99
 21  ...................   1.16  0.01 0.79/0.63/1.00 1.00 1.00 0.61  99
 22  ...................   0.87  0.01 0.78/0.66/1.00 1.00 0.96 0.59  99
 23  ...................   0.93  0.01 0.78/0.64/1.00 1.00 0.99 0.58  99
 24  ...................   1.04  0.00 0.78/0.63/1.00 1.00 0.98 0.57  99
 25  ...................   1.15  0.01 0.78/0.62/1.00 1.00 0.98 0.56  99
 26  ...................   1.26  0.00 0.78/0.62/1.00 1.00 0.97 0.54  97
 27  ...................   1.37  0.00 0.79/0.62/1.00 1.00 0.94 0.51  93
 28  ...................   1.45  0.01 0.79/0.62/1.00 1.00 0.94 0.48  93
 29  ...................   1.64  0.01 0.79/0.61/1.00 1.00 1.00 0.48  93
 30  ...................   1.86  0.00 0.78/0.60/1.00 1.00 1.00 0.47  90
 31  ...................   2.07  0.00 0.76/0.57/1.00 1.00 0.97 0.46  90
 32  ...................   2.09  0.01 0.74/0.54/1.00 1.00 0.88 0.40  90
 33  ...................   2.10  0.00 0.71/0.51/1.00 1.00 0.86 0.35  90
 34  ...................   2.14  0.01 0.69/0.48/1.00 1.00 0.89 0.31  90
 35  ...................   2.19  0.00 0.67/0.45/1.00 1.00 0.89 0.27  90
 36  ...................   2.12  0.00 0.66/0.43/1.00 1.00 0.86 0.24  90
 37  ...................   2.15  0.01 0.65/0.41/1.00 1.00 0.92 0.22  90
 38  ...................   2.24  0.00 0.66/0.41/1.00 1.00 0.97 0.21  90
 39  ...................   2.22  0.00 0.68/0.44/1.00 1.00 0.94 0.20  90
 40  ...................   2.20  0.00 0.71/0.48/1.00 1.00 0.94 0.19  90
 41  ...................   2.24  0.01 0.75/0.55/1.00 1.00 1.00 0.19  90
 42  ...................   2.21  0.00 0.78/0.60/1.00 1.00 1.00 0.19  90
 43  ...................   2.01  0.00 0.81/0.59/1.00 1.00 0.93 0.17  90
 44  ...................   1.76  0.01 0.83/0.59/1.00 1.00 0.89 0.15  90
 45  ...................   1.70  0.00 0.84/0.61/1.00 1.00 0.96 0.15  90
 46  ...................   1.77  0.00 0.85/0.64/1.00 1.00 1.00 0.15  90
 47  ...................   1.42  0.00 0.84/0.60/1.00 1.00 0.74 0.11  90
 48  ...................   1.29  0.00 0.83/0.56/1.00 1.00 0.71 0.08  90
 49  ...................   1.11  0.00 0.83/0.53/1.00 1.00 0.82 0.06  90
 50  ...................   1.10  0.00 0.82/0.52/1.00 1.00 0.80 0.05  90
 51  ...................   1.18  0.00 0.82/0.53/1.00 1.00 1.00 0.05  31
 52  ...................   1.25  0.00 0.81/0.55/1.00 1.00 1.00 0.05  31
 53  ...................   1.29  0.00 0.81/0.58/1.00 1.00 0.99 0.05  31
 54  ...................   1.31  0.00 0.80/0.62/1.00 1.00 0.95 0.05  31
 55  ...................   1.31  0.00 0.79/0.65/1.00 1.00 0.96 0.05  31
 56  ...................   1.30  0.00 0.78/0.68/1.00 1.00 0.97 0.04  25
 57  ...................   1.29  0.01 0.77/0.70/1.00 1.00 1.00 0.04  25
 58  ...................   1.27  0.00 0.76/0.66/1.00 1.00 1.00 0.04  25
 59  ...................   1.24  0.00 0.75/0.59/1.00 1.00 1.00 0.04  25
 60  ...................   0.93  0.00 0.75/0.53/1.00 1.00 0.98 0.04  25
 61  ...................   1.00  0.00 0.75/0.48/1.00 1.00 0.82 0.04  18
 62  ...................   1.10  0.00 0.76/0.45/1.00 1.00 1.00 0.04  18
 63  ...................   1.18  0.00 0.78/0.45/1.00 1.00 0.99 0.04  18
 64  ...................   1.21  0.00 0.80/0.48/1.00 1.00 1.00 0.04  18
 65  ...................   1.18  0.00 0.83/0.52/1.00 1.00 1.00 0.04  18
 66  ...................   1.06  0.00 0.86/0.58/1.00 1.00 0.82 0.03  18
 67  ...................   0.96  0.00 0.89/0.57/1.00 1.00 1.00 0.03  18
 68  ...................   1.04  0.00 0.92/0.57/1.00 1.00 1.00 0.03  18
 69  ...................   1.10  0.00 0.94/0.57/1.00 1.00 1.00 0.03  18
 70  ...................   1.15  0.00 0.95/0.58/1.00 1.00 1.00 0.03  18
 71  ...................   1.18  0.00 0.96/0.59/1.00 1.00 0.95 0.03  18
 72  ...................   1.18  0.00 0.97/0.61/1.00 1.00 1.00 0.03  15
 73  ...................   1.15  0.00 0.98/0.63/1.00 1.00 1.00 0.03  15
 74  ...................   1.09  0.00 0.98/0.66/1.00 1.00 0.58 0.02  15
 75  ...................   0.98  0.00 0.98/0.70/1.00 1.00 0.96 0.02   3
 76  ...................   0.84  0.00 0.99/0.75/1.00 1.00 1.00 0.02   3
 77  ...................   0.34  0.00 0.99/0.80/1.00 1.00 0.83 0.01   3
 78  ...................   0.35  0.00 0.99/0.80/1.00 1.00 1.00 0.01   0
 79  ...................   0.37  0.00 0.99/0.78/1.00 1.00 1.00 0.01   0
 80  ...................   0.38  0.00 0.99/0.77/1.00 1.00 0.94 0.01   0
 81  ...................   0.38  0.00 0.99/0.76/1.00 1.00 1.00 0.01   0
 82  ...................   0.37  0.00 0.99/0.76/1.00 1.00 1.00 0.01   0
 83  ...................   0.34  0.00 0.99/0.77/1.00 1.00 0.97 0.01   0
 84  ...................   0.21  0.00 0.99/0.80/1.00 1.00 0.97 0.01   0
 85  ...................   0.22  0.00 0.99/0.81/1.00 1.00 1.00 0.01   0
 86  ...................   0.24  0.00 0.99/0.79/1.00 1.00 1.00 0.01   0
 87  ...................   0.25  0.00 0.99/0.77/1.00 1.00 0.97 0.01   0
 88  ...................   0.25  0.00 0.99/0.76/1.00 1.00 1.00 0.01   0
 89  ...................   0.24  0.00 0.99/0.76/1.00 1.00 1.00 0.01   0
 90  ...................   0.23  0.00 1.00/0.77/1.00 1.00 1.00 0.01   0
 91  ...................   0.20  0.00 1.00/0.80/1.00 1.00 1.00 0.01   0
 92  ...................   0.17  0.00 1.00/0.83/1.00 1.00 1.00 0.01   0
 93  ...................   0.13  0.00 1.00/0.87/1.00 1.00 1.00 0.01   0
 94  ...................   0.10  0.00 1.00/0.90/1.00 1.00 1.00 0.01   0
 95  ...................   0.06  0.00 1.00/0.94/1.00 1.00 0.97 0.01   0
 96  ...................   0.04  0.00 1.00/0.96/1.00 1.00 1.00 0.01   0
 97  ...................   0.02  0.00 1.00/0.98/1.00 1.00 1.00 0.01   0
 98  ...................   0.01  0.00 1.00/0.99/1.00 1.00 1.00 0.01   0
 99  ...................   0.00  0.00 1.00/1.00/1.00 1.00 1.00 0.01   0
100  ...................   0.00  0.00 1.00/1.00/1.00 1.00 1.00 0.01   0
101  ...................   0.00  0.00 1.00/1.00/1.00 1.00 1.00 0.01   0
102  ...................   0.00  0.00 1.00/1.00/1.00 1.00 0.98 0.01   0
[mcl] jury pruning marks: <99,99,99>, out of 100
[mcl] jury pruning synopsis: <99.0 or perfect> (cf -scheme, -do log)
[mcl] output is in /local/wiwie/ClustEval/repository/results/04_20_2013-17_25_45_paper_sfld_layered_f2/clusters/MCL_norm_sfld_1.66.results
[mcl] 10 clusters found
[mcl] output is in /local/wiwie/ClustEval/repository/results/04_20_2013-17_25_45_paper_sfld_layered_f2/clusters/MCL_norm_sfld_1.66.results

Please cite:
    Stijn van Dongen, Graph Clustering by Flow Simulation.  PhD thesis,
    University of Utrecht, May 2000.
       (  http://www.library.uu.nl/digiarchief/dip/diss/1895620/full.pdf
       or  http://micans.org/mcl/lit/svdthesis.pdf.gz)
OR
    Stijn van Dongen, A cluster algorithm for graphs. Technical
    Report INS-R0010, National Research Institute for Mathematics
    and Computer Science in the Netherlands, Amsterdam, May 2000.
       (  http://www.cwi.nl/ftp/CWIreports/INS/INS-R0010.ps.Z
       or  http://micans.org/mcl/lit/INS-R0010.ps.Z)

