.[mcl] new tab created
[mcl] pid 7744
 ite -------------------  chaos  time hom(avg,lo,hi) expa expb expc fmv
  1  ...................  19.15  0.02 0.92/0.31/1.25 1.98 1.17 1.17  99
  2  ...................   7.02  0.01 0.88/0.28/1.43 1.80 0.51 0.60  99
  3  ...................  11.05  0.00 0.84/0.12/7.49 1.03 0.86 0.51  96
  4  ...................   1.15  0.00 0.84/0.62/1.09 1.00 0.79 0.40  88
  5  ...................   1.88  0.01 0.76/0.50/1.00 1.01 0.57 0.23  81
  6  ...................   1.56  0.00 0.83/0.63/1.00 1.00 0.63 0.14  68
  7  ...................   1.11  0.00 0.84/0.71/1.00 1.00 0.33 0.05  68
  8  ...................   0.77  0.00 0.77/0.59/1.00 1.00 0.85 0.04  25
  9  ...................   0.90  0.00 0.92/0.59/1.00 1.00 0.70 0.03  20
 10  ...................   1.02  0.00 0.98/0.69/1.00 1.00 0.55 0.02  17
 11  ...................   0.38  0.00 0.99/0.76/1.00 1.00 0.78 0.01   3
 12  ...................   0.25  0.00 1.00/0.76/1.00 1.00 0.92 0.01   0
 13  ...................   0.03  0.00 1.00/0.97/1.00 1.00 0.98 0.01   0
 14  ...................   0.00  0.00 1.00/1.00/1.00 1.00 0.98 0.01   0
[mcl] jury pruning marks: <99,99,99>, out of 100
[mcl] jury pruning synopsis: <99.0 or perfect> (cf -scheme, -do log)
[mcl] output is in /local/wiwie/ClustEval/repository/results/04_20_2013-17_25_45_paper_sfld_layered_f2/clusters/MCL_norm_sfld_1.61.results
[mcl] 22 clusters found
[mcl] output is in /local/wiwie/ClustEval/repository/results/04_20_2013-17_25_45_paper_sfld_layered_f2/clusters/MCL_norm_sfld_1.61.results

Please cite:
    Stijn van Dongen, Graph Clustering by Flow Simulation.  PhD thesis,
    University of Utrecht, May 2000.
       (  http://www.library.uu.nl/digiarchief/dip/diss/1895620/full.pdf
       or  http://micans.org/mcl/lit/svdthesis.pdf.gz)
OR
    Stijn van Dongen, A cluster algorithm for graphs. Technical
    Report INS-R0010, National Research Institute for Mathematics
    and Computer Science in the Netherlands, Amsterdam, May 2000.
       (  http://www.cwi.nl/ftp/CWIreports/INS/INS-R0010.ps.Z
       or  http://micans.org/mcl/lit/INS-R0010.ps.Z)

