.[mcl] new tab created
[mcl] pid 27966
 ite -------------------  chaos  time hom(avg,lo,hi) expa expb expc fmv
  1  ...................  19.15  0.02 0.92/0.31/1.25 1.98 1.17 1.17  99
  2  ...................   7.05  0.01 0.88/0.30/1.45 1.80 0.51 0.60  99
  3  ...................  12.27  0.01 0.84/0.15/7.81 1.01 0.85 0.51  96
  4  ...................   1.23  0.01 0.85/0.62/1.81 1.00 0.75 0.38  87
  5  ...................   1.89  0.00 0.73/0.46/1.00 1.00 0.53 0.20  80
  6  ...................   1.23  0.00 0.86/0.59/1.00 1.00 0.61 0.12  68
  7  ...................   1.02  0.00 0.82/0.73/1.00 1.00 0.38 0.05  68
  8  ...................   1.01  0.00 0.77/0.48/1.00 1.00 0.76 0.03  25
  9  ...................   1.06  0.00 0.96/0.59/1.00 1.00 0.80 0.03  20
 10  ...................   0.32  0.00 0.99/0.81/1.00 1.00 0.45 0.01  17
 11  ...................   0.20  0.00 0.99/0.80/1.00 1.00 0.92 0.01   0
 12  ...................   0.20  0.01 1.00/0.80/1.00 1.00 0.97 0.01   0
 13  ...................   0.00  0.00 1.00/1.00/1.00 1.00 0.98 0.01   0
 14  ...................   0.00  0.00 1.00/1.00/1.00 1.00 0.98 0.01   0
[mcl] jury pruning marks: <99,99,99>, out of 100
[mcl] jury pruning synopsis: <99.0 or perfect> (cf -scheme, -do log)
[mcl] output is in /local/wiwie/ClustEval/repository/results/04_20_2013-17_25_45_paper_sfld_layered_f2/clusters/MCL_norm_sfld_1.63.results
[mcl] 22 clusters found
[mcl] output is in /local/wiwie/ClustEval/repository/results/04_20_2013-17_25_45_paper_sfld_layered_f2/clusters/MCL_norm_sfld_1.63.results

Please cite:
    Stijn van Dongen, Graph Clustering by Flow Simulation.  PhD thesis,
    University of Utrecht, May 2000.
       (  http://www.library.uu.nl/digiarchief/dip/diss/1895620/full.pdf
       or  http://micans.org/mcl/lit/svdthesis.pdf.gz)
OR
    Stijn van Dongen, A cluster algorithm for graphs. Technical
    Report INS-R0010, National Research Institute for Mathematics
    and Computer Science in the Netherlands, Amsterdam, May 2000.
       (  http://www.cwi.nl/ftp/CWIreports/INS/INS-R0010.ps.Z
       or  http://micans.org/mcl/lit/INS-R0010.ps.Z)

