.[mcl] new tab created
[mcl] pid 51953
 ite -------------------  chaos  time hom(avg,lo,hi) expa expb expc fmv
  1  ...................  19.15  0.01 0.92/0.31/1.25 1.98 1.17 1.17  99
  2  ...................  20.19  0.01 0.90/0.42/1.39 1.80 0.70 0.82  99
  3  ...................   5.37  0.01 0.88/0.28/1.77 1.51 0.75 0.61  99
  4  ...................  10.44  0.00 0.82/0.26/1.22 1.25 0.96 0.59  96
  5  ...................  12.29  0.00 0.79/0.11/1.00 1.01 0.92 0.54  96
  6  ...................  12.33  0.01 0.81/0.26/1.00 1.01 0.90 0.48  95
  7  ...................   3.57  0.00 0.83/0.61/1.00 1.01 0.90 0.44  94
  8  ...................   1.26  0.01 0.83/0.49/1.00 1.01 0.86 0.38  92
  9  ...................   1.89  0.00 0.81/0.62/1.00 1.00 0.93 0.35  81
 10  ...................   1.96  0.01 0.73/0.48/1.00 1.00 0.65 0.23  78
 11  ...................   1.90  0.00 0.72/0.48/1.00 1.00 0.72 0.17  71
 12  ...................   1.61  0.00 0.81/0.63/1.00 1.00 0.89 0.15  71
 13  ...................   1.29  0.00 0.87/0.60/1.00 1.00 0.80 0.12  71
 14  ...................   1.02  0.00 0.85/0.70/1.00 1.00 0.44 0.05  71
 15  ...................   0.94  0.00 0.82/0.69/1.00 1.00 0.87 0.05  71
 16  ...................   0.56  0.00 0.79/0.69/1.00 1.00 0.89 0.04  28
 17  ...................   0.94  0.00 0.78/0.50/1.00 1.00 0.97 0.04  21
 18  ...................   1.21  0.00 0.84/0.48/1.00 1.00 0.86 0.03  21
 19  ...................   0.93  0.00 0.93/0.58/1.00 1.00 0.81 0.03  21
 20  ...................   1.12  0.00 0.97/0.61/1.00 1.00 0.97 0.03  17
 21  ...................   1.05  0.00 0.98/0.68/1.00 1.00 0.59 0.02  17
 22  ...................   0.33  0.00 0.99/0.81/1.00 1.00 0.79 0.01   3
 23  ...................   0.38  0.00 0.99/0.77/1.00 1.00 1.00 0.01   0
 24  ...................   0.33  0.00 0.99/0.78/1.00 1.00 0.93 0.01   0
 25  ...................   0.24  0.00 0.99/0.79/1.00 1.00 0.95 0.01   0
 26  ...................   0.23  0.00 1.00/0.77/1.00 1.00 1.00 0.01   0
 27  ...................   0.12  0.00 1.00/0.88/1.00 1.00 1.00 0.01   0
 28  ...................   0.02  0.00 1.00/0.98/1.00 1.00 0.98 0.01   0
 29  ...................   0.00  0.00 1.00/1.00/1.00 1.00 1.00 0.01   0
 30  ...................   0.00  0.00 1.00/1.00/1.00 1.00 0.98 0.01   0
[mcl] jury pruning marks: <99,99,99>, out of 100
[mcl] jury pruning synopsis: <99.0 or perfect> (cf -scheme, -do log)
[mcl] output is in /local/wiwie/ClustEval/repository/results/04_20_2013-17_25_45_paper_sfld_layered_f2/clusters/MCL_norm_sfld_1.189.results
[mcl] 17 clusters found
[mcl] output is in /local/wiwie/ClustEval/repository/results/04_20_2013-17_25_45_paper_sfld_layered_f2/clusters/MCL_norm_sfld_1.189.results

Please cite:
    Stijn van Dongen, Graph Clustering by Flow Simulation.  PhD thesis,
    University of Utrecht, May 2000.
       (  http://www.library.uu.nl/digiarchief/dip/diss/1895620/full.pdf
       or  http://micans.org/mcl/lit/svdthesis.pdf.gz)
OR
    Stijn van Dongen, A cluster algorithm for graphs. Technical
    Report INS-R0010, National Research Institute for Mathematics
    and Computer Science in the Netherlands, Amsterdam, May 2000.
       (  http://www.cwi.nl/ftp/CWIreports/INS/INS-R0010.ps.Z
       or  http://micans.org/mcl/lit/INS-R0010.ps.Z)

