.[mcl] new tab created
[mcl] pid 54075
 ite -------------------  chaos  time hom(avg,lo,hi) expa expb expc fmv
  1  ...................  19.15  0.01 0.92/0.31/1.25 1.98 1.17 1.17  99
  2  ...................  19.98  0.01 0.90/0.43/1.40 1.80 0.70 0.82  99
  3  ...................   4.87  0.00 0.88/0.30/1.69 1.51 0.76 0.63  99
  4  ...................   9.41  0.00 0.82/0.26/1.10 1.28 0.94 0.59  96
  5  ...................  12.06  0.01 0.79/0.13/1.00 1.01 0.92 0.54  96
  6  ...................  11.59  0.01 0.81/0.19/1.00 1.02 0.95 0.52  95
  7  ...................   6.26  0.00 0.82/0.67/1.00 1.00 0.87 0.45  94
  8  ...................   1.15  0.01 0.83/0.65/1.00 1.01 0.88 0.40  93
  9  ...................   1.64  0.00 0.82/0.64/1.00 1.01 0.89 0.35  82
 10  ...................   1.84  0.01 0.76/0.53/1.00 1.00 0.70 0.25  78
 11  ...................   1.80  0.00 0.71/0.45/1.00 1.00 0.68 0.17  71
 12  ...................   1.84  0.00 0.77/0.34/1.00 1.00 0.86 0.15  71
 13  ...................   1.64  0.00 0.86/0.58/1.00 1.00 0.84 0.12  71
 14  ...................   1.00  0.00 0.86/0.65/1.00 1.00 0.66 0.08  71
 15  ...................   0.90  0.01 0.84/0.74/1.00 1.00 0.58 0.05  71
 16  ...................   0.86  0.00 0.80/0.67/1.00 1.00 0.95 0.04  28
 17  ...................   0.72  0.00 0.78/0.63/1.00 1.00 0.89 0.04  28
 18  ...................   1.11  0.00 0.79/0.45/1.00 1.00 0.88 0.03  21
 19  ...................   1.12  0.00 0.87/0.56/1.00 1.00 0.95 0.03  21
 20  ...................   1.02  0.00 0.95/0.59/1.00 1.00 0.83 0.03  21
 21  ...................   1.14  0.00 0.97/0.63/1.00 1.00 0.94 0.03  17
 22  ...................   0.96  0.00 0.98/0.72/1.00 1.00 0.58 0.02  17
 23  ...................   0.34  0.00 0.99/0.80/1.00 1.00 0.83 0.01   3
 24  ...................   0.38  0.00 0.99/0.76/1.00 1.00 0.96 0.01   0
 25  ...................   0.20  0.00 0.99/0.80/1.00 1.00 0.95 0.01   0
 26  ...................   0.25  0.00 0.99/0.78/1.00 1.00 0.97 0.01   0
 27  ...................   0.22  0.00 1.00/0.78/1.00 1.00 1.00 0.01   0
 28  ...................   0.10  0.00 1.00/0.90/1.00 1.00 0.98 0.01   0
 29  ...................   0.01  0.00 1.00/0.99/1.00 1.00 1.00 0.01   0
 30  ...................   0.00  0.00 1.00/1.00/1.00 1.00 1.00 0.01   0
 31  ...................   0.00  0.00 1.00/1.00/1.00 1.00 0.98 0.01   0
[mcl] jury pruning marks: <99,99,99>, out of 100
[mcl] jury pruning synopsis: <99.0 or perfect> (cf -scheme, -do log)
[mcl] output is in /local/wiwie/ClustEval/repository/results/04_20_2013-17_25_45_paper_sfld_layered_f2/clusters/MCL_norm_sfld_1.221.results
[mcl] 17 clusters found
[mcl] output is in /local/wiwie/ClustEval/repository/results/04_20_2013-17_25_45_paper_sfld_layered_f2/clusters/MCL_norm_sfld_1.221.results

Please cite:
    Stijn van Dongen, Graph Clustering by Flow Simulation.  PhD thesis,
    University of Utrecht, May 2000.
       (  http://www.library.uu.nl/digiarchief/dip/diss/1895620/full.pdf
       or  http://micans.org/mcl/lit/svdthesis.pdf.gz)
OR
    Stijn van Dongen, A cluster algorithm for graphs. Technical
    Report INS-R0010, National Research Institute for Mathematics
    and Computer Science in the Netherlands, Amsterdam, May 2000.
       (  http://www.cwi.nl/ftp/CWIreports/INS/INS-R0010.ps.Z
       or  http://micans.org/mcl/lit/INS-R0010.ps.Z)

