.[mcl] new tab created
[mcl] pid 49945
 ite -------------------  chaos  time hom(avg,lo,hi) expa expb expc fmv
  1  ...................  19.15  0.01 0.92/0.31/1.25 1.98 1.17 1.17  99
  2  ...................  19.76  0.01 0.90/0.36/1.38 1.80 0.67 0.79  99
  3  ...................   6.94  0.01 0.87/0.25/2.00 1.51 0.76 0.60  99
  4  ...................  11.98  0.00 0.81/0.25/1.48 1.04 0.97 0.58  96
  5  ...................  10.27  0.00 0.80/0.12/1.26 1.01 0.90 0.52  95
  6  ...................   8.57  0.01 0.82/0.56/1.00 1.02 0.91 0.47  94
  7  ...................   1.12  0.00 0.83/0.65/1.00 1.01 0.87 0.41  90
  8  ...................   1.62  0.01 0.83/0.64/1.00 1.01 0.85 0.35  81
  9  ...................   1.93  0.00 0.75/0.51/1.00 1.00 0.70 0.25  78
 10  ...................   1.85  0.00 0.71/0.47/1.00 1.00 0.66 0.17  71
 11  ...................   1.61  0.00 0.81/0.64/1.00 1.00 0.89 0.15  71
 12  ...................   1.32  0.00 0.87/0.60/1.00 1.00 0.80 0.12  71
 13  ...................   1.04  0.00 0.85/0.72/1.00 1.00 0.40 0.05  71
 14  ...................   0.99  0.00 0.81/0.67/1.00 1.00 0.95 0.05  28
 15  ...................   0.69  0.00 0.78/0.64/1.00 1.00 0.90 0.04  28
 16  ...................   1.13  0.00 0.80/0.45/1.00 1.00 0.86 0.03  21
 17  ...................   1.00  0.00 0.89/0.60/1.00 1.00 0.82 0.03  21
 18  ...................   1.08  0.00 0.96/0.60/1.00 1.00 0.94 0.03  21
 19  ...................   1.10  0.00 0.98/0.66/1.00 1.00 0.58 0.02  17
 20  ...................   0.32  0.00 0.99/0.81/1.00 1.00 0.79 0.01   3
 21  ...................   0.38  0.00 0.99/0.77/1.00 1.00 1.00 0.01   0
 22  ...................   0.32  0.00 0.99/0.79/1.00 1.00 0.93 0.01   0
 23  ...................   0.24  0.00 0.99/0.78/1.00 1.00 0.95 0.01   0
 24  ...................   0.21  0.00 1.00/0.79/1.00 1.00 1.00 0.01   0
 25  ...................   0.07  0.00 1.00/0.93/1.00 1.00 0.98 0.01   0
 26  ...................   0.00  0.00 1.00/1.00/1.00 1.00 1.00 0.01   0
 27  ...................   0.00  0.00 1.00/1.00/1.00 1.00 0.98 0.01   0
[mcl] jury pruning marks: <99,99,99>, out of 100
[mcl] jury pruning synopsis: <99.0 or perfect> (cf -scheme, -do log)
[mcl] output is in /local/wiwie/ClustEval/repository/results/04_20_2013-17_25_45_paper_sfld_layered_f2/clusters/MCL_norm_sfld_1.160.results
[mcl] 17 clusters found
[mcl] output is in /local/wiwie/ClustEval/repository/results/04_20_2013-17_25_45_paper_sfld_layered_f2/clusters/MCL_norm_sfld_1.160.results

Please cite:
    Stijn van Dongen, Graph Clustering by Flow Simulation.  PhD thesis,
    University of Utrecht, May 2000.
       (  http://www.library.uu.nl/digiarchief/dip/diss/1895620/full.pdf
       or  http://micans.org/mcl/lit/svdthesis.pdf.gz)
OR
    Stijn van Dongen, A cluster algorithm for graphs. Technical
    Report INS-R0010, National Research Institute for Mathematics
    and Computer Science in the Netherlands, Amsterdam, May 2000.
       (  http://www.cwi.nl/ftp/CWIreports/INS/INS-R0010.ps.Z
       or  http://micans.org/mcl/lit/INS-R0010.ps.Z)

