.[mcl] new tab created
[mcl] pid 22570
 ite -------------------  chaos  time hom(avg,lo,hi) expa expb expc fmv
  1  ...................  19.15  0.03 0.92/0.31/1.25 1.98 1.17 1.17  99
  2  ...................   3.89  0.02 0.84/0.25/2.60 1.80 0.46 0.54  99
  3  ...................   1.22  0.01 0.87/0.63/8.81 1.03 0.70 0.38  92
  4  ...................   1.68  0.00 0.76/0.55/1.00 1.00 0.38 0.14  77
  5  ...................   1.02  0.00 0.83/0.73/1.00 1.00 0.31 0.05  68
  6  ...................   1.19  0.00 0.86/0.51/1.00 1.00 0.74 0.03  25
  7  ...................   0.32  0.00 0.99/0.81/1.00 1.00 0.38 0.01  20
  8  ...................   0.25  0.00 0.99/0.77/1.00 1.00 0.89 0.01   0
  9  ...................   0.00  0.00 1.00/1.00/1.00 1.00 0.98 0.01   0
 10  ...................   0.00  0.00 1.00/1.00/1.00 1.00 0.98 0.01   0
[mcl] jury pruning marks: <99,99,99>, out of 100
[mcl] jury pruning synopsis: <99.0 or perfect> (cf -scheme, -do log)
[mcl] output is in /local/wiwie/ClustEval/repository/results/04_20_2013-17_25_45_paper_sfld_layered_f2/clusters/MCL_norm_sfld_1.23.results
[mcl] 25 clusters found
[mcl] output is in /local/wiwie/ClustEval/repository/results/04_20_2013-17_25_45_paper_sfld_layered_f2/clusters/MCL_norm_sfld_1.23.results

Please cite:
    Stijn van Dongen, Graph Clustering by Flow Simulation.  PhD thesis,
    University of Utrecht, May 2000.
       (  http://www.library.uu.nl/digiarchief/dip/diss/1895620/full.pdf
       or  http://micans.org/mcl/lit/svdthesis.pdf.gz)
OR
    Stijn van Dongen, A cluster algorithm for graphs. Technical
    Report INS-R0010, National Research Institute for Mathematics
    and Computer Science in the Netherlands, Amsterdam, May 2000.
       (  http://www.cwi.nl/ftp/CWIreports/INS/INS-R0010.ps.Z
       or  http://micans.org/mcl/lit/INS-R0010.ps.Z)

