.[mcl] new tab created
[mcl] pid 3070
 ite -------------------  chaos  time hom(avg,lo,hi) expa expb expc fmv
  1  ...................  19.15  0.02 0.92/0.31/1.25 1.98 1.17 1.17  99
  2  ...................  18.62  0.01 0.90/0.34/1.37 1.80 0.66 0.77  99
  3  ...................   7.72  0.01 0.86/0.25/2.13 1.51 0.78 0.60  99
  4  ...................  12.51  0.01 0.80/0.20/1.16 1.03 0.96 0.57  96
  5  ...................  12.06  0.01 0.80/0.15/1.46 1.02 0.90 0.52  95
  6  ...................   5.65  0.00 0.82/0.68/1.03 1.01 0.88 0.45  94
  7  ...................   1.21  0.00 0.83/0.65/1.00 1.00 0.85 0.39  90
  8  ...................   1.90  0.00 0.81/0.62/1.00 1.00 0.91 0.35  81
  9  ...................   1.82  0.00 0.73/0.47/1.00 1.00 0.58 0.20  78
 10  ...................   1.83  0.00 0.74/0.53/1.00 1.00 0.76 0.16  71
 11  ...................   1.31  0.00 0.85/0.60/1.00 1.00 0.82 0.13  69
 12  ...................   1.02  0.00 0.87/0.65/1.00 1.00 0.52 0.07  69
 13  ...................   0.95  0.00 0.83/0.72/1.00 1.00 0.70 0.05  69
 14  ...................   0.60  0.00 0.79/0.65/1.00 1.00 0.87 0.04  26
 15  ...................   0.96  0.00 0.77/0.50/1.00 1.00 0.98 0.04  20
 16  ...................   1.19  0.00 0.86/0.51/1.00 1.00 0.86 0.03  20
 17  ...................   1.01  0.00 0.95/0.59/1.00 1.00 0.82 0.03  20
 18  ...................   1.14  0.00 0.98/0.63/1.00 1.00 0.57 0.02  17
 19  ...................   0.45  0.00 0.99/0.77/1.00 1.00 0.80 0.01   5
 20  ...................   0.37  0.00 0.99/0.78/1.00 1.00 0.97 0.01   0
 21  ...................   0.34  0.00 0.99/0.77/1.00 1.00 0.94 0.01   0
 22  ...................   0.24  0.00 0.99/0.79/1.00 1.00 0.95 0.01   0
 23  ...................   0.22  0.00 1.00/0.78/1.00 1.00 1.00 0.01   0
 24  ...................   0.08  0.00 1.00/0.92/1.00 1.00 0.98 0.01   0
 25  ...................   0.00  0.00 1.00/1.00/1.00 1.00 1.00 0.01   0
 26  ...................   0.00  0.00 1.00/1.00/1.00 1.00 0.98 0.01   0
[mcl] jury pruning marks: <99,99,99>, out of 100
[mcl] jury pruning synopsis: <99.0 or perfect> (cf -scheme, -do log)
[mcl] output is in /local/wiwie/ClustEval/repository/results/04_20_2013-17_25_45_paper_sfld_layered_f2/clusters/MCL_norm_sfld_1.83.results
[mcl] 18 clusters found
[mcl] output is in /local/wiwie/ClustEval/repository/results/04_20_2013-17_25_45_paper_sfld_layered_f2/clusters/MCL_norm_sfld_1.83.results

Please cite:
    Stijn van Dongen, Graph Clustering by Flow Simulation.  PhD thesis,
    University of Utrecht, May 2000.
       (  http://www.library.uu.nl/digiarchief/dip/diss/1895620/full.pdf
       or  http://micans.org/mcl/lit/svdthesis.pdf.gz)
OR
    Stijn van Dongen, A cluster algorithm for graphs. Technical
    Report INS-R0010, National Research Institute for Mathematics
    and Computer Science in the Netherlands, Amsterdam, May 2000.
       (  http://www.cwi.nl/ftp/CWIreports/INS/INS-R0010.ps.Z
       or  http://micans.org/mcl/lit/INS-R0010.ps.Z)

