.[mcl] new tab created
[mcl] pid 61997
 ite -------------------  chaos  time hom(avg,lo,hi) expa expb expc fmv
  1  ...................  19.15  0.01 0.92/0.31/1.25 1.98 1.17 1.17  99
  2  ...................  20.09  0.02 0.91/0.41/1.48 1.80 0.89 1.03  99
  3  ...................  19.05  0.02 0.90/0.46/1.28 1.66 0.89 0.91  99
  4  ...................  18.45  0.01 0.86/0.31/1.00 1.36 0.90 0.82  99
  5  ...................  15.92  0.01 0.83/0.25/1.00 1.30 0.87 0.72  99
  6  ...................   4.73  0.01 0.82/0.30/1.00 1.21 0.86 0.62  97
  7  ...................   3.68  0.01 0.81/0.45/1.04 1.21 0.95 0.59  96
  8  ...................   2.91  0.01 0.79/0.42/1.00 1.00 0.94 0.55  96
  9  ...................   2.06  0.00 0.79/0.43/1.00 1.00 0.97 0.54  96
 10  ...................   1.37  0.01 0.79/0.52/1.00 1.00 0.97 0.52  96
 11  ...................   1.24  0.01 0.80/0.59/1.00 1.00 0.91 0.48  96
 12  ...................   0.86  0.00 0.81/0.67/1.00 1.00 0.96 0.46  96
 13  ...................   1.06  0.01 0.82/0.64/1.00 1.00 0.96 0.44  96
 14  ...................   1.29  0.00 0.83/0.63/1.00 1.00 0.95 0.42  96
 15  ...................   1.37  0.00 0.84/0.64/1.00 1.00 0.87 0.36  92
 16  ...................   1.75  0.00 0.83/0.63/1.00 1.00 0.99 0.36  92
 17  ...................   1.96  0.01 0.80/0.58/1.00 1.00 0.87 0.31  89
 18  ...................   2.05  0.00 0.76/0.50/1.00 1.00 0.82 0.25  89
 19  ...................   2.08  0.00 0.73/0.45/1.00 1.00 0.81 0.21  89
 20  ...................   1.85  0.01 0.72/0.47/1.00 1.00 0.82 0.17  74
 21  ...................   1.78  0.00 0.75/0.55/1.00 1.00 0.92 0.15  74
 22  ...................   1.65  0.00 0.80/0.62/1.00 1.00 0.97 0.15  74
 23  ...................   1.33  0.00 0.84/0.59/1.00 1.00 0.87 0.13  74
 24  ...................   1.28  0.00 0.85/0.61/1.00 1.00 0.93 0.12  74
 25  ...................   0.94  0.01 0.85/0.67/1.00 1.00 0.73 0.09  74
 26  ...................   0.77  0.00 0.83/0.75/1.00 1.00 0.62 0.05  74
 27  ...................   0.74  0.00 0.82/0.75/1.00 1.00 0.91 0.05  74
 28  ...................   0.66  0.00 0.80/0.73/1.00 1.00 0.95 0.05  30
 29  ...................   0.53  0.00 0.79/0.72/1.00 1.00 0.95 0.05  30
 30  ...................   0.58  0.00 0.77/0.71/1.00 1.00 0.92 0.04  30
 31  ...................   0.76  0.00 0.76/0.60/1.00 1.00 1.00 0.04  24
 32  ...................   0.98  0.00 0.76/0.49/1.00 1.00 0.89 0.04  24
 33  ...................   1.16  0.00 0.79/0.45/1.00 1.00 0.92 0.03  24
 34  ...................   1.20  0.00 0.84/0.50/1.00 1.00 0.97 0.03  17
 35  ...................   0.97  0.00 0.89/0.59/1.00 1.00 0.86 0.03  17
 36  ...................   0.99  0.00 0.93/0.58/1.00 1.00 1.00 0.03  17
 37  ...................   1.10  0.00 0.96/0.60/1.00 1.00 0.94 0.03  17
 38  ...................   1.15  0.00 0.98/0.62/1.00 1.00 1.00 0.03  17
 39  ...................   1.11  0.00 0.98/0.65/1.00 1.00 0.57 0.02  17
 40  ...................   0.95  0.01 0.99/0.72/1.00 1.00 1.00 0.02   3
 41  ...................   0.32  0.00 0.99/0.80/1.00 1.00 0.83 0.01   3
 42  ...................   0.35  0.00 0.99/0.79/1.00 1.00 0.94 0.01   0
 43  ...................   0.37  0.00 0.99/0.77/1.00 1.00 1.00 0.01   0
 44  ...................   0.38  0.00 0.99/0.76/1.00 1.00 0.97 0.01   0
 45  ...................   0.33  0.00 0.99/0.78/1.00 1.00 1.00 0.01   0
 46  ...................   0.21  0.00 0.99/0.83/1.00 1.00 0.95 0.01   0
 47  ...................   0.24  0.00 0.99/0.79/1.00 1.00 1.00 0.01   0
 48  ...................   0.25  0.00 1.00/0.76/1.00 1.00 1.00 0.01   0
 49  ...................   0.23  0.00 1.00/0.77/1.00 1.00 1.00 0.01   0
 50  ...................   0.17  0.00 1.00/0.83/1.00 1.00 1.00 0.01   0
 51  ...................   0.10  0.00 1.00/0.90/1.00 1.00 0.98 0.01   0
 52  ...................   0.04  0.00 1.00/0.96/1.00 1.00 1.00 0.01   0
 53  ...................   0.01  0.00 1.00/0.99/1.00 1.00 1.00 0.01   0
 54  ...................   0.00  0.00 1.00/1.00/1.00 1.00 1.00 0.01   0
 55  ...................   0.00  0.00 1.00/1.00/1.00 1.00 0.98 0.01   0
[mcl] jury pruning marks: <99,99,99>, out of 100
[mcl] jury pruning synopsis: <99.0 or perfect> (cf -scheme, -do log)
[mcl] output is in /local/wiwie/ClustEval/repository/results/04_20_2013-17_25_45_paper_sfld_layered_f2/clusters/MCL_norm_sfld_1.70.results
[mcl] 12 clusters found
[mcl] output is in /local/wiwie/ClustEval/repository/results/04_20_2013-17_25_45_paper_sfld_layered_f2/clusters/MCL_norm_sfld_1.70.results

Please cite:
    Stijn van Dongen, Graph Clustering by Flow Simulation.  PhD thesis,
    University of Utrecht, May 2000.
       (  http://www.library.uu.nl/digiarchief/dip/diss/1895620/full.pdf
       or  http://micans.org/mcl/lit/svdthesis.pdf.gz)
OR
    Stijn van Dongen, A cluster algorithm for graphs. Technical
    Report INS-R0010, National Research Institute for Mathematics
    and Computer Science in the Netherlands, Amsterdam, May 2000.
       (  http://www.cwi.nl/ftp/CWIreports/INS/INS-R0010.ps.Z
       or  http://micans.org/mcl/lit/INS-R0010.ps.Z)

