.[mcl] new tab created
[mcl] pid 3575
 ite -------------------  chaos  time hom(avg,lo,hi) expa expb expc fmv
  1  ...................  19.15  0.01 0.92/0.31/1.25 1.98 1.17 1.17  99
  2  ...................   5.78  0.01 0.89/0.22/1.35 1.80 0.52 0.61  99
  3  ...................   6.51  0.01 0.83/0.15/4.92 1.21 0.87 0.53  96
  4  ...................   9.24  0.01 0.82/0.58/1.40 1.02 0.88 0.47  94
  5  ...................   1.35  0.00 0.84/0.66/1.00 1.00 0.79 0.37  86
  6  ...................   1.94  0.01 0.75/0.49/1.00 1.00 0.61 0.23  78
  7  ...................   1.65  0.00 0.79/0.63/1.00 1.00 0.63 0.15  68
  8  ...................   1.04  0.00 0.87/0.63/1.00 1.00 0.45 0.07  68
  9  ...................   1.06  0.00 0.80/0.68/1.00 1.00 0.67 0.04  68
 10  ...................   1.01  0.00 0.78/0.48/1.00 1.00 0.78 0.03  25
 11  ...................   0.93  0.00 0.93/0.58/1.00 1.00 0.80 0.03  20
 12  ...................   1.10  0.00 0.98/0.66/1.00 1.00 0.56 0.02  17
 13  ...................   0.36  0.01 0.99/0.79/1.00 1.00 0.80 0.01   3
 14  ...................   0.20  0.00 0.99/0.82/1.00 1.00 0.89 0.01   0
 15  ...................   0.23  0.00 1.00/0.78/1.00 1.00 1.00 0.01   0
 16  ...................   0.02  0.00 1.00/0.98/1.00 1.00 0.98 0.01   0
 17  ...................   0.00  0.00 1.00/1.00/1.00 1.00 0.98 0.01   0
[mcl] jury pruning marks: <99,99,99>, out of 100
[mcl] jury pruning synopsis: <99.0 or perfect> (cf -scheme, -do log)
[mcl] output is in /local/wiwie/ClustEval/repository/results/04_20_2013-17_25_45_paper_sfld_layered_f2/clusters/MCL_norm_sfld_1.7.results
[mcl] 21 clusters found
[mcl] output is in /local/wiwie/ClustEval/repository/results/04_20_2013-17_25_45_paper_sfld_layered_f2/clusters/MCL_norm_sfld_1.7.results

Please cite:
    Stijn van Dongen, Graph Clustering by Flow Simulation.  PhD thesis,
    University of Utrecht, May 2000.
       (  http://www.library.uu.nl/digiarchief/dip/diss/1895620/full.pdf
       or  http://micans.org/mcl/lit/svdthesis.pdf.gz)
OR
    Stijn van Dongen, A cluster algorithm for graphs. Technical
    Report INS-R0010, National Research Institute for Mathematics
    and Computer Science in the Netherlands, Amsterdam, May 2000.
       (  http://www.cwi.nl/ftp/CWIreports/INS/INS-R0010.ps.Z
       or  http://micans.org/mcl/lit/INS-R0010.ps.Z)

