.[mcl] new tab created
[mcl] pid 51481
 ite -------------------  chaos  time hom(avg,lo,hi) expa expb expc fmv
  1  ...................  19.15  0.01 0.92/0.31/1.25 1.98 1.17 1.17  99
  2  ...................  19.94  0.01 0.90/0.44/1.40 1.80 0.71 0.82  99
  3  ...................   4.81  0.00 0.88/0.30/1.69 1.51 0.76 0.63  99
  4  ...................   9.23  0.01 0.82/0.26/1.08 1.28 0.94 0.59  96
  5  ...................  11.92  0.01 0.79/0.14/1.00 1.01 0.92 0.55  96
  6  ...................  11.44  0.00 0.81/0.18/1.00 1.02 0.94 0.52  95
  7  ...................   6.63  0.01 0.82/0.67/1.00 1.00 0.88 0.45  94
  8  ...................   1.17  0.00 0.83/0.65/1.00 1.01 0.90 0.41  93
  9  ...................   1.62  0.01 0.83/0.64/1.00 1.01 0.86 0.35  82
 10  ...................   1.92  0.00 0.76/0.53/1.00 1.00 0.75 0.26  78
 11  ...................   1.77  0.00 0.71/0.45/1.00 1.00 0.64 0.17  78
 12  ...................   1.69  0.01 0.76/0.60/1.00 1.00 0.86 0.15  71
 13  ...................   1.25  0.00 0.86/0.59/1.00 1.00 0.84 0.12  71
 14  ...................   1.00  0.00 0.87/0.64/1.00 1.00 0.66 0.08  71
 15  ...................   0.97  0.00 0.84/0.60/1.00 1.00 0.58 0.05  71
 16  ...................   1.43  0.00 0.80/0.49/1.00 1.00 0.95 0.04  28
 17  ...................   1.11  0.00 0.77/0.57/1.00 1.00 0.89 0.04  28
 18  ...................   1.08  0.00 0.79/0.46/1.00 1.00 0.88 0.04  22
 19  ...................   1.15  0.00 0.87/0.54/1.00 1.00 0.95 0.03  22
 20  ...................   1.00  0.00 0.94/0.58/1.00 1.00 0.83 0.03  21
 21  ...................   1.14  0.00 0.97/0.62/1.00 1.00 0.94 0.03  17
 22  ...................   0.99  0.00 0.98/0.70/1.00 1.00 0.60 0.02  17
 23  ...................   0.34  0.00 0.99/0.80/1.00 1.00 0.80 0.01   3
 24  ...................   0.38  0.00 0.99/0.76/1.00 1.00 0.96 0.01   0
 25  ...................   0.32  0.00 0.99/0.79/1.00 1.00 0.97 0.01   0
 26  ...................   0.24  0.00 0.99/0.79/1.00 1.00 0.95 0.01   0
 27  ...................   0.24  0.00 1.00/0.76/1.00 1.00 1.00 0.01   0
 28  ...................   0.14  0.00 1.00/0.86/1.00 1.00 1.00 0.01   0
 29  ...................   0.03  0.00 1.00/0.97/1.00 1.00 0.98 0.01   0
 30  ...................   0.00  0.01 1.00/1.00/1.00 1.00 1.00 0.01   0
 31  ...................   0.00  0.00 1.00/1.00/1.00 1.00 0.98 0.01   0
[mcl] jury pruning marks: <99,99,99>, out of 100
[mcl] jury pruning synopsis: <99.0 or perfect> (cf -scheme, -do log)
[mcl] output is in /local/wiwie/ClustEval/repository/results/04_20_2013-17_25_45_paper_sfld_layered_f2/clusters/MCL_norm_sfld_1.182.results
[mcl] 17 clusters found
[mcl] output is in /local/wiwie/ClustEval/repository/results/04_20_2013-17_25_45_paper_sfld_layered_f2/clusters/MCL_norm_sfld_1.182.results

Please cite:
    Stijn van Dongen, Graph Clustering by Flow Simulation.  PhD thesis,
    University of Utrecht, May 2000.
       (  http://www.library.uu.nl/digiarchief/dip/diss/1895620/full.pdf
       or  http://micans.org/mcl/lit/svdthesis.pdf.gz)
OR
    Stijn van Dongen, A cluster algorithm for graphs. Technical
    Report INS-R0010, National Research Institute for Mathematics
    and Computer Science in the Netherlands, Amsterdam, May 2000.
       (  http://www.cwi.nl/ftp/CWIreports/INS/INS-R0010.ps.Z
       or  http://micans.org/mcl/lit/INS-R0010.ps.Z)

