.[mcl] new tab created
[mcl] pid 50056
 ite -------------------  chaos  time hom(avg,lo,hi) expa expb expc fmv
  1  ...................  19.15  0.01 0.92/0.31/1.25 1.98 1.17 1.17  99
  2  ...................  21.01  0.02 0.90/0.45/1.43 1.80 0.73 0.85  99
  3  ...................   5.55  0.01 0.89/0.40/1.47 1.56 0.80 0.68  99
  4  ...................   5.13  0.00 0.83/0.34/1.02 1.34 0.88 0.60  97
  5  ...................   6.19  0.00 0.80/0.33/1.16 1.01 0.98 0.59  96
  6  ...................   6.73  0.01 0.79/0.12/1.00 1.01 0.92 0.54  96
  7  ...................  11.89  0.01 0.80/0.21/1.00 1.02 0.90 0.48  95
  8  ...................   6.69  0.00 0.82/0.50/1.00 1.01 0.93 0.45  94
  9  ...................   1.45  0.01 0.83/0.65/1.00 1.00 0.89 0.40  94
 10  ...................   1.56  0.00 0.83/0.65/1.00 1.01 0.89 0.35  84
 11  ...................   1.94  0.01 0.78/0.56/1.00 1.00 0.83 0.29  80
 12  ...................   1.93  0.00 0.72/0.46/1.00 1.00 0.69 0.20  80
 13  ...................   1.81  0.00 0.72/0.50/1.00 1.00 0.77 0.16  73
 14  ...................   1.62  0.00 0.81/0.63/1.00 1.00 0.94 0.15  72
 15  ...................   1.24  0.00 0.87/0.59/1.00 1.00 0.81 0.12  72
 16  ...................   1.28  0.00 0.86/0.55/1.00 1.00 0.57 0.07  72
 17  ...................   0.87  0.00 0.83/0.67/1.00 1.00 0.70 0.05  71
 18  ...................   0.82  0.00 0.81/0.68/1.00 1.00 0.95 0.04  28
 19  ...................   0.63  0.00 0.78/0.69/1.00 1.00 0.89 0.04  28
 20  ...................   0.97  0.00 0.78/0.49/1.00 1.00 0.88 0.04  22
 21  ...................   1.21  0.00 0.83/0.47/1.00 1.00 0.97 0.03  22
 22  ...................   0.88  0.00 0.91/0.59/1.00 1.00 0.81 0.03  22
 23  ...................   1.07  0.00 0.96/0.59/1.00 1.00 0.97 0.03  17
 24  ...................   1.14  0.00 0.98/0.63/1.00 1.00 0.75 0.02  17
 25  ...................   0.95  0.00 0.99/0.72/1.00 1.00 0.75 0.02  17
 26  ...................   0.34  0.00 0.99/0.80/1.00 1.00 0.83 0.01   3
 27  ...................   0.38  0.00 0.99/0.77/1.00 1.00 0.95 0.01   0
 28  ...................   0.35  0.00 0.99/0.77/1.00 1.00 0.97 0.01   0
 29  ...................   0.22  0.00 0.99/0.82/1.00 1.00 0.95 0.01   0
 30  ...................   0.25  0.00 1.00/0.76/1.00 1.00 1.00 0.01   0
 31  ...................   0.21  0.00 1.00/0.80/1.00 1.00 1.00 0.01   0
 32  ...................   0.09  0.00 1.00/0.91/1.00 1.00 0.98 0.01   0
 33  ...................   0.02  0.00 1.00/0.98/1.00 1.00 1.00 0.01   0
 34  ...................   0.00  0.00 1.00/1.00/1.00 1.00 1.00 0.01   0
 35  ...................   0.00  0.00 1.00/1.00/1.00 1.00 0.98 0.01   0
[mcl] jury pruning marks: <99,99,99>, out of 100
[mcl] jury pruning synopsis: <99.0 or perfect> (cf -scheme, -do log)
[mcl] output is in /local/wiwie/ClustEval/repository/results/04_20_2013-17_25_45_paper_sfld_layered_f2/clusters/MCL_norm_sfld_1.162.results
[mcl] 15 clusters found
[mcl] output is in /local/wiwie/ClustEval/repository/results/04_20_2013-17_25_45_paper_sfld_layered_f2/clusters/MCL_norm_sfld_1.162.results

Please cite:
    Stijn van Dongen, Graph Clustering by Flow Simulation.  PhD thesis,
    University of Utrecht, May 2000.
       (  http://www.library.uu.nl/digiarchief/dip/diss/1895620/full.pdf
       or  http://micans.org/mcl/lit/svdthesis.pdf.gz)
OR
    Stijn van Dongen, A cluster algorithm for graphs. Technical
    Report INS-R0010, National Research Institute for Mathematics
    and Computer Science in the Netherlands, Amsterdam, May 2000.
       (  http://www.cwi.nl/ftp/CWIreports/INS/INS-R0010.ps.Z
       or  http://micans.org/mcl/lit/INS-R0010.ps.Z)

