.[mcl] new tab created
[mcl] pid 49578
 ite -------------------  chaos  time hom(avg,lo,hi) expa expb expc fmv
  1  ...................  19.15  0.01 0.92/0.31/1.25 1.98 1.17 1.17  99
  2  ...................  19.96  0.01 0.90/0.39/1.39 1.80 0.69 0.80  99
  3  ...................   6.13  0.01 0.87/0.26/1.88 1.51 0.75 0.60  99
  4  ...................  11.41  0.00 0.82/0.27/1.26 1.03 0.97 0.59  96
  5  ...................   8.22  0.00 0.80/0.11/1.00 1.01 0.90 0.53  96
  6  ...................  11.36  0.01 0.81/0.42/1.00 1.02 0.90 0.48  94
  7  ...................   1.85  0.00 0.83/0.57/1.00 1.01 0.90 0.43  94
  8  ...................   1.36  0.01 0.83/0.65/1.00 1.00 0.82 0.35  85
  9  ...................   1.89  0.00 0.79/0.57/1.00 1.00 0.84 0.30  78
 10  ...................   1.86  0.01 0.71/0.45/1.00 1.00 0.64 0.19  78
 11  ...................   1.70  0.00 0.75/0.57/1.00 1.00 0.78 0.15  71
 12  ...................   1.25  0.00 0.86/0.59/1.00 1.00 0.84 0.12  71
 13  ...................   1.01  0.00 0.87/0.64/1.00 1.00 0.65 0.08  71
 14  ...................   0.93  0.00 0.83/0.73/1.00 1.00 0.58 0.05  71
 15  ...................   0.76  0.00 0.80/0.67/1.00 1.00 0.94 0.04  28
 16  ...................   0.82  0.00 0.77/0.56/1.00 1.00 0.90 0.04  28
 17  ...................   1.19  0.00 0.82/0.45/1.00 1.00 0.87 0.03  21
 18  ...................   0.87  0.00 0.91/0.59/1.00 1.00 0.82 0.03  21
 19  ...................   1.10  0.00 0.97/0.60/1.00 1.00 0.95 0.03  17
 20  ...................   1.08  0.00 0.98/0.67/1.00 1.00 0.58 0.02  17
 21  ...................   0.33  0.01 0.99/0.81/1.00 1.00 0.79 0.01   3
 22  ...................   0.37  0.00 0.99/0.77/1.00 1.00 1.00 0.01   0
 23  ...................   0.33  0.00 0.99/0.78/1.00 1.00 0.93 0.01   0
 24  ...................   0.23  0.00 0.99/0.80/1.00 1.00 0.95 0.01   0
 25  ...................   0.24  0.00 1.00/0.77/1.00 1.00 1.00 0.01   0
 26  ...................   0.12  0.00 1.00/0.88/1.00 1.00 0.98 0.01   0
 27  ...................   0.02  0.00 1.00/0.98/1.00 1.00 1.00 0.01   0
 28  ...................   0.00  0.00 1.00/1.00/1.00 1.00 1.00 0.01   0
 29  ...................   0.00  0.00 1.00/1.00/1.00 1.00 0.98 0.01   0
[mcl] jury pruning marks: <99,99,99>, out of 100
[mcl] jury pruning synopsis: <99.0 or perfect> (cf -scheme, -do log)
[mcl] output is in /local/wiwie/ClustEval/repository/results/04_20_2013-17_25_45_paper_sfld_layered_f2/clusters/MCL_norm_sfld_1.155.results
[mcl] 17 clusters found
[mcl] output is in /local/wiwie/ClustEval/repository/results/04_20_2013-17_25_45_paper_sfld_layered_f2/clusters/MCL_norm_sfld_1.155.results

Please cite:
    Stijn van Dongen, Graph Clustering by Flow Simulation.  PhD thesis,
    University of Utrecht, May 2000.
       (  http://www.library.uu.nl/digiarchief/dip/diss/1895620/full.pdf
       or  http://micans.org/mcl/lit/svdthesis.pdf.gz)
OR
    Stijn van Dongen, A cluster algorithm for graphs. Technical
    Report INS-R0010, National Research Institute for Mathematics
    and Computer Science in the Netherlands, Amsterdam, May 2000.
       (  http://www.cwi.nl/ftp/CWIreports/INS/INS-R0010.ps.Z
       or  http://micans.org/mcl/lit/INS-R0010.ps.Z)

