.[mcl] new tab created
[mcl] pid 56302
 ite -------------------  chaos  time hom(avg,lo,hi) expa expb expc fmv
  1  ...................  19.15  0.01 0.92/0.31/1.25 1.98 1.17 1.17  99
  2  ...................  19.83  0.02 0.91/0.37/1.48 1.80 0.92 1.07  99
  3  ...................  19.78  0.01 0.90/0.43/1.14 1.63 0.90 0.96  99
  4  ...................  15.52  0.01 0.86/0.36/1.00 1.39 0.91 0.88  99
  5  ...................   8.24  0.01 0.84/0.28/1.30 1.27 0.92 0.81  99
  6  ...................   4.98  0.01 0.83/0.27/1.00 1.23 0.92 0.75  99
  7  ...................   4.55  0.01 0.82/0.33/1.00 1.10 0.84 0.63  97
  8  ...................   3.64  0.01 0.80/0.47/1.00 1.18 0.93 0.59  96
  9  ...................   2.80  0.01 0.79/0.42/1.00 1.00 0.94 0.55  96
 10  ...................   2.05  0.01 0.79/0.43/1.00 1.00 0.97 0.54  96
 11  ...................   1.40  0.00 0.79/0.51/1.00 1.00 0.97 0.53  96
 12  ...................   1.28  0.00 0.80/0.57/1.00 1.01 0.92 0.48  96
 13  ...................   0.94  0.01 0.81/0.66/1.00 1.00 0.99 0.48  96
 14  ...................   0.97  0.00 0.82/0.66/1.00 1.00 0.94 0.45  96
 15  ...................   1.16  0.01 0.83/0.65/1.00 1.00 0.96 0.43  96
 16  ...................   1.23  0.00 0.83/0.65/1.00 1.00 0.92 0.39  96
 17  ...................   1.39  0.00 0.84/0.65/1.00 1.00 0.91 0.36  92
 18  ...................   1.73  0.00 0.83/0.63/1.00 1.00 1.00 0.36  89
 19  ...................   1.87  0.00 0.80/0.59/1.00 1.00 0.87 0.31  89
 20  ...................   1.89  0.00 0.77/0.52/1.00 1.00 0.82 0.25  89
 21  ...................   1.91  0.01 0.74/0.46/1.00 1.00 0.83 0.21  89
 22  ...................   1.80  0.00 0.72/0.45/1.00 1.00 0.82 0.17  74
 23  ...................   1.88  0.00 0.73/0.50/1.00 1.00 0.95 0.16  74
 24  ...................   1.71  0.00 0.76/0.60/1.00 1.00 0.91 0.15  74
 25  ...................   1.63  0.00 0.81/0.60/1.00 1.00 1.00 0.15  74
 26  ...................   1.33  0.01 0.84/0.59/1.00 1.00 0.87 0.13  74
 27  ...................   1.29  0.00 0.85/0.61/1.00 1.00 0.93 0.12  74
 28  ...................   1.01  0.00 0.85/0.67/1.00 1.00 0.77 0.09  74
 29  ...................   0.76  0.00 0.83/0.74/1.00 1.00 0.69 0.06  74
 30  ...................   0.73  0.00 0.82/0.75/1.00 1.00 0.78 0.05  74
 31  ...................   0.72  0.00 0.81/0.74/1.00 1.00 0.97 0.05  30
 32  ...................   0.66  0.00 0.80/0.72/1.00 1.00 0.98 0.05  30
 33  ...................   0.55  0.00 0.78/0.71/1.00 1.00 0.91 0.04  30
 34  ...................   0.62  0.00 0.77/0.70/1.00 1.00 0.97 0.04  24
 35  ...................   0.79  0.00 0.76/0.58/1.00 1.00 1.00 0.04  24
 36  ...................   0.98  0.00 0.76/0.49/1.00 1.00 0.89 0.04  24
 37  ...................   1.15  0.00 0.78/0.45/1.00 1.00 0.92 0.03  24
 38  ...................   1.21  0.00 0.82/0.48/1.00 1.00 0.97 0.03  17
 39  ...................   1.08  0.00 0.87/0.59/1.00 1.00 0.86 0.03  17
 40  ...................   0.94  0.00 0.92/0.58/1.00 1.00 1.00 0.03  17
 41  ...................   1.05  0.00 0.95/0.59/1.00 1.00 1.00 0.03  17
 42  ...................   1.12  0.00 0.97/0.60/1.00 1.00 0.94 0.03  17
 43  ...................   1.15  0.00 0.98/0.63/1.00 1.00 0.96 0.03  17
 44  ...................   1.10  0.00 0.98/0.66/1.00 1.00 0.59 0.02  15
 45  ...................   0.94  0.00 0.99/0.72/1.00 1.00 1.00 0.02   3
 46  ...................   0.32  0.00 0.99/0.80/1.00 1.00 0.83 0.01   3
 47  ...................   0.35  0.00 0.99/0.80/1.00 1.00 1.00 0.01   0
 48  ...................   0.37  0.00 0.99/0.77/1.00 1.00 0.94 0.01   0
 49  ...................   0.38  0.00 0.99/0.76/1.00 1.00 1.00 0.01   0
 50  ...................   0.36  0.00 0.99/0.77/1.00 1.00 0.97 0.01   0
 51  ...................   0.20  0.00 0.99/0.80/1.00 1.00 0.98 0.01   0
 52  ...................   0.23  0.00 0.99/0.81/1.00 1.00 0.97 0.01   0
 53  ...................   0.25  0.00 0.99/0.77/1.00 1.00 1.00 0.01   0
 54  ...................   0.25  0.00 1.00/0.76/1.00 1.00 1.00 0.01   0
 55  ...................   0.22  0.00 1.00/0.78/1.00 1.00 1.00 0.01   0
 56  ...................   0.17  0.00 1.00/0.83/1.00 1.00 1.00 0.01   0
 57  ...................   0.10  0.00 1.00/0.90/1.00 1.00 1.00 0.01   0
 58  ...................   0.05  0.00 1.00/0.95/1.00 1.00 0.98 0.01   0
 59  ...................   0.02  0.00 1.00/0.98/1.00 1.00 1.00 0.01   0
 60  ...................   0.00  0.00 1.00/1.00/1.00 1.00 1.00 0.01   0
 61  ...................   0.00  0.00 1.00/1.00/1.00 1.00 1.00 0.01   0
 62  ...................   0.00  0.00 1.00/1.00/1.00 1.00 0.98 0.01   0
[mcl] jury pruning marks: <99,99,99>, out of 100
[mcl] jury pruning synopsis: <99.0 or perfect> (cf -scheme, -do log)
[mcl] output is in /local/wiwie/ClustEval/repository/results/04_20_2013-17_25_45_paper_sfld_layered_f2/clusters/MCL_norm_sfld_1.69.results
[mcl] 12 clusters found
[mcl] output is in /local/wiwie/ClustEval/repository/results/04_20_2013-17_25_45_paper_sfld_layered_f2/clusters/MCL_norm_sfld_1.69.results

Please cite:
    Stijn van Dongen, Graph Clustering by Flow Simulation.  PhD thesis,
    University of Utrecht, May 2000.
       (  http://www.library.uu.nl/digiarchief/dip/diss/1895620/full.pdf
       or  http://micans.org/mcl/lit/svdthesis.pdf.gz)
OR
    Stijn van Dongen, A cluster algorithm for graphs. Technical
    Report INS-R0010, National Research Institute for Mathematics
    and Computer Science in the Netherlands, Amsterdam, May 2000.
       (  http://www.cwi.nl/ftp/CWIreports/INS/INS-R0010.ps.Z
       or  http://micans.org/mcl/lit/INS-R0010.ps.Z)

