.[mcl] new tab created
[mcl] pid 41922
 ite -------------------  chaos  time hom(avg,lo,hi) expa expb expc fmv
  1  ...................  19.15  0.01 0.92/0.31/1.25 1.98 1.17 1.17  99
  2  ...................   7.82  0.01 0.89/0.25/1.34 1.80 0.59 0.69  99
  3  ...................   8.67  0.01 0.84/0.39/3.01 1.45 0.85 0.59  99
  4  ...................  10.11  0.01 0.80/0.11/1.30 1.02 0.88 0.52  96
  5  ...................   5.47  0.00 0.83/0.68/1.00 1.02 0.87 0.45  93
  6  ...................   1.31  0.00 0.84/0.65/1.00 1.00 0.83 0.37  83
  7  ...................   1.99  0.00 0.78/0.55/1.00 1.00 0.76 0.28  79
  8  ...................   1.88  0.01 0.72/0.48/1.00 1.00 0.57 0.16  68
  9  ...................   1.30  0.00 0.85/0.60/1.00 1.00 0.77 0.13  68
 10  ...................   1.05  0.00 0.86/0.66/1.00 1.00 0.48 0.06  68
 11  ...................   1.03  0.00 0.81/0.68/1.00 1.00 0.73 0.04  68
 12  ...................   0.80  0.00 0.77/0.57/1.00 1.00 0.90 0.04  25
 13  ...................   1.20  0.00 0.85/0.50/1.00 1.00 0.85 0.03  20
 14  ...................   1.05  0.00 0.96/0.59/1.00 1.00 0.82 0.03  20
 15  ...................   1.07  0.00 0.98/0.67/1.00 1.00 0.56 0.02  17
 16  ...................   0.35  0.00 0.99/0.80/1.00 1.00 0.80 0.01   3
 17  ...................   0.35  0.00 0.99/0.77/1.00 1.00 0.94 0.01   0
 18  ...................   0.24  0.00 0.99/0.79/1.00 1.00 0.95 0.01   0
 19  ...................   0.19  0.00 1.00/0.81/1.00 1.00 1.00 0.01   0
 20  ...................   0.02  0.00 1.00/0.98/1.00 1.00 0.98 0.01   0
 21  ...................   0.00  0.00 1.00/1.00/1.00 1.00 0.98 0.01   0
[mcl] jury pruning marks: <99,99,99>, out of 100
[mcl] jury pruning synopsis: <99.0 or perfect> (cf -scheme, -do log)
[mcl] output is in /local/wiwie/ClustEval/repository/results/04_20_2013-17_25_45_paper_sfld_layered_f2/clusters/MCL_norm_sfld_1.46.results
[mcl] 21 clusters found
[mcl] output is in /local/wiwie/ClustEval/repository/results/04_20_2013-17_25_45_paper_sfld_layered_f2/clusters/MCL_norm_sfld_1.46.results

Please cite:
    Stijn van Dongen, Graph Clustering by Flow Simulation.  PhD thesis,
    University of Utrecht, May 2000.
       (  http://www.library.uu.nl/digiarchief/dip/diss/1895620/full.pdf
       or  http://micans.org/mcl/lit/svdthesis.pdf.gz)
OR
    Stijn van Dongen, A cluster algorithm for graphs. Technical
    Report INS-R0010, National Research Institute for Mathematics
    and Computer Science in the Netherlands, Amsterdam, May 2000.
       (  http://www.cwi.nl/ftp/CWIreports/INS/INS-R0010.ps.Z
       or  http://micans.org/mcl/lit/INS-R0010.ps.Z)

