.[mcl] new tab created
[mcl] pid 47724
 ite -------------------  chaos  time hom(avg,lo,hi) expa expb expc fmv
  1  ...................  19.15  0.03 0.92/0.31/1.25 1.98 1.17 1.17  99
  2  ...................  17.60  0.02 0.90/0.25/1.44 1.80 1.04 1.21  99
  3  ...................  11.63  0.02 0.87/0.27/1.39 1.47 1.04 1.26  99
  4  ...................  10.23  0.01 0.84/0.27/1.47 1.40 1.00 1.26  99
  5  ...................  11.03  0.01 0.84/0.32/1.00 1.39 1.00 1.25  99
  6  ...................  12.15  0.01 0.89/0.35/1.04 1.39 0.97 1.21  99
  7  ...................  12.99  0.01 0.85/0.36/1.00 1.42 0.97 1.18  99
  8  ...................  12.16  0.02 0.86/0.37/1.65 1.14 0.96 1.13  99
  9  ...................   8.61  0.01 0.86/0.38/1.00 1.13 0.94 1.07  99
 10  ...................   3.65  0.02 0.87/0.47/1.16 1.15 0.96 1.03  99
 11  ...................   3.25  0.03 0.87/0.66/1.00 1.13 0.98 1.00  99
 12  ...................   3.40  0.02 0.86/0.59/1.00 1.05 0.98 0.99  99
 13  ...................   2.83  0.02 0.87/0.59/1.00 1.04 0.99 0.97  99
 14  ...................   1.25  0.02 0.90/0.76/1.26 1.03 0.97 0.95  99
 15  ...................   0.56  0.01 0.87/0.74/1.00 1.02 0.98 0.93  99
 16  ...................   0.60  0.01 0.86/0.71/1.00 1.01 0.98 0.91  99
 17  ...................   0.65  0.01 0.86/0.69/1.00 1.00 0.99 0.90  99
 18  ...................   0.69  0.01 0.85/0.66/1.00 1.00 1.00 0.90  99
 19  ...................   0.74  0.01 0.84/0.64/1.00 1.00 0.99 0.89  99
 20  ...................   0.80  0.01 0.83/0.62/1.00 1.00 0.99 0.89  99
 21  ...................   0.86  0.01 0.82/0.60/1.00 1.00 1.00 0.89  99
 22  ...................   0.92  0.01 0.81/0.58/1.00 1.00 0.99 0.88  99
 23  ...................   0.99  0.01 0.80/0.56/1.00 1.00 0.95 0.84  99
 24  ...................   1.05  0.01 0.80/0.54/1.00 1.00 1.00 0.84  99
 25  ...................   1.11  0.01 0.79/0.53/1.00 1.00 1.00 0.83  99
 26  ...................   1.17  0.01 0.78/0.52/1.00 1.00 0.99 0.83  99
 27  ...................   1.22  0.01 0.78/0.51/1.00 1.00 1.00 0.83  99
 28  ...................   1.26  0.01 0.77/0.51/1.00 1.00 1.00 0.83  99
 29  ...................   1.29  0.01 0.76/0.52/1.00 1.00 1.00 0.82  99
 30  ...................   1.30  0.01 0.76/0.53/1.00 1.00 1.00 0.82  99
 31  ...................   1.29  0.00 0.75/0.55/1.00 1.00 0.94 0.77  99
 32  ...................   1.26  0.00 0.75/0.58/1.00 1.00 0.99 0.76  99
 33  ...................   1.20  0.01 0.74/0.61/1.00 1.00 1.00 0.76  99
 34  ...................   0.96  0.01 0.74/0.65/1.00 1.00 1.00 0.76  99
 35  ...................   0.88  0.01 0.73/0.68/1.00 1.00 0.98 0.75  99
 36  ...................   0.82  0.01 0.73/0.67/1.00 1.00 0.97 0.72  99
 37  ...................   0.89  0.01 0.72/0.66/1.00 1.00 0.99 0.72  99
 38  ...................   0.94  0.01 0.72/0.65/1.00 1.00 0.98 0.71  99
 39  ...................   1.02  0.01 0.72/0.65/1.00 1.00 0.99 0.70  99
 40  ...................   1.08  0.01 0.72/0.65/1.00 1.00 0.98 0.69  99
 41  ...................   1.14  0.01 0.72/0.64/1.00 1.00 0.99 0.68  99
 42  ...................   1.18  0.00 0.72/0.64/1.00 1.00 0.96 0.65  99
 43  ...................   1.25  0.01 0.72/0.65/1.00 1.00 0.97 0.63  99
 44  ...................   1.33  0.01 0.73/0.65/1.00 1.00 0.98 0.62  99
 45  ...................   1.35  0.00 0.73/0.65/1.00 1.00 0.95 0.59  99
 46  ...................   1.46  0.00 0.73/0.65/1.00 1.00 1.00 0.59  99
 47  ...................   1.58  0.01 0.72/0.64/1.00 1.00 1.00 0.59  96
 48  ...................   1.72  0.01 0.72/0.63/1.00 1.00 1.00 0.59  96
 49  ...................   1.87  0.00 0.71/0.62/1.00 1.00 1.00 0.59  96
 50  ...................   1.85  0.01 0.69/0.60/1.00 1.00 0.91 0.54  96
 51  ...................   1.89  0.00 0.68/0.58/1.00 1.00 0.94 0.51  96
 52  ...................   1.96  0.00 0.66/0.56/1.00 1.00 0.95 0.48  96
 53  ...................   1.98  0.01 0.64/0.53/1.00 1.00 0.93 0.45  96
 54  ...................   1.95  0.00 0.62/0.51/1.00 1.00 0.91 0.41  96
 55  ...................   1.98  0.01 0.60/0.49/1.00 1.00 0.94 0.38  96
 56  ...................   2.05  0.00 0.59/0.47/1.00 1.00 0.96 0.36  96
 57  ...................   1.95  0.00 0.58/0.46/1.00 1.00 0.89 0.32  96
 58  ...................   1.86  0.00 0.57/0.45/1.00 1.00 0.90 0.29  96
 59  ...................   1.80  0.00 0.57/0.45/1.00 1.00 0.91 0.26  96
 60  ...................   1.83  0.00 0.58/0.46/1.00 1.00 0.97 0.26  96
 61  ...................   1.91  0.00 0.59/0.47/1.00 1.00 1.00 0.26  96
 62  ...................   1.90  0.01 0.60/0.50/1.00 1.00 0.97 0.25  96
 63  ...................   1.87  0.00 0.63/0.52/1.00 1.00 0.97 0.24  96
 64  ...................   1.75  0.00 0.65/0.56/1.00 1.00 0.93 0.22  96
 65  ...................   1.74  0.01 0.68/0.60/1.00 1.00 1.00 0.22  96
 66  ...................   1.72  0.00 0.72/0.64/1.00 1.00 1.00 0.22  96
 67  ...................   1.69  0.00 0.75/0.68/1.00 1.00 1.00 0.22  96
 68  ...................   1.66  0.00 0.78/0.72/1.00 1.00 1.00 0.22  96
 69  ...................   1.57  0.01 0.80/0.76/1.00 1.00 0.96 0.21  96
 70  ...................   1.37  0.00 0.82/0.78/1.00 1.00 0.88 0.19  96
 71  ...................   1.31  0.00 0.84/0.80/1.00 1.00 0.96 0.18  96
 72  ...................   1.27  0.00 0.84/0.81/1.00 1.00 0.95 0.17  96
 73  ...................   1.31  0.00 0.85/0.81/1.00 1.00 1.00 0.17  96
 74  ...................   1.36  0.01 0.85/0.81/1.00 1.00 1.00 0.17  96
 75  ...................   0.97  0.00 0.84/0.81/1.00 1.00 0.71 0.12  96
 76  ...................   1.02  0.00 0.84/0.80/1.00 1.00 1.00 0.12  96
 77  ...................   0.66  0.00 0.83/0.79/1.00 1.00 0.66 0.08  96
 78  ...................   0.69  0.00 0.83/0.79/1.00 1.00 1.00 0.08  96
 79  ...................   0.54  0.00 0.82/0.78/1.00 1.00 0.80 0.06  96
 80  ...................   0.38  0.00 0.82/0.77/1.00 1.00 0.74 0.05  96
 81  ...................   0.39  0.00 0.81/0.76/1.00 1.00 1.00 0.05  19
 82  ...................   0.41  0.01 0.81/0.76/1.00 1.00 1.00 0.05  19
 83  ...................   0.43  0.00 0.80/0.75/1.00 1.00 1.00 0.05  19
 84  ...................   0.44  0.00 0.80/0.75/1.00 1.00 1.00 0.05  19
 85  ...................   0.45  0.00 0.79/0.75/1.00 1.00 1.00 0.05  19
 86  ...................   0.47  0.00 0.79/0.75/1.00 1.00 1.00 0.05  19
 87  ...................   0.48  0.00 0.78/0.75/1.00 1.00 1.00 0.05  19
 88  ...................   0.49  0.00 0.78/0.74/1.00 1.00 1.00 0.05  19
 89  ...................   0.50  0.00 0.77/0.74/1.00 1.00 1.00 0.05  19
 90  ...................   0.55  0.00 0.77/0.74/1.00 1.00 1.00 0.05  19
 91  ...................   0.52  0.00 0.76/0.74/1.00 1.00 0.96 0.05  19
 92  ...................   0.57  0.00 0.75/0.73/1.00 1.00 1.00 0.05  19
 93  ...................   0.62  0.01 0.74/0.69/1.00 1.00 1.00 0.05  19
 94  ...................   0.68  0.00 0.74/0.65/1.00 1.00 1.00 0.05  19
 95  ...................   0.75  0.00 0.73/0.61/1.00 1.00 1.00 0.05  19
 96  ...................   0.81  0.00 0.72/0.57/1.00 1.00 1.00 0.05  19
 97  ...................   0.88  0.00 0.72/0.53/1.00 1.00 0.82 0.04  19
 98  ...................   0.95  0.00 0.72/0.50/1.00 1.00 1.00 0.04  19
 99  ...................   1.02  0.00 0.72/0.48/1.00 1.00 1.00 0.04  19
100  ...................   1.08  0.00 0.72/0.46/1.00 1.00 1.00 0.04  19
101  ...................   1.13  0.00 0.73/0.45/1.00 1.00 1.00 0.04  19
102  ...................   1.18  0.01 0.75/0.45/1.00 1.00 1.00 0.04  19
103  ...................   1.20  0.00 0.76/0.46/1.00 1.00 1.00 0.04  19
104  ...................   1.21  0.00 0.78/0.49/1.00 1.00 1.00 0.04  19
105  ...................   1.19  0.00 0.81/0.52/1.00 1.00 1.00 0.04  19
106  ...................   1.13  0.00 0.83/0.55/1.00 1.00 0.78 0.03  19
107  ...................   1.05  0.00 0.85/0.54/1.00 1.00 1.00 0.03  19
108  ...................   1.10  0.00 0.88/0.53/1.00 1.00 1.00 0.03  19
109  ...................   1.15  0.00 0.90/0.53/1.00 1.00 1.00 0.03  19
110  ...................   1.19  0.00 0.92/0.53/1.00 1.00 1.00 0.03  19
111  ...................   1.23  0.00 0.94/0.54/1.00 1.00 1.00 0.03  19
112  ...................   1.25  0.00 0.95/0.55/1.00 1.00 1.00 0.03  19
113  ...................   1.26  0.01 0.96/0.56/1.00 1.00 1.00 0.03  19
114  ...................   1.25  0.00 0.97/0.58/1.00 1.00 1.00 0.03  19
115  ...................   1.23  0.00 0.98/0.60/1.00 1.00 1.00 0.03  19
116  ...................   1.19  0.00 0.98/0.62/1.00 1.00 1.00 0.03  19
117  ...................   1.13  0.00 0.99/0.65/1.00 1.00 1.00 0.03  19
118  ...................   1.05  0.00 0.99/0.68/1.00 1.00 1.00 0.03  19
119  ...................   0.96  0.00 0.99/0.71/1.00 1.00 0.48 0.01  19
120  ...................   0.85  0.00 0.99/0.75/1.00 1.00 1.00 0.01   3
121  ...................   0.73  0.00 0.99/0.78/1.00 1.00 1.00 0.01   3
122  ...................   0.61  0.00 0.99/0.82/1.00 1.00 1.00 0.01   3
123  ...................   0.28  0.00 1.00/0.85/1.00 1.00 0.93 0.01   3
124  ...................   0.17  0.00 1.00/0.89/1.00 1.00 0.97 0.01   0
125  ...................   0.13  0.00 1.00/0.92/1.00 1.00 0.86 0.01   0
126  ...................   0.09  0.00 1.00/0.94/1.00 1.00 1.00 0.01   0
127  ...................   0.06  0.00 1.00/0.96/1.00 1.00 1.00 0.01   0
128  ...................   0.04  0.01 1.00/0.97/1.00 1.00 1.00 0.01   0
129  ...................   0.03  0.00 1.00/0.98/1.00 1.00 1.00 0.01   0
130  ...................   0.02  0.00 1.00/0.99/1.00 1.00 1.00 0.01   0
131  ...................   0.01  0.00 1.00/0.99/1.00 1.00 1.00 0.01   0
132  ...................   0.01  0.00 1.00/1.00/1.00 1.00 1.00 0.01   0
133  ...................   0.00  0.00 1.00/1.00/1.00 1.00 0.97 0.01   0
134  ...................   0.00  0.00 1.00/1.00/1.00 1.00 1.00 0.01   0
135  ...................   0.00  0.00 1.00/1.00/1.00 1.00 1.00 0.01   0
136  ...................   0.00  0.00 1.00/1.00/1.00 1.00 0.97 0.01   0
[mcl] jury pruning marks: <99,99,99>, out of 100
[mcl] jury pruning synopsis: <99.0 or perfect> (cf -scheme, -do log)
[mcl] output is in /local/wiwie/ClustEval/repository/results/04_20_2013-17_25_45_paper_sfld_layered_f2/clusters/MCL_norm_sfld_1.1.results
[mcl] 5 clusters found
[mcl] output is in /local/wiwie/ClustEval/repository/results/04_20_2013-17_25_45_paper_sfld_layered_f2/clusters/MCL_norm_sfld_1.1.results

Please cite:
    Stijn van Dongen, Graph Clustering by Flow Simulation.  PhD thesis,
    University of Utrecht, May 2000.
       (  http://www.library.uu.nl/digiarchief/dip/diss/1895620/full.pdf
       or  http://micans.org/mcl/lit/svdthesis.pdf.gz)
OR
    Stijn van Dongen, A cluster algorithm for graphs. Technical
    Report INS-R0010, National Research Institute for Mathematics
    and Computer Science in the Netherlands, Amsterdam, May 2000.
       (  http://www.cwi.nl/ftp/CWIreports/INS/INS-R0010.ps.Z
       or  http://micans.org/mcl/lit/INS-R0010.ps.Z)

