.[mcl] new tab created
[mcl] pid 50086
 ite -------------------  chaos  time hom(avg,lo,hi) expa expb expc fmv
  1  ...................  19.15  0.01 0.92/0.31/1.25 1.98 1.17 1.17  99
  2  ...................  19.89  0.02 0.91/0.31/1.48 1.80 0.97 1.13  99
  3  ...................  20.06  0.01 0.88/0.33/1.00 1.56 0.94 1.06  99
  4  ...................  20.22  0.01 0.85/0.34/1.16 1.63 0.94 1.00  99
  5  ...................  19.24  0.01 0.83/0.34/1.00 1.32 0.94 0.94  99
  6  ...................  18.83  0.00 0.83/0.34/1.00 1.25 0.93 0.88  99
  7  ...................  17.31  0.01 0.82/0.29/1.00 1.21 0.95 0.83  99
  8  ...................  14.88  0.01 0.81/0.27/1.00 1.18 0.97 0.81  99
  9  ...................   9.60  0.01 0.80/0.28/1.00 1.12 0.97 0.78  99
 10  ...................   5.51  0.01 0.80/0.34/1.27 1.01 0.98 0.77  99
 11  ...................   5.75  0.01 0.78/0.44/1.00 1.02 0.99 0.76  97
 12  ...................   5.86  0.01 0.77/0.37/1.00 1.02 0.95 0.73  97
 13  ...................   5.75  0.01 0.77/0.29/1.00 1.01 0.98 0.71  97
 14  ...................   5.14  0.01 0.77/0.24/1.00 1.02 0.97 0.69  97
 15  ...................   4.51  0.01 0.77/0.23/1.00 1.02 0.97 0.67  97
 16  ...................   4.30  0.01 0.78/0.26/1.00 1.03 0.94 0.63  97
 17  ...................   4.27  0.01 0.79/0.35/1.00 1.02 0.97 0.62  97
 18  ...................   3.70  0.01 0.80/0.50/1.00 1.03 0.95 0.59  97
 19  ...................   2.44  0.00 0.81/0.66/1.00 1.04 0.95 0.56  97
 20  ...................   1.23  0.00 0.82/0.65/1.00 1.07 0.92 0.51  97
 21  ...................   1.16  0.01 0.83/0.65/1.00 1.14 0.93 0.47  97
 22  ...................   1.27  0.00 0.83/0.65/1.00 1.18 0.84 0.40  93
 23  ...................   1.40  0.00 0.84/0.65/1.00 1.02 0.91 0.36  93
 24  ...................   1.64  0.00 0.83/0.64/1.00 1.02 1.00 0.36  90
 25  ...................   1.92  0.00 0.82/0.61/1.00 1.00 0.98 0.35  90
 26  ...................   1.94  0.00 0.80/0.57/1.00 1.00 0.87 0.31  90
 27  ...................   1.91  0.00 0.77/0.52/1.00 1.00 0.85 0.26  90
 28  ...................   2.02  0.00 0.75/0.48/1.00 1.00 0.91 0.24  90
 29  ...................   1.97  0.00 0.73/0.45/1.00 1.00 0.85 0.20  90
 30  ...................   1.85  0.00 0.72/0.46/1.00 1.00 0.86 0.17  76
 31  ...................   1.93  0.00 0.73/0.49/1.00 1.00 0.97 0.17  76
 32  ...................   1.79  0.00 0.75/0.55/1.00 1.00 0.92 0.15  76
 33  ...................   1.70  0.00 0.78/0.63/1.00 1.00 0.97 0.15  76
 34  ...................   1.63  0.00 0.81/0.60/1.00 1.00 1.00 0.15  76
 35  ...................   1.34  0.00 0.84/0.59/1.00 1.00 0.87 0.13  76
 36  ...................   1.24  0.01 0.85/0.60/1.00 1.00 0.93 0.12  76
 37  ...................   1.34  0.00 0.85/0.63/1.00 1.00 1.00 0.12  76
 38  ...................   1.01  0.01 0.85/0.68/1.00 1.00 0.77 0.09  76
 39  ...................   0.84  0.00 0.84/0.73/1.00 1.00 0.75 0.07  76
 40  ...................   0.71  0.00 0.83/0.77/1.00 1.00 0.72 0.05  76
 41  ...................   0.68  0.00 0.83/0.75/1.00 1.00 1.00 0.05  32
 42  ...................   0.68  0.00 0.82/0.74/1.00 1.00 0.97 0.05  32
 43  ...................   0.61  0.00 0.81/0.73/1.00 1.00 0.99 0.05  32
 44  ...................   0.56  0.00 0.80/0.72/1.00 1.00 0.95 0.05  32
 45  ...................   0.56  0.00 0.79/0.72/1.00 1.00 0.96 0.04  32
 46  ...................   0.58  0.00 0.77/0.72/1.00 1.00 0.97 0.04  26
 47  ...................   0.70  0.00 0.76/0.64/1.00 1.00 1.00 0.04  26
 48  ...................   0.83  0.00 0.75/0.55/1.00 1.00 1.00 0.04  26
 49  ...................   0.97  0.00 0.75/0.49/1.00 1.00 0.86 0.04  26
 50  ...................   1.10  0.00 0.77/0.45/1.00 1.00 0.94 0.03  19
 51  ...................   1.19  0.00 0.79/0.46/1.00 1.00 0.99 0.03  19
 52  ...................   1.20  0.00 0.83/0.50/1.00 1.00 1.00 0.03  19
 53  ...................   1.10  0.00 0.86/0.57/1.00 1.00 0.86 0.03  19
 54  ...................   0.92  0.00 0.90/0.58/1.00 1.00 1.00 0.03  19
 55  ...................   1.01  0.00 0.93/0.58/1.00 1.00 1.00 0.03  19
 56  ...................   1.09  0.00 0.95/0.58/1.00 1.00 1.00 0.03  19
 57  ...................   1.14  0.00 0.96/0.59/1.00 1.00 1.00 0.03  19
 58  ...................   1.16  0.00 0.97/0.61/1.00 1.00 0.90 0.03  19
 59  ...................   1.15  0.00 0.98/0.64/1.00 1.00 0.81 0.02  15
 60  ...................   1.08  0.00 0.98/0.67/1.00 1.00 0.73 0.02  15
 61  ...................   0.95  0.00 0.98/0.72/1.00 1.00 1.00 0.02   3
 62  ...................   0.55  0.00 0.98/0.77/1.00 1.00 0.88 0.01   3
 63  ...................   0.34  0.00 0.99/0.80/1.00 1.00 0.95 0.01   3
 64  ...................   0.36  0.00 0.99/0.79/1.00 1.00 1.00 0.01   0
 65  ...................   0.37  0.00 0.99/0.77/1.00 1.00 0.94 0.01   0
 66  ...................   0.38  0.00 0.99/0.76/1.00 1.00 1.00 0.01   0
 67  ...................   0.37  0.00 0.99/0.76/1.00 1.00 1.00 0.01   0
 68  ...................   0.34  0.00 0.99/0.78/1.00 1.00 0.97 0.01   0
 69  ...................   0.20  0.00 0.99/0.81/1.00 1.00 0.96 0.01   0
 70  ...................   0.22  0.00 0.99/0.82/1.00 1.00 1.00 0.01   0
 71  ...................   0.24  0.00 0.99/0.79/1.00 1.00 0.97 0.01   0
 72  ...................   0.25  0.00 0.99/0.77/1.00 1.00 1.00 0.01   0
 73  ...................   0.25  0.00 0.99/0.76/1.00 1.00 1.00 0.01   0
 74  ...................   0.23  0.00 1.00/0.77/1.00 1.00 1.00 0.01   0
 75  ...................   0.21  0.00 1.00/0.80/1.00 1.00 1.00 0.01   0
 76  ...................   0.16  0.00 1.00/0.84/1.00 1.00 1.00 0.01   0
 77  ...................   0.12  0.00 1.00/0.88/1.00 1.00 1.00 0.01   0
 78  ...................   0.07  0.00 1.00/0.93/1.00 1.00 0.96 0.01   0
 79  ...................   0.04  0.00 1.00/0.96/1.00 1.00 1.00 0.01   0
 80  ...................   0.02  0.00 1.00/0.98/1.00 1.00 1.00 0.01   0
 81  ...................   0.01  0.00 1.00/0.99/1.00 1.00 1.00 0.01   0
 82  ...................   0.00  0.00 1.00/1.00/1.00 1.00 1.00 0.01   0
 83  ...................   0.00  0.00 1.00/1.00/1.00 1.00 1.00 0.01   0
 84  ...................   0.00  0.00 1.00/1.00/1.00 1.00 0.98 0.01   0
[mcl] jury pruning marks: <99,99,99>, out of 100
[mcl] jury pruning synopsis: <99.0 or perfect> (cf -scheme, -do log)
[mcl] output is in /local/wiwie/ClustEval/repository/results/04_20_2013-17_25_45_paper_sfld_layered_f2/clusters/MCL_norm_sfld_1.67.results
[mcl] 11 clusters found
[mcl] output is in /local/wiwie/ClustEval/repository/results/04_20_2013-17_25_45_paper_sfld_layered_f2/clusters/MCL_norm_sfld_1.67.results

Please cite:
    Stijn van Dongen, Graph Clustering by Flow Simulation.  PhD thesis,
    University of Utrecht, May 2000.
       (  http://www.library.uu.nl/digiarchief/dip/diss/1895620/full.pdf
       or  http://micans.org/mcl/lit/svdthesis.pdf.gz)
OR
    Stijn van Dongen, A cluster algorithm for graphs. Technical
    Report INS-R0010, National Research Institute for Mathematics
    and Computer Science in the Netherlands, Amsterdam, May 2000.
       (  http://www.cwi.nl/ftp/CWIreports/INS/INS-R0010.ps.Z
       or  http://micans.org/mcl/lit/INS-R0010.ps.Z)

