.[mcl] new tab created
[mcl] pid 53073
 ite -------------------  chaos  time hom(avg,lo,hi) expa expb expc fmv
  1  ...................  19.15  0.02 0.92/0.31/1.25 1.98 1.17 1.17  99
  2  ...................   8.08  0.01 0.89/0.25/1.34 1.80 0.58 0.68  99
  3  ...................   8.63  0.01 0.84/0.37/3.21 1.43 0.86 0.58  98
  4  ...................  11.33  0.00 0.80/0.13/1.34 1.02 0.89 0.52  96
  5  ...................   3.29  0.01 0.83/0.67/1.00 1.01 0.86 0.44  91
  6  ...................   1.39  0.00 0.84/0.65/1.00 1.00 0.80 0.35  83
  7  ...................   1.90  0.00 0.76/0.51/1.00 1.00 0.68 0.24  75
  8  ...................   1.83  0.00 0.74/0.54/1.00 1.00 0.65 0.15  68
  9  ...................   1.22  0.00 0.87/0.59/1.00 1.00 0.76 0.12  68
 10  ...................   1.08  0.00 0.84/0.71/1.00 1.00 0.40 0.05  68
 11  ...................   0.80  0.00 0.79/0.67/1.00 1.00 0.91 0.04  25
 12  ...................   1.03  0.00 0.78/0.47/1.00 1.00 0.81 0.03  25
 13  ...................   0.92  0.01 0.91/0.59/1.00 1.00 0.81 0.03  20
 14  ...................   1.14  0.00 0.97/0.62/1.00 1.00 0.92 0.03  20
 15  ...................   0.33  0.00 0.99/0.78/1.00 1.00 0.47 0.01  17
 16  ...................   0.38  0.00 0.99/0.76/1.00 1.00 0.99 0.01   0
 17  ...................   0.21  0.00 0.99/0.84/1.00 1.00 0.90 0.01   0
 18  ...................   0.24  0.00 1.00/0.77/1.00 1.00 1.00 0.01   0
 19  ...................   0.06  0.00 1.00/0.94/1.00 1.00 0.98 0.01   0
 20  ...................   0.00  0.00 1.00/1.00/1.00 1.00 1.00 0.01   0
 21  ...................   0.00  0.00 1.00/1.00/1.00 1.00 0.98 0.01   0
[mcl] jury pruning marks: <99,99,99>, out of 100
[mcl] jury pruning synopsis: <99.0 or perfect> (cf -scheme, -do log)
[mcl] output is in /local/wiwie/ClustEval/repository/results/04_20_2013-17_25_45_paper_sfld_layered_f2/clusters/MCL_norm_sfld_1.92.results
[mcl] 21 clusters found
[mcl] output is in /local/wiwie/ClustEval/repository/results/04_20_2013-17_25_45_paper_sfld_layered_f2/clusters/MCL_norm_sfld_1.92.results

Please cite:
    Stijn van Dongen, Graph Clustering by Flow Simulation.  PhD thesis,
    University of Utrecht, May 2000.
       (  http://www.library.uu.nl/digiarchief/dip/diss/1895620/full.pdf
       or  http://micans.org/mcl/lit/svdthesis.pdf.gz)
OR
    Stijn van Dongen, A cluster algorithm for graphs. Technical
    Report INS-R0010, National Research Institute for Mathematics
    and Computer Science in the Netherlands, Amsterdam, May 2000.
       (  http://www.cwi.nl/ftp/CWIreports/INS/INS-R0010.ps.Z
       or  http://micans.org/mcl/lit/INS-R0010.ps.Z)

