.[mcl] new tab created
[mcl] pid 49772
 ite -------------------  chaos  time hom(avg,lo,hi) expa expb expc fmv
  1  ...................  19.15  0.01 0.92/0.31/1.25 1.98 1.17 1.17  99
  2  ...................  19.68  0.01 0.90/0.37/1.38 1.80 0.68 0.79  99
  3  ...................   6.63  0.00 0.87/0.26/1.95 1.51 0.76 0.60  99
  4  ...................  11.68  0.00 0.81/0.28/1.35 1.04 0.97 0.58  96
  5  ...................   9.44  0.01 0.80/0.11/1.21 1.01 0.90 0.52  96
  6  ...................   9.87  0.00 0.81/0.51/1.00 1.02 0.91 0.47  94
  7  ...................   1.07  0.00 0.83/0.65/1.00 1.01 0.89 0.42  92
  8  ...................   1.51  0.00 0.83/0.65/1.00 1.01 0.84 0.35  84
  9  ...................   1.89  0.01 0.77/0.54/1.00 1.00 0.74 0.26  78
 10  ...................   1.82  0.00 0.71/0.45/1.00 1.00 0.65 0.17  71
 11  ...................   1.66  0.00 0.79/0.65/1.00 1.00 0.86 0.15  71
 12  ...................   1.24  0.00 0.87/0.59/1.00 1.00 0.80 0.12  71
 13  ...................   1.03  0.00 0.85/0.69/1.00 1.00 0.49 0.06  71
 14  ...................   0.96  0.00 0.82/0.69/1.00 1.00 0.79 0.05  71
 15  ...................   0.59  0.01 0.78/0.69/1.00 1.00 0.89 0.04  28
 16  ...................   1.01  0.00 0.78/0.48/1.00 1.00 0.86 0.03  21
 17  ...................   1.17  0.00 0.86/0.53/1.00 1.00 0.95 0.03  21
 18  ...................   1.01  0.00 0.95/0.59/1.00 1.00 0.83 0.03  21
 19  ...................   1.14  0.00 0.97/0.63/1.00 1.00 0.77 0.02  17
 20  ...................   0.86  0.00 0.99/0.75/1.00 1.00 0.65 0.01  17
 21  ...................   0.36  0.00 0.99/0.79/1.00 1.00 0.90 0.01   3
 22  ...................   0.37  0.00 0.99/0.76/1.00 1.00 0.93 0.01   0
 23  ...................   0.22  0.00 0.99/0.82/1.00 1.00 0.95 0.01   0
 24  ...................   0.25  0.00 1.00/0.76/1.00 1.00 1.00 0.01   0
 25  ...................   0.14  0.00 1.00/0.86/1.00 1.00 1.00 0.01   0
 26  ...................   0.02  0.00 1.00/0.98/1.00 1.00 0.98 0.01   0
 27  ...................   0.00  0.00 1.00/1.00/1.00 1.00 1.00 0.01   0
 28  ...................   0.00  0.00 1.00/1.00/1.00 1.00 0.98 0.01   0
[mcl] jury pruning marks: <99,99,99>, out of 100
[mcl] jury pruning synopsis: <99.0 or perfect> (cf -scheme, -do log)
[mcl] output is in /local/wiwie/ClustEval/repository/results/04_20_2013-17_25_45_paper_sfld_layered_f2/clusters/MCL_norm_sfld_1.158.results
[mcl] 17 clusters found
[mcl] output is in /local/wiwie/ClustEval/repository/results/04_20_2013-17_25_45_paper_sfld_layered_f2/clusters/MCL_norm_sfld_1.158.results

Please cite:
    Stijn van Dongen, Graph Clustering by Flow Simulation.  PhD thesis,
    University of Utrecht, May 2000.
       (  http://www.library.uu.nl/digiarchief/dip/diss/1895620/full.pdf
       or  http://micans.org/mcl/lit/svdthesis.pdf.gz)
OR
    Stijn van Dongen, A cluster algorithm for graphs. Technical
    Report INS-R0010, National Research Institute for Mathematics
    and Computer Science in the Netherlands, Amsterdam, May 2000.
       (  http://www.cwi.nl/ftp/CWIreports/INS/INS-R0010.ps.Z
       or  http://micans.org/mcl/lit/INS-R0010.ps.Z)

