.[mcl] new tab created
[mcl] pid 27233
 ite -------------------  chaos  time hom(avg,lo,hi) expa expb expc fmv
  1  ...................  19.15  0.01 0.92/0.31/1.25 1.98 1.17 1.17  99
  2  ...................  21.17  0.01 0.91/0.45/1.44 1.80 0.75 0.87  99
  3  ...................  13.78  0.01 0.89/0.44/1.39 1.54 0.82 0.71  99
  4  ...................   3.43  0.01 0.84/0.34/1.29 1.40 0.84 0.60  99
  5  ...................   3.01  0.01 0.80/0.46/1.00 1.01 0.98 0.59  96
  6  ...................   5.12  0.00 0.78/0.17/1.00 1.01 0.93 0.55  96
  7  ...................   9.69  0.00 0.79/0.13/1.00 1.02 0.95 0.52  95
  8  ...................  11.20  0.01 0.81/0.43/1.00 1.01 0.90 0.47  95
  9  ...................   3.38  0.00 0.83/0.65/1.00 1.01 0.92 0.43  94
 10  ...................   1.36  0.01 0.83/0.65/1.00 1.01 0.87 0.38  94
 11  ...................   1.88  0.00 0.81/0.62/1.00 1.00 0.94 0.35  85
 12  ...................   1.94  0.01 0.75/0.51/1.00 1.00 0.71 0.25  80
 13  ...................   1.76  0.00 0.71/0.45/1.00 1.00 0.68 0.17  80
 14  ...................   1.77  0.00 0.74/0.55/1.00 1.00 0.89 0.15  71
 15  ...................   1.58  0.00 0.83/0.61/1.00 1.00 0.97 0.15  71
 16  ...................   1.29  0.00 0.87/0.60/1.00 1.00 0.81 0.12  71
 17  ...................   0.97  0.01 0.85/0.69/1.00 1.00 0.57 0.07  71
 18  ...................   0.86  0.00 0.83/0.73/1.00 1.00 0.69 0.05  71
 19  ...................   0.80  0.00 0.80/0.68/1.00 1.00 0.96 0.05  28
 20  ...................   0.63  0.00 0.78/0.69/1.00 1.00 0.89 0.04  28
 21  ...................   0.94  0.00 0.78/0.50/1.00 1.00 1.00 0.04  22
 22  ...................   1.20  0.00 0.82/0.46/1.00 1.00 0.86 0.03  22
 23  ...................   1.00  0.00 0.89/0.60/1.00 1.00 0.82 0.03  22
 24  ...................   1.03  0.00 0.95/0.59/1.00 1.00 0.98 0.03  17
 25  ...................   1.14  0.00 0.97/0.62/1.00 1.00 0.97 0.03  17
 26  ...................   1.06  0.00 0.98/0.68/1.00 1.00 0.59 0.02  17
 27  ...................   0.32  0.00 0.99/0.80/1.00 1.00 0.80 0.01   3
 28  ...................   0.36  0.00 0.99/0.78/1.00 1.00 1.00 0.01   0
 29  ...................   0.38  0.00 0.99/0.76/1.00 1.00 0.92 0.01   0
 30  ...................   0.20  0.00 0.99/0.80/1.00 1.00 0.98 0.01   0
 31  ...................   0.24  0.00 0.99/0.79/1.00 1.00 0.97 0.01   0
 32  ...................   0.24  0.00 1.00/0.76/1.00 1.00 1.00 0.01   0
 33  ...................   0.17  0.00 1.00/0.83/1.00 1.00 1.00 0.01   0
 34  ...................   0.07  0.00 1.00/0.93/1.00 1.00 0.98 0.01   0
 35  ...................   0.01  0.00 1.00/0.99/1.00 1.00 1.00 0.01   0
 36  ...................   0.00  0.00 1.00/1.00/1.00 1.00 1.00 0.01   0
 37  ...................   0.00  0.00 1.00/1.00/1.00 1.00 0.98 0.01   0
[mcl] jury pruning marks: <99,99,99>, out of 100
[mcl] jury pruning synopsis: <99.0 or perfect> (cf -scheme, -do log)
[mcl] output is in /local/wiwie/ClustEval/repository/results/04_20_2013-17_25_45_paper_sfld_layered_f2/clusters/MCL_norm_sfld_1.107.results
[mcl] 15 clusters found
[mcl] output is in /local/wiwie/ClustEval/repository/results/04_20_2013-17_25_45_paper_sfld_layered_f2/clusters/MCL_norm_sfld_1.107.results

Please cite:
    Stijn van Dongen, Graph Clustering by Flow Simulation.  PhD thesis,
    University of Utrecht, May 2000.
       (  http://www.library.uu.nl/digiarchief/dip/diss/1895620/full.pdf
       or  http://micans.org/mcl/lit/svdthesis.pdf.gz)
OR
    Stijn van Dongen, A cluster algorithm for graphs. Technical
    Report INS-R0010, National Research Institute for Mathematics
    and Computer Science in the Netherlands, Amsterdam, May 2000.
       (  http://www.cwi.nl/ftp/CWIreports/INS/INS-R0010.ps.Z
       or  http://micans.org/mcl/lit/INS-R0010.ps.Z)

