.[mcl] new tab created
[mcl] pid 51784
 ite -------------------  chaos  time hom(avg,lo,hi) expa expb expc fmv
  1  ...................  19.15  0.01 0.92/0.31/1.25 1.98 1.17 1.17  99
  2  ...................  20.10  0.02 0.90/0.42/1.40 1.80 0.70 0.82  99
  3  ...................   5.19  0.01 0.88/0.29/1.75 1.51 0.76 0.62  99
  4  ...................  10.16  0.01 0.82/0.26/1.19 1.25 0.95 0.59  96
  5  ...................  12.39  0.00 0.79/0.12/1.00 1.01 0.92 0.54  96
  6  ...................  12.15  0.01 0.81/0.24/1.00 1.01 0.90 0.49  95
  7  ...................   4.54  0.00 0.83/0.66/1.00 1.01 0.92 0.45  94
  8  ...................   1.22  0.01 0.83/0.53/1.00 1.01 0.85 0.38  93
  9  ...................   1.81  0.00 0.81/0.49/1.00 1.00 0.93 0.35  81
 10  ...................   1.91  0.01 0.74/0.50/1.00 1.00 0.66 0.23  78
 11  ...................   1.85  0.00 0.71/0.47/1.00 1.00 0.70 0.17  71
 12  ...................   1.64  0.00 0.80/0.65/1.00 1.00 0.89 0.15  71
 13  ...................   1.25  0.00 0.87/0.59/1.00 1.00 0.80 0.12  71
 14  ...................   1.01  0.00 0.86/0.69/1.00 1.00 0.53 0.06  71
 15  ...................   0.93  0.00 0.82/0.70/1.00 1.00 0.74 0.05  71
 16  ...................   0.56  0.01 0.79/0.68/1.00 1.00 0.88 0.04  28
 17  ...................   0.87  0.00 0.77/0.53/1.00 1.00 0.97 0.04  21
 18  ...................   1.20  0.00 0.82/0.46/1.00 1.00 0.87 0.03  21
 19  ...................   0.88  0.00 0.91/0.59/1.00 1.00 0.82 0.03  21
 20  ...................   1.10  0.00 0.97/0.60/1.00 1.00 0.95 0.03  17
 21  ...................   1.10  0.00 0.98/0.66/1.00 1.00 0.58 0.02  17
 22  ...................   0.32  0.00 0.99/0.80/1.00 1.00 0.79 0.01   3
 23  ...................   0.37  0.00 0.99/0.78/1.00 1.00 1.00 0.01   0
 24  ...................   0.36  0.00 0.99/0.77/1.00 1.00 0.93 0.01   0
 25  ...................   0.22  0.00 0.99/0.81/1.00 1.00 0.95 0.01   0
 26  ...................   0.25  0.00 1.00/0.76/1.00 1.00 1.00 0.01   0
 27  ...................   0.16  0.00 1.00/0.84/1.00 1.00 1.00 0.01   0
 28  ...................   0.04  0.00 1.00/0.96/1.00 1.00 0.98 0.01   0
 29  ...................   0.00  0.00 1.00/1.00/1.00 1.00 1.00 0.01   0
 30  ...................   0.00  0.00 1.00/1.00/1.00 1.00 0.98 0.01   0
[mcl] jury pruning marks: <99,99,99>, out of 100
[mcl] jury pruning synopsis: <99.0 or perfect> (cf -scheme, -do log)
[mcl] output is in /local/wiwie/ClustEval/repository/results/04_20_2013-17_25_45_paper_sfld_layered_f2/clusters/MCL_norm_sfld_1.187.results
[mcl] 17 clusters found
[mcl] output is in /local/wiwie/ClustEval/repository/results/04_20_2013-17_25_45_paper_sfld_layered_f2/clusters/MCL_norm_sfld_1.187.results

Please cite:
    Stijn van Dongen, Graph Clustering by Flow Simulation.  PhD thesis,
    University of Utrecht, May 2000.
       (  http://www.library.uu.nl/digiarchief/dip/diss/1895620/full.pdf
       or  http://micans.org/mcl/lit/svdthesis.pdf.gz)
OR
    Stijn van Dongen, A cluster algorithm for graphs. Technical
    Report INS-R0010, National Research Institute for Mathematics
    and Computer Science in the Netherlands, Amsterdam, May 2000.
       (  http://www.cwi.nl/ftp/CWIreports/INS/INS-R0010.ps.Z
       or  http://micans.org/mcl/lit/INS-R0010.ps.Z)

