.[mcl] new tab created
[mcl] pid 26889
 ite -------------------  chaos  time hom(avg,lo,hi) expa expb expc fmv
  1  ...................  19.15  0.01 0.92/0.31/1.25 1.98 1.17 1.17  99
  2  ...................  16.09  0.01 0.89/0.30/1.36 1.80 0.63 0.74  99
  3  ...................   9.40  0.01 0.85/0.28/2.46 1.48 0.81 0.60  99
  4  ...................  10.39  0.00 0.80/0.12/1.18 1.01 0.90 0.53  96
  5  ...................  12.25  0.00 0.81/0.35/1.00 1.02 0.90 0.48  94
  6  ...................   1.19  0.01 0.83/0.65/1.00 1.01 0.89 0.43  90
  7  ...................   1.52  0.00 0.83/0.65/1.00 1.01 0.82 0.35  85
  8  ...................   1.89  0.01 0.75/0.51/1.00 1.00 0.68 0.24  75
  9  ...................   1.86  0.00 0.72/0.50/1.00 1.00 0.67 0.16  68
 10  ...................   1.43  0.00 0.85/0.60/1.00 1.00 0.85 0.14  68
 11  ...................   1.03  0.00 0.87/0.64/1.00 1.00 0.48 0.07  68
 12  ...................   0.98  0.00 0.82/0.70/1.00 1.00 0.69 0.05  68
 13  ...................   0.63  0.00 0.78/0.64/1.00 1.00 0.89 0.04  25
 14  ...................   1.10  0.01 0.79/0.45/1.00 1.00 0.87 0.03  20
 15  ...................   0.94  0.00 0.90/0.59/1.00 1.00 0.82 0.03  20
 16  ...................   1.12  0.00 0.97/0.61/1.00 1.00 0.92 0.03  20
 17  ...................   0.99  0.00 0.98/0.70/1.00 1.00 0.59 0.02  17
 18  ...................   0.35  0.00 0.99/0.79/1.00 1.00 0.81 0.01   3
 19  ...................   0.36  0.00 0.99/0.76/1.00 1.00 0.94 0.01   0
 20  ...................   0.24  0.00 0.99/0.79/1.00 1.00 0.95 0.01   0
 21  ...................   0.22  0.00 1.00/0.78/1.00 1.00 1.00 0.01   0
 22  ...................   0.06  0.00 1.00/0.94/1.00 1.00 0.98 0.01   0
 23  ...................   0.00  0.00 1.00/1.00/1.00 1.00 1.00 0.01   0
 24  ...................   0.00  0.00 1.00/1.00/1.00 1.00 0.98 0.01   0
[mcl] jury pruning marks: <99,99,99>, out of 100
[mcl] jury pruning synopsis: <99.0 or perfect> (cf -scheme, -do log)
[mcl] output is in /local/wiwie/ClustEval/repository/results/04_20_2013-17_25_45_paper_sfld_layered_f2/clusters/MCL_norm_sfld_1.86.results
[mcl] 19 clusters found
[mcl] output is in /local/wiwie/ClustEval/repository/results/04_20_2013-17_25_45_paper_sfld_layered_f2/clusters/MCL_norm_sfld_1.86.results

Please cite:
    Stijn van Dongen, Graph Clustering by Flow Simulation.  PhD thesis,
    University of Utrecht, May 2000.
       (  http://www.library.uu.nl/digiarchief/dip/diss/1895620/full.pdf
       or  http://micans.org/mcl/lit/svdthesis.pdf.gz)
OR
    Stijn van Dongen, A cluster algorithm for graphs. Technical
    Report INS-R0010, National Research Institute for Mathematics
    and Computer Science in the Netherlands, Amsterdam, May 2000.
       (  http://www.cwi.nl/ftp/CWIreports/INS/INS-R0010.ps.Z
       or  http://micans.org/mcl/lit/INS-R0010.ps.Z)

