.[mcl] new tab created
[mcl] pid 50846
 ite -------------------  chaos  time hom(avg,lo,hi) expa expb expc fmv
  1  ...................  19.15  0.02 0.92/0.31/1.25 1.98 1.17 1.17  99
  2  ...................  21.16  0.01 0.91/0.46/1.44 1.80 0.76 0.89  99
  3  ...................  15.16  0.01 0.89/0.47/1.34 1.52 0.84 0.74  99
  4  ...................   2.90  0.00 0.85/0.32/1.23 1.42 0.81 0.60  99
  5  ...................   3.59  0.00 0.80/0.39/1.00 1.10 0.98 0.59  96
  6  ...................   4.12  0.01 0.79/0.25/1.00 1.01 0.93 0.55  96
  7  ...................   7.64  0.00 0.79/0.12/1.00 1.02 0.96 0.53  96
  8  ...................  11.89  0.00 0.81/0.23/1.00 1.02 0.92 0.48  95
  9  ...................   7.17  0.01 0.82/0.66/1.00 1.01 0.92 0.44  95
 10  ...................   1.51  0.00 0.83/0.65/1.00 1.01 0.90 0.40  95
 11  ...................   1.57  0.01 0.83/0.65/1.00 1.01 0.89 0.36  90
 12  ...................   1.90  0.00 0.78/0.47/1.00 1.00 0.83 0.30  86
 13  ...................   1.91  0.00 0.73/0.38/1.00 1.00 0.72 0.21  82
 14  ...................   1.86  0.00 0.71/0.47/1.00 1.00 0.78 0.17  73
 15  ...................   1.68  0.00 0.77/0.62/1.00 1.00 0.89 0.15  73
 16  ...................   1.32  0.00 0.85/0.59/1.00 1.00 0.87 0.13  72
 17  ...................   0.96  0.00 0.87/0.62/1.00 1.00 0.70 0.09  72
 18  ...................   0.96  0.00 0.85/0.72/1.00 1.00 0.59 0.05  71
 19  ...................   0.85  0.00 0.83/0.72/1.00 1.00 0.87 0.05  71
 20  ...................   0.80  0.00 0.80/0.69/1.00 1.00 0.96 0.05  28
 21  ...................   0.64  0.01 0.78/0.68/1.00 1.00 0.89 0.04  28
 22  ...................   0.95  0.00 0.78/0.50/1.00 1.00 1.00 0.04  22
 23  ...................   1.20  0.00 0.81/0.46/1.00 1.00 0.87 0.03  22
 24  ...................   1.04  0.00 0.89/0.60/1.00 1.00 0.82 0.03  22
 25  ...................   1.01  0.00 0.94/0.59/1.00 1.00 0.98 0.03  17
 26  ...................   1.13  0.00 0.97/0.61/1.00 1.00 0.97 0.03  17
 27  ...................   1.10  0.00 0.98/0.66/1.00 1.00 0.59 0.02  17
 28  ...................   0.46  0.00 0.99/0.76/1.00 1.00 0.82 0.01   3
 29  ...................   0.35  0.00 0.99/0.80/1.00 1.00 0.97 0.01   0
 30  ...................   0.38  0.00 0.99/0.76/1.00 1.00 0.95 0.01   0
 31  ...................   0.35  0.00 0.99/0.77/1.00 1.00 0.97 0.01   0
 32  ...................   0.22  0.00 0.99/0.81/1.00 1.00 0.95 0.01   0
 33  ...................   0.25  0.00 0.99/0.76/1.00 1.00 1.00 0.01   0
 34  ...................   0.21  0.00 1.00/0.79/1.00 1.00 1.00 0.01   0
 35  ...................   0.11  0.00 1.00/0.89/1.00 1.00 1.00 0.01   0
 36  ...................   0.03  0.00 1.00/0.97/1.00 1.00 0.98 0.01   0
 37  ...................   0.00  0.00 1.00/1.00/1.00 1.00 1.00 0.01   0
 38  ...................   0.00  0.00 1.00/1.00/1.00 1.00 0.98 0.01   0
[mcl] jury pruning marks: <99,99,99>, out of 100
[mcl] jury pruning synopsis: <99.0 or perfect> (cf -scheme, -do log)
[mcl] output is in /local/wiwie/ClustEval/repository/results/04_20_2013-17_25_45_paper_sfld_layered_f2/clusters/MCL_norm_sfld_1.38.results
[mcl] 15 clusters found
[mcl] output is in /local/wiwie/ClustEval/repository/results/04_20_2013-17_25_45_paper_sfld_layered_f2/clusters/MCL_norm_sfld_1.38.results

Please cite:
    Stijn van Dongen, Graph Clustering by Flow Simulation.  PhD thesis,
    University of Utrecht, May 2000.
       (  http://www.library.uu.nl/digiarchief/dip/diss/1895620/full.pdf
       or  http://micans.org/mcl/lit/svdthesis.pdf.gz)
OR
    Stijn van Dongen, A cluster algorithm for graphs. Technical
    Report INS-R0010, National Research Institute for Mathematics
    and Computer Science in the Netherlands, Amsterdam, May 2000.
       (  http://www.cwi.nl/ftp/CWIreports/INS/INS-R0010.ps.Z
       or  http://micans.org/mcl/lit/INS-R0010.ps.Z)

