.[mcl] new tab created
[mcl] pid 27506
 ite -------------------  chaos  time hom(avg,lo,hi) expa expb expc fmv
  1  ...................  19.15  0.02 0.92/0.31/1.25 1.98 1.17 1.17  99
  2  ...................  20.62  0.01 0.90/0.45/1.42 1.80 0.72 0.84  99
  3  ...................   5.38  0.01 0.88/0.36/1.56 1.57 0.79 0.66  99
  4  ...................   7.21  0.01 0.83/0.30/1.02 1.33 0.90 0.60  97
  5  ...................   9.71  0.01 0.80/0.22/1.00 1.01 0.92 0.55  96
  6  ...................   9.29  0.00 0.80/0.11/1.00 1.02 0.96 0.53  96
  7  ...................  11.37  0.01 0.81/0.38/1.00 1.01 0.91 0.48  95
  8  ...................   2.89  0.00 0.82/0.52/1.00 1.00 0.91 0.44  94
  9  ...................   1.34  0.00 0.84/0.65/1.06 1.00 0.86 0.38  88
 10  ...................   1.89  0.01 0.81/0.55/1.00 1.00 0.92 0.34  83
 11  ...................   1.92  0.00 0.74/0.48/1.00 1.00 0.67 0.23  80
 12  ...................   1.84  0.00 0.71/0.46/1.00 1.00 0.72 0.17  73
 13  ...................   1.67  0.00 0.78/0.42/1.00 1.00 0.89 0.15  73
 14  ...................   1.38  0.01 0.86/0.59/1.00 1.00 0.81 0.12  73
 15  ...................   0.99  0.00 0.86/0.65/1.00 1.00 0.68 0.08  72
 16  ...................   0.88  0.00 0.84/0.71/1.00 1.00 0.58 0.05  72
 17  ...................   0.83  0.00 0.81/0.59/1.00 1.00 0.95 0.04  28
 18  ...................   0.68  0.00 0.78/0.62/1.00 1.00 0.90 0.04  28
 19  ...................   0.99  0.00 0.78/0.48/1.00 1.00 0.87 0.04  22
 20  ...................   1.21  0.00 0.84/0.48/1.00 1.00 0.97 0.03  22
 21  ...................   0.91  0.00 0.92/0.59/1.00 1.00 0.81 0.03  22
 22  ...................   1.10  0.00 0.96/0.60/1.00 1.00 0.97 0.03  17
 23  ...................   1.12  0.00 0.98/0.65/1.00 1.00 0.60 0.02  17
 24  ...................   0.46  0.00 0.99/0.77/1.00 1.00 0.80 0.01   3
 25  ...................   0.36  0.00 0.99/0.79/1.00 1.00 0.97 0.01   0
 26  ...................   0.38  0.00 0.99/0.76/1.00 1.00 0.93 0.01   0
 27  ...................   0.19  0.00 0.99/0.81/1.00 1.00 0.98 0.01   0
 28  ...................   0.24  0.00 0.99/0.78/1.00 1.00 0.97 0.01   0
 29  ...................   0.23  0.00 1.00/0.77/1.00 1.00 1.00 0.01   0
 30  ...................   0.13  0.00 1.00/0.87/1.00 1.00 1.00 0.01   0
 31  ...................   0.03  0.00 1.00/0.97/1.00 1.00 0.98 0.01   0
 32  ...................   0.00  0.00 1.00/1.00/1.00 1.00 1.00 0.01   0
 33  ...................   0.00  0.00 1.00/1.00/1.00 1.00 0.98 0.01   0
[mcl] jury pruning marks: <99,99,99>, out of 100
[mcl] jury pruning synopsis: <99.0 or perfect> (cf -scheme, -do log)
[mcl] output is in /local/wiwie/ClustEval/repository/results/04_20_2013-17_25_45_paper_sfld_layered_f2/clusters/MCL_norm_sfld_1.111.results
[mcl] 15 clusters found
[mcl] output is in /local/wiwie/ClustEval/repository/results/04_20_2013-17_25_45_paper_sfld_layered_f2/clusters/MCL_norm_sfld_1.111.results

Please cite:
    Stijn van Dongen, Graph Clustering by Flow Simulation.  PhD thesis,
    University of Utrecht, May 2000.
       (  http://www.library.uu.nl/digiarchief/dip/diss/1895620/full.pdf
       or  http://micans.org/mcl/lit/svdthesis.pdf.gz)
OR
    Stijn van Dongen, A cluster algorithm for graphs. Technical
    Report INS-R0010, National Research Institute for Mathematics
    and Computer Science in the Netherlands, Amsterdam, May 2000.
       (  http://www.cwi.nl/ftp/CWIreports/INS/INS-R0010.ps.Z
       or  http://micans.org/mcl/lit/INS-R0010.ps.Z)

