.[mcl] new tab created
[mcl] pid 28686
 ite -------------------  chaos  time hom(avg,lo,hi) expa expb expc fmv
  1  ...................  19.15  0.01 0.92/0.31/1.25 1.98 1.17 1.17  99
  2  ...................  21.10  0.01 0.91/0.46/1.45 1.80 0.77 0.90  99
  3  ...................  15.70  0.01 0.89/0.49/1.31 1.50 0.84 0.75  99
  4  ...................   4.54  0.01 0.85/0.31/1.11 1.41 0.81 0.61  99
  5  ...................   3.83  0.01 0.81/0.36/1.00 1.23 0.97 0.59  96
  6  ...................   3.55  0.01 0.79/0.32/1.00 1.00 0.93 0.55  96
  7  ...................   6.47  0.00 0.79/0.13/1.00 1.01 0.96 0.53  96
  8  ...................  10.54  0.00 0.80/0.17/1.00 1.02 0.91 0.48  95
  9  ...................   9.64  0.00 0.82/0.54/1.00 1.00 0.94 0.45  95
 10  ...................   2.79  0.00 0.83/0.65/1.00 1.00 0.92 0.42  95
 11  ...................   1.43  0.00 0.84/0.65/1.00 1.00 0.85 0.36  91
 12  ...................   1.86  0.00 0.82/0.60/1.01 1.00 0.91 0.32  86
 13  ...................   1.93  0.00 0.74/0.49/1.00 1.00 0.73 0.24  86
 14  ...................   1.80  0.01 0.72/0.45/1.00 1.00 0.73 0.17  78
 15  ...................   1.77  0.00 0.76/0.56/1.00 1.00 0.88 0.15  76
 16  ...................   1.59  0.00 0.83/0.61/1.00 1.00 0.97 0.15  72
 17  ...................   1.26  0.00 0.86/0.60/1.00 1.00 0.81 0.12  72
 18  ...................   0.96  0.00 0.85/0.68/1.00 1.00 0.57 0.07  72
 19  ...................   0.84  0.00 0.82/0.75/1.00 1.00 0.72 0.05  72
 20  ...................   0.87  0.00 0.80/0.70/1.00 1.00 0.97 0.05  29
 21  ...................   0.58  0.00 0.77/0.70/1.00 1.00 0.90 0.04  29
 22  ...................   0.78  0.00 0.76/0.59/1.00 1.00 0.97 0.04  23
 23  ...................   1.08  0.00 0.78/0.46/1.00 1.00 0.87 0.04  23
 24  ...................   1.20  0.00 0.84/0.50/1.00 1.00 0.95 0.03  23
 25  ...................   0.89  0.00 0.91/0.59/1.00 1.00 0.83 0.03  23
 26  ...................   1.07  0.00 0.96/0.59/1.00 1.00 0.94 0.03  17
 27  ...................   1.14  0.00 0.98/0.63/1.00 1.00 0.97 0.03  17
 28  ...................   1.03  0.00 0.98/0.69/1.00 1.00 0.58 0.02  17
 29  ...................   0.32  0.00 0.99/0.80/1.00 1.00 0.83 0.01   3
 30  ...................   0.36  0.00 0.99/0.79/1.00 1.00 1.00 0.01   0
 31  ...................   0.38  0.00 0.99/0.76/1.00 1.00 0.92 0.01   0
 32  ...................   0.32  0.00 0.99/0.79/1.00 1.00 1.00 0.01   0
 33  ...................   0.22  0.00 0.99/0.82/1.00 1.00 0.95 0.01   0
 34  ...................   0.25  0.00 1.00/0.76/1.00 1.00 1.00 0.01   0
 35  ...................   0.22  0.00 1.00/0.78/1.00 1.00 1.00 0.01   0
 36  ...................   0.13  0.00 1.00/0.87/1.00 1.00 0.98 0.01   0
 37  ...................   0.04  0.00 1.00/0.96/1.00 1.00 1.00 0.01   0
 38  ...................   0.01  0.00 1.00/0.99/1.00 1.00 1.00 0.01   0
 39  ...................   0.00  0.00 1.00/1.00/1.00 1.00 1.00 0.01   0
 40  ...................   0.00  0.00 1.00/1.00/1.00 1.00 0.98 0.01   0
[mcl] jury pruning marks: <99,99,99>, out of 100
[mcl] jury pruning synopsis: <99.0 or perfect> (cf -scheme, -do log)
[mcl] output is in /local/wiwie/ClustEval/repository/results/04_20_2013-17_25_45_paper_sfld_layered_f2/clusters/MCL_norm_sfld_1.129.results
[mcl] 14 clusters found
[mcl] output is in /local/wiwie/ClustEval/repository/results/04_20_2013-17_25_45_paper_sfld_layered_f2/clusters/MCL_norm_sfld_1.129.results

Please cite:
    Stijn van Dongen, Graph Clustering by Flow Simulation.  PhD thesis,
    University of Utrecht, May 2000.
       (  http://www.library.uu.nl/digiarchief/dip/diss/1895620/full.pdf
       or  http://micans.org/mcl/lit/svdthesis.pdf.gz)
OR
    Stijn van Dongen, A cluster algorithm for graphs. Technical
    Report INS-R0010, National Research Institute for Mathematics
    and Computer Science in the Netherlands, Amsterdam, May 2000.
       (  http://www.cwi.nl/ftp/CWIreports/INS/INS-R0010.ps.Z
       or  http://micans.org/mcl/lit/INS-R0010.ps.Z)

