.[mcl] new tab created
[mcl] pid 53884
 ite -------------------  chaos  time hom(avg,lo,hi) expa expb expc fmv
  1  ...................  19.15  0.01 0.92/0.31/1.25 1.98 1.17 1.17  99
  2  ...................  19.82  0.01 0.91/0.34/1.48 1.80 0.95 1.10  99
  3  ...................  20.50  0.01 0.89/0.41/1.06 1.59 0.91 1.00  99
  4  ...................  19.85  0.01 0.86/0.42/1.16 1.36 0.92 0.92  99
  5  ...................  17.25  0.01 0.84/0.33/1.00 1.33 0.94 0.87  99
  6  ...................  11.46  0.01 0.83/0.28/1.00 1.23 0.93 0.81  99
  7  ...................   6.01  0.01 0.82/0.27/1.00 1.17 0.97 0.78  99
  8  ...................   4.99  0.01 0.81/0.32/1.00 1.05 0.96 0.75  97
  9  ...................   4.69  0.01 0.80/0.43/1.00 1.05 0.85 0.64  97
 10  ...................   3.09  0.01 0.79/0.43/1.00 1.16 0.87 0.56  97
 11  ...................   2.03  0.01 0.79/0.42/1.00 1.00 0.99 0.55  96
 12  ...................   1.45  0.01 0.79/0.46/1.00 1.00 0.96 0.53  96
 13  ...................   1.31  0.01 0.79/0.53/1.00 1.00 0.98 0.52  96
 14  ...................   1.24  0.00 0.80/0.59/1.00 1.00 0.92 0.48  96
 15  ...................   0.91  0.00 0.81/0.67/1.00 1.00 0.99 0.47  96
 16  ...................   0.95  0.01 0.82/0.66/1.00 1.00 0.95 0.45  96
 17  ...................   1.11  0.00 0.82/0.65/1.00 1.00 0.97 0.44  96
 18  ...................   1.17  0.01 0.83/0.65/1.00 1.00 0.93 0.41  96
 19  ...................   1.35  0.00 0.84/0.65/1.00 1.00 0.93 0.38  92
 20  ...................   1.54  0.00 0.83/0.64/1.00 1.00 0.95 0.36  92
 21  ...................   1.87  0.00 0.82/0.62/1.00 1.00 1.00 0.36  89
 22  ...................   1.93  0.00 0.80/0.57/1.00 1.00 0.85 0.31  89
 23  ...................   1.92  0.01 0.77/0.51/1.00 1.00 0.83 0.25  89
 24  ...................   1.94  0.00 0.74/0.47/1.00 1.00 0.85 0.21  89
 25  ...................   1.75  0.00 0.72/0.45/1.00 1.00 0.80 0.17  74
 26  ...................   1.90  0.00 0.72/0.48/1.00 1.00 0.97 0.17  74
 27  ...................   1.85  0.00 0.74/0.55/1.00 1.00 0.94 0.16  74
 28  ...................   1.68  0.00 0.78/0.63/1.00 1.00 0.94 0.15  74
 29  ...................   1.61  0.00 0.82/0.59/1.00 1.00 1.00 0.15  74
 30  ...................   1.28  0.00 0.84/0.59/1.00 1.00 0.84 0.13  74
 31  ...................   1.30  0.00 0.85/0.62/1.00 1.00 0.96 0.12  74
 32  ...................   0.99  0.00 0.85/0.67/1.00 1.00 0.77 0.09  74
 33  ...................   0.85  0.00 0.84/0.73/1.00 1.00 0.75 0.07  74
 34  ...................   0.72  0.00 0.83/0.76/1.00 1.00 0.72 0.05  74
 35  ...................   0.70  0.00 0.82/0.75/1.00 1.00 1.00 0.05  30
 36  ...................   0.62  0.00 0.81/0.73/1.00 1.00 0.95 0.05  30
 37  ...................   0.56  0.00 0.80/0.72/1.00 1.00 0.95 0.05  30
 38  ...................   0.57  0.00 0.79/0.72/1.00 1.00 0.96 0.04  30
 39  ...................   0.61  0.00 0.77/0.71/1.00 1.00 0.97 0.04  24
 40  ...................   0.75  0.00 0.76/0.60/1.00 1.00 1.00 0.04  24
 41  ...................   0.92  0.00 0.75/0.51/1.00 1.00 1.00 0.04  24
 42  ...................   1.08  0.00 0.77/0.46/1.00 1.00 0.82 0.03  24
 43  ...................   1.19  0.00 0.80/0.45/1.00 1.00 0.97 0.03  17
 44  ...................   1.20  0.00 0.84/0.51/1.00 1.00 1.00 0.03  17
 45  ...................   1.04  0.00 0.88/0.59/1.00 1.00 0.86 0.03  17
 46  ...................   0.95  0.00 0.92/0.58/1.00 1.00 1.00 0.03  17
 47  ...................   1.05  0.00 0.95/0.58/1.00 1.00 1.00 0.03  17
 48  ...................   1.12  0.00 0.96/0.60/1.00 1.00 1.00 0.03  17
 49  ...................   1.15  0.00 0.97/0.62/1.00 1.00 0.91 0.03  17
 50  ...................   1.14  0.00 0.98/0.64/1.00 1.00 0.61 0.02  15
 51  ...................   1.05  0.00 0.98/0.68/1.00 1.00 0.96 0.02   3
 52  ...................   0.88  0.00 0.99/0.74/1.00 1.00 1.00 0.02   3
 53  ...................   0.33  0.00 0.99/0.81/1.00 1.00 0.83 0.01   3
 54  ...................   0.35  0.00 0.99/0.79/1.00 1.00 1.00 0.01   0
 55  ...................   0.37  0.00 0.99/0.77/1.00 1.00 0.94 0.01   0
 56  ...................   0.38  0.00 0.99/0.76/1.00 1.00 1.00 0.01   0
 57  ...................   0.37  0.00 0.99/0.76/1.00 1.00 0.97 0.01   0
 58  ...................   0.32  0.00 0.99/0.79/1.00 1.00 1.00 0.01   0
 59  ...................   0.22  0.00 0.99/0.83/1.00 1.00 0.98 0.01   0
 60  ...................   0.24  0.00 0.99/0.79/1.00 1.00 0.97 0.01   0
 61  ...................   0.25  0.00 0.99/0.77/1.00 1.00 1.00 0.01   0
 62  ...................   0.24  0.00 1.00/0.76/1.00 1.00 1.00 0.01   0
 63  ...................   0.22  0.00 1.00/0.78/1.00 1.00 1.00 0.01   0
 64  ...................   0.18  0.00 1.00/0.83/1.00 1.00 1.00 0.01   0
 65  ...................   0.12  0.00 1.00/0.88/1.00 1.00 1.00 0.01   0
 66  ...................   0.07  0.00 1.00/0.93/1.00 1.00 0.98 0.01   0
 67  ...................   0.03  0.00 1.00/0.97/1.00 1.00 1.00 0.01   0
 68  ...................   0.01  0.00 1.00/0.99/1.00 1.00 1.00 0.01   0
 69  ...................   0.00  0.00 1.00/1.00/1.00 1.00 1.00 0.01   0
 70  ...................   0.00  0.00 1.00/1.00/1.00 1.00 1.00 0.01   0
 71  ...................   0.00  0.00 1.00/1.00/1.00 1.00 0.98 0.01   0
[mcl] jury pruning marks: <99,99,99>, out of 100
[mcl] jury pruning synopsis: <99.0 or perfect> (cf -scheme, -do log)
[mcl] output is in /local/wiwie/ClustEval/repository/results/04_20_2013-17_25_45_paper_sfld_layered_f2/clusters/MCL_norm_sfld_1.68.results
[mcl] 12 clusters found
[mcl] output is in /local/wiwie/ClustEval/repository/results/04_20_2013-17_25_45_paper_sfld_layered_f2/clusters/MCL_norm_sfld_1.68.results

Please cite:
    Stijn van Dongen, Graph Clustering by Flow Simulation.  PhD thesis,
    University of Utrecht, May 2000.
       (  http://www.library.uu.nl/digiarchief/dip/diss/1895620/full.pdf
       or  http://micans.org/mcl/lit/svdthesis.pdf.gz)
OR
    Stijn van Dongen, A cluster algorithm for graphs. Technical
    Report INS-R0010, National Research Institute for Mathematics
    and Computer Science in the Netherlands, Amsterdam, May 2000.
       (  http://www.cwi.nl/ftp/CWIreports/INS/INS-R0010.ps.Z
       or  http://micans.org/mcl/lit/INS-R0010.ps.Z)

