.[mcl] new tab created
[mcl] pid 52148
 ite -------------------  chaos  time hom(avg,lo,hi) expa expb expc fmv
  1  ...................  19.15  0.01 0.92/0.31/1.25 1.98 1.17 1.17  99
  2  ...................  20.32  0.01 0.90/0.41/1.39 1.80 0.69 0.81  99
  3  ...................   5.64  0.01 0.87/0.27/1.81 1.51 0.75 0.61  99
  4  ...................  10.56  0.01 0.82/0.26/1.26 1.17 0.97 0.59  96
  5  ...................  11.42  0.01 0.79/0.11/1.00 1.01 0.91 0.54  96
  6  ...................  12.39  0.00 0.81/0.31/1.00 1.02 0.89 0.48  94
  7  ...................   3.02  0.01 0.83/0.51/1.00 1.01 0.91 0.43  94
  8  ...................   1.31  0.00 0.83/0.59/1.00 1.00 0.86 0.37  85
  9  ...................   1.81  0.01 0.80/0.61/1.00 1.00 0.86 0.32  81
 10  ...................   1.86  0.00 0.73/0.47/1.00 1.00 0.65 0.21  78
 11  ...................   1.81  0.01 0.73/0.51/1.00 1.00 0.75 0.16  71
 12  ...................   1.58  0.00 0.83/0.61/1.00 1.00 0.94 0.15  71
 13  ...................   0.98  0.00 0.87/0.61/1.00 1.00 0.61 0.09  71
 14  ...................   1.02  0.00 0.85/0.72/1.00 1.00 0.53 0.05  71
 15  ...................   0.97  0.00 0.81/0.68/1.00 1.00 0.95 0.05  28
 16  ...................   0.65  0.00 0.78/0.66/1.00 1.00 0.90 0.04  28
 17  ...................   1.05  0.00 0.79/0.46/1.00 1.00 0.86 0.03  21
 18  ...................   1.16  0.00 0.86/0.54/1.00 1.00 0.95 0.03  21
 19  ...................   1.01  0.00 0.95/0.59/1.00 1.00 0.83 0.03  21
 20  ...................   1.14  0.01 0.97/0.63/1.00 1.00 0.94 0.03  17
 21  ...................   0.93  0.00 0.98/0.72/1.00 1.00 0.53 0.01  17
 22  ...................   0.35  0.00 0.99/0.80/1.00 1.00 0.90 0.01   3
 23  ...................   0.38  0.00 0.99/0.76/1.00 1.00 0.93 0.01   0
 24  ...................   0.19  0.00 0.99/0.82/1.00 1.00 0.98 0.01   0
 25  ...................   0.25  0.00 1.00/0.77/1.00 1.00 0.97 0.01   0
 26  ...................   0.21  0.00 1.00/0.79/1.00 1.00 1.00 0.01   0
 27  ...................   0.08  0.00 1.00/0.92/1.00 1.00 0.98 0.01   0
 28  ...................   0.01  0.00 1.00/0.99/1.00 1.00 1.00 0.01   0
 29  ...................   0.00  0.00 1.00/1.00/1.00 1.00 0.98 0.01   0
[mcl] jury pruning marks: <99,99,99>, out of 100
[mcl] jury pruning synopsis: <99.0 or perfect> (cf -scheme, -do log)
[mcl] output is in /local/wiwie/ClustEval/repository/results/04_20_2013-17_25_45_paper_sfld_layered_f2/clusters/MCL_norm_sfld_1.192.results
[mcl] 17 clusters found
[mcl] output is in /local/wiwie/ClustEval/repository/results/04_20_2013-17_25_45_paper_sfld_layered_f2/clusters/MCL_norm_sfld_1.192.results

Please cite:
    Stijn van Dongen, Graph Clustering by Flow Simulation.  PhD thesis,
    University of Utrecht, May 2000.
       (  http://www.library.uu.nl/digiarchief/dip/diss/1895620/full.pdf
       or  http://micans.org/mcl/lit/svdthesis.pdf.gz)
OR
    Stijn van Dongen, A cluster algorithm for graphs. Technical
    Report INS-R0010, National Research Institute for Mathematics
    and Computer Science in the Netherlands, Amsterdam, May 2000.
       (  http://www.cwi.nl/ftp/CWIreports/INS/INS-R0010.ps.Z
       or  http://micans.org/mcl/lit/INS-R0010.ps.Z)

