.[mcl] new tab created
[mcl] pid 26843
 ite -------------------  chaos  time hom(avg,lo,hi) expa expb expc fmv
  1  ...................  19.15  0.03 0.92/0.31/1.25 1.98 1.17 1.17  99
  2  ...................  20.80  0.02 0.91/0.47/1.47 1.80 0.83 0.96  99
  3  ...................  20.30  0.01 0.90/0.54/1.40 1.44 0.83 0.80  99
  4  ...................   6.59  0.01 0.86/0.28/1.05 1.44 0.85 0.68  99
  5  ...................   4.30  0.00 0.83/0.27/1.22 1.31 0.88 0.60  97
  6  ...................   3.81  0.00 0.79/0.45/1.00 1.01 0.98 0.59  96
  7  ...................   2.27  0.01 0.78/0.41/1.00 1.00 0.93 0.55  96
  8  ...................   3.78  0.00 0.79/0.26/1.00 1.01 0.96 0.52  96
  9  ...................   6.19  0.00 0.80/0.14/1.00 1.01 0.91 0.48  96
 10  ...................  10.04  0.01 0.82/0.18/1.00 1.00 0.95 0.45  95
 11  ...................  10.40  0.00 0.83/0.45/1.00 1.00 0.95 0.43  95
 12  ...................   4.63  0.00 0.84/0.65/1.00 1.00 0.88 0.38  95
 13  ...................   1.66  0.00 0.84/0.64/1.00 1.00 0.94 0.36  91
 14  ...................   1.90  0.00 0.80/0.57/1.00 1.01 0.84 0.30  88
 15  ...................   1.99  0.01 0.75/0.48/1.00 1.00 0.78 0.23  87
 16  ...................   1.81  0.00 0.73/0.45/1.00 1.00 0.74 0.17  73
 17  ...................   1.84  0.00 0.75/0.54/1.00 1.00 0.92 0.16  73
 18  ...................   1.63  0.00 0.81/0.62/1.00 1.00 0.94 0.15  73
 19  ...................   1.27  0.00 0.85/0.59/1.00 1.00 0.84 0.12  73
 20  ...................   0.95  0.00 0.86/0.63/1.00 1.00 0.74 0.09  73
 21  ...................   0.92  0.01 0.84/0.72/1.00 1.00 0.70 0.06  73
 22  ...................   0.80  0.00 0.81/0.74/1.00 1.00 0.77 0.05  73
 23  ...................   0.73  0.00 0.79/0.71/1.00 1.00 0.95 0.05  30
 24  ...................   0.56  0.00 0.77/0.71/1.00 1.00 0.88 0.04  30
 25  ...................   0.73  0.00 0.76/0.62/1.00 1.00 1.00 0.04  24
 26  ...................   0.99  0.00 0.76/0.48/1.00 1.00 0.89 0.04  24
 27  ...................   1.20  0.00 0.80/0.46/1.00 1.00 0.98 0.04  24
 28  ...................   1.10  0.00 0.87/0.57/1.00 1.00 0.91 0.03  24
 29  ...................   0.95  0.00 0.93/0.58/1.00 1.00 0.86 0.03  17
 30  ...................   1.09  0.00 0.96/0.60/1.00 1.00 0.95 0.03  17
 31  ...................   1.14  0.00 0.98/0.63/1.00 1.00 0.83 0.02  17
 32  ...................   1.05  0.00 0.98/0.68/1.00 1.00 0.68 0.02  17
 33  ...................   0.33  0.00 0.99/0.77/1.00 1.00 0.83 0.01   3
 34  ...................   0.35  0.00 0.99/0.80/1.00 1.00 1.00 0.01   0
 35  ...................   0.38  0.00 0.99/0.77/1.00 1.00 0.94 0.01   0
 36  ...................   0.37  0.00 0.99/0.76/1.00 1.00 0.97 0.01   0
 37  ...................   0.19  0.00 0.99/0.81/1.00 1.00 0.98 0.01   0
 38  ...................   0.23  0.00 0.99/0.80/1.00 1.00 0.97 0.01   0
 39  ...................   0.25  0.00 1.00/0.76/1.00 1.00 1.00 0.01   0
 40  ...................   0.22  0.00 1.00/0.78/1.00 1.00 1.00 0.01   0
 41  ...................   0.14  0.00 1.00/0.86/1.00 1.00 1.00 0.01   0
 42  ...................   0.06  0.00 1.00/0.94/1.00 1.00 0.98 0.01   0
 43  ...................   0.01  0.00 1.00/0.99/1.00 1.00 1.00 0.01   0
 44  ...................   0.00  0.00 1.00/1.00/1.00 1.00 1.00 0.01   0
 45  ...................   0.00  0.00 1.00/1.00/1.00 1.00 0.98 0.01   0
[mcl] jury pruning marks: <99,99,99>, out of 100
[mcl] jury pruning synopsis: <99.0 or perfect> (cf -scheme, -do log)
[mcl] output is in /local/wiwie/ClustEval/repository/results/04_20_2013-17_25_45_paper_sfld_layered_f2/clusters/MCL_norm_sfld_1.101.results
[mcl] 13 clusters found
[mcl] output is in /local/wiwie/ClustEval/repository/results/04_20_2013-17_25_45_paper_sfld_layered_f2/clusters/MCL_norm_sfld_1.101.results

Please cite:
    Stijn van Dongen, Graph Clustering by Flow Simulation.  PhD thesis,
    University of Utrecht, May 2000.
       (  http://www.library.uu.nl/digiarchief/dip/diss/1895620/full.pdf
       or  http://micans.org/mcl/lit/svdthesis.pdf.gz)
OR
    Stijn van Dongen, A cluster algorithm for graphs. Technical
    Report INS-R0010, National Research Institute for Mathematics
    and Computer Science in the Netherlands, Amsterdam, May 2000.
       (  http://www.cwi.nl/ftp/CWIreports/INS/INS-R0010.ps.Z
       or  http://micans.org/mcl/lit/INS-R0010.ps.Z)

