.[mcl] new tab created
[mcl] pid 52452
 ite -------------------  chaos  time hom(avg,lo,hi) expa expb expc fmv
  1  ...................  19.15  0.01 0.92/0.31/1.25 1.98 1.17 1.17  99
  2  ...................  20.60  0.02 0.90/0.45/1.42 1.80 0.72 0.84  99
  3  ...................   5.39  0.01 0.88/0.35/1.56 1.57 0.79 0.66  99
  4  ...................   7.28  0.00 0.82/0.30/1.02 1.33 0.90 0.60  97
  5  ...................   9.82  0.01 0.80/0.22/1.00 1.01 0.92 0.55  96
  6  ...................   9.37  0.01 0.80/0.12/1.00 1.02 0.96 0.53  95
  7  ...................  11.31  0.01 0.81/0.40/1.00 1.01 0.91 0.48  94
  8  ...................   2.84  0.01 0.82/0.49/1.00 1.00 0.91 0.44  94
  9  ...................   1.54  0.01 0.83/0.65/1.00 1.00 0.86 0.38  88
 10  ...................   1.85  0.01 0.81/0.61/1.00 1.00 0.89 0.33  83
 11  ...................   1.93  0.01 0.74/0.49/1.00 1.00 0.69 0.23  80
 12  ...................   1.84  0.00 0.71/0.42/1.00 1.00 0.72 0.17  73
 13  ...................   1.68  0.00 0.78/0.44/1.00 1.00 0.89 0.15  73
 14  ...................   1.21  0.00 0.86/0.59/1.00 1.00 0.81 0.12  73
 15  ...................   0.99  0.00 0.86/0.65/1.00 1.00 0.64 0.08  72
 16  ...................   1.00  0.00 0.84/0.59/1.00 1.00 0.61 0.05  72
 17  ...................   0.83  0.00 0.81/0.64/1.00 1.00 0.95 0.04  28
 18  ...................   0.65  0.01 0.78/0.68/1.00 1.00 0.90 0.04  28
 19  ...................   1.00  0.00 0.78/0.48/1.00 1.00 0.87 0.03  22
 20  ...................   1.21  0.00 0.84/0.49/1.00 1.00 0.97 0.03  22
 21  ...................   0.92  0.00 0.92/0.58/1.00 1.00 0.81 0.03  22
 22  ...................   1.10  0.00 0.97/0.60/1.00 1.00 0.97 0.03  17
 23  ...................   1.11  0.00 0.98/0.65/1.00 1.00 0.59 0.02  17
 24  ...................   0.34  0.00 0.99/0.77/1.00 1.00 0.79 0.01   3
 25  ...................   0.36  0.00 0.99/0.79/1.00 1.00 1.00 0.01   0
 26  ...................   0.38  0.00 0.99/0.76/1.00 1.00 0.93 0.01   0
 27  ...................   0.20  0.00 0.99/0.81/1.00 1.00 0.98 0.01   0
 28  ...................   0.25  0.00 0.99/0.77/1.00 1.00 0.97 0.01   0
 29  ...................   0.22  0.00 1.00/0.78/1.00 1.00 1.00 0.01   0
 30  ...................   0.11  0.00 1.00/0.89/1.00 1.00 0.98 0.01   0
 31  ...................   0.02  0.00 1.00/0.98/1.00 1.00 1.00 0.01   0
 32  ...................   0.00  0.00 1.00/1.00/1.00 1.00 1.00 0.01   0
 33  ...................   0.00  0.00 1.00/1.00/1.00 1.00 0.98 0.01   0
[mcl] jury pruning marks: <99,99,99>, out of 100
[mcl] jury pruning synopsis: <99.0 or perfect> (cf -scheme, -do log)
[mcl] output is in /local/wiwie/ClustEval/repository/results/04_20_2013-17_25_45_paper_sfld_layered_f2/clusters/MCL_norm_sfld_1.197.results
[mcl] 15 clusters found
[mcl] output is in /local/wiwie/ClustEval/repository/results/04_20_2013-17_25_45_paper_sfld_layered_f2/clusters/MCL_norm_sfld_1.197.results

Please cite:
    Stijn van Dongen, Graph Clustering by Flow Simulation.  PhD thesis,
    University of Utrecht, May 2000.
       (  http://www.library.uu.nl/digiarchief/dip/diss/1895620/full.pdf
       or  http://micans.org/mcl/lit/svdthesis.pdf.gz)
OR
    Stijn van Dongen, A cluster algorithm for graphs. Technical
    Report INS-R0010, National Research Institute for Mathematics
    and Computer Science in the Netherlands, Amsterdam, May 2000.
       (  http://www.cwi.nl/ftp/CWIreports/INS/INS-R0010.ps.Z
       or  http://micans.org/mcl/lit/INS-R0010.ps.Z)

