.[mcl] new tab created
[mcl] pid 19801
 ite -------------------  chaos  time hom(avg,lo,hi) expa expb expc fmv
  1  ...................  19.15  0.01 0.92/0.31/1.25 1.98 1.17 1.17  99
  2  ...................   6.00  0.01 0.89/0.22/1.36 1.80 0.52 0.60  99
  3  ...................   6.03  0.01 0.83/0.14/5.24 1.10 0.88 0.53  96
  4  ...................   7.66  0.00 0.82/0.61/1.38 1.02 0.88 0.46  94
  5  ...................   1.40  0.00 0.84/0.66/1.00 1.00 0.76 0.35  84
  6  ...................   1.87  0.00 0.73/0.46/1.00 1.00 0.57 0.20  75
  7  ...................   1.58  0.00 0.82/0.63/1.00 1.00 0.72 0.15  68
  8  ...................   1.08  0.00 0.86/0.67/1.00 1.00 0.39 0.06  68
  9  ...................   0.67  0.00 0.79/0.67/1.00 1.00 0.76 0.04  68
 10  ...................   1.17  0.00 0.80/0.45/1.00 1.00 0.82 0.03  25
 11  ...................   1.05  0.00 0.96/0.59/1.00 1.00 0.80 0.03  20
 12  ...................   0.93  0.00 0.98/0.73/1.00 1.00 0.51 0.01  17
 13  ...................   0.38  0.00 0.99/0.76/1.00 1.00 0.88 0.01   3
 14  ...................   0.23  0.00 0.99/0.80/1.00 1.00 0.90 0.01   0
 15  ...................   0.15  0.00 1.00/0.85/1.00 1.00 1.00 0.01   0
 16  ...................   0.00  0.00 1.00/1.00/1.00 1.00 0.98 0.01   0
 17  ...................   0.00  0.00 1.00/1.00/1.00 1.00 0.98 0.01   0
[mcl] jury pruning marks: <99,99,99>, out of 100
[mcl] jury pruning synopsis: <99.0 or perfect> (cf -scheme, -do log)
[mcl] output is in /local/wiwie/ClustEval/repository/results/04_20_2013-17_25_45_paper_sfld_layered_f2/clusters/MCL_norm_sfld_1.53.results
[mcl] 21 clusters found
[mcl] output is in /local/wiwie/ClustEval/repository/results/04_20_2013-17_25_45_paper_sfld_layered_f2/clusters/MCL_norm_sfld_1.53.results

Please cite:
    Stijn van Dongen, Graph Clustering by Flow Simulation.  PhD thesis,
    University of Utrecht, May 2000.
       (  http://www.library.uu.nl/digiarchief/dip/diss/1895620/full.pdf
       or  http://micans.org/mcl/lit/svdthesis.pdf.gz)
OR
    Stijn van Dongen, A cluster algorithm for graphs. Technical
    Report INS-R0010, National Research Institute for Mathematics
    and Computer Science in the Netherlands, Amsterdam, May 2000.
       (  http://www.cwi.nl/ftp/CWIreports/INS/INS-R0010.ps.Z
       or  http://micans.org/mcl/lit/INS-R0010.ps.Z)

