.[mcl] new tab created
[mcl] pid 28296
 ite -------------------  chaos  time hom(avg,lo,hi) expa expb expc fmv
  1  ...................  19.15  0.01 0.92/0.31/1.25 1.98 1.17 1.17  99
  2  ...................  17.73  0.01 0.90/0.34/1.37 1.80 0.66 0.77  99
  3  ...................   7.88  0.01 0.86/0.25/2.15 1.50 0.78 0.60  99
  4  ...................  12.07  0.00 0.80/0.19/1.11 1.02 0.95 0.57  96
  5  ...................  12.20  0.00 0.80/0.16/1.19 1.01 0.91 0.52  95
  6  ...................   5.03  0.00 0.83/0.67/1.48 1.01 0.87 0.45  94
  7  ...................   1.23  0.01 0.83/0.65/1.00 1.00 0.85 0.38  90
  8  ...................   1.83  0.00 0.81/0.61/1.00 1.00 0.87 0.33  81
  9  ...................   1.88  0.01 0.72/0.46/1.00 1.00 0.61 0.20  78
 10  ...................   1.77  0.00 0.74/0.55/1.00 1.00 0.75 0.15  69
 11  ...................   1.25  0.00 0.86/0.59/1.00 1.00 0.81 0.12  69
 12  ...................   1.03  0.00 0.86/0.66/1.00 1.00 0.54 0.07  69
 13  ...................   0.96  0.00 0.82/0.70/1.00 1.00 0.69 0.05  69
 14  ...................   0.62  0.00 0.78/0.64/1.00 1.00 0.88 0.04  26
 15  ...................   1.01  0.00 0.78/0.48/1.00 1.00 0.87 0.03  20
 16  ...................   1.14  0.00 0.87/0.55/1.00 1.00 0.95 0.03  20
 17  ...................   1.04  0.00 0.96/0.59/1.00 1.00 0.84 0.03  20
 18  ...................   1.12  0.00 0.98/0.65/1.00 1.00 0.56 0.02  17
 19  ...................   0.32  0.00 0.99/0.80/1.00 1.00 0.79 0.01   3
 20  ...................   0.37  0.00 0.99/0.77/1.00 1.00 1.00 0.01   0
 21  ...................   0.32  0.00 0.99/0.79/1.00 1.00 0.94 0.01   0
 22  ...................   0.25  0.00 0.99/0.77/1.00 1.00 0.95 0.01   0
 23  ...................   0.20  0.00 1.00/0.80/1.00 1.00 1.00 0.01   0
 24  ...................   0.05  0.00 1.00/0.95/1.00 1.00 0.98 0.01   0
 25  ...................   0.00  0.00 1.00/1.00/1.00 1.00 1.00 0.01   0
 26  ...................   0.00  0.00 1.00/1.00/1.00 1.00 0.98 0.01   0
[mcl] jury pruning marks: <99,99,99>, out of 100
[mcl] jury pruning synopsis: <99.0 or perfect> (cf -scheme, -do log)
[mcl] output is in /local/wiwie/ClustEval/repository/results/04_20_2013-17_25_45_paper_sfld_layered_f2/clusters/MCL_norm_sfld_1.123.results
[mcl] 18 clusters found
[mcl] output is in /local/wiwie/ClustEval/repository/results/04_20_2013-17_25_45_paper_sfld_layered_f2/clusters/MCL_norm_sfld_1.123.results

Please cite:
    Stijn van Dongen, Graph Clustering by Flow Simulation.  PhD thesis,
    University of Utrecht, May 2000.
       (  http://www.library.uu.nl/digiarchief/dip/diss/1895620/full.pdf
       or  http://micans.org/mcl/lit/svdthesis.pdf.gz)
OR
    Stijn van Dongen, A cluster algorithm for graphs. Technical
    Report INS-R0010, National Research Institute for Mathematics
    and Computer Science in the Netherlands, Amsterdam, May 2000.
       (  http://www.cwi.nl/ftp/CWIreports/INS/INS-R0010.ps.Z
       or  http://micans.org/mcl/lit/INS-R0010.ps.Z)

