.[mcl] new tab created
[mcl] pid 52818
 ite -------------------  chaos  time hom(avg,lo,hi) expa expb expc fmv
  1  ...................  19.15  0.01 0.92/0.31/1.25 1.98 1.17 1.17  99
  2  ...................  20.45  0.01 0.90/0.45/1.41 1.80 0.71 0.83  99
  3  ...................   5.42  0.00 0.88/0.34/1.59 1.57 0.78 0.65  99
  4  ...................   7.89  0.00 0.82/0.29/1.03 1.33 0.91 0.59  96
  5  ...................  10.01  0.01 0.79/0.19/1.00 1.01 0.92 0.55  96
  6  ...................  10.17  0.01 0.80/0.12/1.00 1.02 0.96 0.52  95
  7  ...................  10.59  0.00 0.81/0.49/1.00 1.01 0.91 0.48  94
  8  ...................   2.71  0.00 0.82/0.35/1.00 1.00 0.90 0.43  94
  9  ...................   2.07  0.00 0.83/0.46/1.00 1.00 0.83 0.36  88
 10  ...................   1.85  0.00 0.80/0.60/1.00 1.00 0.89 0.32  81
 11  ...................   2.02  0.00 0.73/0.47/1.00 1.00 0.72 0.23  79
 12  ...................   1.91  0.00 0.72/0.49/1.00 1.00 0.73 0.16  72
 13  ...................   1.63  0.00 0.80/0.64/1.00 1.00 0.89 0.15  71
 14  ...................   1.24  0.00 0.87/0.59/1.00 1.00 0.80 0.12  71
 15  ...................   1.00  0.00 0.86/0.68/1.00 1.00 0.57 0.07  71
 16  ...................   0.90  0.00 0.83/0.72/1.00 1.00 0.69 0.05  71
 17  ...................   0.73  0.00 0.80/0.68/1.00 1.00 0.95 0.04  28
 18  ...................   0.74  0.00 0.78/0.61/1.00 1.00 0.90 0.04  28
 19  ...................   1.10  0.00 0.79/0.45/1.00 1.00 0.88 0.03  22
 20  ...................   1.14  0.00 0.87/0.55/1.00 1.00 0.95 0.03  22
 21  ...................   0.99  0.00 0.94/0.58/1.00 1.00 0.83 0.03  22
 22  ...................   1.13  0.00 0.97/0.62/1.00 1.00 0.95 0.03  17
 23  ...................   1.04  0.00 0.98/0.69/1.00 1.00 0.60 0.02  17
 24  ...................   0.33  0.00 0.99/0.81/1.00 1.00 0.80 0.01   3
 25  ...................   0.37  0.00 0.99/0.77/1.00 1.00 1.00 0.01   0
 26  ...................   0.36  0.00 0.99/0.77/1.00 1.00 0.93 0.01   0
 27  ...................   0.22  0.00 0.99/0.81/1.00 1.00 0.95 0.01   0
 28  ...................   0.25  0.00 1.00/0.76/1.00 1.00 1.00 0.01   0
 29  ...................   0.18  0.00 1.00/0.82/1.00 1.00 1.00 0.01   0
 30  ...................   0.06  0.00 1.00/0.94/1.00 1.00 0.98 0.01   0
 31  ...................   0.01  0.00 1.00/0.99/1.00 1.00 1.00 0.01   0
 32  ...................   0.00  0.00 1.00/1.00/1.00 1.00 0.98 0.01   0
[mcl] jury pruning marks: <99,99,99>, out of 100
[mcl] jury pruning synopsis: <99.0 or perfect> (cf -scheme, -do log)
[mcl] output is in /local/wiwie/ClustEval/repository/results/04_20_2013-17_25_45_paper_sfld_layered_f2/clusters/MCL_norm_sfld_1.202.results
[mcl] 16 clusters found
[mcl] output is in /local/wiwie/ClustEval/repository/results/04_20_2013-17_25_45_paper_sfld_layered_f2/clusters/MCL_norm_sfld_1.202.results

Please cite:
    Stijn van Dongen, Graph Clustering by Flow Simulation.  PhD thesis,
    University of Utrecht, May 2000.
       (  http://www.library.uu.nl/digiarchief/dip/diss/1895620/full.pdf
       or  http://micans.org/mcl/lit/svdthesis.pdf.gz)
OR
    Stijn van Dongen, A cluster algorithm for graphs. Technical
    Report INS-R0010, National Research Institute for Mathematics
    and Computer Science in the Netherlands, Amsterdam, May 2000.
       (  http://www.cwi.nl/ftp/CWIreports/INS/INS-R0010.ps.Z
       or  http://micans.org/mcl/lit/INS-R0010.ps.Z)

