.[mcl] new tab created
[mcl] pid 27476
 ite -------------------  chaos  time hom(avg,lo,hi) expa expb expc fmv
  1  ...................  19.15  0.01 0.92/0.31/1.25 1.98 1.17 1.17  99
  2  ...................  15.79  0.01 0.89/0.29/1.35 1.80 0.63 0.74  99
  3  ...................   9.59  0.01 0.85/0.29/2.52 1.49 0.81 0.59  99
  4  ...................   9.88  0.01 0.80/0.12/1.19 1.01 0.90 0.53  96
  5  ...................  11.95  0.01 0.81/0.40/1.00 1.02 0.89 0.48  94
  6  ...................   1.04  0.00 0.83/0.65/1.00 1.00 0.89 0.42  90
  7  ...................   1.61  0.01 0.83/0.65/1.00 1.01 0.83 0.35  85
  8  ...................   1.92  0.00 0.74/0.49/1.00 1.00 0.65 0.23  75
  9  ...................   1.82  0.01 0.73/0.52/1.00 1.00 0.68 0.15  68
 10  ...................   1.25  0.00 0.86/0.59/1.00 1.00 0.79 0.12  68
 11  ...................   1.05  0.00 0.86/0.67/1.00 1.00 0.54 0.07  68
 12  ...................   1.00  0.00 0.82/0.69/1.00 1.00 0.67 0.04  68
 13  ...................   0.69  0.00 0.77/0.63/1.00 1.00 0.90 0.04  25
 14  ...................   1.18  0.00 0.81/0.45/1.00 1.00 0.85 0.03  20
 15  ...................   0.91  0.00 0.93/0.58/1.00 1.00 0.81 0.03  20
 16  ...................   1.14  0.00 0.97/0.62/1.00 1.00 0.94 0.03  17
 17  ...................   0.85  0.00 0.99/0.75/1.00 1.00 0.52 0.01  17
 18  ...................   0.37  0.00 0.99/0.78/1.00 1.00 0.90 0.01   3
 19  ...................   0.33  0.00 0.99/0.78/1.00 1.00 0.94 0.01   0
 20  ...................   0.25  0.00 0.99/0.77/1.00 1.00 0.95 0.01   0
 21  ...................   0.18  0.00 1.00/0.82/1.00 1.00 1.00 0.01   0
 22  ...................   0.03  0.00 1.00/0.97/1.00 1.00 0.98 0.01   0
 23  ...................   0.00  0.00 1.00/1.00/1.00 1.00 1.00 0.01   0
 24  ...................   0.00  0.00 1.00/1.00/1.00 1.00 0.98 0.01   0
[mcl] jury pruning marks: <99,99,99>, out of 100
[mcl] jury pruning synopsis: <99.0 or perfect> (cf -scheme, -do log)
[mcl] output is in /local/wiwie/ClustEval/repository/results/04_20_2013-17_25_45_paper_sfld_layered_f2/clusters/MCL_norm_sfld_1.44.results
[mcl] 19 clusters found
[mcl] output is in /local/wiwie/ClustEval/repository/results/04_20_2013-17_25_45_paper_sfld_layered_f2/clusters/MCL_norm_sfld_1.44.results

Please cite:
    Stijn van Dongen, Graph Clustering by Flow Simulation.  PhD thesis,
    University of Utrecht, May 2000.
       (  http://www.library.uu.nl/digiarchief/dip/diss/1895620/full.pdf
       or  http://micans.org/mcl/lit/svdthesis.pdf.gz)
OR
    Stijn van Dongen, A cluster algorithm for graphs. Technical
    Report INS-R0010, National Research Institute for Mathematics
    and Computer Science in the Netherlands, Amsterdam, May 2000.
       (  http://www.cwi.nl/ftp/CWIreports/INS/INS-R0010.ps.Z
       or  http://micans.org/mcl/lit/INS-R0010.ps.Z)

