.[mcl] new tab created
[mcl] pid 21910
 ite -------------------  chaos  time hom(avg,lo,hi) expa expb expc fmv
  1  ...................  19.15  0.02 0.92/0.31/1.25 1.98 1.17 1.17  99
  2  ...................   5.64  0.01 0.86/0.46/1.65 1.80 0.49 0.58  99
  3  ...................  10.30  0.00 0.85/0.52/8.63 1.03 0.81 0.47  95
  4  ...................   1.78  0.01 0.82/0.61/1.00 1.00 0.66 0.31  84
  5  ...................   1.61  0.00 0.80/0.62/1.00 1.00 0.47 0.14  71
  6  ...................   1.00  0.00 0.84/0.73/1.00 1.00 0.32 0.05  68
  7  ...................   1.05  0.00 0.79/0.46/1.00 1.00 0.75 0.03  25
  8  ...................   1.13  0.00 0.97/0.62/1.00 1.00 0.78 0.03  20
  9  ...................   0.37  0.00 0.99/0.78/1.00 1.00 0.47 0.01  17
 10  ...................   0.25  0.00 1.00/0.76/1.00 1.00 0.89 0.01   0
 11  ...................   0.01  0.00 1.00/0.99/1.00 1.00 0.98 0.01   0
 12  ...................   0.00  0.00 1.00/1.00/1.00 1.00 0.98 0.01   0
[mcl] jury pruning marks: <99,99,99>, out of 100
[mcl] jury pruning synopsis: <99.0 or perfect> (cf -scheme, -do log)
[mcl] output is in /local/wiwie/ClustEval/repository/results/04_20_2013-17_25_45_paper_sfld_layered_f2/clusters/MCL_norm_sfld_1.14.results
[mcl] 24 clusters found
[mcl] output is in /local/wiwie/ClustEval/repository/results/04_20_2013-17_25_45_paper_sfld_layered_f2/clusters/MCL_norm_sfld_1.14.results

Please cite:
    Stijn van Dongen, Graph Clustering by Flow Simulation.  PhD thesis,
    University of Utrecht, May 2000.
       (  http://www.library.uu.nl/digiarchief/dip/diss/1895620/full.pdf
       or  http://micans.org/mcl/lit/svdthesis.pdf.gz)
OR
    Stijn van Dongen, A cluster algorithm for graphs. Technical
    Report INS-R0010, National Research Institute for Mathematics
    and Computer Science in the Netherlands, Amsterdam, May 2000.
       (  http://www.cwi.nl/ftp/CWIreports/INS/INS-R0010.ps.Z
       or  http://micans.org/mcl/lit/INS-R0010.ps.Z)

