.[mcl] new tab created
[mcl] pid 21597
 ite -------------------  chaos  time hom(avg,lo,hi) expa expb expc fmv
  1  ...................  19.15  0.02 0.92/0.31/1.25 1.98 1.17 1.17  99
  2  ...................   7.03  0.01 0.88/0.28/1.44 1.80 0.51 0.60  99
  3  ...................  11.41  0.00 0.84/0.13/7.60 1.03 0.86 0.51  96
  4  ...................   1.16  0.01 0.84/0.62/1.08 1.00 0.77 0.39  88
  5  ...................   1.97  0.00 0.75/0.48/1.00 1.00 0.58 0.23  80
  6  ...................   1.42  0.00 0.84/0.61/1.00 1.00 0.59 0.14  68
  7  ...................   0.99  0.00 0.84/0.72/1.00 1.00 0.34 0.05  68
  8  ...................   0.84  0.00 0.77/0.55/1.00 1.00 0.85 0.04  25
  9  ...................   0.96  0.00 0.93/0.58/1.00 1.00 0.70 0.03  20
 10  ...................   0.93  0.00 0.98/0.73/1.00 1.00 0.55 0.02  17
 11  ...................   0.37  0.00 0.99/0.76/1.00 1.00 0.78 0.01   3
 12  ...................   0.24  0.00 1.00/0.76/1.00 1.00 0.92 0.01   0
 13  ...................   0.02  0.00 1.00/0.98/1.00 1.00 0.98 0.01   0
 14  ...................   0.00  0.00 1.00/1.00/1.00 1.00 0.98 0.01   0
[mcl] jury pruning marks: <99,99,99>, out of 100
[mcl] jury pruning synopsis: <99.0 or perfect> (cf -scheme, -do log)
[mcl] output is in /local/wiwie/ClustEval/repository/results/04_20_2013-17_25_45_paper_sfld_layered_f2/clusters/MCL_norm_sfld_1.10.results
[mcl] 22 clusters found
[mcl] output is in /local/wiwie/ClustEval/repository/results/04_20_2013-17_25_45_paper_sfld_layered_f2/clusters/MCL_norm_sfld_1.10.results

Please cite:
    Stijn van Dongen, Graph Clustering by Flow Simulation.  PhD thesis,
    University of Utrecht, May 2000.
       (  http://www.library.uu.nl/digiarchief/dip/diss/1895620/full.pdf
       or  http://micans.org/mcl/lit/svdthesis.pdf.gz)
OR
    Stijn van Dongen, A cluster algorithm for graphs. Technical
    Report INS-R0010, National Research Institute for Mathematics
    and Computer Science in the Netherlands, Amsterdam, May 2000.
       (  http://www.cwi.nl/ftp/CWIreports/INS/INS-R0010.ps.Z
       or  http://micans.org/mcl/lit/INS-R0010.ps.Z)

