.[mcl] new tab created
[mcl] pid 55720
 ite -------------------  chaos  time hom(avg,lo,hi) expa expb expc fmv
  1  ...................  19.15  0.02 0.92/0.31/1.25 1.98 1.17 1.17  99
  2  ...................   8.23  0.01 0.89/0.24/1.34 1.80 0.57 0.67  99
  3  ...................   8.63  0.00 0.84/0.34/3.35 1.42 0.87 0.58  98
  4  ...................  12.21  0.01 0.80/0.15/1.36 1.02 0.89 0.51  95
  5  ...................   2.71  0.00 0.83/0.66/1.00 1.00 0.85 0.44  91
  6  ...................   1.50  0.00 0.84/0.65/1.00 1.00 0.81 0.35  83
  7  ...................   2.00  0.00 0.74/0.48/1.00 1.00 0.65 0.23  75
  8  ...................   1.69  0.00 0.76/0.59/1.00 1.00 0.63 0.15  68
  9  ...................   1.30  0.00 0.87/0.59/1.00 1.00 0.81 0.12  68
 10  ...................   0.98  0.00 0.83/0.73/1.00 1.00 0.39 0.05  68
 11  ...................   0.61  0.00 0.78/0.65/1.00 1.00 0.87 0.04  25
 12  ...................   1.16  0.00 0.80/0.45/1.00 1.00 0.87 0.03  20
 13  ...................   0.96  0.00 0.94/0.58/1.00 1.00 0.80 0.03  20
 14  ...................   1.13  0.00 0.98/0.64/1.00 1.00 0.57 0.02  17
 15  ...................   0.33  0.00 0.99/0.80/1.00 1.00 0.79 0.01   3
 16  ...................   0.37  0.00 0.99/0.76/1.00 1.00 0.96 0.01   0
 17  ...................   0.24  0.00 0.99/0.78/1.00 1.00 0.92 0.01   0
 18  ...................   0.17  0.00 1.00/0.83/1.00 1.00 1.00 0.01   0
 19  ...................   0.01  0.00 1.00/0.99/1.00 1.00 0.98 0.01   0
 20  ...................   0.00  0.00 1.00/1.00/1.00 1.00 0.98 0.01   0
[mcl] jury pruning marks: <99,99,99>, out of 100
[mcl] jury pruning synopsis: <99.0 or perfect> (cf -scheme, -do log)
[mcl] output is in /local/wiwie/ClustEval/repository/results/04_20_2013-17_25_45_paper_sfld_layered_f2/clusters/MCL_norm_sfld_1.93.results
[mcl] 21 clusters found
[mcl] output is in /local/wiwie/ClustEval/repository/results/04_20_2013-17_25_45_paper_sfld_layered_f2/clusters/MCL_norm_sfld_1.93.results

Please cite:
    Stijn van Dongen, Graph Clustering by Flow Simulation.  PhD thesis,
    University of Utrecht, May 2000.
       (  http://www.library.uu.nl/digiarchief/dip/diss/1895620/full.pdf
       or  http://micans.org/mcl/lit/svdthesis.pdf.gz)
OR
    Stijn van Dongen, A cluster algorithm for graphs. Technical
    Report INS-R0010, National Research Institute for Mathematics
    and Computer Science in the Netherlands, Amsterdam, May 2000.
       (  http://www.cwi.nl/ftp/CWIreports/INS/INS-R0010.ps.Z
       or  http://micans.org/mcl/lit/INS-R0010.ps.Z)

