.[mcl] new tab created
[mcl] pid 29754
 ite -------------------  chaos  time hom(avg,lo,hi) expa expb expc fmv
  1  ...................  19.15  0.01 0.92/0.31/1.25 1.98 1.17 1.17  99
  2  ...................  19.83  0.01 0.91/0.36/1.48 1.80 0.93 1.09  99
  3  ...................  20.61  0.01 0.89/0.43/1.09 1.61 0.90 0.98  99
  4  ...................  18.20  0.01 0.86/0.39/1.00 1.39 0.92 0.90  99
  5  ...................  12.25  0.01 0.84/0.30/1.00 1.32 0.92 0.83  99
  6  ...................   6.06  0.01 0.83/0.27/1.00 1.23 0.94 0.78  99
  7  ...................   5.20  0.01 0.82/0.29/1.00 1.10 0.95 0.75  97
  8  ...................   4.12  0.01 0.81/0.39/1.00 1.07 0.81 0.60  97
  9  ...................   3.36  0.01 0.80/0.44/1.00 1.16 0.97 0.59  96
 10  ...................   2.27  0.00 0.79/0.41/1.00 1.00 0.94 0.55  96
 11  ...................   1.45  0.01 0.79/0.45/1.00 1.00 0.97 0.53  96
 12  ...................   1.34  0.01 0.79/0.53/1.00 1.00 0.98 0.52  96
 13  ...................   1.25  0.00 0.80/0.58/1.00 1.00 0.91 0.48  96
 14  ...................   0.91  0.01 0.81/0.67/1.00 1.00 0.99 0.47  96
 15  ...................   0.95  0.00 0.82/0.66/1.00 1.00 0.94 0.45  96
 16  ...................   1.13  0.00 0.83/0.65/1.00 1.00 0.97 0.43  96
 17  ...................   1.22  0.01 0.83/0.65/1.00 1.00 0.92 0.39  96
 18  ...................   1.35  0.00 0.84/0.65/1.00 1.00 0.91 0.36  92
 19  ...................   1.66  0.00 0.83/0.64/1.00 1.00 1.00 0.36  89
 20  ...................   1.88  0.00 0.81/0.60/1.00 1.00 0.92 0.33  89
 21  ...................   2.05  0.00 0.78/0.54/1.00 1.00 0.89 0.29  89
 22  ...................   1.99  0.01 0.75/0.48/1.00 1.00 0.81 0.24  89
 23  ...................   1.79  0.00 0.72/0.45/1.00 1.00 0.77 0.18  89
 24  ...................   1.86  0.00 0.72/0.47/1.00 1.00 0.92 0.17  74
 25  ...................   1.85  0.00 0.74/0.53/1.00 1.00 0.94 0.16  74
 26  ...................   1.69  0.00 0.78/0.63/1.00 1.00 0.94 0.15  74
 27  ...................   1.61  0.01 0.82/0.60/1.00 1.00 1.00 0.15  74
 28  ...................   1.28  0.00 0.85/0.59/1.00 1.00 0.84 0.13  74
 29  ...................   1.32  0.00 0.85/0.62/1.00 1.00 0.96 0.12  74
 30  ...................   0.95  0.00 0.85/0.68/1.00 1.00 0.73 0.09  74
 31  ...................   0.75  0.00 0.83/0.75/1.00 1.00 0.73 0.06  74
 32  ...................   0.72  0.00 0.82/0.76/1.00 1.00 0.78 0.05  74
 33  ...................   0.71  0.00 0.81/0.74/1.00 1.00 0.97 0.05  30
 34  ...................   0.65  0.00 0.80/0.72/1.00 1.00 0.98 0.05  30
 35  ...................   0.54  0.00 0.79/0.72/1.00 1.00 0.91 0.04  30
 36  ...................   0.57  0.00 0.77/0.71/1.00 1.00 0.97 0.04  24
 37  ...................   0.72  0.01 0.76/0.62/1.00 1.00 1.00 0.04  24
 38  ...................   0.89  0.00 0.75/0.52/1.00 1.00 1.00 0.04  24
 39  ...................   1.07  0.00 0.77/0.46/1.00 1.00 0.85 0.04  24
 40  ...................   1.19  0.00 0.80/0.46/1.00 1.00 0.93 0.03  17
 41  ...................   1.19  0.00 0.84/0.51/1.00 1.00 1.00 0.03  17
 42  ...................   0.99  0.00 0.89/0.59/1.00 1.00 0.86 0.03  17
 43  ...................   0.97  0.00 0.92/0.58/1.00 1.00 1.00 0.03  17
 44  ...................   1.07  0.00 0.95/0.59/1.00 1.00 1.00 0.03  17
 45  ...................   1.13  0.00 0.97/0.60/1.00 1.00 0.94 0.03  17
 46  ...................   1.15  0.00 0.98/0.63/1.00 1.00 0.96 0.03  17
 47  ...................   1.10  0.00 0.98/0.66/1.00 1.00 0.59 0.02  15
 48  ...................   0.96  0.00 0.99/0.72/1.00 1.00 1.00 0.02   3
 49  ...................   0.32  0.00 0.99/0.79/1.00 1.00 0.83 0.01   3
 50  ...................   0.35  0.00 0.99/0.80/1.00 1.00 1.00 0.01   0
 51  ...................   0.37  0.00 0.99/0.78/1.00 1.00 0.94 0.01   0
 52  ...................   0.38  0.00 0.99/0.76/1.00 1.00 1.00 0.01   0
 53  ...................   0.37  0.00 0.99/0.76/1.00 1.00 0.97 0.01   0
 54  ...................   0.32  0.00 0.99/0.79/1.00 1.00 1.00 0.01   0
 55  ...................   0.21  0.00 0.99/0.83/1.00 1.00 0.98 0.01   0
 56  ...................   0.23  0.00 0.99/0.80/1.00 1.00 0.97 0.01   0
 57  ...................   0.25  0.00 0.99/0.77/1.00 1.00 1.00 0.01   0
 58  ...................   0.25  0.00 1.00/0.76/1.00 1.00 1.00 0.01   0
 59  ...................   0.22  0.00 1.00/0.78/1.00 1.00 1.00 0.01   0
 60  ...................   0.17  0.00 1.00/0.83/1.00 1.00 1.00 0.01   0
 61  ...................   0.11  0.00 1.00/0.89/1.00 1.00 0.98 0.01   0
 62  ...................   0.06  0.00 1.00/0.94/1.00 1.00 1.00 0.01   0
 63  ...................   0.02  0.01 1.00/0.98/1.00 1.00 1.00 0.01   0
 64  ...................   0.01  0.00 1.00/0.99/1.00 1.00 1.00 0.01   0
 65  ...................   0.00  0.00 1.00/1.00/1.00 1.00 1.00 0.01   0
 66  ...................   0.00  0.00 1.00/1.00/1.00 1.00 0.98 0.01   0
[mcl] jury pruning marks: <99,99,99>, out of 100
[mcl] jury pruning synopsis: <99.0 or perfect> (cf -scheme, -do log)
[mcl] output is in /local/wiwie/ClustEval/repository/results/04_20_2013-17_25_45_paper_sfld_layered_f2/clusters/MCL_norm_sfld_1.35.results
[mcl] 12 clusters found
[mcl] output is in /local/wiwie/ClustEval/repository/results/04_20_2013-17_25_45_paper_sfld_layered_f2/clusters/MCL_norm_sfld_1.35.results

Please cite:
    Stijn van Dongen, Graph Clustering by Flow Simulation.  PhD thesis,
    University of Utrecht, May 2000.
       (  http://www.library.uu.nl/digiarchief/dip/diss/1895620/full.pdf
       or  http://micans.org/mcl/lit/svdthesis.pdf.gz)
OR
    Stijn van Dongen, A cluster algorithm for graphs. Technical
    Report INS-R0010, National Research Institute for Mathematics
    and Computer Science in the Netherlands, Amsterdam, May 2000.
       (  http://www.cwi.nl/ftp/CWIreports/INS/INS-R0010.ps.Z
       or  http://micans.org/mcl/lit/INS-R0010.ps.Z)

