.[mcl] new tab created
[mcl] pid 34940
 ite -------------------  chaos  time hom(avg,lo,hi) expa expb expc fmv
  1  ...................  19.15  0.01 0.92/0.31/1.25 1.98 1.17 1.17  99
  2  ...................  20.17  0.01 0.91/0.42/1.48 1.80 0.87 1.02  99
  3  ...................  19.95  0.01 0.90/0.48/1.34 1.68 0.87 0.89  99
  4  ...................  19.41  0.01 0.87/0.30/1.10 1.38 0.86 0.77  99
  5  ...................  15.99  0.01 0.83/0.25/1.00 1.37 0.89 0.68  99
  6  ...................   5.99  0.01 0.81/0.34/1.00 1.19 0.88 0.60  97
  7  ...................   4.28  0.01 0.80/0.47/1.00 1.00 0.98 0.59  96
  8  ...................   3.51  0.01 0.79/0.41/1.00 1.00 0.94 0.55  96
  9  ...................   2.54  0.00 0.79/0.46/1.00 1.00 0.96 0.53  96
 10  ...................   2.24  0.00 0.80/0.55/1.00 1.00 0.95 0.50  96
 11  ...................   1.25  0.01 0.81/0.65/1.00 1.00 0.95 0.48  96
 12  ...................   1.40  0.00 0.82/0.63/1.19 1.00 0.93 0.44  96
 13  ...................   1.91  0.00 0.83/0.60/1.00 1.00 0.96 0.42  96
 14  ...................   2.41  0.01 0.83/0.55/1.00 1.00 0.89 0.38  96
 15  ...................   3.37  0.00 0.83/0.47/1.00 1.00 0.95 0.36  92
 16  ...................   4.36  0.00 0.81/0.36/1.00 1.00 0.89 0.32  89
 17  ...................   5.03  0.01 0.77/0.28/1.00 1.00 0.79 0.25  89
 18  ...................   5.20  0.00 0.73/0.28/1.00 1.00 0.81 0.21  89
 19  ...................   5.77  0.00 0.72/0.36/1.00 1.00 0.82 0.17  74
 20  ...................   5.30  0.00 0.75/0.50/1.00 1.00 0.92 0.15  74
 21  ...................   3.34  0.01 0.80/0.62/1.00 1.00 0.97 0.15  74
 22  ...................   1.26  0.00 0.85/0.59/1.00 1.00 0.84 0.13  74
 23  ...................   1.32  0.00 0.86/0.62/1.00 1.00 0.96 0.12  74
 24  ...................   0.91  0.00 0.84/0.69/1.00 1.01 0.57 0.07  74
 25  ...................   0.77  0.00 0.83/0.77/1.00 1.00 0.72 0.05  73
 26  ...................   0.76  0.00 0.81/0.74/1.00 1.00 1.00 0.05  30
 27  ...................   0.70  0.00 0.80/0.72/1.00 1.00 0.95 0.05  30
 28  ...................   0.58  0.00 0.78/0.71/1.00 1.00 0.91 0.04  30
 29  ...................   0.67  0.01 0.76/0.66/1.00 1.00 0.97 0.04  24
 30  ...................   0.89  0.00 0.76/0.52/1.00 1.00 1.00 0.04  24
 31  ...................   1.11  0.00 0.78/0.45/1.00 1.00 0.87 0.04  24
 32  ...................   1.21  0.00 0.82/0.48/1.00 1.00 0.91 0.03  24
 33  ...................   1.04  0.00 0.88/0.60/1.00 1.00 0.86 0.03  17
 34  ...................   0.96  0.00 0.93/0.58/1.00 1.00 1.00 0.03  17
 35  ...................   1.08  0.00 0.96/0.59/1.00 1.00 1.00 0.03  17
 36  ...................   1.14  0.00 0.97/0.62/1.00 1.00 0.94 0.03  17
 37  ...................   1.11  0.00 0.98/0.65/1.00 1.00 0.57 0.02  17
 38  ...................   0.94  0.00 0.99/0.72/1.00 1.00 1.00 0.02   3
 39  ...................   0.33  0.00 0.99/0.81/1.00 1.00 0.83 0.01   3
 40  ...................   0.36  0.00 0.99/0.79/1.00 1.00 0.94 0.01   0
 41  ...................   0.38  0.00 0.99/0.77/1.00 1.00 1.00 0.01   0
 42  ...................   0.37  0.00 0.99/0.76/1.00 1.00 0.97 0.01   0
 43  ...................   0.21  0.00 0.99/0.79/1.00 1.00 0.98 0.01   0
 44  ...................   0.23  0.00 0.99/0.81/1.00 1.00 0.97 0.01   0
 45  ...................   0.25  0.00 0.99/0.77/1.00 1.00 1.00 0.01   0
 46  ...................   0.24  0.00 1.00/0.76/1.00 1.00 1.00 0.01   0
 47  ...................   0.19  0.00 1.00/0.81/1.00 1.00 1.00 0.01   0
 48  ...................   0.12  0.00 1.00/0.88/1.00 1.00 1.00 0.01   0
 49  ...................   0.05  0.00 1.00/0.95/1.00 1.00 0.98 0.01   0
 50  ...................   0.01  0.00 1.00/0.99/1.00 1.00 1.00 0.01   0
 51  ...................   0.00  0.00 1.00/1.00/1.00 1.00 1.00 0.01   0
 52  ...................   0.00  0.00 1.00/1.00/1.00 1.00 1.00 0.01   0
 53  ...................   0.00  0.00 1.00/1.00/1.00 1.00 0.98 0.01   0
[mcl] jury pruning marks: <99,99,99>, out of 100
[mcl] jury pruning synopsis: <99.0 or perfect> (cf -scheme, -do log)
[mcl] output is in /local/wiwie/ClustEval/repository/results/04_20_2013-17_25_45_paper_sfld_layered_f2/clusters/MCL_norm_sfld_1.36.results
[mcl] 12 clusters found
[mcl] output is in /local/wiwie/ClustEval/repository/results/04_20_2013-17_25_45_paper_sfld_layered_f2/clusters/MCL_norm_sfld_1.36.results

Please cite:
    Stijn van Dongen, Graph Clustering by Flow Simulation.  PhD thesis,
    University of Utrecht, May 2000.
       (  http://www.library.uu.nl/digiarchief/dip/diss/1895620/full.pdf
       or  http://micans.org/mcl/lit/svdthesis.pdf.gz)
OR
    Stijn van Dongen, A cluster algorithm for graphs. Technical
    Report INS-R0010, National Research Institute for Mathematics
    and Computer Science in the Netherlands, Amsterdam, May 2000.
       (  http://www.cwi.nl/ftp/CWIreports/INS/INS-R0010.ps.Z
       or  http://micans.org/mcl/lit/INS-R0010.ps.Z)

