.[mcl] new tab created
[mcl] pid 29050
 ite -------------------  chaos  time hom(avg,lo,hi) expa expb expc fmv
  1  ...................  19.15  0.01 0.92/0.31/1.25 1.98 1.17 1.17  99
  2  ...................  21.16  0.02 0.91/0.45/1.43 1.80 0.74 0.87  99
  3  ...................  12.42  0.01 0.89/0.44/1.40 1.55 0.82 0.71  99
  4  ...................   3.64  0.01 0.84/0.34/1.26 1.37 0.85 0.60  97
  5  ...................   3.12  0.00 0.80/0.44/1.00 1.01 0.98 0.59  96
  6  ...................   5.31  0.01 0.78/0.16/1.00 1.01 0.93 0.54  96
  7  ...................   9.81  0.01 0.80/0.14/1.00 1.02 0.95 0.52  95
  8  ...................  10.83  0.00 0.81/0.47/1.00 1.01 0.89 0.47  95
  9  ...................   3.11  0.00 0.83/0.65/1.00 1.01 0.92 0.43  94
 10  ...................   1.32  0.01 0.83/0.65/1.00 1.00 0.84 0.36  90
 11  ...................   1.89  0.00 0.81/0.61/1.00 1.00 0.96 0.34  85
 12  ...................   1.92  0.00 0.75/0.50/1.00 1.00 0.70 0.24  80
 13  ...................   1.81  0.00 0.71/0.45/1.00 1.00 0.71 0.17  72
 14  ...................   1.70  0.00 0.75/0.49/1.00 1.00 0.86 0.15  72
 15  ...................   1.71  0.00 0.83/0.37/1.00 1.00 0.94 0.14  71
 16  ...................   1.89  0.00 0.87/0.47/1.00 1.00 0.86 0.12  71
 17  ...................   0.97  0.00 0.85/0.70/1.00 1.00 0.53 0.06  71
 18  ...................   0.86  0.01 0.83/0.72/1.00 1.00 0.75 0.05  71
 19  ...................   0.82  0.00 0.80/0.68/1.00 1.00 0.96 0.05  28
 20  ...................   0.67  0.00 0.78/0.66/1.00 1.00 0.88 0.04  28
 21  ...................   0.99  0.00 0.78/0.48/1.00 1.00 0.88 0.04  22
 22  ...................   1.21  0.00 0.83/0.47/1.00 1.00 0.98 0.03  22
 23  ...................   0.90  0.00 0.90/0.59/1.00 1.00 0.80 0.03  22
 24  ...................   1.06  0.00 0.96/0.59/1.00 1.00 0.96 0.03  17
 25  ...................   1.14  0.00 0.98/0.63/1.00 1.00 0.80 0.02  17
 26  ...................   1.01  0.00 0.98/0.70/1.00 1.00 0.71 0.02  17
 27  ...................   0.33  0.00 0.99/0.81/1.00 1.00 0.83 0.01   3
 28  ...................   0.37  0.00 0.99/0.78/1.00 1.00 0.95 0.01   0
 29  ...................   0.37  0.00 0.99/0.76/1.00 1.00 0.97 0.01   0
 30  ...................   0.20  0.00 0.99/0.82/1.00 1.00 0.98 0.01   0
 31  ...................   0.25  0.00 0.99/0.78/1.00 1.00 0.97 0.01   0
 32  ...................   0.23  0.00 1.00/0.77/1.00 1.00 1.00 0.01   0
 33  ...................   0.14  0.00 1.00/0.86/1.00 1.00 1.00 0.01   0
 34  ...................   0.04  0.00 1.00/0.96/1.00 1.00 0.98 0.01   0
 35  ...................   0.01  0.00 1.00/0.99/1.00 1.00 1.00 0.01   0
 36  ...................   0.00  0.00 1.00/1.00/1.00 1.00 0.98 0.01   0
[mcl] jury pruning marks: <99,99,99>, out of 100
[mcl] jury pruning synopsis: <99.0 or perfect> (cf -scheme, -do log)
[mcl] output is in /local/wiwie/ClustEval/repository/results/04_20_2013-17_25_45_paper_sfld_layered_f2/clusters/MCL_norm_sfld_1.134.results
[mcl] 15 clusters found
[mcl] output is in /local/wiwie/ClustEval/repository/results/04_20_2013-17_25_45_paper_sfld_layered_f2/clusters/MCL_norm_sfld_1.134.results

Please cite:
    Stijn van Dongen, Graph Clustering by Flow Simulation.  PhD thesis,
    University of Utrecht, May 2000.
       (  http://www.library.uu.nl/digiarchief/dip/diss/1895620/full.pdf
       or  http://micans.org/mcl/lit/svdthesis.pdf.gz)
OR
    Stijn van Dongen, A cluster algorithm for graphs. Technical
    Report INS-R0010, National Research Institute for Mathematics
    and Computer Science in the Netherlands, Amsterdam, May 2000.
       (  http://www.cwi.nl/ftp/CWIreports/INS/INS-R0010.ps.Z
       or  http://micans.org/mcl/lit/INS-R0010.ps.Z)

