.[mcl] new tab created
[mcl] pid 52616
 ite -------------------  chaos  time hom(avg,lo,hi) expa expb expc fmv
  1  ...................  19.15  0.01 0.92/0.31/1.25 1.98 1.17 1.17  99
  2  ...................  20.54  0.01 0.90/0.45/1.41 1.80 0.72 0.84  99
  3  ...................   5.40  0.01 0.88/0.35/1.57 1.57 0.79 0.66  99
  4  ...................   7.54  0.01 0.82/0.30/1.03 1.33 0.90 0.59  97
  5  ...................  10.01  0.01 0.79/0.21/1.00 1.01 0.92 0.55  96
  6  ...................   9.69  0.00 0.80/0.12/1.00 1.02 0.96 0.53  95
  7  ...................  11.06  0.01 0.81/0.45/1.00 1.01 0.91 0.48  94
  8  ...................   2.52  0.00 0.82/0.39/1.00 1.00 0.90 0.43  94
  9  ...................   1.84  0.00 0.83/0.65/1.00 1.00 0.83 0.36  88
 10  ...................   1.84  0.00 0.80/0.61/1.00 1.00 0.91 0.33  84
 11  ...................   1.99  0.01 0.73/0.48/1.00 1.00 0.71 0.23  80
 12  ...................   1.87  0.00 0.71/0.45/1.00 1.00 0.72 0.17  73
 13  ...................   1.86  0.00 0.79/0.40/1.00 1.00 0.89 0.15  72
 14  ...................   1.30  0.00 0.86/0.59/1.00 1.00 0.80 0.12  72
 15  ...................   1.00  0.00 0.86/0.66/1.00 1.00 0.57 0.07  72
 16  ...................   0.89  0.00 0.84/0.73/1.00 1.00 0.70 0.05  71
 17  ...................   0.84  0.00 0.81/0.68/1.00 1.00 0.95 0.04  28
 18  ...................   0.68  0.00 0.78/0.65/1.00 1.00 0.89 0.04  28
 19  ...................   1.05  0.01 0.79/0.47/1.00 1.00 0.88 0.03  22
 20  ...................   1.19  0.00 0.85/0.51/1.00 1.00 0.95 0.03  22
 21  ...................   0.95  0.00 0.93/0.58/1.00 1.00 0.83 0.03  22
 22  ...................   1.12  0.00 0.97/0.61/1.00 1.00 0.97 0.03  17
 23  ...................   1.09  0.00 0.98/0.67/1.00 1.00 0.59 0.02  17
 24  ...................   0.32  0.00 0.99/0.80/1.00 1.00 0.79 0.01   3
 25  ...................   0.36  0.00 0.99/0.78/1.00 1.00 1.00 0.01   0
 26  ...................   0.37  0.00 0.99/0.76/1.00 1.00 0.93 0.01   0
 27  ...................   0.20  0.00 0.99/0.83/1.00 1.00 0.95 0.01   0
 28  ...................   0.25  0.00 1.00/0.78/1.00 1.00 1.00 0.01   0
 29  ...................   0.23  0.00 1.00/0.78/1.00 1.00 1.00 0.01   0
 30  ...................   0.12  0.00 1.00/0.88/1.00 1.00 0.98 0.01   0
 31  ...................   0.02  0.00 1.00/0.98/1.00 1.00 1.00 0.01   0
 32  ...................   0.00  0.00 1.00/1.00/1.00 1.00 1.00 0.01   0
 33  ...................   0.00  0.00 1.00/1.00/1.00 1.00 0.98 0.01   0
[mcl] jury pruning marks: <99,99,99>, out of 100
[mcl] jury pruning synopsis: <99.0 or perfect> (cf -scheme, -do log)
[mcl] output is in /local/wiwie/ClustEval/repository/results/04_20_2013-17_25_45_paper_sfld_layered_f2/clusters/MCL_norm_sfld_1.199.results
[mcl] 16 clusters found
[mcl] output is in /local/wiwie/ClustEval/repository/results/04_20_2013-17_25_45_paper_sfld_layered_f2/clusters/MCL_norm_sfld_1.199.results

Please cite:
    Stijn van Dongen, Graph Clustering by Flow Simulation.  PhD thesis,
    University of Utrecht, May 2000.
       (  http://www.library.uu.nl/digiarchief/dip/diss/1895620/full.pdf
       or  http://micans.org/mcl/lit/svdthesis.pdf.gz)
OR
    Stijn van Dongen, A cluster algorithm for graphs. Technical
    Report INS-R0010, National Research Institute for Mathematics
    and Computer Science in the Netherlands, Amsterdam, May 2000.
       (  http://www.cwi.nl/ftp/CWIreports/INS/INS-R0010.ps.Z
       or  http://micans.org/mcl/lit/INS-R0010.ps.Z)

