....[mcl] new tab created
[mcl] pid 13696
 ite -------------------  chaos  time hom(avg,lo,hi) expa expb expc fmv
  1  ...................   0.11  0.07 1.01/1.00/1.02 1.00 1.00 1.00 100
  2  ...................   0.12  0.07 0.99/0.99/0.99 1.00 1.00 1.00 100
  3  ...................   0.14  0.07 0.99/0.99/0.99 1.00 1.00 1.00 100
  4  ...................   0.18  0.07 0.98/0.98/0.98 1.00 1.00 1.00 100
  5  ...................   0.21  0.07 0.97/0.97/0.97 1.00 1.00 1.00 100
  6  ...................   0.26  0.08 0.96/0.96/0.96 1.00 1.00 1.00 100
  7  ...................   0.32  0.07 0.95/0.95/0.95 1.00 1.00 1.00 100
  8  ...................   0.40  0.07 0.93/0.93/0.93 1.00 1.00 1.00 100
  9  ...................   0.49  0.08 0.90/0.90/0.90 1.00 1.00 1.00 100
 10  ...................   0.60  0.08 0.86/0.86/0.86 1.00 1.00 1.00 100
 11  ...................   0.75  0.07 0.82/0.82/0.82 1.00 1.00 1.00 100
 12  ...................   0.94  0.07 0.76/0.76/0.76 1.00 1.00 1.00 100
 13  ...................   1.19  0.07 0.70/0.70/0.70 1.00 1.00 1.00 100
 14  ...................   1.52  0.07 0.64/0.64/0.64 1.00 1.00 1.00 100
 15  ...................   1.97  0.07 0.57/0.57/0.57 1.00 1.00 1.00 100
 16  ...................   2.59  0.07 0.51/0.51/0.51 1.00 1.00 1.00 100
 17  ...................   3.46  0.08 0.44/0.44/0.44 1.00 1.00 1.00 100
 18  ...................   4.67  0.07 0.38/0.38/0.38 1.00 0.99 0.99 100
 19  ...................   6.25  0.07 0.32/0.32/0.32 1.00 0.97 0.96 100
 20  ...................   8.20  0.07 0.26/0.26/0.26 1.00 0.93 0.89 100
 21  ...................  10.80  0.05 0.20/0.20/0.20 1.00 0.92 0.83 100
 22  ...................  12.76  0.05 0.16/0.16/0.16 1.00 0.82 0.68 100
 23  ...................  15.36  0.03 0.14/0.14/0.14 1.00 0.84 0.57 100
 24  ...................  17.59  0.03 0.14/0.14/0.14 1.00 0.81 0.46 100
 25  ...................  19.12  0.02 0.16/0.16/0.16 1.00 0.81 0.38 100
 26  ...................  19.31  0.02 0.22/0.22/0.22 1.00 0.82 0.31 100
 27  ...................  16.90  0.01 0.33/0.33/0.33 1.00 0.81 0.25 100
 28  ...................  11.24  0.01 0.49/0.49/0.49 1.00 0.74 0.18 100
 29  ...................   5.11  0.00 0.67/0.67/0.67 1.00 0.63 0.12 100
 30  ...................   2.08  0.00 0.82/0.82/0.82 1.00 0.71 0.08 100
 31  ...................   0.48  0.00 0.92/0.92/0.92 1.00 0.50 0.04 100
 32  ...................   0.15  0.00 0.97/0.97/0.97 1.00 0.83 0.03 100
 33  ...................   0.03  0.01 0.99/0.99/0.99 1.00 0.70 0.02 100
 34  ...................   0.00  0.00 1.00/1.00/1.00 1.00 0.43 0.01 100
 35  ...................   0.00  0.00 1.00/1.00/1.00 1.00 0.67 0.01   0
 36  ...................   0.00  0.00 1.00/1.00/1.00 1.00 0.50 0.00   0
[mcl] jury pruning marks: <100,100,100>, out of 100
[mcl] jury pruning synopsis: <100.0 or really really really good> (cf -scheme, -do log)
[mcl] output is in /local/wiwie/ClustEval/repository/results/05_06_2013-15_52_16_tcga/clusters/MCL_norm_tcga.122.results
[mcl] 1 clusters found
[mcl] output is in /local/wiwie/ClustEval/repository/results/05_06_2013-15_52_16_tcga/clusters/MCL_norm_tcga.122.results

Please cite:
    Stijn van Dongen, Graph Clustering by Flow Simulation.  PhD thesis,
    University of Utrecht, May 2000.
       (  http://www.library.uu.nl/digiarchief/dip/diss/1895620/full.pdf
       or  http://micans.org/mcl/lit/svdthesis.pdf.gz)
OR
    Stijn van Dongen, A cluster algorithm for graphs. Technical
    Report INS-R0010, National Research Institute for Mathematics
    and Computer Science in the Netherlands, Amsterdam, May 2000.
       (  http://www.cwi.nl/ftp/CWIreports/INS/INS-R0010.ps.Z
       or  http://micans.org/mcl/lit/INS-R0010.ps.Z)

