....[mcl] new tab created
[mcl] pid 29974
 ite -------------------  chaos  time hom(avg,lo,hi) expa expb expc fmv
  1  ...................   0.11  0.07 1.01/1.00/1.02 1.00 1.00 1.00 100
  2  ...................   0.69  0.07 0.84/0.82/0.85 1.00 1.00 1.00 100
  3  ...................   8.56  0.08 0.25/0.25/0.25 1.00 0.89 0.89 100
  4  ...................   2.88  0.05 0.78/0.78/0.78 1.00 0.11 0.10 100
  5  ...................   0.00  0.01 1.00/1.00/1.00 1.00 0.04 0.00 100
[mcl] jury pruning marks: <100,100,99>, out of 100
[mcl] jury pruning synopsis: <99.9 or perfect> (cf -scheme, -do log)
[mcl] output is in /local/wiwie/ClustEval/repository/results/05_06_2013-15_52_16_tcga/clusters/MCL_norm_tcga.19.results
[mcl] 1 clusters found
[mcl] output is in /local/wiwie/ClustEval/repository/results/05_06_2013-15_52_16_tcga/clusters/MCL_norm_tcga.19.results

Please cite:
    Stijn van Dongen, Graph Clustering by Flow Simulation.  PhD thesis,
    University of Utrecht, May 2000.
       (  http://www.library.uu.nl/digiarchief/dip/diss/1895620/full.pdf
       or  http://micans.org/mcl/lit/svdthesis.pdf.gz)
OR
    Stijn van Dongen, A cluster algorithm for graphs. Technical
    Report INS-R0010, National Research Institute for Mathematics
    and Computer Science in the Netherlands, Amsterdam, May 2000.
       (  http://www.cwi.nl/ftp/CWIreports/INS/INS-R0010.ps.Z
       or  http://micans.org/mcl/lit/INS-R0010.ps.Z)

