....[mcl] new tab created
[mcl] pid 39551
 ite -------------------  chaos  time hom(avg,lo,hi) expa expb expc fmv
  1  ...................   0.11  0.07 1.01/1.00/1.02 1.00 1.00 1.00 100
  2  ...................   0.11  0.07 0.99/0.99/0.99 1.00 1.00 1.00 100
  3  ...................   0.12  0.07 0.99/0.99/0.99 1.00 1.00 1.00 100
  4  ...................   0.14  0.06 0.99/0.99/0.99 1.00 1.00 1.00 100
  5  ...................   0.15  0.10 0.99/0.99/0.99 1.00 1.00 1.00 100
  6  ...................   0.17  0.06 0.98/0.98/0.98 1.00 1.00 1.00 100
  7  ...................   0.19  0.06 0.98/0.98/0.98 1.00 1.00 1.00 100
  8  ...................   0.22  0.07 0.97/0.97/0.97 1.00 1.00 1.00 100
  9  ...................   0.25  0.07 0.97/0.97/0.97 1.00 1.00 1.00 100
 10  ...................   0.28  0.07 0.96/0.96/0.96 1.00 1.00 1.00 100
 11  ...................   0.31  0.06 0.95/0.95/0.95 1.00 1.00 1.00 100
 12  ...................   0.35  0.06 0.94/0.94/0.94 1.00 1.00 1.00 100
 13  ...................   0.40  0.06 0.93/0.93/0.93 1.00 1.00 1.00 100
 14  ...................   0.45  0.07 0.91/0.91/0.91 1.00 1.00 1.00 100
 15  ...................   0.51  0.07 0.89/0.89/0.89 1.00 1.00 1.00 100
 16  ...................   0.57  0.09 0.87/0.87/0.87 1.00 1.00 1.00 100
 17  ...................   0.65  0.06 0.85/0.85/0.85 1.00 1.00 1.00 100
 18  ...................   0.74  0.06 0.82/0.82/0.82 1.00 1.00 1.00 100
 19  ...................   0.85  0.08 0.79/0.79/0.79 1.00 1.00 1.00 100
 20  ...................   0.97  0.07 0.76/0.76/0.76 1.00 1.00 1.00 100
 21  ...................   1.11  0.08 0.72/0.72/0.72 1.00 1.00 1.00 100
 22  ...................   1.27  0.07 0.68/0.68/0.68 1.00 1.00 1.00 100
 23  ...................   1.47  0.07 0.65/0.65/0.65 1.00 1.00 1.00 100
 24  ...................   1.71  0.07 0.61/0.61/0.61 1.00 1.00 1.00 100
 25  ...................   1.99  0.07 0.57/0.57/0.57 1.00 1.00 1.00 100
 26  ...................   2.33  0.07 0.53/0.53/0.53 1.00 1.00 1.00 100
 27  ...................   2.74  0.07 0.49/0.49/0.49 1.00 1.00 1.00 100
 28  ...................   3.25  0.07 0.46/0.46/0.46 1.00 1.00 1.00 100
 29  ...................   3.86  0.07 0.42/0.42/0.42 1.00 1.00 1.00 100
 30  ...................   4.62  0.07 0.38/0.38/0.38 1.00 1.00 1.00 100
 31  ...................   5.46  0.07 0.35/0.35/0.35 1.00 0.98 0.98 100
 32  ...................   6.47  0.07 0.31/0.31/0.31 1.00 0.98 0.95 100
 33  ...................   7.64  0.06 0.28/0.28/0.28 1.00 0.97 0.92 100
 34  ...................   8.95  0.06 0.24/0.24/0.24 1.00 0.96 0.88 100
 35  ...................  10.60  0.06 0.21/0.21/0.21 1.00 0.96 0.85 100
 36  ...................  11.61  0.05 0.18/0.18/0.18 1.00 0.89 0.75 100
 37  ...................  12.87  0.07 0.16/0.16/0.16 1.00 0.90 0.67 100
 38  ...................  14.13  0.05 0.15/0.15/0.15 1.00 0.89 0.60 100
 39  ...................  15.70  0.03 0.14/0.14/0.14 1.00 0.90 0.54 100
 40  ...................  17.22  0.03 0.14/0.14/0.14 1.00 0.90 0.48 100
 41  ...................  18.41  0.02 0.15/0.15/0.15 1.00 0.89 0.43 100
 42  ...................  19.15  0.02 0.16/0.16/0.16 1.00 0.88 0.38 100
 43  ...................  20.20  0.01 0.19/0.19/0.19 1.00 0.92 0.35 100
 44  ...................  19.04  0.01 0.24/0.24/0.24 1.00 0.85 0.30 100
 45  ...................  18.21  0.01 0.30/0.30/0.30 1.00 0.91 0.27 100
 46  ...................  14.88  0.01 0.38/0.38/0.38 1.00 0.82 0.22 100
 47  ...................  12.11  0.01 0.47/0.47/0.47 1.00 0.88 0.19 100
 48  ...................   8.06  0.01 0.58/0.58/0.58 1.00 0.77 0.15 100
 49  ...................   4.67  0.01 0.68/0.68/0.68 1.00 0.73 0.11 100
 50  ...................   3.01  0.00 0.77/0.77/0.77 1.00 0.87 0.10 100
 51  ...................   1.40  0.01 0.85/0.85/0.85 1.00 0.68 0.06 100
 52  ...................   0.65  0.00 0.90/0.90/0.90 1.00 0.74 0.05 100
 53  ...................   0.33  0.00 0.94/0.94/0.94 1.00 0.86 0.04 100
 54  ...................   0.15  0.00 0.97/0.97/0.97 1.00 0.83 0.03 100
 55  ...................   0.07  0.01 0.98/0.98/0.98 1.00 0.90 0.03 100
 56  ...................   0.02  0.00 0.99/0.99/0.99 1.00 0.56 0.02 100
 57  ...................   0.01  0.00 1.00/1.00/1.00 1.00 0.80 0.01   0
 58  ...................   0.00  0.00 1.00/1.00/1.00 1.00 0.75 0.01   0
 59  ...................   0.00  0.00 1.00/1.00/1.00 1.00 0.67 0.01   0
 60  ...................   0.00  0.00 1.00/1.00/1.00 1.00 0.50 0.00   0
[mcl] jury pruning marks: <100,100,100>, out of 100
[mcl] jury pruning synopsis: <100.0 or really really really good> (cf -scheme, -do log)
[mcl] output is in /local/wiwie/ClustEval/repository/results/05_06_2013-15_52_16_tcga/clusters/MCL_norm_tcga.146.results
[mcl] 1 clusters found
[mcl] output is in /local/wiwie/ClustEval/repository/results/05_06_2013-15_52_16_tcga/clusters/MCL_norm_tcga.146.results

Please cite:
    Stijn van Dongen, Graph Clustering by Flow Simulation.  PhD thesis,
    University of Utrecht, May 2000.
       (  http://www.library.uu.nl/digiarchief/dip/diss/1895620/full.pdf
       or  http://micans.org/mcl/lit/svdthesis.pdf.gz)
OR
    Stijn van Dongen, A cluster algorithm for graphs. Technical
    Report INS-R0010, National Research Institute for Mathematics
    and Computer Science in the Netherlands, Amsterdam, May 2000.
       (  http://www.cwi.nl/ftp/CWIreports/INS/INS-R0010.ps.Z
       or  http://micans.org/mcl/lit/INS-R0010.ps.Z)

