....[mcl] new tab created
[mcl] pid 25878
 ite -------------------  chaos  time hom(avg,lo,hi) expa expb expc fmv
  1  ...................   0.11  0.08 1.01/1.00/1.02 1.00 1.00 1.00 100
  2  ...................   0.13  0.11 0.99/0.99/0.99 1.00 1.00 1.00 100
  3  ...................   0.17  0.07 0.98/0.98/0.98 1.00 1.00 1.00 100
  4  ...................   0.22  0.08 0.97/0.97/0.97 1.00 1.00 1.00 100
  5  ...................   0.29  0.08 0.96/0.96/0.96 1.00 1.00 1.00 100
  6  ...................   0.38  0.10 0.93/0.93/0.93 1.00 1.00 1.00 100
  7  ...................   0.50  0.07 0.89/0.89/0.89 1.00 1.00 1.00 100
  8  ...................   0.67  0.11 0.84/0.84/0.84 1.00 1.00 1.00 100
  9  ...................   0.91  0.07 0.77/0.77/0.77 1.00 1.00 1.00 100
 10  ...................   1.24  0.10 0.69/0.69/0.69 1.00 1.00 1.00 100
 11  ...................   1.75  0.07 0.60/0.60/0.60 1.00 1.00 1.00 100
 12  ...................   2.51  0.10 0.51/0.51/0.51 1.00 1.00 1.00 100
 13  ...................   3.72  0.07 0.43/0.43/0.43 1.00 1.00 1.00 100
 14  ...................   5.54  0.08 0.34/0.34/0.34 1.00 0.97 0.97 100
 15  ...................   8.10  0.08 0.26/0.26/0.26 1.00 0.93 0.90 100
 16  ...................  11.33  0.07 0.19/0.19/0.19 1.00 0.86 0.78 100
 17  ...................  14.21  0.07 0.15/0.15/0.15 1.00 0.77 0.60 100
 18  ...................  17.62  0.03 0.14/0.14/0.14 1.00 0.78 0.46 100
 19  ...................  19.73  0.02 0.18/0.18/0.18 1.00 0.76 0.35 100
 20  ...................  18.20  0.02 0.30/0.30/0.30 1.00 0.76 0.27 100
 21  ...................  10.67  0.01 0.50/0.50/0.50 1.00 0.66 0.18 100
 22  ...................   3.56  0.01 0.74/0.74/0.74 1.00 0.56 0.10 100
 23  ...................   0.68  0.00 0.90/0.90/0.90 1.00 0.48 0.05 100
 24  ...................   0.13  0.01 0.97/0.97/0.97 1.00 0.71 0.03 100
 25  ...................   0.01  0.00 1.00/1.00/1.00 1.00 0.50 0.02 100
 26  ...................   0.00  0.00 1.00/1.00/1.00 1.00 0.40 0.01   0
 27  ...................   0.00  0.00 1.00/1.00/1.00 1.00 0.50 0.00   0
[mcl] jury pruning marks: <100,100,100>, out of 100
[mcl] jury pruning synopsis: <100.0 or really really really good> (cf -scheme, -do log)
[mcl] output is in /local/wiwie/ClustEval/repository/results/05_06_2013-15_52_16_tcga/clusters/MCL_norm_tcga.76.results
[mcl] 1 clusters found
[mcl] output is in /local/wiwie/ClustEval/repository/results/05_06_2013-15_52_16_tcga/clusters/MCL_norm_tcga.76.results

Please cite:
    Stijn van Dongen, Graph Clustering by Flow Simulation.  PhD thesis,
    University of Utrecht, May 2000.
       (  http://www.library.uu.nl/digiarchief/dip/diss/1895620/full.pdf
       or  http://micans.org/mcl/lit/svdthesis.pdf.gz)
OR
    Stijn van Dongen, A cluster algorithm for graphs. Technical
    Report INS-R0010, National Research Institute for Mathematics
    and Computer Science in the Netherlands, Amsterdam, May 2000.
       (  http://www.cwi.nl/ftp/CWIreports/INS/INS-R0010.ps.Z
       or  http://micans.org/mcl/lit/INS-R0010.ps.Z)

