....[mcl] new tab created
[mcl] pid 31015
 ite -------------------  chaos  time hom(avg,lo,hi) expa expb expc fmv
  1  ...................   0.11  0.07 1.01/1.00/1.02 1.00 1.00 1.00 100
  2  ...................   0.11  0.07 0.99/0.99/0.99 1.00 1.00 1.00 100
  3  ...................   0.12  0.07 0.99/0.99/0.99 1.00 1.00 1.00 100
  4  ...................   0.13  0.55 0.99/0.99/0.99 1.00 1.00 1.00 100
  5  ...................   0.15  0.07 0.99/0.99/0.99 1.00 1.00 1.00 100
  6  ...................   0.16  0.07 0.98/0.98/0.98 1.00 1.00 1.00 100
  7  ...................   0.18  0.07 0.98/0.98/0.98 1.00 1.00 1.00 100
  8  ...................   0.20  0.07 0.98/0.98/0.98 1.00 1.00 1.00 100
  9  ...................   0.22  0.07 0.97/0.97/0.97 1.00 1.00 1.00 100
 10  ...................   0.25  0.07 0.97/0.97/0.97 1.00 1.00 1.00 100
 11  ...................   0.28  0.07 0.96/0.96/0.96 1.00 1.00 1.00 100
 12  ...................   0.31  0.07 0.95/0.95/0.95 1.00 1.00 1.00 100
 13  ...................   0.34  0.07 0.94/0.94/0.94 1.00 1.00 1.00 100
 14  ...................   0.38  0.07 0.93/0.93/0.93 1.00 1.00 1.00 100
 15  ...................   0.43  0.06 0.92/0.92/0.92 1.00 1.00 1.00 100
 16  ...................   0.48  0.07 0.90/0.90/0.90 1.00 1.00 1.00 100
 17  ...................   0.53  0.07 0.88/0.88/0.88 1.00 1.00 1.00 100
 18  ...................   0.60  0.06 0.86/0.86/0.86 1.00 1.00 1.00 100
 19  ...................   0.67  0.06 0.84/0.84/0.84 1.00 1.00 1.00 100
 20  ...................   0.75  0.06 0.82/0.82/0.82 1.00 1.00 1.00 100
 21  ...................   0.85  0.07 0.79/0.79/0.79 1.00 1.00 1.00 100
 22  ...................   0.96  0.07 0.76/0.76/0.76 1.00 1.00 1.00 100
 23  ...................   1.08  0.07 0.73/0.73/0.73 1.00 1.00 1.00 100
 24  ...................   1.23  0.07 0.69/0.69/0.69 1.00 1.00 1.00 100
 25  ...................   1.40  0.07 0.66/0.66/0.66 1.00 1.00 1.00 100
 26  ...................   1.59  0.07 0.62/0.62/0.62 1.00 1.00 1.00 100
 27  ...................   1.82  0.06 0.59/0.59/0.59 1.00 1.00 1.00 100
 28  ...................   2.10  0.07 0.56/0.56/0.56 1.00 1.00 1.00 100
 29  ...................   2.42  0.06 0.52/0.52/0.52 1.00 1.00 1.00 100
 30  ...................   2.81  0.07 0.49/0.49/0.49 1.00 1.00 1.00 100
 31  ...................   3.27  0.07 0.45/0.45/0.45 1.00 1.00 1.00 100
 32  ...................   3.82  0.07 0.42/0.42/0.42 1.00 1.00 1.00 100
 33  ...................   4.50  0.07 0.39/0.39/0.39 1.00 1.00 1.00 100
 34  ...................   5.23  0.07 0.36/0.36/0.36 1.00 0.98 0.98 100
 35  ...................   6.10  0.07 0.32/0.32/0.32 1.00 0.98 0.96 100
 36  ...................   7.14  0.07 0.29/0.29/0.29 1.00 0.98 0.94 100
 37  ...................   8.13  0.07 0.26/0.26/0.26 1.00 0.95 0.89 100
 38  ...................   9.49  0.06 0.23/0.23/0.23 1.00 0.97 0.87 100
 39  ...................  10.78  0.05 0.20/0.20/0.20 1.00 0.94 0.82 100
 40  ...................  11.95  0.05 0.18/0.18/0.18 1.00 0.92 0.75 100
 41  ...................  13.03  0.04 0.16/0.16/0.16 1.00 0.90 0.67 100
 42  ...................  14.17  0.04 0.15/0.15/0.15 1.00 0.90 0.60 100
 43  ...................  15.64  0.03 0.14/0.14/0.14 1.00 0.92 0.55 100
 44  ...................  16.79  0.03 0.14/0.14/0.14 1.00 0.90 0.49 100
 45  ...................  17.88  0.02 0.14/0.14/0.14 1.00 0.90 0.44 100
 46  ...................  19.48  0.02 0.15/0.15/0.15 1.00 0.93 0.41 100
 47  ...................  19.40  0.01 0.18/0.18/0.18 1.00 0.87 0.36 100
 48  ...................  19.41  0.01 0.21/0.21/0.21 1.00 0.90 0.32 100
 49  ...................  18.52  0.01 0.25/0.25/0.25 1.00 0.88 0.28 100
 50  ...................  17.80  0.02 0.31/0.31/0.31 1.00 0.93 0.26 100
 51  ...................  14.38  0.01 0.38/0.38/0.38 1.00 0.82 0.22 100
 52  ...................  12.14  0.01 0.47/0.47/0.47 1.00 0.90 0.19 100
 53  ...................   8.43  0.01 0.56/0.56/0.56 1.00 0.79 0.15 100
 54  ...................   5.57  0.00 0.66/0.66/0.66 1.00 0.80 0.12 100
 55  ...................   3.35  0.00 0.74/0.74/0.74 1.00 0.78 0.10 100
 56  ...................   2.09  0.00 0.82/0.82/0.82 1.00 0.86 0.08 100
 57  ...................   1.01  0.01 0.88/0.88/0.88 1.00 0.71 0.06 100
 58  ...................   0.46  0.00 0.92/0.92/0.92 1.00 0.71 0.04 100
 59  ...................   0.28  0.00 0.95/0.95/0.95 1.00 1.00 0.04 100
 60  ...................   0.13  0.00 0.97/0.97/0.97 1.00 0.83 0.03 100
 61  ...................   0.06  0.00 0.99/0.99/0.99 1.00 0.80 0.03 100
 62  ...................   0.02  0.00 0.99/0.99/0.99 1.00 0.62 0.02 100
 63  ...................   0.01  0.01 1.00/1.00/1.00 1.00 0.80 0.01   0
 64  ...................   0.00  0.00 1.00/1.00/1.00 1.00 0.75 0.01   0
 65  ...................   0.00  0.00 1.00/1.00/1.00 1.00 0.67 0.01   0
 66  ...................   0.00  0.00 1.00/1.00/1.00 1.00 1.00 0.01   0
 67  ...................   0.00  0.00 1.00/1.00/1.00 1.00 0.50 0.00   0
[mcl] jury pruning marks: <100,100,100>, out of 100
[mcl] jury pruning synopsis: <100.0 or really really really good> (cf -scheme, -do log)
[mcl] output is in /local/wiwie/ClustEval/repository/results/05_06_2013-15_52_16_tcga/clusters/MCL_norm_tcga.135.results
[mcl] 1 clusters found
[mcl] output is in /local/wiwie/ClustEval/repository/results/05_06_2013-15_52_16_tcga/clusters/MCL_norm_tcga.135.results

Please cite:
    Stijn van Dongen, Graph Clustering by Flow Simulation.  PhD thesis,
    University of Utrecht, May 2000.
       (  http://www.library.uu.nl/digiarchief/dip/diss/1895620/full.pdf
       or  http://micans.org/mcl/lit/svdthesis.pdf.gz)
OR
    Stijn van Dongen, A cluster algorithm for graphs. Technical
    Report INS-R0010, National Research Institute for Mathematics
    and Computer Science in the Netherlands, Amsterdam, May 2000.
       (  http://www.cwi.nl/ftp/CWIreports/INS/INS-R0010.ps.Z
       or  http://micans.org/mcl/lit/INS-R0010.ps.Z)

