....[mcl] new tab created
[mcl] pid 33272
 ite -------------------  chaos  time hom(avg,lo,hi) expa expb expc fmv
  1  ...................   0.11  0.08 1.01/1.00/1.02 1.00 1.00 1.00 100
  2  ...................   0.11  0.08 0.99/0.99/0.99 1.00 1.00 1.00 100
  3  ...................   0.12  0.07 0.99/0.99/0.99 1.00 1.00 1.00 100
  4  ...................   0.13  0.08 0.99/0.99/0.99 1.00 1.00 1.00 100
  5  ...................   0.15  0.07 0.99/0.99/0.99 1.00 1.00 1.00 100
  6  ...................   0.16  0.07 0.98/0.98/0.98 1.00 1.00 1.00 100
  7  ...................   0.18  0.07 0.98/0.98/0.98 1.00 1.00 1.00 100
  8  ...................   0.20  0.07 0.98/0.98/0.98 1.00 1.00 1.00 100
  9  ...................   0.22  0.07 0.97/0.97/0.97 1.00 1.00 1.00 100
 10  ...................   0.25  0.07 0.97/0.97/0.97 1.00 1.00 1.00 100
 11  ...................   0.27  0.08 0.96/0.96/0.96 1.00 1.00 1.00 100
 12  ...................   0.31  0.07 0.95/0.95/0.95 1.00 1.00 1.00 100
 13  ...................   0.34  0.07 0.94/0.94/0.94 1.00 1.00 1.00 100
 14  ...................   0.38  0.07 0.93/0.93/0.93 1.00 1.00 1.00 100
 15  ...................   0.42  0.07 0.92/0.92/0.92 1.00 1.00 1.00 100
 16  ...................   0.47  0.07 0.90/0.90/0.90 1.00 1.00 1.00 100
 17  ...................   0.53  0.08 0.89/0.89/0.89 1.00 1.00 1.00 100
 18  ...................   0.59  0.07 0.87/0.87/0.87 1.00 1.00 1.00 100
 19  ...................   0.66  0.07 0.84/0.84/0.84 1.00 1.00 1.00 100
 20  ...................   0.74  0.08 0.82/0.82/0.82 1.00 1.00 1.00 100
 21  ...................   0.83  0.07 0.79/0.79/0.79 1.00 1.00 1.00 100
 22  ...................   0.94  0.07 0.76/0.76/0.76 1.00 1.00 1.00 100
 23  ...................   1.06  0.07 0.73/0.73/0.73 1.00 1.00 1.00 100
 24  ...................   1.20  0.08 0.70/0.70/0.70 1.00 1.00 1.00 100
 25  ...................   1.36  0.07 0.67/0.67/0.67 1.00 1.00 1.00 100
 26  ...................   1.55  0.07 0.63/0.63/0.63 1.00 1.00 1.00 100
 27  ...................   1.78  0.07 0.60/0.60/0.60 1.00 1.00 1.00 100
 28  ...................   2.04  0.07 0.56/0.56/0.56 1.00 1.00 1.00 100
 29  ...................   2.35  0.07 0.53/0.53/0.53 1.00 1.00 1.00 100
 30  ...................   2.72  0.06 0.50/0.50/0.50 1.00 1.00 1.00 100
 31  ...................   3.16  0.07 0.46/0.46/0.46 1.00 1.00 1.00 100
 32  ...................   3.69  0.07 0.43/0.43/0.43 1.00 1.00 1.00 100
 33  ...................   4.32  0.08 0.40/0.40/0.40 1.00 1.00 1.00 100
 34  ...................   5.06  0.07 0.37/0.37/0.37 1.00 0.99 0.99 100
 35  ...................   5.90  0.07 0.33/0.33/0.33 1.00 0.98 0.97 100
 36  ...................   6.86  0.07 0.30/0.30/0.30 1.00 0.98 0.95 100
 37  ...................   7.88  0.06 0.27/0.27/0.27 1.00 0.96 0.91 100
 38  ...................   9.11  0.06 0.24/0.24/0.24 1.00 0.96 0.88 100
 39  ...................  10.60  0.06 0.21/0.21/0.21 1.00 0.96 0.85 100
 40  ...................  11.61  0.06 0.19/0.19/0.19 1.00 0.91 0.77 100
 41  ...................  12.67  0.04 0.17/0.17/0.17 1.00 0.90 0.69 100
 42  ...................  13.97  0.05 0.15/0.15/0.15 1.00 0.91 0.63 100
 43  ...................  15.21  0.03 0.14/0.14/0.14 1.00 0.90 0.57 100
 44  ...................  16.61  0.03 0.14/0.14/0.14 1.00 0.91 0.52 100
 45  ...................  17.56  0.03 0.14/0.14/0.14 1.00 0.89 0.46 100
 46  ...................  18.66  0.02 0.15/0.15/0.15 1.00 0.90 0.42 100
 47  ...................  18.90  0.02 0.17/0.17/0.17 1.00 0.88 0.37 100
 48  ...................  20.13  0.01 0.19/0.19/0.19 1.00 0.94 0.34 100
 49  ...................  19.61  0.01 0.23/0.23/0.23 1.00 0.89 0.31 100
 50  ...................  18.12  0.01 0.29/0.29/0.29 1.00 0.88 0.27 100
 51  ...................  15.92  0.01 0.36/0.36/0.36 1.00 0.87 0.24 100
 52  ...................  12.77  0.01 0.44/0.44/0.44 1.00 0.84 0.20 100
 53  ...................  10.12  0.01 0.53/0.53/0.53 1.00 0.88 0.17 100
 54  ...................   6.22  0.00 0.62/0.62/0.62 1.00 0.73 0.13 100
 55  ...................   4.01  0.00 0.71/0.71/0.71 1.00 0.81 0.10 100
 56  ...................   2.40  0.01 0.79/0.79/0.79 1.00 0.80 0.08 100
 57  ...................   1.34  0.00 0.85/0.85/0.85 1.00 0.79 0.06 100
 58  ...................   0.65  0.00 0.90/0.90/0.90 1.00 0.74 0.05 100
 59  ...................   0.35  0.00 0.94/0.94/0.94 1.00 0.86 0.04 100
 60  ...................   0.17  0.01 0.97/0.97/0.97 1.00 0.83 0.03 100
 61  ...................   0.10  0.00 0.98/0.98/0.98 1.00 1.00 0.03 100
 62  ...................   0.04  0.00 0.99/0.99/0.99 1.00 0.80 0.03 100
 63  ...................   0.01  0.00 0.99/0.99/0.99 1.00 0.62 0.02 100
 64  ...................   0.00  0.00 1.00/1.00/1.00 1.00 0.60 0.01   0
 65  ...................   0.00  0.00 1.00/1.00/1.00 1.00 0.67 0.01   0
 66  ...................   0.00  0.00 1.00/1.00/1.00 1.00 1.00 0.01   0
 67  ...................   0.00  0.00 1.00/1.00/1.00 1.00 0.50 0.00   0
[mcl] jury pruning marks: <100,100,100>, out of 100
[mcl] jury pruning synopsis: <100.0 or really really really good> (cf -scheme, -do log)
[mcl] output is in /local/wiwie/ClustEval/repository/results/05_06_2013-15_52_16_tcga/clusters/MCL_norm_tcga.182.results
[mcl] 1 clusters found
[mcl] output is in /local/wiwie/ClustEval/repository/results/05_06_2013-15_52_16_tcga/clusters/MCL_norm_tcga.182.results

Please cite:
    Stijn van Dongen, Graph Clustering by Flow Simulation.  PhD thesis,
    University of Utrecht, May 2000.
       (  http://www.library.uu.nl/digiarchief/dip/diss/1895620/full.pdf
       or  http://micans.org/mcl/lit/svdthesis.pdf.gz)
OR
    Stijn van Dongen, A cluster algorithm for graphs. Technical
    Report INS-R0010, National Research Institute for Mathematics
    and Computer Science in the Netherlands, Amsterdam, May 2000.
       (  http://www.cwi.nl/ftp/CWIreports/INS/INS-R0010.ps.Z
       or  http://micans.org/mcl/lit/INS-R0010.ps.Z)

