....[mcl] new tab created
[mcl] pid 763
 ite -------------------  chaos  time hom(avg,lo,hi) expa expb expc fmv
  1  ...................   0.11  0.08 1.01/1.00/1.02 1.00 1.00 1.00 100
  2  ...................   0.11  0.08 0.99/0.99/0.99 1.00 1.00 1.00 100
  3  ...................   0.13  0.07 0.99/0.99/0.99 1.00 1.00 1.00 100
  4  ...................   0.15  0.07 0.99/0.99/0.99 1.00 1.00 1.00 100
  5  ...................   0.17  0.07 0.98/0.98/0.98 1.00 1.00 1.00 100
  6  ...................   0.19  0.08 0.98/0.98/0.98 1.00 1.00 1.00 100
  7  ...................   0.22  0.07 0.97/0.97/0.97 1.00 1.00 1.00 100
  8  ...................   0.26  0.08 0.96/0.96/0.96 1.00 1.00 1.00 100
  9  ...................   0.30  0.07 0.95/0.95/0.95 1.00 1.00 1.00 100
 10  ...................   0.34  0.08 0.94/0.94/0.94 1.00 1.00 1.00 100
 11  ...................   0.40  0.07 0.93/0.93/0.93 1.00 1.00 1.00 100
 12  ...................   0.46  0.07 0.91/0.91/0.91 1.00 1.00 1.00 100
 13  ...................   0.53  0.07 0.88/0.88/0.88 1.00 1.00 1.00 100
 14  ...................   0.62  0.07 0.86/0.86/0.86 1.00 1.00 1.00 100
 15  ...................   0.73  0.08 0.82/0.82/0.82 1.00 1.00 1.00 100
 16  ...................   0.85  0.07 0.79/0.79/0.79 1.00 1.00 1.00 100
 17  ...................   1.00  0.07 0.75/0.75/0.75 1.00 1.00 1.00 100
 18  ...................   1.18  0.07 0.70/0.70/0.70 1.00 1.00 1.00 100
 19  ...................   1.40  0.07 0.66/0.66/0.66 1.00 1.00 1.00 100
 20  ...................   1.67  0.07 0.61/0.61/0.61 1.00 1.00 1.00 100
 21  ...................   2.01  0.07 0.57/0.57/0.57 1.00 1.00 1.00 100
 22  ...................   2.43  0.07 0.52/0.52/0.52 1.00 1.00 1.00 100
 23  ...................   2.96  0.07 0.48/0.48/0.48 1.00 1.00 1.00 100
 24  ...................   3.64  0.07 0.43/0.43/0.43 1.00 1.00 1.00 100
 25  ...................   4.51  0.07 0.39/0.39/0.39 1.00 1.00 1.00 100
 26  ...................   5.51  0.07 0.35/0.35/0.35 1.00 0.98 0.97 100
 27  ...................   6.79  0.07 0.30/0.30/0.30 1.00 0.98 0.95 100
 28  ...................   8.15  0.06 0.26/0.26/0.26 1.00 0.94 0.89 100
 29  ...................   9.98  0.06 0.22/0.22/0.22 1.00 0.95 0.85 100
 30  ...................  11.57  0.06 0.19/0.19/0.19 1.00 0.90 0.77 100
 31  ...................  13.08  0.04 0.16/0.16/0.16 1.00 0.88 0.67 100
 32  ...................  14.72  0.04 0.14/0.14/0.14 1.00 0.87 0.59 100
 33  ...................  16.65  0.03 0.14/0.14/0.14 1.00 0.88 0.52 100
 34  ...................  17.94  0.02 0.14/0.14/0.14 1.00 0.86 0.44 100
 35  ...................  19.33  0.02 0.16/0.16/0.16 1.00 0.88 0.39 100
 36  ...................  19.82  0.02 0.20/0.20/0.20 1.00 0.87 0.34 100
 37  ...................  18.55  0.02 0.25/0.25/0.25 1.00 0.84 0.28 100
 38  ...................  16.67  0.01 0.34/0.34/0.34 1.00 0.87 0.25 100
 39  ...................  12.70  0.01 0.44/0.44/0.44 1.00 0.81 0.20 100
 40  ...................   8.21  0.00 0.57/0.57/0.57 1.00 0.76 0.15 100
 41  ...................   4.55  0.01 0.69/0.69/0.69 1.00 0.73 0.11 100
 42  ...................   2.32  0.00 0.80/0.80/0.80 1.00 0.75 0.08 100
 43  ...................   1.00  0.01 0.88/0.88/0.88 1.00 0.71 0.06 100
 44  ...................   0.39  0.00 0.93/0.93/0.93 1.00 0.71 0.04 100
 45  ...................   0.16  0.00 0.97/0.97/0.97 1.00 0.83 0.03 100
 46  ...................   0.06  0.00 0.99/0.99/0.99 1.00 0.80 0.03 100
 47  ...................   0.01  0.00 0.99/0.99/0.99 1.00 0.62 0.02 100
 48  ...................   0.00  0.00 1.00/1.00/1.00 1.00 0.60 0.01   0
 49  ...................   0.00  0.01 1.00/1.00/1.00 1.00 0.67 0.01   0
 50  ...................   0.00  0.00 1.00/1.00/1.00 1.00 0.50 0.00   0
[mcl] jury pruning marks: <100,100,100>, out of 100
[mcl] jury pruning synopsis: <100.0 or really really really good> (cf -scheme, -do log)
[mcl] output is in /local/wiwie/ClustEval/repository/results/05_06_2013-15_52_16_tcga/clusters/MCL_norm_tcga.107.results
[mcl] 1 clusters found
[mcl] output is in /local/wiwie/ClustEval/repository/results/05_06_2013-15_52_16_tcga/clusters/MCL_norm_tcga.107.results

Please cite:
    Stijn van Dongen, Graph Clustering by Flow Simulation.  PhD thesis,
    University of Utrecht, May 2000.
       (  http://www.library.uu.nl/digiarchief/dip/diss/1895620/full.pdf
       or  http://micans.org/mcl/lit/svdthesis.pdf.gz)
OR
    Stijn van Dongen, A cluster algorithm for graphs. Technical
    Report INS-R0010, National Research Institute for Mathematics
    and Computer Science in the Netherlands, Amsterdam, May 2000.
       (  http://www.cwi.nl/ftp/CWIreports/INS/INS-R0010.ps.Z
       or  http://micans.org/mcl/lit/INS-R0010.ps.Z)

