....[mcl] new tab created
[mcl] pid 7334
 ite -------------------  chaos  time hom(avg,lo,hi) expa expb expc fmv
  1  ...................   0.11  0.07 1.01/1.00/1.02 1.00 1.00 1.00 100
  2  ...................   0.25  0.07 0.97/0.96/0.97 1.00 1.00 1.00 100
  3  ...................   0.66  0.08 0.85/0.85/0.85 1.00 1.00 1.00 100
  4  ...................   2.01  0.06 0.57/0.57/0.57 1.00 1.00 1.00 100
  5  ...................   7.71  0.06 0.27/0.27/0.27 1.00 0.91 0.91 100
  6  ...................  18.47  0.05 0.15/0.15/0.15 1.00 0.46 0.42 100
  7  ...................   4.51  0.02 0.69/0.69/0.69 1.00 0.26 0.11 100
  8  ...................   0.01  0.00 1.00/1.00/1.00 1.00 0.12 0.01 100
  9  ...................   0.00  0.00 1.00/1.00/1.00 1.00 0.25 0.00   0
[mcl] jury pruning marks: <100,100,100>, out of 100
[mcl] jury pruning synopsis: <100.0 or really really really good> (cf -scheme, -do log)
[mcl] output is in /local/wiwie/ClustEval/repository/results/05_06_2013-15_52_16_tcga/clusters/MCL_norm_tcga.52.results
[mcl] 1 clusters found
[mcl] output is in /local/wiwie/ClustEval/repository/results/05_06_2013-15_52_16_tcga/clusters/MCL_norm_tcga.52.results

Please cite:
    Stijn van Dongen, Graph Clustering by Flow Simulation.  PhD thesis,
    University of Utrecht, May 2000.
       (  http://www.library.uu.nl/digiarchief/dip/diss/1895620/full.pdf
       or  http://micans.org/mcl/lit/svdthesis.pdf.gz)
OR
    Stijn van Dongen, A cluster algorithm for graphs. Technical
    Report INS-R0010, National Research Institute for Mathematics
    and Computer Science in the Netherlands, Amsterdam, May 2000.
       (  http://www.cwi.nl/ftp/CWIreports/INS/INS-R0010.ps.Z
       or  http://micans.org/mcl/lit/INS-R0010.ps.Z)

