....[mcl] new tab created
[mcl] pid 33034
 ite -------------------  chaos  time hom(avg,lo,hi) expa expb expc fmv
  1  ...................   0.11  0.07 1.01/1.00/1.02 1.00 1.00 1.00 100
  2  ...................   0.11  0.08 0.99/0.99/0.99 1.00 1.00 1.00 100
  3  ...................   0.12  0.06 0.99/0.99/0.99 1.00 1.00 1.00 100
  4  ...................   0.13  0.06 0.99/0.99/0.99 1.00 1.00 1.00 100
  5  ...................   0.14  0.06 0.99/0.99/0.99 1.00 1.00 1.00 100
  6  ...................   0.16  0.06 0.99/0.99/0.99 1.00 1.00 1.00 100
  7  ...................   0.18  0.07 0.98/0.98/0.98 1.00 1.00 1.00 100
  8  ...................   0.20  0.07 0.98/0.98/0.98 1.00 1.00 1.00 100
  9  ...................   0.22  0.07 0.97/0.97/0.97 1.00 1.00 1.00 100
 10  ...................   0.24  0.07 0.97/0.97/0.97 1.00 1.00 1.00 100
 11  ...................   0.26  0.07 0.96/0.96/0.96 1.00 1.00 1.00 100
 12  ...................   0.29  0.07 0.96/0.96/0.96 1.00 1.00 1.00 100
 13  ...................   0.32  0.07 0.95/0.95/0.95 1.00 1.00 1.00 100
 14  ...................   0.36  0.07 0.94/0.94/0.94 1.00 1.00 1.00 100
 15  ...................   0.40  0.07 0.93/0.93/0.93 1.00 1.00 1.00 100
 16  ...................   0.44  0.07 0.91/0.91/0.91 1.00 1.00 1.00 100
 17  ...................   0.49  0.07 0.90/0.90/0.90 1.00 1.00 1.00 100
 18  ...................   0.55  0.06 0.88/0.88/0.88 1.00 1.00 1.00 100
 19  ...................   0.61  0.07 0.86/0.86/0.86 1.00 1.00 1.00 100
 20  ...................   0.68  0.07 0.84/0.84/0.84 1.00 1.00 1.00 100
 21  ...................   0.76  0.06 0.81/0.81/0.81 1.00 1.00 1.00 100
 22  ...................   0.86  0.07 0.79/0.79/0.79 1.00 1.00 1.00 100
 23  ...................   0.96  0.07 0.76/0.76/0.76 1.00 1.00 1.00 100
 24  ...................   1.08  0.06 0.73/0.73/0.73 1.00 1.00 1.00 100
 25  ...................   1.22  0.06 0.70/0.70/0.70 1.00 1.00 1.00 100
 26  ...................   1.38  0.06 0.66/0.66/0.66 1.00 1.00 1.00 100
 27  ...................   1.56  0.06 0.63/0.63/0.63 1.00 1.00 1.00 100
 28  ...................   1.77  0.06 0.60/0.60/0.60 1.00 1.00 1.00 100
 29  ...................   2.03  0.06 0.56/0.56/0.56 1.00 1.00 1.00 100
 30  ...................   2.32  0.07 0.53/0.53/0.53 1.00 1.00 1.00 100
 31  ...................   2.67  0.07 0.50/0.50/0.50 1.00 1.00 1.00 100
 32  ...................   3.09  0.07 0.47/0.47/0.47 1.00 1.00 1.00 100
 33  ...................   3.58  0.07 0.44/0.44/0.44 1.00 1.00 1.00 100
 34  ...................   4.16  0.07 0.40/0.40/0.40 1.00 1.00 1.00 100
 35  ...................   4.86  0.07 0.37/0.37/0.37 1.00 1.00 0.99 100
 36  ...................   5.60  0.07 0.34/0.34/0.34 1.00 0.98 0.97 100
 37  ...................   6.48  0.07 0.31/0.31/0.31 1.00 0.98 0.95 100
 38  ...................   7.53  0.06 0.28/0.28/0.28 1.00 0.98 0.93 100
 39  ...................   8.57  0.06 0.25/0.25/0.25 1.00 0.96 0.89 100
 40  ...................   9.89  0.05 0.22/0.22/0.22 1.00 0.97 0.86 100
 41  ...................  11.10  0.06 0.20/0.20/0.20 1.00 0.94 0.81 100
 42  ...................  12.03  0.04 0.18/0.18/0.18 1.00 0.90 0.73 100
 43  ...................  13.09  0.04 0.16/0.16/0.16 1.00 0.91 0.66 100
 44  ...................  14.25  0.04 0.15/0.15/0.15 1.00 0.91 0.60 100
 45  ...................  15.67  0.03 0.14/0.14/0.14 1.00 0.92 0.55 100
 46  ...................  16.79  0.03 0.14/0.14/0.14 1.00 0.90 0.49 100
 47  ...................  17.75  0.02 0.14/0.14/0.14 1.00 0.90 0.44 100
 48  ...................  19.23  0.02 0.15/0.15/0.15 1.00 0.93 0.41 100
 49  ...................  19.07  0.02 0.17/0.17/0.17 1.00 0.87 0.36 100
 50  ...................  19.89  0.02 0.20/0.20/0.20 1.00 0.93 0.33 100
 51  ...................  18.92  0.02 0.24/0.24/0.24 1.00 0.88 0.29 100
 52  ...................  18.17  0.01 0.29/0.29/0.29 1.00 0.92 0.27 100
 53  ...................  15.67  0.01 0.36/0.36/0.36 1.00 0.86 0.23 100
 54  ...................  12.75  0.00 0.44/0.44/0.44 1.00 0.85 0.20 100
 55  ...................  10.13  0.00 0.53/0.53/0.53 1.00 0.88 0.17 100
 56  ...................   6.28  0.01 0.61/0.61/0.61 1.00 0.73 0.13 100
 57  ...................   4.38  0.01 0.70/0.70/0.70 1.00 0.86 0.11 100
 58  ...................   2.81  0.00 0.78/0.78/0.78 1.00 0.84 0.09 100
 59  ...................   1.42  0.00 0.84/0.84/0.84 1.00 0.70 0.06 100
 60  ...................   0.76  0.01 0.90/0.90/0.90 1.00 0.79 0.05 100
 61  ...................   0.39  0.00 0.93/0.93/0.93 1.00 0.80 0.04 100
 62  ...................   0.22  0.00 0.96/0.96/0.96 1.00 0.92 0.04 100
 63  ...................   0.12  0.00 0.98/0.98/0.98 1.00 0.91 0.03 100
 64  ...................   0.05  0.00 0.99/0.99/0.99 1.00 0.80 0.03 100
 65  ...................   0.02  0.00 0.99/0.99/0.99 1.00 0.62 0.02 100
 66  ...................   0.01  0.00 1.00/1.00/1.00 1.00 0.80 0.01   0
 67  ...................   0.00  0.00 1.00/1.00/1.00 1.00 0.75 0.01   0
 68  ...................   0.00  0.00 1.00/1.00/1.00 1.00 0.67 0.01   0
 69  ...................   0.00  0.00 1.00/1.00/1.00 1.00 1.00 0.01   0
 70  ...................   0.00  0.00 1.00/1.00/1.00 1.00 0.50 0.00   0
[mcl] jury pruning marks: <100,100,100>, out of 100
[mcl] jury pruning synopsis: <100.0 or really really really good> (cf -scheme, -do log)
[mcl] output is in /local/wiwie/ClustEval/repository/results/05_06_2013-15_52_16_tcga/clusters/MCL_norm_tcga.218.results
[mcl] 1 clusters found
[mcl] output is in /local/wiwie/ClustEval/repository/results/05_06_2013-15_52_16_tcga/clusters/MCL_norm_tcga.218.results

Please cite:
    Stijn van Dongen, Graph Clustering by Flow Simulation.  PhD thesis,
    University of Utrecht, May 2000.
       (  http://www.library.uu.nl/digiarchief/dip/diss/1895620/full.pdf
       or  http://micans.org/mcl/lit/svdthesis.pdf.gz)
OR
    Stijn van Dongen, A cluster algorithm for graphs. Technical
    Report INS-R0010, National Research Institute for Mathematics
    and Computer Science in the Netherlands, Amsterdam, May 2000.
       (  http://www.cwi.nl/ftp/CWIreports/INS/INS-R0010.ps.Z
       or  http://micans.org/mcl/lit/INS-R0010.ps.Z)

