....[mcl] new tab created
[mcl] pid 33827
 ite -------------------  chaos  time hom(avg,lo,hi) expa expb expc fmv
  1  ...................   0.11  0.08 1.01/1.00/1.02 1.00 1.00 1.00 100
  2  ...................   0.19  0.07 0.98/0.98/0.98 1.00 1.00 1.00 100
  3  ...................   0.37  0.08 0.94/0.94/0.94 1.00 1.00 1.00 100
  4  ...................   0.74  0.08 0.82/0.82/0.82 1.00 1.00 1.00 100
  5  ...................   1.62  0.07 0.62/0.62/0.62 1.00 1.00 1.00 100
  6  ...................   4.07  0.07 0.41/0.41/0.41 1.00 1.00 1.00 100
  7  ...................  10.53  0.07 0.21/0.21/0.21 1.00 0.85 0.85 100
  8  ...................  17.84  0.05 0.14/0.14/0.14 1.00 0.53 0.45 100
  9  ...................  14.01  0.02 0.40/0.40/0.40 1.00 0.47 0.21 100
 10  ...................   0.68  0.00 0.90/0.90/0.90 1.00 0.23 0.05 100
 11  ...................   0.00  0.00 1.00/1.00/1.00 1.00 0.21 0.01 100
 12  ...................   0.00  0.00 1.00/1.00/1.00 1.00 0.33 0.00   0
[mcl] jury pruning marks: <100,100,100>, out of 100
[mcl] jury pruning synopsis: <100.0 or really really really good> (cf -scheme, -do log)
[mcl] output is in /local/wiwie/ClustEval/repository/results/05_06_2013-15_52_16_tcga/clusters/MCL_norm_tcga.44.results
[mcl] 1 clusters found
[mcl] output is in /local/wiwie/ClustEval/repository/results/05_06_2013-15_52_16_tcga/clusters/MCL_norm_tcga.44.results

Please cite:
    Stijn van Dongen, Graph Clustering by Flow Simulation.  PhD thesis,
    University of Utrecht, May 2000.
       (  http://www.library.uu.nl/digiarchief/dip/diss/1895620/full.pdf
       or  http://micans.org/mcl/lit/svdthesis.pdf.gz)
OR
    Stijn van Dongen, A cluster algorithm for graphs. Technical
    Report INS-R0010, National Research Institute for Mathematics
    and Computer Science in the Netherlands, Amsterdam, May 2000.
       (  http://www.cwi.nl/ftp/CWIreports/INS/INS-R0010.ps.Z
       or  http://micans.org/mcl/lit/INS-R0010.ps.Z)

