....[mcl] new tab created
[mcl] pid 45974
 ite -------------------  chaos  time hom(avg,lo,hi) expa expb expc fmv
  1  ...................   0.11  0.07 1.01/1.00/1.02 1.00 1.00 1.00 100
  2  ...................   0.14  0.09 0.99/0.99/0.99 1.00 1.00 1.00 100
  3  ...................   0.20  0.07 0.98/0.98/0.98 1.00 1.00 1.00 100
  4  ...................   0.28  0.07 0.96/0.96/0.96 1.00 1.00 1.00 100
  5  ...................   0.40  0.10 0.92/0.92/0.92 1.00 1.00 1.00 100
  6  ...................   0.58  0.07 0.87/0.87/0.87 1.00 1.00 1.00 100
  7  ...................   0.86  0.11 0.78/0.78/0.78 1.00 1.00 1.00 100
  8  ...................   1.30  0.11 0.68/0.68/0.68 1.00 1.00 1.00 100
  9  ...................   2.05  0.07 0.56/0.56/0.56 1.00 1.00 1.00 100
 10  ...................   3.37  0.10 0.45/0.45/0.45 1.00 1.00 1.00 100
 11  ...................   5.69  0.07 0.34/0.34/0.34 1.00 0.97 0.97 100
 12  ...................   9.37  0.07 0.23/0.23/0.23 1.00 0.90 0.87 100
 13  ...................  13.16  0.07 0.16/0.16/0.16 1.00 0.74 0.65 100
 14  ...................  17.61  0.05 0.14/0.14/0.14 1.00 0.72 0.47 100
 15  ...................  19.33  0.02 0.21/0.21/0.21 1.00 0.69 0.32 100
 16  ...................  13.71  0.01 0.41/0.41/0.41 1.00 0.65 0.21 100
 17  ...................   3.95  0.00 0.71/0.71/0.71 1.00 0.49 0.10 100
 18  ...................   0.46  0.01 0.92/0.92/0.92 1.00 0.40 0.04 100
 19  ...................   0.05  0.00 0.99/0.99/0.99 1.00 0.67 0.03 100
 20  ...................   0.00  0.00 1.00/1.00/1.00 1.00 0.25 0.01 100
 21  ...................   0.00  0.00 1.00/1.00/1.00 1.00 0.50 0.00   0
[mcl] jury pruning marks: <100,100,100>, out of 100
[mcl] jury pruning synopsis: <100.0 or really really really good> (cf -scheme, -do log)
[mcl] output is in /local/wiwie/ClustEval/repository/results/05_06_2013-15_52_16_tcga/clusters/MCL_norm_tcga.82.results
[mcl] 1 clusters found
[mcl] output is in /local/wiwie/ClustEval/repository/results/05_06_2013-15_52_16_tcga/clusters/MCL_norm_tcga.82.results

Please cite:
    Stijn van Dongen, Graph Clustering by Flow Simulation.  PhD thesis,
    University of Utrecht, May 2000.
       (  http://www.library.uu.nl/digiarchief/dip/diss/1895620/full.pdf
       or  http://micans.org/mcl/lit/svdthesis.pdf.gz)
OR
    Stijn van Dongen, A cluster algorithm for graphs. Technical
    Report INS-R0010, National Research Institute for Mathematics
    and Computer Science in the Netherlands, Amsterdam, May 2000.
       (  http://www.cwi.nl/ftp/CWIreports/INS/INS-R0010.ps.Z
       or  http://micans.org/mcl/lit/INS-R0010.ps.Z)

