....[mcl] new tab created
[mcl] pid 64617
 ite -------------------  chaos  time hom(avg,lo,hi) expa expb expc fmv
  1  ...................   0.11  0.07 1.01/1.00/1.02 1.00 1.00 1.00 100
  2  ...................   0.15  0.07 0.99/0.99/0.99 1.00 1.00 1.00 100
  3  ...................   0.22  0.07 0.97/0.97/0.97 1.00 1.00 1.00 100
  4  ...................   0.34  0.07 0.94/0.94/0.94 1.00 1.00 1.00 100
  5  ...................   0.53  0.07 0.89/0.89/0.89 1.00 1.00 1.00 100
  6  ...................   0.83  0.07 0.79/0.79/0.79 1.00 1.00 1.00 100
  7  ...................   1.36  0.07 0.67/0.67/0.67 1.00 1.00 1.00 100
  8  ...................   2.34  0.07 0.53/0.53/0.53 1.00 1.00 1.00 100
  9  ...................   4.29  0.07 0.40/0.40/0.40 1.00 1.00 1.00 100
 10  ...................   7.84  0.07 0.27/0.27/0.27 1.00 0.92 0.91 100
 11  ...................  12.78  0.06 0.17/0.17/0.17 1.00 0.77 0.71 100
 12  ...................  17.51  0.06 0.14/0.14/0.14 1.00 0.66 0.46 100
 13  ...................  19.53  0.03 0.23/0.23/0.23 1.00 0.66 0.31 100
 14  ...................  10.22  0.01 0.52/0.52/0.52 1.00 0.57 0.17 100
 15  ...................   1.38  0.00 0.85/0.85/0.85 1.00 0.37 0.06 100
 16  ...................   0.10  0.01 0.98/0.98/0.98 1.00 0.53 0.03 100
 17  ...................   0.00  0.00 1.00/1.00/1.00 1.00 0.30 0.01 100
 18  ...................   0.00  0.00 1.00/1.00/1.00 1.00 0.33 0.00   0
[mcl] jury pruning marks: <100,100,100>, out of 100
[mcl] jury pruning synopsis: <100.0 or really really really good> (cf -scheme, -do log)
[mcl] output is in /local/wiwie/ClustEval/repository/results/05_06_2013-15_52_16_tcga/clusters/MCL_norm_tcga.87.results
[mcl] 1 clusters found
[mcl] output is in /local/wiwie/ClustEval/repository/results/05_06_2013-15_52_16_tcga/clusters/MCL_norm_tcga.87.results

Please cite:
    Stijn van Dongen, Graph Clustering by Flow Simulation.  PhD thesis,
    University of Utrecht, May 2000.
       (  http://www.library.uu.nl/digiarchief/dip/diss/1895620/full.pdf
       or  http://micans.org/mcl/lit/svdthesis.pdf.gz)
OR
    Stijn van Dongen, A cluster algorithm for graphs. Technical
    Report INS-R0010, National Research Institute for Mathematics
    and Computer Science in the Netherlands, Amsterdam, May 2000.
       (  http://www.cwi.nl/ftp/CWIreports/INS/INS-R0010.ps.Z
       or  http://micans.org/mcl/lit/INS-R0010.ps.Z)

