....[mcl] new tab created
[mcl] pid 57951
 ite -------------------  chaos  time hom(avg,lo,hi) expa expb expc fmv
  1  ...................   0.11  0.07 1.01/1.00/1.02 1.00 1.00 1.00 100
  2  ...................   0.11  0.07 0.99/0.99/0.99 1.00 1.00 1.00 100
  3  ...................   0.12  0.06 0.99/0.99/0.99 1.00 1.00 1.00 100
  4  ...................   0.13  0.06 0.99/0.99/0.99 1.00 1.00 1.00 100
  5  ...................   0.15  0.07 0.99/0.99/0.99 1.00 1.00 1.00 100
  6  ...................   0.16  0.07 0.98/0.98/0.98 1.00 1.00 1.00 100
  7  ...................   0.18  0.07 0.98/0.98/0.98 1.00 1.00 1.00 100
  8  ...................   0.20  0.07 0.98/0.98/0.98 1.00 1.00 1.00 100
  9  ...................   0.22  0.07 0.97/0.97/0.97 1.00 1.00 1.00 100
 10  ...................   0.24  0.07 0.97/0.97/0.97 1.00 1.00 1.00 100
 11  ...................   0.27  0.07 0.96/0.96/0.96 1.00 1.00 1.00 100
 12  ...................   0.30  0.07 0.95/0.95/0.95 1.00 1.00 1.00 100
 13  ...................   0.34  0.07 0.94/0.94/0.94 1.00 1.00 1.00 100
 14  ...................   0.37  0.06 0.93/0.93/0.93 1.00 1.00 1.00 100
 15  ...................   0.42  0.07 0.92/0.92/0.92 1.00 1.00 1.00 100
 16  ...................   0.46  0.07 0.91/0.91/0.91 1.00 1.00 1.00 100
 17  ...................   0.52  0.06 0.89/0.89/0.89 1.00 1.00 1.00 100
 18  ...................   0.58  0.07 0.87/0.87/0.87 1.00 1.00 1.00 100
 19  ...................   0.65  0.07 0.85/0.85/0.85 1.00 1.00 1.00 100
 20  ...................   0.72  0.07 0.82/0.82/0.82 1.00 1.00 1.00 100
 21  ...................   0.81  0.08 0.80/0.80/0.80 1.00 1.00 1.00 100
 22  ...................   0.92  0.07 0.77/0.77/0.77 1.00 1.00 1.00 100
 23  ...................   1.03  0.07 0.74/0.74/0.74 1.00 1.00 1.00 100
 24  ...................   1.17  0.07 0.71/0.71/0.71 1.00 1.00 1.00 100
 25  ...................   1.32  0.07 0.67/0.67/0.67 1.00 1.00 1.00 100
 26  ...................   1.50  0.07 0.64/0.64/0.64 1.00 1.00 1.00 100
 27  ...................   1.71  0.06 0.61/0.61/0.61 1.00 1.00 1.00 100
 28  ...................   1.96  0.07 0.57/0.57/0.57 1.00 1.00 1.00 100
 29  ...................   2.26  0.07 0.54/0.54/0.54 1.00 1.00 1.00 100
 30  ...................   2.60  0.07 0.50/0.50/0.50 1.00 1.00 1.00 100
 31  ...................   3.02  0.07 0.47/0.47/0.47 1.00 1.00 1.00 100
 32  ...................   3.52  0.07 0.44/0.44/0.44 1.00 1.00 1.00 100
 33  ...................   4.10  0.06 0.41/0.41/0.41 1.00 1.00 1.00 100
 34  ...................   4.81  0.07 0.38/0.38/0.38 1.00 1.00 0.99 100
 35  ...................   5.56  0.07 0.34/0.34/0.34 1.00 0.98 0.97 100
 36  ...................   6.47  0.07 0.31/0.31/0.31 1.00 0.98 0.95 100
 37  ...................   7.55  0.06 0.28/0.28/0.28 1.00 0.98 0.93 100
 38  ...................   8.64  0.06 0.25/0.25/0.25 1.00 0.96 0.89 100
 39  ...................   9.94  0.05 0.22/0.22/0.22 1.00 0.96 0.85 100
 40  ...................  11.11  0.06 0.20/0.20/0.20 1.00 0.93 0.79 100
 41  ...................  12.26  0.04 0.17/0.17/0.17 1.00 0.91 0.72 100
 42  ...................  13.19  0.05 0.16/0.16/0.16 1.00 0.89 0.65 100
 43  ...................  14.56  0.04 0.15/0.15/0.15 1.00 0.92 0.59 100
 44  ...................  15.97  0.02 0.14/0.14/0.14 1.00 0.91 0.54 100
 45  ...................  17.12  0.03 0.14/0.14/0.14 1.00 0.90 0.48 100
 46  ...................  18.23  0.03 0.14/0.14/0.14 1.00 0.90 0.44 100
 47  ...................  18.89  0.02 0.16/0.16/0.16 1.00 0.89 0.39 100
 48  ...................  19.64  0.02 0.18/0.18/0.18 1.00 0.91 0.35 100
 49  ...................  19.07  0.02 0.21/0.21/0.21 1.00 0.87 0.31 100
 50  ...................  18.21  0.01 0.26/0.26/0.26 1.00 0.89 0.28 100
 51  ...................  17.59  0.01 0.32/0.32/0.32 1.00 0.94 0.26 100
 52  ...................  14.08  0.01 0.39/0.39/0.39 1.00 0.82 0.21 100
 53  ...................  12.03  0.01 0.48/0.48/0.48 1.00 0.92 0.19 100
 54  ...................   8.15  0.01 0.57/0.57/0.57 1.00 0.77 0.15 100
 55  ...................   5.35  0.01 0.66/0.66/0.66 1.00 0.80 0.12 100
 56  ...................   3.32  0.00 0.75/0.75/0.75 1.00 0.80 0.10 100
 57  ...................   2.08  0.01 0.82/0.82/0.82 1.00 0.86 0.08 100
 58  ...................   1.01  0.00 0.88/0.88/0.88 1.00 0.71 0.06 100
 59  ...................   0.46  0.00 0.92/0.92/0.92 1.00 0.71 0.04 100
 60  ...................   0.29  0.00 0.95/0.95/0.95 1.00 1.00 0.04 100
 61  ...................   0.14  0.01 0.97/0.97/0.97 1.00 0.83 0.03 100
 62  ...................   0.07  0.00 0.98/0.98/0.98 1.00 0.90 0.03 100
 63  ...................   0.02  0.00 0.99/0.99/0.99 1.00 0.56 0.02 100
 64  ...................   0.01  0.00 1.00/1.00/1.00 1.00 0.80 0.01   0
 65  ...................   0.00  0.00 1.00/1.00/1.00 1.00 0.75 0.01   0
 66  ...................   0.00  0.00 1.00/1.00/1.00 1.00 0.67 0.01   0
 67  ...................   0.00  0.00 1.00/1.00/1.00 1.00 1.00 0.01   0
 68  ...................   0.00  0.00 1.00/1.00/1.00 1.00 0.50 0.00   0
[mcl] jury pruning marks: <100,100,100>, out of 100
[mcl] jury pruning synopsis: <100.0 or really really really good> (cf -scheme, -do log)
[mcl] output is in /local/wiwie/ClustEval/repository/results/05_06_2013-15_52_16_tcga/clusters/MCL_norm_tcga.178.results
[mcl] 1 clusters found
[mcl] output is in /local/wiwie/ClustEval/repository/results/05_06_2013-15_52_16_tcga/clusters/MCL_norm_tcga.178.results

Please cite:
    Stijn van Dongen, Graph Clustering by Flow Simulation.  PhD thesis,
    University of Utrecht, May 2000.
       (  http://www.library.uu.nl/digiarchief/dip/diss/1895620/full.pdf
       or  http://micans.org/mcl/lit/svdthesis.pdf.gz)
OR
    Stijn van Dongen, A cluster algorithm for graphs. Technical
    Report INS-R0010, National Research Institute for Mathematics
    and Computer Science in the Netherlands, Amsterdam, May 2000.
       (  http://www.cwi.nl/ftp/CWIreports/INS/INS-R0010.ps.Z
       or  http://micans.org/mcl/lit/INS-R0010.ps.Z)

