....[mcl] new tab created
[mcl] pid 20676
 ite -------------------  chaos  time hom(avg,lo,hi) expa expb expc fmv
  1  ...................   0.11  0.08 1.01/1.00/1.02 1.00 1.00 1.00 100
  2  ...................   0.11  0.07 0.99/0.99/0.99 1.00 1.00 1.00 100
  3  ...................   0.12  0.07 0.99/0.99/0.99 1.00 1.00 1.00 100
  4  ...................   0.13  0.09 0.99/0.99/0.99 1.00 1.00 1.00 100
  5  ...................   0.14  0.07 0.99/0.99/0.99 1.00 1.00 1.00 100
  6  ...................   0.16  0.08 0.99/0.99/0.99 1.00 1.00 1.00 100
  7  ...................   0.18  0.07 0.98/0.98/0.98 1.00 1.00 1.00 100
  8  ...................   0.19  0.07 0.98/0.98/0.98 1.00 1.00 1.00 100
  9  ...................   0.21  0.07 0.97/0.97/0.97 1.00 1.00 1.00 100
 10  ...................   0.24  0.08 0.97/0.97/0.97 1.00 1.00 1.00 100
 11  ...................   0.26  0.07 0.96/0.96/0.96 1.00 1.00 1.00 100
 12  ...................   0.29  0.09 0.96/0.96/0.96 1.00 1.00 1.00 100
 13  ...................   0.32  0.10 0.95/0.95/0.95 1.00 1.00 1.00 100
 14  ...................   0.36  0.07 0.94/0.94/0.94 1.00 1.00 1.00 100
 15  ...................   0.39  0.07 0.93/0.93/0.93 1.00 1.00 1.00 100
 16  ...................   0.44  0.07 0.91/0.91/0.91 1.00 1.00 1.00 100
 17  ...................   0.49  0.07 0.90/0.90/0.90 1.00 1.00 1.00 100
 18  ...................   0.54  0.07 0.88/0.88/0.88 1.00 1.00 1.00 100
 19  ...................   0.60  0.07 0.86/0.86/0.86 1.00 1.00 1.00 100
 20  ...................   0.67  0.08 0.84/0.84/0.84 1.00 1.00 1.00 100
 21  ...................   0.75  0.08 0.82/0.82/0.82 1.00 1.00 1.00 100
 22  ...................   0.84  0.09 0.79/0.79/0.79 1.00 1.00 1.00 100
 23  ...................   0.94  0.07 0.76/0.76/0.76 1.00 1.00 1.00 100
 24  ...................   1.05  0.09 0.73/0.73/0.73 1.00 1.00 1.00 100
 25  ...................   1.19  0.07 0.70/0.70/0.70 1.00 1.00 1.00 100
 26  ...................   1.34  0.09 0.67/0.67/0.67 1.00 1.00 1.00 100
 27  ...................   1.52  0.07 0.64/0.64/0.64 1.00 1.00 1.00 100
 28  ...................   1.72  0.09 0.60/0.60/0.60 1.00 1.00 1.00 100
 29  ...................   1.96  0.07 0.57/0.57/0.57 1.00 1.00 1.00 100
 30  ...................   2.24  0.09 0.54/0.54/0.54 1.00 1.00 1.00 100
 31  ...................   2.58  0.07 0.51/0.51/0.51 1.00 1.00 1.00 100
 32  ...................   2.97  0.10 0.48/0.48/0.48 1.00 1.00 1.00 100
 33  ...................   3.44  0.07 0.44/0.44/0.44 1.00 1.00 1.00 100
 34  ...................   3.99  0.09 0.41/0.41/0.41 1.00 1.00 1.00 100
 35  ...................   4.66  0.07 0.38/0.38/0.38 1.00 1.00 1.00 100
 36  ...................   5.35  0.08 0.35/0.35/0.35 1.00 0.98 0.98 100
 37  ...................   6.20  0.07 0.32/0.32/0.32 1.00 0.98 0.96 100
 38  ...................   7.18  0.07 0.29/0.29/0.29 1.00 0.98 0.94 100
 39  ...................   8.13  0.08 0.26/0.26/0.26 1.00 0.95 0.89 100
 40  ...................   9.40  0.06 0.23/0.23/0.23 1.00 0.97 0.87 100
 41  ...................  10.83  0.06 0.21/0.21/0.21 1.00 0.96 0.84 100
 42  ...................  11.65  0.05 0.18/0.18/0.18 1.00 0.90 0.75 100
 43  ...................  12.77  0.04 0.17/0.17/0.17 1.00 0.91 0.69 100
 44  ...................  13.78  0.05 0.15/0.15/0.15 1.00 0.90 0.62 100
 45  ...................  15.21  0.05 0.14/0.14/0.14 1.00 0.92 0.57 100
 46  ...................  16.70  0.03 0.14/0.14/0.14 1.00 0.92 0.53 100
 47  ...................  17.68  0.03 0.14/0.14/0.14 1.00 0.90 0.47 100
 48  ...................  18.57  0.03 0.15/0.15/0.15 1.00 0.90 0.42 100
 49  ...................  19.14  0.02 0.16/0.16/0.16 1.00 0.90 0.38 100
 50  ...................  19.83  0.02 0.19/0.19/0.19 1.00 0.92 0.35 100
 51  ...................  19.21  0.02 0.22/0.22/0.22 1.00 0.88 0.31 100
 52  ...................  18.14  0.01 0.27/0.27/0.27 1.00 0.89 0.27 100
 53  ...................  17.37  0.01 0.33/0.33/0.33 1.00 0.94 0.26 100
 54  ...................  14.01  0.01 0.40/0.40/0.40 1.00 0.83 0.21 100
 55  ...................  11.74  0.01 0.48/0.48/0.48 1.00 0.90 0.19 100
 56  ...................   8.10  0.00 0.57/0.57/0.57 1.00 0.79 0.15 100
 57  ...................   5.35  0.00 0.66/0.66/0.66 1.00 0.80 0.12 100
 58  ...................   3.35  0.00 0.74/0.74/0.74 1.00 0.80 0.10 100
 59  ...................   2.13  0.00 0.81/0.81/0.81 1.00 0.86 0.08 100
 60  ...................   1.06  0.00 0.87/0.87/0.87 1.00 0.71 0.06 100
 61  ...................   0.50  0.00 0.92/0.92/0.92 1.00 0.71 0.04 100
 62  ...................   0.31  0.01 0.95/0.95/0.95 1.00 1.00 0.04 100
 63  ...................   0.16  0.00 0.97/0.97/0.97 1.00 0.83 0.03 100
 64  ...................   0.08  0.00 0.98/0.98/0.98 1.00 0.90 0.03 100
 65  ...................   0.04  0.00 0.99/0.99/0.99 1.00 0.89 0.03 100
 66  ...................   0.01  0.00 1.00/1.00/1.00 1.00 0.62 0.02 100
 67  ...................   0.00  0.00 1.00/1.00/1.00 1.00 0.60 0.01   0
 68  ...................   0.00  0.00 1.00/1.00/1.00 1.00 1.00 0.01   0
 69  ...................   0.00  0.00 1.00/1.00/1.00 1.00 0.67 0.01   0
 70  ...................   0.00  0.00 1.00/1.00/1.00 1.00 0.50 0.00   0
[mcl] jury pruning marks: <100,100,100>, out of 100
[mcl] jury pruning synopsis: <100.0 or really really really good> (cf -scheme, -do log)
[mcl] output is in /local/wiwie/ClustEval/repository/results/05_06_2013-15_52_16_tcga/clusters/MCL_norm_tcga.164.results
[mcl] 1 clusters found
[mcl] output is in /local/wiwie/ClustEval/repository/results/05_06_2013-15_52_16_tcga/clusters/MCL_norm_tcga.164.results

Please cite:
    Stijn van Dongen, Graph Clustering by Flow Simulation.  PhD thesis,
    University of Utrecht, May 2000.
       (  http://www.library.uu.nl/digiarchief/dip/diss/1895620/full.pdf
       or  http://micans.org/mcl/lit/svdthesis.pdf.gz)
OR
    Stijn van Dongen, A cluster algorithm for graphs. Technical
    Report INS-R0010, National Research Institute for Mathematics
    and Computer Science in the Netherlands, Amsterdam, May 2000.
       (  http://www.cwi.nl/ftp/CWIreports/INS/INS-R0010.ps.Z
       or  http://micans.org/mcl/lit/INS-R0010.ps.Z)

