....[mcl] new tab created
[mcl] pid 58899
 ite -------------------  chaos  time hom(avg,lo,hi) expa expb expc fmv
  1  ...................   0.11  0.10 1.01/1.00/1.02 1.00 1.00 1.00 100
  2  ...................   0.11  0.07 0.99/0.99/0.99 1.00 1.00 1.00 100
  3  ...................   0.12  0.10 0.99/0.99/0.99 1.00 1.00 1.00 100
  4  ...................   0.14  0.12 0.99/0.99/0.99 1.00 1.00 1.00 100
  5  ...................   0.16  0.06 0.99/0.99/0.99 1.00 1.00 1.00 100
  6  ...................   0.17  0.06 0.98/0.98/0.98 1.00 1.00 1.00 100
  7  ...................   0.20  0.06 0.98/0.98/0.98 1.00 1.00 1.00 100
  8  ...................   0.22  0.07 0.97/0.97/0.97 1.00 1.00 1.00 100
  9  ...................   0.25  0.07 0.97/0.97/0.97 1.00 1.00 1.00 100
 10  ...................   0.28  0.08 0.96/0.96/0.96 1.00 1.00 1.00 100
 11  ...................   0.32  0.07 0.95/0.95/0.95 1.00 1.00 1.00 100
 12  ...................   0.36  0.07 0.94/0.94/0.94 1.00 1.00 1.00 100
 13  ...................   0.41  0.07 0.92/0.92/0.92 1.00 1.00 1.00 100
 14  ...................   0.46  0.07 0.91/0.91/0.91 1.00 1.00 1.00 100
 15  ...................   0.52  0.07 0.89/0.89/0.89 1.00 1.00 1.00 100
 16  ...................   0.59  0.07 0.87/0.87/0.87 1.00 1.00 1.00 100
 17  ...................   0.68  0.07 0.84/0.84/0.84 1.00 1.00 1.00 100
 18  ...................   0.77  0.07 0.81/0.81/0.81 1.00 1.00 1.00 100
 19  ...................   0.88  0.07 0.78/0.78/0.78 1.00 1.00 1.00 100
 20  ...................   1.01  0.07 0.74/0.74/0.74 1.00 1.00 1.00 100
 21  ...................   1.16  0.06 0.71/0.71/0.71 1.00 1.00 1.00 100
 22  ...................   1.34  0.06 0.67/0.67/0.67 1.00 1.00 1.00 100
 23  ...................   1.56  0.06 0.63/0.63/0.63 1.00 1.00 1.00 100
 24  ...................   1.82  0.06 0.59/0.59/0.59 1.00 1.00 1.00 100
 25  ...................   2.13  0.07 0.55/0.55/0.55 1.00 1.00 1.00 100
 26  ...................   2.50  0.07 0.51/0.51/0.51 1.00 1.00 1.00 100
 27  ...................   2.96  0.06 0.48/0.48/0.48 1.00 1.00 1.00 100
 28  ...................   3.53  0.06 0.44/0.44/0.44 1.00 1.00 1.00 100
 29  ...................   4.22  0.06 0.40/0.40/0.40 1.00 1.00 1.00 100
 30  ...................   5.06  0.07 0.37/0.37/0.37 1.00 0.99 0.99 100
 31  ...................   6.01  0.06 0.33/0.33/0.33 1.00 0.98 0.97 100
 32  ...................   7.14  0.06 0.29/0.29/0.29 1.00 0.97 0.94 100
 33  ...................   8.32  0.06 0.26/0.26/0.26 1.00 0.95 0.89 100
 34  ...................   9.88  0.06 0.22/0.22/0.22 1.00 0.96 0.86 100
 35  ...................  11.22  0.05 0.19/0.19/0.19 1.00 0.92 0.79 100
 36  ...................  12.60  0.05 0.17/0.17/0.17 1.00 0.90 0.71 100
 37  ...................  13.92  0.03 0.15/0.15/0.15 1.00 0.89 0.63 100
 38  ...................  15.46  0.03 0.14/0.14/0.14 1.00 0.90 0.57 100
 39  ...................  16.84  0.03 0.14/0.14/0.14 1.00 0.89 0.51 100
 40  ...................  17.84  0.03 0.14/0.14/0.14 1.00 0.87 0.44 100
 41  ...................  18.80  0.02 0.16/0.16/0.16 1.00 0.88 0.39 100
 42  ...................  19.72  0.02 0.18/0.18/0.18 1.00 0.90 0.35 100
 43  ...................  19.29  0.02 0.22/0.22/0.22 1.00 0.87 0.31 100
 44  ...................  18.30  0.01 0.28/0.28/0.28 1.00 0.89 0.27 100
 45  ...................  15.67  0.01 0.36/0.36/0.36 1.00 0.85 0.23 100
 46  ...................  12.36  0.01 0.45/0.45/0.45 1.00 0.84 0.19 100
 47  ...................   8.71  0.00 0.56/0.56/0.56 1.00 0.81 0.16 100
 48  ...................   5.33  0.00 0.66/0.66/0.66 1.00 0.76 0.12 100
 49  ...................   3.17  0.01 0.76/0.76/0.76 1.00 0.80 0.10 100
 50  ...................   1.47  0.00 0.84/0.84/0.84 1.00 0.68 0.06 100
 51  ...................   0.69  0.00 0.90/0.90/0.90 1.00 0.74 0.05 100
 52  ...................   0.35  0.00 0.94/0.94/0.94 1.00 0.86 0.04 100
 53  ...................   0.16  0.01 0.97/0.97/0.97 1.00 0.83 0.03 100
 54  ...................   0.07  0.00 0.98/0.98/0.98 1.00 0.90 0.03 100
 55  ...................   0.02  0.00 0.99/0.99/0.99 1.00 0.56 0.02 100
 56  ...................   0.01  0.00 1.00/1.00/1.00 1.00 0.80 0.01   0
 57  ...................   0.00  0.00 1.00/1.00/1.00 1.00 0.75 0.01   0
 58  ...................   0.00  0.00 1.00/1.00/1.00 1.00 0.67 0.01   0
 59  ...................   0.00  0.00 1.00/1.00/1.00 1.00 0.50 0.00   0
[mcl] jury pruning marks: <100,100,100>, out of 100
[mcl] jury pruning synopsis: <100.0 or really really really good> (cf -scheme, -do log)
[mcl] output is in /local/wiwie/ClustEval/repository/results/05_06_2013-15_52_16_tcga/clusters/MCL_norm_tcga.148.results
[mcl] 1 clusters found
[mcl] output is in /local/wiwie/ClustEval/repository/results/05_06_2013-15_52_16_tcga/clusters/MCL_norm_tcga.148.results

Please cite:
    Stijn van Dongen, Graph Clustering by Flow Simulation.  PhD thesis,
    University of Utrecht, May 2000.
       (  http://www.library.uu.nl/digiarchief/dip/diss/1895620/full.pdf
       or  http://micans.org/mcl/lit/svdthesis.pdf.gz)
OR
    Stijn van Dongen, A cluster algorithm for graphs. Technical
    Report INS-R0010, National Research Institute for Mathematics
    and Computer Science in the Netherlands, Amsterdam, May 2000.
       (  http://www.cwi.nl/ftp/CWIreports/INS/INS-R0010.ps.Z
       or  http://micans.org/mcl/lit/INS-R0010.ps.Z)

