....[mcl] new tab created
[mcl] pid 1823
 ite -------------------  chaos  time hom(avg,lo,hi) expa expb expc fmv
  1  ...................   0.11  0.09 1.01/1.00/1.02 1.00 1.00 1.00 100
  2  ...................   0.51  0.07 0.89/0.88/0.90 1.00 1.00 1.00 100
  3  ...................   3.91  0.11 0.42/0.42/0.42 1.00 1.00 1.00 100
  4  ...................  20.10  0.06 0.20/0.20/0.20 1.00 0.34 0.34 100
  5  ...................   0.01  0.01 1.00/1.00/1.00 1.00 0.04 0.01 100
  6  ...................   0.00  0.00 1.00/1.00/1.00 1.00 0.25 0.00   0
[mcl] jury pruning marks: <100,100,99>, out of 100
[mcl] jury pruning synopsis: <99.9 or perfect> (cf -scheme, -do log)
[mcl] output is in /local/wiwie/ClustEval/repository/results/05_06_2013-15_52_16_tcga/clusters/MCL_norm_tcga.14.results
[mcl] 1 clusters found
[mcl] output is in /local/wiwie/ClustEval/repository/results/05_06_2013-15_52_16_tcga/clusters/MCL_norm_tcga.14.results

Please cite:
    Stijn van Dongen, Graph Clustering by Flow Simulation.  PhD thesis,
    University of Utrecht, May 2000.
       (  http://www.library.uu.nl/digiarchief/dip/diss/1895620/full.pdf
       or  http://micans.org/mcl/lit/svdthesis.pdf.gz)
OR
    Stijn van Dongen, A cluster algorithm for graphs. Technical
    Report INS-R0010, National Research Institute for Mathematics
    and Computer Science in the Netherlands, Amsterdam, May 2000.
       (  http://www.cwi.nl/ftp/CWIreports/INS/INS-R0010.ps.Z
       or  http://micans.org/mcl/lit/INS-R0010.ps.Z)

