....[mcl] new tab created
[mcl] pid 21898
 ite -------------------  chaos  time hom(avg,lo,hi) expa expb expc fmv
  1  ...................   0.11  0.07 1.01/1.00/1.02 1.00 1.00 1.00 100
  2  ...................   0.11  0.08 0.99/0.99/0.99 1.00 1.00 1.00 100
  3  ...................   0.12  0.07 0.99/0.99/0.99 1.00 1.00 1.00 100
  4  ...................   0.13  0.07 0.99/0.99/0.99 1.00 1.00 1.00 100
  5  ...................   0.14  0.07 0.99/0.99/0.99 1.00 1.00 1.00 100
  6  ...................   0.16  0.07 0.99/0.99/0.99 1.00 1.00 1.00 100
  7  ...................   0.18  0.07 0.98/0.98/0.98 1.00 1.00 1.00 100
  8  ...................   0.19  0.07 0.98/0.98/0.98 1.00 1.00 1.00 100
  9  ...................   0.21  0.07 0.97/0.97/0.97 1.00 1.00 1.00 100
 10  ...................   0.24  0.07 0.97/0.97/0.97 1.00 1.00 1.00 100
 11  ...................   0.26  0.06 0.96/0.96/0.96 1.00 1.00 1.00 100
 12  ...................   0.29  0.06 0.96/0.96/0.96 1.00 1.00 1.00 100
 13  ...................   0.32  0.06 0.95/0.95/0.95 1.00 1.00 1.00 100
 14  ...................   0.35  0.06 0.94/0.94/0.94 1.00 1.00 1.00 100
 15  ...................   0.39  0.10 0.93/0.93/0.93 1.00 1.00 1.00 100
 16  ...................   0.44  0.07 0.91/0.91/0.91 1.00 1.00 1.00 100
 17  ...................   0.48  0.07 0.90/0.90/0.90 1.00 1.00 1.00 100
 18  ...................   0.54  0.10 0.88/0.88/0.88 1.00 1.00 1.00 100
 19  ...................   0.60  0.07 0.86/0.86/0.86 1.00 1.00 1.00 100
 20  ...................   0.67  0.10 0.84/0.84/0.84 1.00 1.00 1.00 100
 21  ...................   0.74  0.07 0.82/0.82/0.82 1.00 1.00 1.00 100
 22  ...................   0.83  0.10 0.79/0.79/0.79 1.00 1.00 1.00 100
 23  ...................   0.93  0.10 0.77/0.77/0.77 1.00 1.00 1.00 100
 24  ...................   1.05  0.07 0.74/0.74/0.74 1.00 1.00 1.00 100
 25  ...................   1.18  0.10 0.70/0.70/0.70 1.00 1.00 1.00 100
 26  ...................   1.33  0.07 0.67/0.67/0.67 1.00 1.00 1.00 100
 27  ...................   1.50  0.10 0.64/0.64/0.64 1.00 1.00 1.00 100
 28  ...................   1.70  0.06 0.61/0.61/0.61 1.00 1.00 1.00 100
 29  ...................   1.94  0.07 0.57/0.57/0.57 1.00 1.00 1.00 100
 30  ...................   2.22  0.10 0.54/0.54/0.54 1.00 1.00 1.00 100
 31  ...................   2.54  0.07 0.51/0.51/0.51 1.00 1.00 1.00 100
 32  ...................   2.93  0.07 0.48/0.48/0.48 1.00 1.00 1.00 100
 33  ...................   3.39  0.08 0.45/0.45/0.45 1.00 1.00 1.00 100
 34  ...................   3.93  0.07 0.42/0.42/0.42 1.00 1.00 1.00 100
 35  ...................   4.58  0.07 0.39/0.39/0.39 1.00 1.00 1.00 100
 36  ...................   5.28  0.07 0.36/0.36/0.36 1.00 0.98 0.98 100
 37  ...................   6.11  0.07 0.32/0.32/0.32 1.00 0.98 0.96 100
 38  ...................   7.10  0.06 0.29/0.29/0.29 1.00 0.98 0.95 100
 39  ...................   8.03  0.06 0.26/0.26/0.26 1.00 0.95 0.90 100
 40  ...................   9.28  0.06 0.24/0.24/0.24 1.00 0.97 0.87 100
 41  ...................  10.65  0.05 0.21/0.21/0.21 1.00 0.96 0.84 100
 42  ...................  11.60  0.05 0.19/0.19/0.19 1.00 0.91 0.76 100
 43  ...................  12.79  0.05 0.17/0.17/0.17 1.00 0.92 0.70 100
 44  ...................  13.99  0.03 0.15/0.15/0.15 1.00 0.91 0.64 100
 45  ...................  15.03  0.04 0.14/0.14/0.14 1.00 0.90 0.58 100
 46  ...................  16.42  0.03 0.14/0.14/0.14 1.00 0.92 0.53 100
 47  ...................  17.54  0.02 0.14/0.14/0.14 1.00 0.90 0.48 100
 48  ...................  18.48  0.02 0.15/0.15/0.15 1.00 0.90 0.43 100
 49  ...................  19.28  0.02 0.16/0.16/0.16 1.00 0.90 0.39 100
 50  ...................  19.70  0.01 0.18/0.18/0.18 1.00 0.90 0.35 100
 51  ...................  19.19  0.01 0.22/0.22/0.22 1.00 0.88 0.31 100
 52  ...................  18.24  0.00 0.26/0.26/0.26 1.00 0.89 0.28 100
 53  ...................  17.59  0.01 0.32/0.32/0.32 1.00 0.94 0.26 100
 54  ...................  14.11  0.01 0.39/0.39/0.39 1.00 0.82 0.21 100
 55  ...................  12.13  0.01 0.47/0.47/0.47 1.00 0.92 0.19 100
 56  ...................   8.69  0.01 0.56/0.56/0.56 1.00 0.81 0.16 100
 57  ...................   5.85  0.01 0.65/0.65/0.65 1.00 0.80 0.13 100
 58  ...................   3.76  0.00 0.73/0.73/0.73 1.00 0.81 0.10 100
 59  ...................   2.25  0.01 0.80/0.80/0.80 1.00 0.80 0.08 100
 60  ...................   1.13  0.00 0.86/0.86/0.86 1.00 0.71 0.06 100
 61  ...................   0.53  0.00 0.91/0.91/0.91 1.00 0.71 0.04 100
 62  ...................   0.34  0.00 0.94/0.94/0.94 1.00 1.00 0.04 100
 63  ...................   0.17  0.00 0.97/0.97/0.97 1.00 0.83 0.03 100
 64  ...................   0.10  0.00 0.98/0.98/0.98 1.00 1.00 0.03 100
 65  ...................   0.04  0.00 0.99/0.99/0.99 1.00 0.80 0.03 100
 66  ...................   0.01  0.00 0.99/0.99/0.99 1.00 0.62 0.02 100
 67  ...................   0.01  0.00 1.00/1.00/1.00 1.00 0.80 0.01   0
 68  ...................   0.00  0.00 1.00/1.00/1.00 1.00 0.75 0.01   0
 69  ...................   0.00  0.00 1.00/1.00/1.00 1.00 0.67 0.01   0
 70  ...................   0.00  0.00 1.00/1.00/1.00 1.00 0.50 0.00   0
[mcl] jury pruning marks: <100,100,100>, out of 100
[mcl] jury pruning synopsis: <100.0 or really really really good> (cf -scheme, -do log)
[mcl] output is in /local/wiwie/ClustEval/repository/results/05_06_2013-15_52_16_tcga/clusters/MCL_norm_tcga.255.results
[mcl] 1 clusters found
[mcl] output is in /local/wiwie/ClustEval/repository/results/05_06_2013-15_52_16_tcga/clusters/MCL_norm_tcga.255.results

Please cite:
    Stijn van Dongen, Graph Clustering by Flow Simulation.  PhD thesis,
    University of Utrecht, May 2000.
       (  http://www.library.uu.nl/digiarchief/dip/diss/1895620/full.pdf
       or  http://micans.org/mcl/lit/svdthesis.pdf.gz)
OR
    Stijn van Dongen, A cluster algorithm for graphs. Technical
    Report INS-R0010, National Research Institute for Mathematics
    and Computer Science in the Netherlands, Amsterdam, May 2000.
       (  http://www.cwi.nl/ftp/CWIreports/INS/INS-R0010.ps.Z
       or  http://micans.org/mcl/lit/INS-R0010.ps.Z)

