....[mcl] new tab created
[mcl] pid 32667
 ite -------------------  chaos  time hom(avg,lo,hi) expa expb expc fmv
  1  ...................   0.11  0.08 1.01/1.00/1.02 1.00 1.00 1.00 100
  2  ...................   0.32  0.07 0.95/0.94/0.95 1.00 1.00 1.00 100
  3  ...................   1.14  0.07 0.71/0.71/0.71 1.00 1.00 1.00 100
  4  ...................   5.76  0.08 0.34/0.34/0.34 1.00 0.97 0.97 100
  5  ...................  18.93  0.06 0.15/0.15/0.15 1.00 0.42 0.41 100
  6  ...................   1.01  0.01 0.88/0.88/0.88 1.00 0.14 0.06 100
  7  ...................   0.00  0.01 1.00/1.00/1.00 1.00 0.06 0.00 100
[mcl] jury pruning marks: <100,100,100>, out of 100
[mcl] jury pruning synopsis: <100.0 or really really really good> (cf -scheme, -do log)
[mcl] output is in /local/wiwie/ClustEval/repository/results/05_06_2013-15_52_16_tcga/clusters/MCL_norm_tcga.8.results
[mcl] 1 clusters found
[mcl] output is in /local/wiwie/ClustEval/repository/results/05_06_2013-15_52_16_tcga/clusters/MCL_norm_tcga.8.results

Please cite:
    Stijn van Dongen, Graph Clustering by Flow Simulation.  PhD thesis,
    University of Utrecht, May 2000.
       (  http://www.library.uu.nl/digiarchief/dip/diss/1895620/full.pdf
       or  http://micans.org/mcl/lit/svdthesis.pdf.gz)
OR
    Stijn van Dongen, A cluster algorithm for graphs. Technical
    Report INS-R0010, National Research Institute for Mathematics
    and Computer Science in the Netherlands, Amsterdam, May 2000.
       (  http://www.cwi.nl/ftp/CWIreports/INS/INS-R0010.ps.Z
       or  http://micans.org/mcl/lit/INS-R0010.ps.Z)

