....[mcl] new tab created
[mcl] pid 20283
 ite -------------------  chaos  time hom(avg,lo,hi) expa expb expc fmv
  1  ...................   0.11  0.07 1.01/1.00/1.02 1.00 1.00 1.00 100
  2  ...................   0.11  0.08 0.99/0.99/0.99 1.00 1.00 1.00 100
  3  ...................   0.13  0.07 0.99/0.99/0.99 1.00 1.00 1.00 100
  4  ...................   0.15  0.07 0.99/0.99/0.99 1.00 1.00 1.00 100
  5  ...................   0.18  0.08 0.98/0.98/0.98 1.00 1.00 1.00 100
  6  ...................   0.21  0.08 0.98/0.98/0.98 1.00 1.00 1.00 100
  7  ...................   0.25  0.07 0.97/0.97/0.97 1.00 1.00 1.00 100
  8  ...................   0.29  0.07 0.96/0.96/0.96 1.00 1.00 1.00 100
  9  ...................   0.34  0.07 0.94/0.94/0.94 1.00 1.00 1.00 100
 10  ...................   0.40  0.07 0.93/0.93/0.93 1.00 1.00 1.00 100
 11  ...................   0.47  0.08 0.90/0.90/0.90 1.00 1.00 1.00 100
 12  ...................   0.56  0.07 0.88/0.88/0.88 1.00 1.00 1.00 100
 13  ...................   0.66  0.08 0.84/0.84/0.84 1.00 1.00 1.00 100
 14  ...................   0.78  0.07 0.81/0.81/0.81 1.00 1.00 1.00 100
 15  ...................   0.94  0.07 0.76/0.76/0.76 1.00 1.00 1.00 100
 16  ...................   1.13  0.08 0.72/0.72/0.72 1.00 1.00 1.00 100
 17  ...................   1.36  0.08 0.67/0.67/0.67 1.00 1.00 1.00 100
 18  ...................   1.66  0.07 0.61/0.61/0.61 1.00 1.00 1.00 100
 19  ...................   2.03  0.07 0.56/0.56/0.56 1.00 1.00 1.00 100
 20  ...................   2.52  0.08 0.51/0.51/0.51 1.00 1.00 1.00 100
 21  ...................   3.15  0.07 0.46/0.46/0.46 1.00 1.00 1.00 100
 22  ...................   3.97  0.07 0.41/0.41/0.41 1.00 1.00 1.00 100
 23  ...................   5.04  0.07 0.37/0.37/0.37 1.00 0.99 0.99 100
 24  ...................   6.29  0.07 0.32/0.32/0.32 1.00 0.97 0.96 100
 25  ...................   7.83  0.07 0.27/0.27/0.27 1.00 0.95 0.91 100
 26  ...................   9.74  0.07 0.23/0.23/0.23 1.00 0.94 0.86 100
 27  ...................  11.53  0.05 0.19/0.19/0.19 1.00 0.89 0.77 100
 28  ...................  13.16  0.04 0.16/0.16/0.16 1.00 0.86 0.66 100
 29  ...................  15.10  0.04 0.14/0.14/0.14 1.00 0.87 0.57 100
 30  ...................  16.84  0.03 0.14/0.14/0.14 1.00 0.85 0.48 100
 31  ...................  18.70  0.03 0.15/0.15/0.15 1.00 0.87 0.42 100
 32  ...................  19.67  0.02 0.18/0.18/0.18 1.00 0.85 0.36 100
 33  ...................  19.55  0.01 0.23/0.23/0.23 1.00 0.86 0.31 100
 34  ...................  17.59  0.02 0.32/0.32/0.32 1.00 0.84 0.26 100
 35  ...................  12.82  0.01 0.43/0.43/0.43 1.00 0.76 0.20 100
 36  ...................   8.17  0.01 0.57/0.57/0.57 1.00 0.76 0.15 100
 37  ...................   4.34  0.01 0.70/0.70/0.70 1.00 0.73 0.11 100
 38  ...................   2.07  0.00 0.82/0.82/0.82 1.00 0.75 0.08 100
 39  ...................   0.67  0.00 0.90/0.90/0.90 1.00 0.58 0.05 100
 40  ...................   0.28  0.00 0.95/0.95/0.95 1.00 0.86 0.04 100
 41  ...................   0.10  0.00 0.98/0.98/0.98 1.00 0.83 0.03 100
 42  ...................   0.02  0.00 0.99/0.99/0.99 1.00 0.50 0.02 100
 43  ...................   0.00  0.00 1.00/1.00/1.00 1.00 0.60 0.01   0
 44  ...................   0.00  0.00 1.00/1.00/1.00 1.00 0.67 0.01   0
 45  ...................   0.00  0.00 1.00/1.00/1.00 1.00 0.50 0.00   0
[mcl] jury pruning marks: <100,100,100>, out of 100
[mcl] jury pruning synopsis: <100.0 or really really really good> (cf -scheme, -do log)
[mcl] output is in /local/wiwie/ClustEval/repository/results/05_06_2013-15_52_16_tcga/clusters/MCL_norm_tcga.111.results
[mcl] 1 clusters found
[mcl] output is in /local/wiwie/ClustEval/repository/results/05_06_2013-15_52_16_tcga/clusters/MCL_norm_tcga.111.results

Please cite:
    Stijn van Dongen, Graph Clustering by Flow Simulation.  PhD thesis,
    University of Utrecht, May 2000.
       (  http://www.library.uu.nl/digiarchief/dip/diss/1895620/full.pdf
       or  http://micans.org/mcl/lit/svdthesis.pdf.gz)
OR
    Stijn van Dongen, A cluster algorithm for graphs. Technical
    Report INS-R0010, National Research Institute for Mathematics
    and Computer Science in the Netherlands, Amsterdam, May 2000.
       (  http://www.cwi.nl/ftp/CWIreports/INS/INS-R0010.ps.Z
       or  http://micans.org/mcl/lit/INS-R0010.ps.Z)

