....[mcl] new tab created
[mcl] pid 1924
 ite -------------------  chaos  time hom(avg,lo,hi) expa expb expc fmv
  1  ...................   0.11  0.07 1.01/1.00/1.02 1.00 1.00 1.00 100
  2  ...................   0.11  0.08 0.99/0.99/0.99 1.00 1.00 1.00 100
  3  ...................   0.12  0.07 0.99/0.99/0.99 1.00 1.00 1.00 100
  4  ...................   0.13  0.08 0.99/0.99/0.99 1.00 1.00 1.00 100
  5  ...................   0.14  0.07 0.99/0.99/0.99 1.00 1.00 1.00 100
  6  ...................   0.16  0.07 0.99/0.99/0.99 1.00 1.00 1.00 100
  7  ...................   0.18  0.08 0.98/0.98/0.98 1.00 1.00 1.00 100
  8  ...................   0.19  0.11 0.98/0.98/0.98 1.00 1.00 1.00 100
  9  ...................   0.22  0.07 0.97/0.97/0.97 1.00 1.00 1.00 100
 10  ...................   0.24  0.07 0.97/0.97/0.97 1.00 1.00 1.00 100
 11  ...................   0.26  0.07 0.96/0.96/0.96 1.00 1.00 1.00 100
 12  ...................   0.29  0.08 0.96/0.96/0.96 1.00 1.00 1.00 100
 13  ...................   0.32  0.07 0.95/0.95/0.95 1.00 1.00 1.00 100
 14  ...................   0.36  0.08 0.94/0.94/0.94 1.00 1.00 1.00 100
 15  ...................   0.40  0.07 0.93/0.93/0.93 1.00 1.00 1.00 100
 16  ...................   0.44  0.08 0.91/0.91/0.91 1.00 1.00 1.00 100
 17  ...................   0.49  0.07 0.90/0.90/0.90 1.00 1.00 1.00 100
 18  ...................   0.55  0.07 0.88/0.88/0.88 1.00 1.00 1.00 100
 19  ...................   0.61  0.07 0.86/0.86/0.86 1.00 1.00 1.00 100
 20  ...................   0.68  0.07 0.84/0.84/0.84 1.00 1.00 1.00 100
 21  ...................   0.76  0.06 0.81/0.81/0.81 1.00 1.00 1.00 100
 22  ...................   0.85  0.07 0.79/0.79/0.79 1.00 1.00 1.00 100
 23  ...................   0.95  0.07 0.76/0.76/0.76 1.00 1.00 1.00 100
 24  ...................   1.07  0.07 0.73/0.73/0.73 1.00 1.00 1.00 100
 25  ...................   1.21  0.07 0.70/0.70/0.70 1.00 1.00 1.00 100
 26  ...................   1.37  0.08 0.66/0.66/0.66 1.00 1.00 1.00 100
 27  ...................   1.55  0.07 0.63/0.63/0.63 1.00 1.00 1.00 100
 28  ...................   1.76  0.07 0.60/0.60/0.60 1.00 1.00 1.00 100
 29  ...................   2.01  0.07 0.57/0.57/0.57 1.00 1.00 1.00 100
 30  ...................   2.30  0.07 0.53/0.53/0.53 1.00 1.00 1.00 100
 31  ...................   2.65  0.08 0.50/0.50/0.50 1.00 1.00 1.00 100
 32  ...................   3.06  0.07 0.47/0.47/0.47 1.00 1.00 1.00 100
 33  ...................   3.55  0.07 0.44/0.44/0.44 1.00 1.00 1.00 100
 34  ...................   4.12  0.07 0.41/0.41/0.41 1.00 1.00 1.00 100
 35  ...................   4.81  0.07 0.38/0.38/0.38 1.00 1.00 0.99 100
 36  ...................   5.54  0.07 0.34/0.34/0.34 1.00 0.98 0.97 100
 37  ...................   6.43  0.07 0.31/0.31/0.31 1.00 0.98 0.96 100
 38  ...................   7.46  0.07 0.28/0.28/0.28 1.00 0.98 0.94 100
 39  ...................   8.49  0.07 0.25/0.25/0.25 1.00 0.96 0.89 100
 40  ...................   9.76  0.06 0.23/0.23/0.23 1.00 0.96 0.86 100
 41  ...................  10.95  0.05 0.20/0.20/0.20 1.00 0.94 0.81 100
 42  ...................  12.08  0.05 0.18/0.18/0.18 1.00 0.92 0.74 100
 43  ...................  13.10  0.04 0.16/0.16/0.16 1.00 0.90 0.67 100
 44  ...................  14.19  0.04 0.15/0.15/0.15 1.00 0.90 0.60 100
 45  ...................  15.63  0.04 0.14/0.14/0.14 1.00 0.92 0.56 100
 46  ...................  16.77  0.03 0.14/0.14/0.14 1.00 0.90 0.50 100
 47  ...................  17.89  0.02 0.14/0.14/0.14 1.00 0.90 0.45 100
 48  ...................  18.97  0.01 0.15/0.15/0.15 1.00 0.91 0.41 100
 49  ...................  19.03  0.02 0.17/0.17/0.17 1.00 0.88 0.36 100
 50  ...................  19.90  0.02 0.20/0.20/0.20 1.00 0.93 0.34 100
 51  ...................  19.02  0.01 0.24/0.24/0.24 1.00 0.88 0.30 100
 52  ...................  18.13  0.01 0.29/0.29/0.29 1.00 0.91 0.27 100
 53  ...................  15.93  0.01 0.35/0.35/0.35 1.00 0.87 0.24 100
 54  ...................  12.84  0.01 0.43/0.43/0.43 1.00 0.84 0.20 100
 55  ...................  10.47  0.01 0.52/0.52/0.52 1.00 0.90 0.18 100
 56  ...................   6.75  0.01 0.61/0.61/0.61 1.00 0.75 0.13 100
 57  ...................   4.49  0.00 0.69/0.69/0.69 1.00 0.82 0.11 100
 58  ...................   3.01  0.01 0.77/0.77/0.77 1.00 0.87 0.10 100
 59  ...................   1.48  0.00 0.84/0.84/0.84 1.00 0.68 0.06 100
 60  ...................   0.80  0.00 0.89/0.89/0.89 1.00 0.79 0.05 100
 61  ...................   0.41  0.01 0.93/0.93/0.93 1.00 0.80 0.04 100
 62  ...................   0.26  0.00 0.96/0.96/0.96 1.00 1.00 0.04 100
 63  ...................   0.13  0.00 0.97/0.97/0.97 1.00 0.83 0.03 100
 64  ...................   0.06  0.00 0.99/0.99/0.99 1.00 0.80 0.03 100
 65  ...................   0.02  0.00 0.99/0.99/0.99 1.00 0.62 0.02 100
 66  ...................   0.01  0.00 1.00/1.00/1.00 1.00 0.80 0.01   0
 67  ...................   0.00  0.00 1.00/1.00/1.00 1.00 0.75 0.01   0
 68  ...................   0.00  0.00 1.00/1.00/1.00 1.00 0.67 0.01   0
 69  ...................   0.00  0.00 1.00/1.00/1.00 1.00 1.00 0.01   0
 70  ...................   0.00  0.00 1.00/1.00/1.00 1.00 0.50 0.00   0
[mcl] jury pruning marks: <100,100,100>, out of 100
[mcl] jury pruning synopsis: <100.0 or really really really good> (cf -scheme, -do log)
[mcl] output is in /local/wiwie/ClustEval/repository/results/05_06_2013-15_52_16_tcga/clusters/MCL_norm_tcga.215.results
[mcl] 1 clusters found
[mcl] output is in /local/wiwie/ClustEval/repository/results/05_06_2013-15_52_16_tcga/clusters/MCL_norm_tcga.215.results

Please cite:
    Stijn van Dongen, Graph Clustering by Flow Simulation.  PhD thesis,
    University of Utrecht, May 2000.
       (  http://www.library.uu.nl/digiarchief/dip/diss/1895620/full.pdf
       or  http://micans.org/mcl/lit/svdthesis.pdf.gz)
OR
    Stijn van Dongen, A cluster algorithm for graphs. Technical
    Report INS-R0010, National Research Institute for Mathematics
    and Computer Science in the Netherlands, Amsterdam, May 2000.
       (  http://www.cwi.nl/ftp/CWIreports/INS/INS-R0010.ps.Z
       or  http://micans.org/mcl/lit/INS-R0010.ps.Z)

