....[mcl] new tab created
[mcl] pid 19606
 ite -------------------  chaos  time hom(avg,lo,hi) expa expb expc fmv
  1  ...................   0.11  0.07 1.01/1.00/1.02 1.00 1.00 1.00 100
  2  ...................   0.11  0.11 0.99/0.99/0.99 1.00 1.00 1.00 100
  3  ...................   0.12  0.07 0.99/0.99/0.99 1.00 1.00 1.00 100
  4  ...................   0.14  0.11 0.99/0.99/0.99 1.00 1.00 1.00 100
  5  ...................   0.15  0.07 0.99/0.99/0.99 1.00 1.00 1.00 100
  6  ...................   0.17  0.07 0.98/0.98/0.98 1.00 1.00 1.00 100
  7  ...................   0.19  0.10 0.98/0.98/0.98 1.00 1.00 1.00 100
  8  ...................   0.21  0.07 0.97/0.97/0.97 1.00 1.00 1.00 100
  9  ...................   0.24  0.09 0.97/0.97/0.97 1.00 1.00 1.00 100
 10  ...................   0.27  0.07 0.96/0.96/0.96 1.00 1.00 1.00 100
 11  ...................   0.30  0.07 0.95/0.95/0.95 1.00 1.00 1.00 100
 12  ...................   0.33  0.07 0.94/0.94/0.94 1.00 1.00 1.00 100
 13  ...................   0.38  0.07 0.93/0.93/0.93 1.00 1.00 1.00 100
 14  ...................   0.42  0.07 0.92/0.92/0.92 1.00 1.00 1.00 100
 15  ...................   0.48  0.07 0.90/0.90/0.90 1.00 1.00 1.00 100
 16  ...................   0.54  0.07 0.88/0.88/0.88 1.00 1.00 1.00 100
 17  ...................   0.61  0.07 0.86/0.86/0.86 1.00 1.00 1.00 100
 18  ...................   0.69  0.07 0.84/0.84/0.84 1.00 1.00 1.00 100
 19  ...................   0.78  0.10 0.81/0.81/0.81 1.00 1.00 1.00 100
 20  ...................   0.88  0.10 0.78/0.78/0.78 1.00 1.00 1.00 100
 21  ...................   1.00  0.07 0.75/0.75/0.75 1.00 1.00 1.00 100
 22  ...................   1.15  0.07 0.71/0.71/0.71 1.00 1.00 1.00 100
 23  ...................   1.31  0.07 0.68/0.68/0.68 1.00 1.00 1.00 100
 24  ...................   1.51  0.10 0.64/0.64/0.64 1.00 1.00 1.00 100
 25  ...................   1.74  0.07 0.60/0.60/0.60 1.00 1.00 1.00 100
 26  ...................   2.02  0.07 0.56/0.56/0.56 1.00 1.00 1.00 100
 27  ...................   2.36  0.07 0.53/0.53/0.53 1.00 1.00 1.00 100
 28  ...................   2.76  0.07 0.49/0.49/0.49 1.00 1.00 1.00 100
 29  ...................   3.25  0.07 0.46/0.46/0.46 1.00 1.00 1.00 100
 30  ...................   3.83  0.07 0.42/0.42/0.42 1.00 1.00 1.00 100
 31  ...................   4.56  0.07 0.39/0.39/0.39 1.00 1.00 1.00 100
 32  ...................   5.35  0.07 0.35/0.35/0.35 1.00 0.98 0.98 100
 33  ...................   6.31  0.06 0.32/0.32/0.32 1.00 0.98 0.96 100
 34  ...................   7.45  0.06 0.28/0.28/0.28 1.00 0.97 0.93 100
 35  ...................   8.67  0.08 0.25/0.25/0.25 1.00 0.96 0.89 100
 36  ...................  10.10  0.06 0.22/0.22/0.22 1.00 0.95 0.85 100
 37  ...................  11.33  0.08 0.19/0.19/0.19 1.00 0.92 0.78 100
 38  ...................  12.69  0.05 0.17/0.17/0.17 1.00 0.91 0.71 100
 39  ...................  13.92  0.04 0.15/0.15/0.15 1.00 0.89 0.63 100
 40  ...................  15.30  0.03 0.14/0.14/0.14 1.00 0.90 0.57 100
 41  ...................  16.83  0.03 0.14/0.14/0.14 1.00 0.90 0.52 100
 42  ...................  17.86  0.02 0.14/0.14/0.14 1.00 0.88 0.45 100
 43  ...................  19.27  0.02 0.15/0.15/0.15 1.00 0.91 0.41 100
 44  ...................  19.39  0.02 0.18/0.18/0.18 1.00 0.87 0.36 100
 45  ...................  19.54  0.01 0.21/0.21/0.21 1.00 0.90 0.32 100
 46  ...................  18.43  0.01 0.26/0.26/0.26 1.00 0.87 0.28 100
 47  ...................  17.60  0.01 0.33/0.33/0.33 1.00 0.93 0.26 100
 48  ...................  13.74  0.00 0.41/0.41/0.41 1.00 0.80 0.21 100
 49  ...................  10.67  0.00 0.50/0.50/0.50 1.00 0.85 0.18 100
 50  ...................   6.80  0.00 0.60/0.60/0.60 1.00 0.75 0.13 100
 51  ...................   4.41  0.01 0.70/0.70/0.70 1.00 0.82 0.11 100
 52  ...................   2.53  0.00 0.79/0.79/0.79 1.00 0.78 0.09 100
 53  ...................   1.25  0.00 0.86/0.86/0.86 1.00 0.72 0.06 100
 54  ...................   0.53  0.01 0.91/0.91/0.91 1.00 0.67 0.04 100
 55  ...................   0.32  0.00 0.95/0.95/0.95 1.00 1.00 0.04 100
 56  ...................   0.15  0.00 0.97/0.97/0.97 1.00 0.83 0.03 100
 57  ...................   0.07  0.00 0.98/0.98/0.98 1.00 0.90 0.03 100
 58  ...................   0.02  0.00 0.99/0.99/0.99 1.00 0.56 0.02 100
 59  ...................   0.01  0.00 1.00/1.00/1.00 1.00 0.80 0.01   0
 60  ...................   0.00  0.00 1.00/1.00/1.00 1.00 0.75 0.01   0
 61  ...................   0.00  0.00 1.00/1.00/1.00 1.00 0.67 0.01   0
 62  ...................   0.00  0.00 1.00/1.00/1.00 1.00 0.50 0.00   0
[mcl] jury pruning marks: <100,100,100>, out of 100
[mcl] jury pruning synopsis: <100.0 or really really really good> (cf -scheme, -do log)
[mcl] output is in /local/wiwie/ClustEval/repository/results/05_06_2013-15_52_16_tcga/clusters/MCL_norm_tcga.142.results
[mcl] 1 clusters found
[mcl] output is in /local/wiwie/ClustEval/repository/results/05_06_2013-15_52_16_tcga/clusters/MCL_norm_tcga.142.results

Please cite:
    Stijn van Dongen, Graph Clustering by Flow Simulation.  PhD thesis,
    University of Utrecht, May 2000.
       (  http://www.library.uu.nl/digiarchief/dip/diss/1895620/full.pdf
       or  http://micans.org/mcl/lit/svdthesis.pdf.gz)
OR
    Stijn van Dongen, A cluster algorithm for graphs. Technical
    Report INS-R0010, National Research Institute for Mathematics
    and Computer Science in the Netherlands, Amsterdam, May 2000.
       (  http://www.cwi.nl/ftp/CWIreports/INS/INS-R0010.ps.Z
       or  http://micans.org/mcl/lit/INS-R0010.ps.Z)

