....[mcl] new tab created
[mcl] pid 16540
 ite -------------------  chaos  time hom(avg,lo,hi) expa expb expc fmv
  1  ...................   0.11  0.11 1.01/1.00/1.02 1.00 1.00 1.00 100
  2  ...................   0.22  0.11 0.97/0.97/0.97 1.00 1.00 1.00 100
  3  ...................   0.53  0.08 0.88/0.88/0.88 1.00 1.00 1.00 100
  4  ...................   1.39  0.08 0.66/0.66/0.66 1.00 1.00 1.00 100
  5  ...................   4.48  0.10 0.39/0.39/0.39 1.00 1.00 1.00 100
  6  ...................  12.95  0.09 0.16/0.16/0.16 1.00 0.67 0.67 100
  7  ...................  18.72  0.04 0.25/0.25/0.25 1.00 0.43 0.29 100
  8  ...................   1.03  0.01 0.88/0.88/0.88 1.00 0.20 0.06 100
  9  ...................   0.00  0.00 1.00/1.00/1.00 1.00 0.12 0.01 100
 10  ...................   0.00  0.00 1.00/1.00/1.00 1.00 0.50 0.00   0
[mcl] jury pruning marks: <100,100,100>, out of 100
[mcl] jury pruning synopsis: <100.0 or really really really good> (cf -scheme, -do log)
[mcl] output is in /local/wiwie/ClustEval/repository/results/05_06_2013-15_52_16_tcga/clusters/MCL_norm_tcga.5.results
[mcl] 1 clusters found
[mcl] output is in /local/wiwie/ClustEval/repository/results/05_06_2013-15_52_16_tcga/clusters/MCL_norm_tcga.5.results

Please cite:
    Stijn van Dongen, Graph Clustering by Flow Simulation.  PhD thesis,
    University of Utrecht, May 2000.
       (  http://www.library.uu.nl/digiarchief/dip/diss/1895620/full.pdf
       or  http://micans.org/mcl/lit/svdthesis.pdf.gz)
OR
    Stijn van Dongen, A cluster algorithm for graphs. Technical
    Report INS-R0010, National Research Institute for Mathematics
    and Computer Science in the Netherlands, Amsterdam, May 2000.
       (  http://www.cwi.nl/ftp/CWIreports/INS/INS-R0010.ps.Z
       or  http://micans.org/mcl/lit/INS-R0010.ps.Z)

