....[mcl] new tab created
[mcl] pid 59198
 ite -------------------  chaos  time hom(avg,lo,hi) expa expb expc fmv
  1  ...................   0.11  0.07 1.01/1.00/1.02 1.00 1.00 1.00 100
  2  ...................   0.11  0.07 0.99/0.99/0.99 1.00 1.00 1.00 100
  3  ...................   0.12  0.07 0.99/0.99/0.99 1.00 1.00 1.00 100
  4  ...................   0.14  0.07 0.99/0.99/0.99 1.00 1.00 1.00 100
  5  ...................   0.16  0.09 0.99/0.99/0.99 1.00 1.00 1.00 100
  6  ...................   0.18  0.07 0.98/0.98/0.98 1.00 1.00 1.00 100
  7  ...................   0.20  0.06 0.98/0.98/0.98 1.00 1.00 1.00 100
  8  ...................   0.22  0.07 0.97/0.97/0.97 1.00 1.00 1.00 100
  9  ...................   0.25  0.10 0.97/0.97/0.97 1.00 1.00 1.00 100
 10  ...................   0.29  0.10 0.96/0.96/0.96 1.00 1.00 1.00 100
 11  ...................   0.33  0.07 0.95/0.95/0.95 1.00 1.00 1.00 100
 12  ...................   0.37  0.07 0.93/0.93/0.93 1.00 1.00 1.00 100
 13  ...................   0.42  0.07 0.92/0.92/0.92 1.00 1.00 1.00 100
 14  ...................   0.47  0.10 0.90/0.90/0.90 1.00 1.00 1.00 100
 15  ...................   0.54  0.07 0.88/0.88/0.88 1.00 1.00 1.00 100
 16  ...................   0.61  0.07 0.86/0.86/0.86 1.00 1.00 1.00 100
 17  ...................   0.70  0.09 0.83/0.83/0.83 1.00 1.00 1.00 100
 18  ...................   0.80  0.07 0.80/0.80/0.80 1.00 1.00 1.00 100
 19  ...................   0.92  0.08 0.77/0.77/0.77 1.00 1.00 1.00 100
 20  ...................   1.06  0.07 0.73/0.73/0.73 1.00 1.00 1.00 100
 21  ...................   1.22  0.07 0.69/0.69/0.69 1.00 1.00 1.00 100
 22  ...................   1.42  0.10 0.65/0.65/0.65 1.00 1.00 1.00 100
 23  ...................   1.65  0.08 0.62/0.62/0.62 1.00 1.00 1.00 100
 24  ...................   1.93  0.07 0.58/0.58/0.58 1.00 1.00 1.00 100
 25  ...................   2.28  0.10 0.54/0.54/0.54 1.00 1.00 1.00 100
 26  ...................   2.69  0.07 0.50/0.50/0.50 1.00 1.00 1.00 100
 27  ...................   3.21  0.07 0.46/0.46/0.46 1.00 1.00 1.00 100
 28  ...................   3.83  0.07 0.42/0.42/0.42 1.00 1.00 1.00 100
 29  ...................   4.62  0.07 0.38/0.38/0.38 1.00 1.00 1.00 100
 30  ...................   5.48  0.10 0.35/0.35/0.35 1.00 0.98 0.97 100
 31  ...................   6.55  0.07 0.31/0.31/0.31 1.00 0.98 0.95 100
 32  ...................   7.74  0.09 0.27/0.27/0.27 1.00 0.96 0.91 100
 33  ...................   9.14  0.06 0.24/0.24/0.24 1.00 0.96 0.87 100
 34  ...................  10.86  0.06 0.21/0.21/0.21 1.00 0.96 0.84 100
 35  ...................  11.98  0.05 0.18/0.18/0.18 1.00 0.89 0.74 100
 36  ...................  13.21  0.05 0.16/0.16/0.16 1.00 0.88 0.66 100
 37  ...................  14.64  0.04 0.14/0.14/0.14 1.00 0.89 0.58 100
 38  ...................  16.42  0.03 0.14/0.14/0.14 1.00 0.91 0.53 100
 39  ...................  17.64  0.02 0.14/0.14/0.14 1.00 0.88 0.46 100
 40  ...................  18.91  0.02 0.15/0.15/0.15 1.00 0.89 0.41 100
 41  ...................  19.28  0.02 0.17/0.17/0.17 1.00 0.87 0.36 100
 42  ...................  19.59  0.01 0.21/0.21/0.21 1.00 0.90 0.32 100
 43  ...................  18.31  0.01 0.27/0.27/0.27 1.00 0.86 0.28 100
 44  ...................  16.66  0.01 0.34/0.34/0.34 1.00 0.89 0.25 100
 45  ...................  12.84  0.01 0.43/0.43/0.43 1.00 0.81 0.20 100
 46  ...................  10.00  0.01 0.53/0.53/0.53 1.00 0.88 0.17 100
 47  ...................   5.92  0.00 0.64/0.64/0.64 1.00 0.73 0.13 100
 48  ...................   3.36  0.00 0.74/0.74/0.74 1.00 0.76 0.10 100
 49  ...................   1.74  0.00 0.83/0.83/0.83 1.00 0.75 0.07 100
 50  ...................   0.79  0.01 0.89/0.89/0.89 1.00 0.71 0.05 100
 51  ...................   0.37  0.00 0.94/0.94/0.94 1.00 0.80 0.04 100
 52  ...................   0.17  0.00 0.97/0.97/0.97 1.00 0.83 0.03 100
 53  ...................   0.08  0.00 0.98/0.98/0.98 1.00 0.90 0.03 100
 54  ...................   0.02  0.00 0.99/0.99/0.99 1.00 0.56 0.02 100
 55  ...................   0.01  0.00 1.00/1.00/1.00 1.00 0.80 0.01   0
 56  ...................   0.00  0.00 1.00/1.00/1.00 1.00 0.75 0.01   0
 57  ...................   0.00  0.00 1.00/1.00/1.00 1.00 0.67 0.01   0
 58  ...................   0.00  0.00 1.00/1.00/1.00 1.00 0.50 0.00   0
[mcl] jury pruning marks: <100,100,100>, out of 100
[mcl] jury pruning synopsis: <100.0 or really really really good> (cf -scheme, -do log)
[mcl] output is in /local/wiwie/ClustEval/repository/results/05_06_2013-15_52_16_tcga/clusters/MCL_norm_tcga.150.results
[mcl] 1 clusters found
[mcl] output is in /local/wiwie/ClustEval/repository/results/05_06_2013-15_52_16_tcga/clusters/MCL_norm_tcga.150.results

Please cite:
    Stijn van Dongen, Graph Clustering by Flow Simulation.  PhD thesis,
    University of Utrecht, May 2000.
       (  http://www.library.uu.nl/digiarchief/dip/diss/1895620/full.pdf
       or  http://micans.org/mcl/lit/svdthesis.pdf.gz)
OR
    Stijn van Dongen, A cluster algorithm for graphs. Technical
    Report INS-R0010, National Research Institute for Mathematics
    and Computer Science in the Netherlands, Amsterdam, May 2000.
       (  http://www.cwi.nl/ftp/CWIreports/INS/INS-R0010.ps.Z
       or  http://micans.org/mcl/lit/INS-R0010.ps.Z)

