....[mcl] new tab created
[mcl] pid 6311
 ite -------------------  chaos  time hom(avg,lo,hi) expa expb expc fmv
  1  ...................   0.11  0.10 1.01/1.00/1.02 1.00 1.00 1.00 100
  2  ...................   0.34  0.06 0.94/0.94/0.95 1.00 1.00 1.00 100
  3  ...................   1.35  0.11 0.67/0.67/0.67 1.00 1.00 1.00 100
  4  ...................   7.74  0.07 0.27/0.27/0.27 1.00 0.92 0.92 100
  5  ...................  19.37  0.07 0.23/0.23/0.23 1.00 0.33 0.31 100
  6  ...................   0.11  0.02 0.98/0.98/0.98 1.00 0.11 0.03 100
  7  ...................   0.00  0.00 1.00/1.00/1.00 1.00 0.10 0.00 100
[mcl] jury pruning marks: <100,100,100>, out of 100
[mcl] jury pruning synopsis: <100.0 or really really really good> (cf -scheme, -do log)
[mcl] output is in /local/wiwie/ClustEval/repository/results/05_06_2013-15_52_16_tcga/clusters/MCL_norm_tcga.64.results
[mcl] 1 clusters found
[mcl] output is in /local/wiwie/ClustEval/repository/results/05_06_2013-15_52_16_tcga/clusters/MCL_norm_tcga.64.results

Please cite:
    Stijn van Dongen, Graph Clustering by Flow Simulation.  PhD thesis,
    University of Utrecht, May 2000.
       (  http://www.library.uu.nl/digiarchief/dip/diss/1895620/full.pdf
       or  http://micans.org/mcl/lit/svdthesis.pdf.gz)
OR
    Stijn van Dongen, A cluster algorithm for graphs. Technical
    Report INS-R0010, National Research Institute for Mathematics
    and Computer Science in the Netherlands, Amsterdam, May 2000.
       (  http://www.cwi.nl/ftp/CWIreports/INS/INS-R0010.ps.Z
       or  http://micans.org/mcl/lit/INS-R0010.ps.Z)

