....[mcl] new tab created
[mcl] pid 59810
 ite -------------------  chaos  time hom(avg,lo,hi) expa expb expc fmv
  1  ...................   0.11  0.07 1.01/1.00/1.02 1.00 1.00 1.00 100
  2  ...................   0.11  0.09 0.99/0.99/0.99 1.00 1.00 1.00 100
  3  ...................   0.13  0.08 0.99/0.99/0.99 1.00 1.00 1.00 100
  4  ...................   0.14  0.09 0.99/0.99/0.99 1.00 1.00 1.00 100
  5  ...................   0.16  0.07 0.98/0.98/0.98 1.00 1.00 1.00 100
  6  ...................   0.19  0.08 0.98/0.98/0.98 1.00 1.00 1.00 100
  7  ...................   0.21  0.08 0.97/0.97/0.97 1.00 1.00 1.00 100
  8  ...................   0.24  0.08 0.97/0.97/0.97 1.00 1.00 1.00 100
  9  ...................   0.28  0.08 0.96/0.96/0.96 1.00 1.00 1.00 100
 10  ...................   0.32  0.11 0.95/0.95/0.95 1.00 1.00 1.00 100
 11  ...................   0.36  0.07 0.94/0.94/0.94 1.00 1.00 1.00 100
 12  ...................   0.41  0.08 0.92/0.92/0.92 1.00 1.00 1.00 100
 13  ...................   0.48  0.10 0.90/0.90/0.90 1.00 1.00 1.00 100
 14  ...................   0.55  0.11 0.88/0.88/0.88 1.00 1.00 1.00 100
 15  ...................   0.63  0.08 0.85/0.85/0.85 1.00 1.00 1.00 100
 16  ...................   0.73  0.08 0.82/0.82/0.82 1.00 1.00 1.00 100
 17  ...................   0.84  0.08 0.79/0.79/0.79 1.00 1.00 1.00 100
 18  ...................   0.98  0.08 0.75/0.75/0.75 1.00 1.00 1.00 100
 19  ...................   1.14  0.08 0.71/0.71/0.71 1.00 1.00 1.00 100
 20  ...................   1.34  0.08 0.67/0.67/0.67 1.00 1.00 1.00 100
 21  ...................   1.58  0.11 0.63/0.63/0.63 1.00 1.00 1.00 100
 22  ...................   1.87  0.07 0.58/0.58/0.58 1.00 1.00 1.00 100
 23  ...................   2.23  0.10 0.54/0.54/0.54 1.00 1.00 1.00 100
 24  ...................   2.68  0.07 0.50/0.50/0.50 1.00 1.00 1.00 100
 25  ...................   3.23  0.10 0.46/0.46/0.46 1.00 1.00 1.00 100
 26  ...................   3.92  0.07 0.42/0.42/0.42 1.00 1.00 1.00 100
 27  ...................   4.80  0.07 0.38/0.38/0.38 1.00 1.00 0.99 100
 28  ...................   5.82  0.07 0.34/0.34/0.34 1.00 0.98 0.97 100
 29  ...................   7.04  0.10 0.29/0.29/0.29 1.00 0.97 0.95 100
 30  ...................   8.36  0.06 0.26/0.26/0.26 1.00 0.95 0.89 100
 31  ...................  10.03  0.07 0.22/0.22/0.22 1.00 0.95 0.85 100
 32  ...................  11.53  0.06 0.19/0.19/0.19 1.00 0.91 0.77 100
 33  ...................  12.83  0.05 0.16/0.16/0.16 1.00 0.88 0.68 100
 34  ...................  14.39  0.03 0.15/0.15/0.15 1.00 0.88 0.60 100
 35  ...................  16.28  0.03 0.14/0.14/0.14 1.00 0.90 0.54 100
 36  ...................  17.59  0.03 0.14/0.14/0.14 1.00 0.87 0.46 100
 37  ...................  19.14  0.02 0.15/0.15/0.15 1.00 0.89 0.41 100
 38  ...................  19.71  0.02 0.18/0.18/0.18 1.00 0.87 0.36 100
 39  ...................  19.22  0.02 0.22/0.22/0.22 1.00 0.86 0.31 100
 40  ...................  18.12  0.01 0.29/0.29/0.29 1.00 0.88 0.27 100
 41  ...................  15.13  0.01 0.37/0.37/0.37 1.00 0.84 0.23 100
 42  ...................  12.00  0.01 0.48/0.48/0.48 1.00 0.86 0.19 100
 43  ...................   6.87  0.01 0.60/0.60/0.60 1.00 0.68 0.13 100
 44  ...................   4.00  0.01 0.71/0.71/0.71 1.00 0.77 0.10 100
 45  ...................   2.20  0.01 0.81/0.81/0.81 1.00 0.80 0.08 100
 46  ...................   0.97  0.00 0.88/0.88/0.88 1.00 0.71 0.06 100
 47  ...................   0.39  0.00 0.93/0.93/0.93 1.00 0.71 0.04 100
 48  ...................   0.17  0.00 0.97/0.97/0.97 1.00 0.83 0.03 100
 49  ...................   0.07  0.01 0.98/0.98/0.98 1.00 0.90 0.03 100
 50  ...................   0.02  0.00 0.99/0.99/0.99 1.00 0.56 0.02 100
 51  ...................   0.01  0.00 1.00/1.00/1.00 1.00 0.80 0.01   0
 52  ...................   0.00  0.00 1.00/1.00/1.00 1.00 0.50 0.01   0
 53  ...................   0.00  0.00 1.00/1.00/1.00 1.00 1.00 0.01   0
 54  ...................   0.00  0.00 1.00/1.00/1.00 1.00 0.50 0.00   0
[mcl] jury pruning marks: <100,100,100>, out of 100
[mcl] jury pruning synopsis: <100.0 or really really really good> (cf -scheme, -do log)
[mcl] output is in /local/wiwie/ClustEval/repository/results/05_06_2013-15_52_16_tcga/clusters/MCL_norm_tcga.160.results
[mcl] 1 clusters found
[mcl] output is in /local/wiwie/ClustEval/repository/results/05_06_2013-15_52_16_tcga/clusters/MCL_norm_tcga.160.results

Please cite:
    Stijn van Dongen, Graph Clustering by Flow Simulation.  PhD thesis,
    University of Utrecht, May 2000.
       (  http://www.library.uu.nl/digiarchief/dip/diss/1895620/full.pdf
       or  http://micans.org/mcl/lit/svdthesis.pdf.gz)
OR
    Stijn van Dongen, A cluster algorithm for graphs. Technical
    Report INS-R0010, National Research Institute for Mathematics
    and Computer Science in the Netherlands, Amsterdam, May 2000.
       (  http://www.cwi.nl/ftp/CWIreports/INS/INS-R0010.ps.Z
       or  http://micans.org/mcl/lit/INS-R0010.ps.Z)

