....[mcl] new tab created
[mcl] pid 16256
 ite -------------------  chaos  time hom(avg,lo,hi) expa expb expc fmv
  1  ...................   0.11  0.07 1.01/1.00/1.02 1.00 1.00 1.00 100
  2  ...................   0.11  0.07 0.99/0.99/0.99 1.00 1.00 1.00 100
  3  ...................   0.12  0.07 0.99/0.99/0.99 1.00 1.00 1.00 100
  4  ...................   0.14  0.07 0.99/0.99/0.99 1.00 1.00 1.00 100
  5  ...................   0.16  0.08 0.99/0.99/0.99 1.00 1.00 1.00 100
  6  ...................   0.18  0.09 0.98/0.98/0.98 1.00 1.00 1.00 100
  7  ...................   0.20  0.07 0.98/0.98/0.98 1.00 1.00 1.00 100
  8  ...................   0.23  0.07 0.97/0.97/0.97 1.00 1.00 1.00 100
  9  ...................   0.26  0.10 0.96/0.96/0.96 1.00 1.00 1.00 100
 10  ...................   0.30  0.07 0.95/0.95/0.95 1.00 1.00 1.00 100
 11  ...................   0.34  0.07 0.94/0.94/0.94 1.00 1.00 1.00 100
 12  ...................   0.39  0.10 0.93/0.93/0.93 1.00 1.00 1.00 100
 13  ...................   0.44  0.56 0.91/0.91/0.91 1.00 1.00 1.00 100
 14  ...................   0.50  0.07 0.89/0.89/0.89 1.00 1.00 1.00 100
 15  ...................   0.57  0.07 0.87/0.87/0.87 1.00 1.00 1.00 100
 16  ...................   0.66  0.10 0.85/0.85/0.85 1.00 1.00 1.00 100
 17  ...................   0.75  0.07 0.82/0.82/0.82 1.00 1.00 1.00 100
 18  ...................   0.87  0.07 0.78/0.78/0.78 1.00 1.00 1.00 100
 19  ...................   1.00  0.07 0.75/0.75/0.75 1.00 1.00 1.00 100
 20  ...................   1.16  0.07 0.71/0.71/0.71 1.00 1.00 1.00 100
 21  ...................   1.35  0.07 0.67/0.67/0.67 1.00 1.00 1.00 100
 22  ...................   1.58  0.07 0.63/0.63/0.63 1.00 1.00 1.00 100
 23  ...................   1.86  0.07 0.58/0.58/0.58 1.00 1.00 1.00 100
 24  ...................   2.20  0.07 0.54/0.54/0.54 1.00 1.00 1.00 100
 25  ...................   2.61  0.10 0.50/0.50/0.50 1.00 1.00 1.00 100
 26  ...................   3.13  0.09 0.46/0.46/0.46 1.00 1.00 1.00 100
 27  ...................   3.77  0.06 0.43/0.43/0.43 1.00 1.00 1.00 100
 28  ...................   4.55  0.08 0.39/0.39/0.39 1.00 1.00 1.00 100
 29  ...................   5.45  0.07 0.35/0.35/0.35 1.00 0.98 0.98 100
 30  ...................   6.54  0.07 0.31/0.31/0.31 1.00 0.98 0.95 100
 31  ...................   7.78  0.06 0.27/0.27/0.27 1.00 0.96 0.91 100
 32  ...................   9.26  0.09 0.24/0.24/0.24 1.00 0.96 0.87 100
 33  ...................  10.82  0.05 0.20/0.20/0.20 1.00 0.93 0.82 100
 34  ...................  12.09  0.05 0.18/0.18/0.18 1.00 0.89 0.73 100
 35  ...................  13.48  0.05 0.16/0.16/0.16 1.00 0.89 0.65 100
 36  ...................  15.00  0.03 0.14/0.14/0.14 1.00 0.89 0.57 100
 37  ...................  16.78  0.03 0.14/0.14/0.14 1.00 0.90 0.52 100
 38  ...................  17.75  0.02 0.14/0.14/0.14 1.00 0.86 0.44 100
 39  ...................  18.75  0.02 0.16/0.16/0.16 1.00 0.88 0.39 100
 40  ...................  19.63  0.01 0.18/0.18/0.18 1.00 0.89 0.35 100
 41  ...................  19.44  0.01 0.23/0.23/0.23 1.00 0.88 0.31 100
 42  ...................  18.16  0.01 0.29/0.29/0.29 1.00 0.88 0.27 100
 43  ...................  14.89  0.01 0.38/0.38/0.38 1.00 0.82 0.22 100
 44  ...................  12.04  0.01 0.48/0.48/0.48 1.00 0.88 0.19 100
 45  ...................   7.34  0.00 0.59/0.59/0.59 1.00 0.72 0.14 100
 46  ...................   4.43  0.01 0.70/0.70/0.70 1.00 0.78 0.11 100
 47  ...................   2.35  0.00 0.79/0.79/0.79 1.00 0.75 0.08 100
 48  ...................   1.08  0.01 0.87/0.87/0.87 1.00 0.71 0.06 100
 49  ...................   0.46  0.00 0.92/0.92/0.92 1.00 0.71 0.04 100
 50  ...................   0.25  0.00 0.96/0.96/0.96 1.00 1.00 0.04 100
 51  ...................   0.11  0.00 0.98/0.98/0.98 1.00 0.83 0.03 100
 52  ...................   0.04  0.00 0.99/0.99/0.99 1.00 0.80 0.03 100
 53  ...................   0.01  0.00 1.00/1.00/1.00 1.00 0.62 0.02 100
 54  ...................   0.00  0.00 1.00/1.00/1.00 1.00 0.60 0.01   0
 55  ...................   0.00  0.00 1.00/1.00/1.00 1.00 0.67 0.01   0
 56  ...................   0.00  0.00 1.00/1.00/1.00 1.00 0.50 0.00   0
[mcl] jury pruning marks: <100,100,100>, out of 100
[mcl] jury pruning synopsis: <100.0 or really really really good> (cf -scheme, -do log)
[mcl] output is in /local/wiwie/ClustEval/repository/results/05_06_2013-15_52_16_tcga/clusters/MCL_norm_tcga.154.results
[mcl] 1 clusters found
[mcl] output is in /local/wiwie/ClustEval/repository/results/05_06_2013-15_52_16_tcga/clusters/MCL_norm_tcga.154.results

Please cite:
    Stijn van Dongen, Graph Clustering by Flow Simulation.  PhD thesis,
    University of Utrecht, May 2000.
       (  http://www.library.uu.nl/digiarchief/dip/diss/1895620/full.pdf
       or  http://micans.org/mcl/lit/svdthesis.pdf.gz)
OR
    Stijn van Dongen, A cluster algorithm for graphs. Technical
    Report INS-R0010, National Research Institute for Mathematics
    and Computer Science in the Netherlands, Amsterdam, May 2000.
       (  http://www.cwi.nl/ftp/CWIreports/INS/INS-R0010.ps.Z
       or  http://micans.org/mcl/lit/INS-R0010.ps.Z)

