....[mcl] new tab created
[mcl] pid 304
 ite -------------------  chaos  time hom(avg,lo,hi) expa expb expc fmv
  1  ...................   0.11  0.11 1.01/1.00/1.02 1.00 1.00 1.00 100
  2  ...................   0.11  0.08 0.99/0.99/0.99 1.00 1.00 1.00 100
  3  ...................   0.12  0.07 0.99/0.99/0.99 1.00 1.00 1.00 100
  4  ...................   0.14  0.10 0.99/0.99/0.99 1.00 1.00 1.00 100
  5  ...................   0.16  0.07 0.99/0.99/0.99 1.00 1.00 1.00 100
  6  ...................   0.18  0.08 0.98/0.98/0.98 1.00 1.00 1.00 100
  7  ...................   0.20  0.07 0.98/0.98/0.98 1.00 1.00 1.00 100
  8  ...................   0.22  0.08 0.97/0.97/0.97 1.00 1.00 1.00 100
  9  ...................   0.25  0.07 0.97/0.97/0.97 1.00 1.00 1.00 100
 10  ...................   0.28  0.08 0.96/0.96/0.96 1.00 1.00 1.00 100
 11  ...................   0.32  0.08 0.95/0.95/0.95 1.00 1.00 1.00 100
 12  ...................   0.36  0.11 0.94/0.94/0.94 1.00 1.00 1.00 100
 13  ...................   0.41  0.07 0.92/0.92/0.92 1.00 1.00 1.00 100
 14  ...................   0.47  0.10 0.90/0.90/0.90 1.00 1.00 1.00 100
 15  ...................   0.53  0.07 0.88/0.88/0.88 1.00 1.00 1.00 100
 16  ...................   0.60  0.07 0.86/0.86/0.86 1.00 1.00 1.00 100
 17  ...................   0.69  0.07 0.84/0.84/0.84 1.00 1.00 1.00 100
 18  ...................   0.79  0.07 0.81/0.81/0.81 1.00 1.00 1.00 100
 19  ...................   0.90  0.07 0.77/0.77/0.77 1.00 1.00 1.00 100
 20  ...................   1.04  0.09 0.74/0.74/0.74 1.00 1.00 1.00 100
 21  ...................   1.19  0.07 0.70/0.70/0.70 1.00 1.00 1.00 100
 22  ...................   1.38  0.07 0.66/0.66/0.66 1.00 1.00 1.00 100
 23  ...................   1.61  0.10 0.62/0.62/0.62 1.00 1.00 1.00 100
 24  ...................   1.87  0.07 0.58/0.58/0.58 1.00 1.00 1.00 100
 25  ...................   2.20  0.10 0.54/0.54/0.54 1.00 1.00 1.00 100
 26  ...................   2.60  0.07 0.51/0.51/0.51 1.00 1.00 1.00 100
 27  ...................   3.08  0.07 0.47/0.47/0.47 1.00 1.00 1.00 100
 28  ...................   3.68  0.10 0.43/0.43/0.43 1.00 1.00 1.00 100
 29  ...................   4.41  0.07 0.39/0.39/0.39 1.00 1.00 1.00 100
 30  ...................   5.25  0.07 0.36/0.36/0.36 1.00 0.98 0.98 100
 31  ...................   6.24  0.07 0.32/0.32/0.32 1.00 0.98 0.96 100
 32  ...................   7.46  0.06 0.28/0.28/0.28 1.00 0.97 0.93 100
 33  ...................   8.75  0.06 0.25/0.25/0.25 1.00 0.95 0.89 100
 34  ...................  10.38  0.06 0.21/0.21/0.21 1.00 0.96 0.85 100
 35  ...................  11.65  0.06 0.19/0.19/0.19 1.00 0.90 0.77 100
 36  ...................  12.82  0.05 0.16/0.16/0.16 1.00 0.88 0.68 100
 37  ...................  14.17  0.03 0.15/0.15/0.15 1.00 0.89 0.60 100
 38  ...................  15.75  0.06 0.14/0.14/0.14 1.00 0.90 0.54 100
 39  ...................  17.15  0.03 0.14/0.14/0.14 1.00 0.89 0.48 100
 40  ...................  18.40  0.03 0.15/0.15/0.15 1.00 0.89 0.43 100
 41  ...................  19.00  0.02 0.16/0.16/0.16 1.00 0.87 0.37 100
 42  ...................  19.83  0.01 0.20/0.20/0.20 1.00 0.91 0.34 100
 43  ...................  18.77  0.01 0.24/0.24/0.24 1.00 0.86 0.29 100
 44  ...................  17.80  0.02 0.31/0.31/0.31 1.00 0.91 0.26 100
 45  ...................  14.08  0.02 0.39/0.39/0.39 1.00 0.81 0.21 100
 46  ...................  11.00  0.01 0.49/0.49/0.49 1.00 0.85 0.18 100
 47  ...................   6.83  0.01 0.60/0.60/0.60 1.00 0.74 0.13 100
 48  ...................   4.36  0.00 0.70/0.70/0.70 1.00 0.82 0.11 100
 49  ...................   2.34  0.01 0.79/0.79/0.79 1.00 0.75 0.08 100
 50  ...................   1.10  0.00 0.87/0.87/0.87 1.00 0.71 0.06 100
 51  ...................   0.47  0.00 0.92/0.92/0.92 1.00 0.71 0.04 100
 52  ...................   0.27  0.00 0.95/0.95/0.95 1.00 1.00 0.04 100
 53  ...................   0.12  0.00 0.98/0.98/0.98 1.00 0.83 0.03 100
 54  ...................   0.05  0.00 0.99/0.99/0.99 1.00 0.80 0.03 100
 55  ...................   0.01  0.00 0.99/0.99/0.99 1.00 0.62 0.02 100
 56  ...................   0.00  0.00 1.00/1.00/1.00 1.00 0.60 0.01   0
 57  ...................   0.00  0.00 1.00/1.00/1.00 1.00 0.67 0.01   0
 58  ...................   0.00  0.00 1.00/1.00/1.00 1.00 1.00 0.01   0
 59  ...................   0.00  0.00 1.00/1.00/1.00 1.00 0.50 0.00   0
[mcl] jury pruning marks: <100,100,100>, out of 100
[mcl] jury pruning synopsis: <100.0 or really really really good> (cf -scheme, -do log)
[mcl] output is in /local/wiwie/ClustEval/repository/results/05_06_2013-15_52_16_tcga/clusters/MCL_norm_tcga.102.results
[mcl] 1 clusters found
[mcl] output is in /local/wiwie/ClustEval/repository/results/05_06_2013-15_52_16_tcga/clusters/MCL_norm_tcga.102.results

Please cite:
    Stijn van Dongen, Graph Clustering by Flow Simulation.  PhD thesis,
    University of Utrecht, May 2000.
       (  http://www.library.uu.nl/digiarchief/dip/diss/1895620/full.pdf
       or  http://micans.org/mcl/lit/svdthesis.pdf.gz)
OR
    Stijn van Dongen, A cluster algorithm for graphs. Technical
    Report INS-R0010, National Research Institute for Mathematics
    and Computer Science in the Netherlands, Amsterdam, May 2000.
       (  http://www.cwi.nl/ftp/CWIreports/INS/INS-R0010.ps.Z
       or  http://micans.org/mcl/lit/INS-R0010.ps.Z)

