....[mcl] new tab created
[mcl] pid 53082
 ite -------------------  chaos  time hom(avg,lo,hi) expa expb expc fmv
  1  ...................   0.11  0.07 1.01/1.00/1.02 1.00 1.00 1.00 100
  2  ...................   0.12  0.07 0.99/0.99/0.99 1.00 1.00 1.00 100
  3  ...................   0.15  0.07 0.99/0.99/0.99 1.00 1.00 1.00 100
  4  ...................   0.19  0.08 0.98/0.98/0.98 1.00 1.00 1.00 100
  5  ...................   0.24  0.08 0.97/0.97/0.97 1.00 1.00 1.00 100
  6  ...................   0.29  0.08 0.96/0.96/0.96 1.00 1.00 1.00 100
  7  ...................   0.37  0.07 0.93/0.93/0.93 1.00 1.00 1.00 100
  8  ...................   0.47  0.07 0.90/0.90/0.90 1.00 1.00 1.00 100
  9  ...................   0.59  0.07 0.87/0.87/0.87 1.00 1.00 1.00 100
 10  ...................   0.76  0.07 0.82/0.82/0.82 1.00 1.00 1.00 100
 11  ...................   0.97  0.07 0.75/0.75/0.75 1.00 1.00 1.00 100
 12  ...................   1.27  0.07 0.68/0.68/0.68 1.00 1.00 1.00 100
 13  ...................   1.67  0.07 0.61/0.61/0.61 1.00 1.00 1.00 100
 14  ...................   2.25  0.07 0.54/0.54/0.54 1.00 1.00 1.00 100
 15  ...................   3.07  0.08 0.47/0.47/0.47 1.00 1.00 1.00 100
 16  ...................   4.29  0.08 0.40/0.40/0.40 1.00 1.00 1.00 100
 17  ...................   5.98  0.08 0.33/0.33/0.33 1.00 0.98 0.97 100
 18  ...................   8.09  0.07 0.26/0.26/0.26 1.00 0.93 0.90 100
 19  ...................  10.83  0.06 0.20/0.20/0.20 1.00 0.90 0.81 100
 20  ...................  13.16  0.06 0.16/0.16/0.16 1.00 0.81 0.66 100
 21  ...................  16.05  0.03 0.14/0.14/0.14 1.00 0.82 0.54 100
 22  ...................  18.47  0.03 0.15/0.15/0.15 1.00 0.80 0.43 100
 23  ...................  20.01  0.02 0.19/0.19/0.19 1.00 0.81 0.35 100
 24  ...................  18.12  0.02 0.29/0.29/0.29 1.00 0.77 0.27 100
 25  ...................  12.66  0.01 0.45/0.45/0.45 1.00 0.73 0.20 100
 26  ...................   5.92  0.01 0.64/0.64/0.64 1.00 0.64 0.13 100
 27  ...................   2.12  0.00 0.81/0.81/0.81 1.00 0.65 0.08 100
 28  ...................   0.45  0.00 0.92/0.92/0.92 1.00 0.50 0.04 100
 29  ...................   0.12  0.00 0.98/0.98/0.98 1.00 0.83 0.03 100
 30  ...................   0.02  0.00 0.99/0.99/0.99 1.00 0.50 0.02 100
 31  ...................   0.00  0.00 1.00/1.00/1.00 1.00 0.60 0.01   0
 32  ...................   0.00  0.00 1.00/1.00/1.00 1.00 0.33 0.00   0
[mcl] jury pruning marks: <100,100,100>, out of 100
[mcl] jury pruning synopsis: <100.0 or really really really good> (cf -scheme, -do log)
[mcl] output is in /local/wiwie/ClustEval/repository/results/05_06_2013-15_52_16_tcga/clusters/MCL_norm_tcga.128.results
[mcl] 1 clusters found
[mcl] output is in /local/wiwie/ClustEval/repository/results/05_06_2013-15_52_16_tcga/clusters/MCL_norm_tcga.128.results

Please cite:
    Stijn van Dongen, Graph Clustering by Flow Simulation.  PhD thesis,
    University of Utrecht, May 2000.
       (  http://www.library.uu.nl/digiarchief/dip/diss/1895620/full.pdf
       or  http://micans.org/mcl/lit/svdthesis.pdf.gz)
OR
    Stijn van Dongen, A cluster algorithm for graphs. Technical
    Report INS-R0010, National Research Institute for Mathematics
    and Computer Science in the Netherlands, Amsterdam, May 2000.
       (  http://www.cwi.nl/ftp/CWIreports/INS/INS-R0010.ps.Z
       or  http://micans.org/mcl/lit/INS-R0010.ps.Z)

