....[mcl] new tab created
[mcl] pid 29709
 ite -------------------  chaos  time hom(avg,lo,hi) expa expb expc fmv
  1  ...................   0.11  0.07 1.01/1.00/1.02 1.00 1.00 1.00 100
  2  ...................   0.11  0.07 0.99/0.99/0.99 1.00 1.00 1.00 100
  3  ...................   0.13  0.07 0.99/0.99/0.99 1.00 1.00 1.00 100
  4  ...................   0.16  0.08 0.99/0.99/0.99 1.00 1.00 1.00 100
  5  ...................   0.18  0.07 0.98/0.98/0.98 1.00 1.00 1.00 100
  6  ...................   0.22  0.07 0.97/0.97/0.97 1.00 1.00 1.00 100
  7  ...................   0.25  0.08 0.97/0.97/0.97 1.00 1.00 1.00 100
  8  ...................   0.30  0.07 0.95/0.95/0.95 1.00 1.00 1.00 100
  9  ...................   0.35  0.07 0.94/0.94/0.94 1.00 1.00 1.00 100
 10  ...................   0.41  0.07 0.92/0.92/0.92 1.00 1.00 1.00 100
 11  ...................   0.49  0.08 0.90/0.90/0.90 1.00 1.00 1.00 100
 12  ...................   0.58  0.07 0.87/0.87/0.87 1.00 1.00 1.00 100
 13  ...................   0.69  0.07 0.83/0.83/0.83 1.00 1.00 1.00 100
 14  ...................   0.83  0.07 0.79/0.79/0.79 1.00 1.00 1.00 100
 15  ...................   1.00  0.08 0.75/0.75/0.75 1.00 1.00 1.00 100
 16  ...................   1.21  0.07 0.70/0.70/0.70 1.00 1.00 1.00 100
 17  ...................   1.47  0.07 0.65/0.65/0.65 1.00 1.00 1.00 100
 18  ...................   1.81  0.08 0.59/0.59/0.59 1.00 1.00 1.00 100
 19  ...................   2.24  0.07 0.54/0.54/0.54 1.00 1.00 1.00 100
 20  ...................   2.80  0.07 0.49/0.49/0.49 1.00 1.00 1.00 100
 21  ...................   3.54  0.08 0.44/0.44/0.44 1.00 1.00 1.00 100
 22  ...................   4.52  0.07 0.39/0.39/0.39 1.00 1.00 1.00 100
 23  ...................   5.71  0.07 0.34/0.34/0.34 1.00 0.98 0.97 100
 24  ...................   7.19  0.07 0.29/0.29/0.29 1.00 0.96 0.94 100
 25  ...................   8.96  0.07 0.24/0.24/0.24 1.00 0.94 0.88 100
 26  ...................  10.92  0.06 0.20/0.20/0.20 1.00 0.91 0.81 100
 27  ...................  12.76  0.05 0.17/0.17/0.17 1.00 0.87 0.70 100
 28  ...................  14.42  0.04 0.15/0.15/0.15 1.00 0.84 0.59 100
 29  ...................  16.71  0.03 0.14/0.14/0.14 1.00 0.87 0.52 100
 30  ...................  18.15  0.03 0.14/0.14/0.14 1.00 0.84 0.43 100
 31  ...................  18.99  0.02 0.17/0.17/0.17 1.00 0.83 0.36 100
 32  ...................  19.08  0.02 0.22/0.22/0.22 1.00 0.85 0.31 100
 33  ...................  18.21  0.01 0.30/0.30/0.30 1.00 0.88 0.27 100
 34  ...................  13.69  0.01 0.41/0.41/0.41 1.00 0.77 0.21 100
 35  ...................   9.00  0.00 0.55/0.55/0.55 1.00 0.77 0.16 100
 36  ...................   4.52  0.00 0.69/0.69/0.69 1.00 0.68 0.11 100
 37  ...................   2.16  0.00 0.81/0.81/0.81 1.00 0.75 0.08 100
 38  ...................   0.69  0.01 0.90/0.90/0.90 1.00 0.58 0.05 100
 39  ...................   0.29  0.00 0.95/0.95/0.95 1.00 0.86 0.04 100
 40  ...................   0.10  0.00 0.98/0.98/0.98 1.00 0.83 0.03 100
 41  ...................   0.02  0.00 0.99/0.99/0.99 1.00 0.50 0.02 100
 42  ...................   0.00  0.00 1.00/1.00/1.00 1.00 0.60 0.01   0
 43  ...................   0.00  0.00 1.00/1.00/1.00 1.00 0.67 0.01   0
 44  ...................   0.00  0.00 1.00/1.00/1.00 1.00 0.50 0.00   0
[mcl] jury pruning marks: <100,100,100>, out of 100
[mcl] jury pruning synopsis: <100.0 or really really really good> (cf -scheme, -do log)
[mcl] output is in /local/wiwie/ClustEval/repository/results/05_06_2013-15_52_16_tcga/clusters/MCL_norm_tcga.112.results
[mcl] 1 clusters found
[mcl] output is in /local/wiwie/ClustEval/repository/results/05_06_2013-15_52_16_tcga/clusters/MCL_norm_tcga.112.results

Please cite:
    Stijn van Dongen, Graph Clustering by Flow Simulation.  PhD thesis,
    University of Utrecht, May 2000.
       (  http://www.library.uu.nl/digiarchief/dip/diss/1895620/full.pdf
       or  http://micans.org/mcl/lit/svdthesis.pdf.gz)
OR
    Stijn van Dongen, A cluster algorithm for graphs. Technical
    Report INS-R0010, National Research Institute for Mathematics
    and Computer Science in the Netherlands, Amsterdam, May 2000.
       (  http://www.cwi.nl/ftp/CWIreports/INS/INS-R0010.ps.Z
       or  http://micans.org/mcl/lit/INS-R0010.ps.Z)

