....[mcl] new tab created
[mcl] pid 19007
 ite -------------------  chaos  time hom(avg,lo,hi) expa expb expc fmv
  1  ...................   0.11  0.07 1.01/1.00/1.02 1.00 1.00 1.00 100
  2  ...................   0.13  0.07 0.99/0.99/0.99 1.00 1.00 1.00 100
  3  ...................   0.16  0.07 0.98/0.98/0.98 1.00 1.00 1.00 100
  4  ...................   0.21  0.09 0.98/0.98/0.98 1.00 1.00 1.00 100
  5  ...................   0.27  0.07 0.96/0.96/0.96 1.00 1.00 1.00 100
  6  ...................   0.35  0.07 0.94/0.94/0.94 1.00 1.00 1.00 100
  7  ...................   0.46  0.07 0.91/0.91/0.91 1.00 1.00 1.00 100
  8  ...................   0.60  0.07 0.86/0.86/0.86 1.00 1.00 1.00 100
  9  ...................   0.79  0.07 0.80/0.80/0.80 1.00 1.00 1.00 100
 10  ...................   1.07  0.09 0.73/0.73/0.73 1.00 1.00 1.00 100
 11  ...................   1.45  0.07 0.65/0.65/0.65 1.00 1.00 1.00 100
 12  ...................   2.02  0.09 0.56/0.56/0.56 1.00 1.00 1.00 100
 13  ...................   2.88  0.07 0.48/0.48/0.48 1.00 1.00 1.00 100
 14  ...................   4.20  0.08 0.40/0.40/0.40 1.00 1.00 1.00 100
 15  ...................   6.13  0.08 0.32/0.32/0.32 1.00 0.97 0.96 100
 16  ...................   8.76  0.07 0.25/0.25/0.25 1.00 0.92 0.89 100
 17  ...................  11.74  0.05 0.18/0.18/0.18 1.00 0.85 0.75 100
 18  ...................  14.68  0.05 0.14/0.14/0.14 1.00 0.79 0.59 100
 19  ...................  17.51  0.03 0.14/0.14/0.14 1.00 0.77 0.45 100
 20  ...................  19.63  0.02 0.18/0.18/0.18 1.00 0.78 0.35 100
 21  ...................  18.11  0.02 0.29/0.29/0.29 1.00 0.76 0.27 100
 22  ...................  12.11  0.01 0.47/0.47/0.47 1.00 0.72 0.19 100
 23  ...................   4.43  0.01 0.70/0.70/0.70 1.00 0.56 0.11 100
 24  ...................   1.06  0.00 0.87/0.87/0.87 1.00 0.53 0.06 100
 25  ...................   0.20  0.01 0.96/0.96/0.96 1.00 0.59 0.03 100
 26  ...................   0.03  0.00 0.99/0.99/0.99 1.00 0.70 0.02 100
 27  ...................   0.00  0.00 1.00/1.00/1.00 1.00 0.43 0.01 100
 28  ...................   0.00  0.00 1.00/1.00/1.00 1.00 0.33 0.00   0
[mcl] jury pruning marks: <100,100,100>, out of 100
[mcl] jury pruning synopsis: <100.0 or really really really good> (cf -scheme, -do log)
[mcl] output is in /local/wiwie/ClustEval/repository/results/05_06_2013-15_52_16_tcga/clusters/MCL_norm_tcga.75.results
[mcl] 1 clusters found
[mcl] output is in /local/wiwie/ClustEval/repository/results/05_06_2013-15_52_16_tcga/clusters/MCL_norm_tcga.75.results

Please cite:
    Stijn van Dongen, Graph Clustering by Flow Simulation.  PhD thesis,
    University of Utrecht, May 2000.
       (  http://www.library.uu.nl/digiarchief/dip/diss/1895620/full.pdf
       or  http://micans.org/mcl/lit/svdthesis.pdf.gz)
OR
    Stijn van Dongen, A cluster algorithm for graphs. Technical
    Report INS-R0010, National Research Institute for Mathematics
    and Computer Science in the Netherlands, Amsterdam, May 2000.
       (  http://www.cwi.nl/ftp/CWIreports/INS/INS-R0010.ps.Z
       or  http://micans.org/mcl/lit/INS-R0010.ps.Z)

