....[mcl] new tab created
[mcl] pid 44816
 ite -------------------  chaos  time hom(avg,lo,hi) expa expb expc fmv
  1  ...................   0.11  0.11 1.01/1.00/1.02 1.00 1.00 1.00 100
  2  ...................   0.22  0.08 0.97/0.97/0.98 1.00 1.00 1.00 100
  3  ...................   0.50  0.08 0.90/0.90/0.90 1.00 1.00 1.00 100
  4  ...................   1.23  0.07 0.69/0.69/0.69 1.00 1.00 1.00 100
  5  ...................   3.65  0.07 0.43/0.43/0.43 1.00 1.00 1.00 100
  6  ...................  11.18  0.11 0.19/0.19/0.19 1.00 0.79 0.79 100
  7  ...................  19.52  0.04 0.18/0.18/0.18 1.00 0.45 0.36 100
  8  ...................   3.88  0.02 0.72/0.72/0.72 1.00 0.29 0.10 100
  9  ...................   0.01  0.00 0.99/0.99/0.99 1.00 0.17 0.02 100
 10  ...................   0.00  0.00 1.00/1.00/1.00 1.00 0.20 0.00   0
[mcl] jury pruning marks: <100,100,100>, out of 100
[mcl] jury pruning synopsis: <100.0 or really really really good> (cf -scheme, -do log)
[mcl] output is in /local/wiwie/ClustEval/repository/results/05_06_2013-15_52_16_tcga/clusters/MCL_norm_tcga.48.results
[mcl] 1 clusters found
[mcl] output is in /local/wiwie/ClustEval/repository/results/05_06_2013-15_52_16_tcga/clusters/MCL_norm_tcga.48.results

Please cite:
    Stijn van Dongen, Graph Clustering by Flow Simulation.  PhD thesis,
    University of Utrecht, May 2000.
       (  http://www.library.uu.nl/digiarchief/dip/diss/1895620/full.pdf
       or  http://micans.org/mcl/lit/svdthesis.pdf.gz)
OR
    Stijn van Dongen, A cluster algorithm for graphs. Technical
    Report INS-R0010, National Research Institute for Mathematics
    and Computer Science in the Netherlands, Amsterdam, May 2000.
       (  http://www.cwi.nl/ftp/CWIreports/INS/INS-R0010.ps.Z
       or  http://micans.org/mcl/lit/INS-R0010.ps.Z)

