....[mcl] new tab created
[mcl] pid 65064
 ite -------------------  chaos  time hom(avg,lo,hi) expa expb expc fmv
  1  ...................   0.11  0.07 1.01/1.00/1.02 1.00 1.00 1.00 100
  2  ...................   0.16  0.07 0.99/0.98/0.99 1.00 1.00 1.00 100
  3  ...................   0.26  0.07 0.96/0.96/0.96 1.00 1.00 1.00 100
  4  ...................   0.44  0.07 0.91/0.91/0.91 1.00 1.00 1.00 100
  5  ...................   0.76  0.07 0.81/0.81/0.81 1.00 1.00 1.00 100
  6  ...................   1.36  0.07 0.67/0.67/0.67 1.00 1.00 1.00 100
  7  ...................   2.63  0.06 0.50/0.50/0.50 1.00 1.00 1.00 100
  8  ...................   5.49  0.06 0.35/0.35/0.35 1.00 0.97 0.97 100
  9  ...................  10.91  0.06 0.20/0.20/0.20 1.00 0.84 0.81 100
 10  ...................  16.89  0.05 0.14/0.14/0.14 1.00 0.63 0.51 100
 11  ...................  19.57  0.02 0.23/0.23/0.23 1.00 0.60 0.31 100
 12  ...................   6.86  0.01 0.60/0.60/0.60 1.00 0.43 0.13 100
 13  ...................   0.43  0.01 0.93/0.93/0.93 1.00 0.31 0.04 100
 14  ...................   0.01  0.00 1.00/1.00/1.00 1.00 0.33 0.01 100
 15  ...................   0.00  0.00 1.00/1.00/1.00 1.00 0.25 0.00   0
[mcl] jury pruning marks: <100,100,100>, out of 100
[mcl] jury pruning synopsis: <100.0 or really really really good> (cf -scheme, -do log)
[mcl] output is in /local/wiwie/ClustEval/repository/results/05_06_2013-15_52_16_tcga/clusters/MCL_norm_tcga.94.results
[mcl] 1 clusters found
[mcl] output is in /local/wiwie/ClustEval/repository/results/05_06_2013-15_52_16_tcga/clusters/MCL_norm_tcga.94.results

Please cite:
    Stijn van Dongen, Graph Clustering by Flow Simulation.  PhD thesis,
    University of Utrecht, May 2000.
       (  http://www.library.uu.nl/digiarchief/dip/diss/1895620/full.pdf
       or  http://micans.org/mcl/lit/svdthesis.pdf.gz)
OR
    Stijn van Dongen, A cluster algorithm for graphs. Technical
    Report INS-R0010, National Research Institute for Mathematics
    and Computer Science in the Netherlands, Amsterdam, May 2000.
       (  http://www.cwi.nl/ftp/CWIreports/INS/INS-R0010.ps.Z
       or  http://micans.org/mcl/lit/INS-R0010.ps.Z)

