....[mcl] new tab created
[mcl] pid 65088
 ite -------------------  chaos  time hom(avg,lo,hi) expa expb expc fmv
  1  ...................   0.11  0.11 1.01/1.00/1.02 1.00 1.00 1.00 100
  2  ...................   0.16  0.07 0.98/0.98/0.99 1.00 1.00 1.00 100
  3  ...................   0.27  0.07 0.96/0.96/0.96 1.00 1.00 1.00 100
  4  ...................   0.46  0.07 0.91/0.91/0.91 1.00 1.00 1.00 100
  5  ...................   0.80  0.08 0.80/0.80/0.80 1.00 1.00 1.00 100
  6  ...................   1.46  0.11 0.65/0.65/0.65 1.00 1.00 1.00 100
  7  ...................   2.90  0.07 0.48/0.48/0.48 1.00 1.00 1.00 100
  8  ...................   6.18  0.10 0.32/0.32/0.32 1.00 0.96 0.96 100
  9  ...................  11.90  0.07 0.18/0.18/0.18 1.00 0.78 0.75 100
 10  ...................  17.76  0.04 0.14/0.14/0.14 1.00 0.60 0.45 100
 11  ...................  18.16  0.02 0.29/0.29/0.29 1.00 0.59 0.27 100
 12  ...................   4.18  0.01 0.71/0.71/0.71 1.00 0.39 0.11 100
 13  ...................   0.19  0.00 0.96/0.96/0.96 1.00 0.32 0.03 100
 14  ...................   0.00  0.00 1.00/1.00/1.00 1.00 0.30 0.01 100
 15  ...................   0.00  0.00 1.00/1.00/1.00 1.00 0.33 0.00   0
[mcl] jury pruning marks: <100,100,100>, out of 100
[mcl] jury pruning synopsis: <100.0 or really really really good> (cf -scheme, -do log)
[mcl] output is in /local/wiwie/ClustEval/repository/results/05_06_2013-15_52_16_tcga/clusters/MCL_norm_tcga.95.results
[mcl] 1 clusters found
[mcl] output is in /local/wiwie/ClustEval/repository/results/05_06_2013-15_52_16_tcga/clusters/MCL_norm_tcga.95.results

Please cite:
    Stijn van Dongen, Graph Clustering by Flow Simulation.  PhD thesis,
    University of Utrecht, May 2000.
       (  http://www.library.uu.nl/digiarchief/dip/diss/1895620/full.pdf
       or  http://micans.org/mcl/lit/svdthesis.pdf.gz)
OR
    Stijn van Dongen, A cluster algorithm for graphs. Technical
    Report INS-R0010, National Research Institute for Mathematics
    and Computer Science in the Netherlands, Amsterdam, May 2000.
       (  http://www.cwi.nl/ftp/CWIreports/INS/INS-R0010.ps.Z
       or  http://micans.org/mcl/lit/INS-R0010.ps.Z)

