....[mcl] new tab created
[mcl] pid 36571
 ite -------------------  chaos  time hom(avg,lo,hi) expa expb expc fmv
  1  ...................   0.11  0.08 1.01/1.00/1.02 1.00 1.00 1.00 100
  2  ...................   0.11  0.08 0.99/0.99/0.99 1.00 1.00 1.00 100
  3  ...................   0.12  0.08 0.99/0.99/0.99 1.00 1.00 1.00 100
  4  ...................   0.13  0.07 0.99/0.99/0.99 1.00 1.00 1.00 100
  5  ...................   0.15  0.07 0.99/0.99/0.99 1.00 1.00 1.00 100
  6  ...................   0.16  0.54 0.98/0.98/0.98 1.00 1.00 1.00 100
  7  ...................   0.18  0.07 0.98/0.98/0.98 1.00 1.00 1.00 100
  8  ...................   0.20  0.07 0.98/0.98/0.98 1.00 1.00 1.00 100
  9  ...................   0.22  0.07 0.97/0.97/0.97 1.00 1.00 1.00 100
 10  ...................   0.24  0.07 0.97/0.97/0.97 1.00 1.00 1.00 100
 11  ...................   0.27  0.07 0.96/0.96/0.96 1.00 1.00 1.00 100
 12  ...................   0.30  0.07 0.95/0.95/0.95 1.00 1.00 1.00 100
 13  ...................   0.33  0.07 0.94/0.94/0.94 1.00 1.00 1.00 100
 14  ...................   0.37  0.07 0.93/0.93/0.93 1.00 1.00 1.00 100
 15  ...................   0.41  0.07 0.92/0.92/0.92 1.00 1.00 1.00 100
 16  ...................   0.46  0.08 0.91/0.91/0.91 1.00 1.00 1.00 100
 17  ...................   0.51  0.07 0.89/0.89/0.89 1.00 1.00 1.00 100
 18  ...................   0.57  0.07 0.87/0.87/0.87 1.00 1.00 1.00 100
 19  ...................   0.64  0.07 0.85/0.85/0.85 1.00 1.00 1.00 100
 20  ...................   0.71  0.07 0.83/0.83/0.83 1.00 1.00 1.00 100
 21  ...................   0.80  0.07 0.80/0.80/0.80 1.00 1.00 1.00 100
 22  ...................   0.90  0.07 0.77/0.77/0.77 1.00 1.00 1.00 100
 23  ...................   1.01  0.07 0.74/0.74/0.74 1.00 1.00 1.00 100
 24  ...................   1.14  0.07 0.71/0.71/0.71 1.00 1.00 1.00 100
 25  ...................   1.29  0.06 0.68/0.68/0.68 1.00 1.00 1.00 100
 26  ...................   1.47  0.07 0.65/0.65/0.65 1.00 1.00 1.00 100
 27  ...................   1.67  0.07 0.61/0.61/0.61 1.00 1.00 1.00 100
 28  ...................   1.91  0.06 0.58/0.58/0.58 1.00 1.00 1.00 100
 29  ...................   2.19  0.06 0.54/0.54/0.54 1.00 1.00 1.00 100
 30  ...................   2.52  0.06 0.51/0.51/0.51 1.00 1.00 1.00 100
 31  ...................   2.92  0.06 0.48/0.48/0.48 1.00 1.00 1.00 100
 32  ...................   3.39  0.06 0.45/0.45/0.45 1.00 1.00 1.00 100
 33  ...................   3.94  0.06 0.42/0.42/0.42 1.00 1.00 1.00 100
 34  ...................   4.63  0.06 0.38/0.38/0.38 1.00 1.00 1.00 100
 35  ...................   5.34  0.07 0.35/0.35/0.35 1.00 0.98 0.98 100
 36  ...................   6.22  0.06 0.32/0.32/0.32 1.00 0.98 0.96 100
 37  ...................   7.21  0.07 0.29/0.29/0.29 1.00 0.98 0.94 100
 38  ...................   8.24  0.06 0.26/0.26/0.26 1.00 0.96 0.89 100
 39  ...................   9.57  0.06 0.23/0.23/0.23 1.00 0.97 0.87 100
 40  ...................  10.83  0.05 0.20/0.20/0.20 1.00 0.94 0.82 100
 41  ...................  11.95  0.05 0.18/0.18/0.18 1.00 0.92 0.75 100
 42  ...................  12.96  0.04 0.16/0.16/0.16 1.00 0.90 0.67 100
 43  ...................  14.19  0.04 0.15/0.15/0.15 1.00 0.91 0.61 100
 44  ...................  15.61  0.03 0.14/0.14/0.14 1.00 0.92 0.56 100
 45  ...................  16.83  0.03 0.14/0.14/0.14 1.00 0.90 0.51 100
 46  ...................  17.91  0.03 0.14/0.14/0.14 1.00 0.90 0.45 100
 47  ...................  19.05  0.02 0.15/0.15/0.15 1.00 0.91 0.41 100
 48  ...................  19.15  0.01 0.17/0.17/0.17 1.00 0.88 0.36 100
 49  ...................  20.04  0.01 0.20/0.20/0.20 1.00 0.93 0.34 100
 50  ...................  18.92  0.01 0.24/0.24/0.24 1.00 0.87 0.29 100
 51  ...................  18.18  0.01 0.29/0.29/0.29 1.00 0.92 0.27 100
 52  ...................  15.43  0.01 0.36/0.36/0.36 1.00 0.85 0.23 100
 53  ...................  12.69  0.01 0.44/0.44/0.44 1.00 0.87 0.20 100
 54  ...................  10.03  0.01 0.53/0.53/0.53 1.00 0.88 0.17 100
 55  ...................   6.17  0.00 0.62/0.62/0.62 1.00 0.73 0.13 100
 56  ...................   3.98  0.00 0.71/0.71/0.71 1.00 0.81 0.10 100
 57  ...................   2.39  0.00 0.79/0.79/0.79 1.00 0.80 0.08 100
 58  ...................   1.34  0.01 0.85/0.85/0.85 1.00 0.79 0.06 100
 59  ...................   0.66  0.00 0.90/0.90/0.90 1.00 0.74 0.05 100
 60  ...................   0.36  0.00 0.94/0.94/0.94 1.00 0.86 0.04 100
 61  ...................   0.18  0.00 0.96/0.96/0.96 1.00 0.83 0.03 100
 62  ...................   0.10  0.00 0.98/0.98/0.98 1.00 1.00 0.03 100
 63  ...................   0.04  0.01 0.99/0.99/0.99 1.00 0.80 0.03 100
 64  ...................   0.01  0.00 0.99/0.99/0.99 1.00 0.62 0.02 100
 65  ...................   0.01  0.00 1.00/1.00/1.00 1.00 0.80 0.01   0
 66  ...................   0.00  0.00 1.00/1.00/1.00 1.00 0.75 0.01   0
 67  ...................   0.00  0.00 1.00/1.00/1.00 1.00 0.67 0.01   0
 68  ...................   0.00  0.00 1.00/1.00/1.00 1.00 0.50 0.00   0
[mcl] jury pruning marks: <100,100,100>, out of 100
[mcl] jury pruning synopsis: <100.0 or really really really good> (cf -scheme, -do log)
[mcl] output is in /local/wiwie/ClustEval/repository/results/05_06_2013-15_52_16_tcga/clusters/MCL_norm_tcga.175.results
[mcl] 1 clusters found
[mcl] output is in /local/wiwie/ClustEval/repository/results/05_06_2013-15_52_16_tcga/clusters/MCL_norm_tcga.175.results

Please cite:
    Stijn van Dongen, Graph Clustering by Flow Simulation.  PhD thesis,
    University of Utrecht, May 2000.
       (  http://www.library.uu.nl/digiarchief/dip/diss/1895620/full.pdf
       or  http://micans.org/mcl/lit/svdthesis.pdf.gz)
OR
    Stijn van Dongen, A cluster algorithm for graphs. Technical
    Report INS-R0010, National Research Institute for Mathematics
    and Computer Science in the Netherlands, Amsterdam, May 2000.
       (  http://www.cwi.nl/ftp/CWIreports/INS/INS-R0010.ps.Z
       or  http://micans.org/mcl/lit/INS-R0010.ps.Z)

