....[mcl] new tab created
[mcl] pid 18915
 ite -------------------  chaos  time hom(avg,lo,hi) expa expb expc fmv
  1  ...................   0.11  0.07 1.01/1.00/1.02 1.00 1.00 1.00 100
  2  ...................   0.12  0.11 0.99/0.99/0.99 1.00 1.00 1.00 100
  3  ...................   0.16  0.07 0.99/0.99/0.99 1.00 1.00 1.00 100
  4  ...................   0.20  0.07 0.98/0.98/0.98 1.00 1.00 1.00 100
  5  ...................   0.25  0.07 0.97/0.97/0.97 1.00 1.00 1.00 100
  6  ...................   0.32  0.09 0.95/0.95/0.95 1.00 1.00 1.00 100
  7  ...................   0.42  0.10 0.92/0.92/0.92 1.00 1.00 1.00 100
  8  ...................   0.54  0.07 0.88/0.88/0.88 1.00 1.00 1.00 100
  9  ...................   0.70  0.07 0.83/0.83/0.83 1.00 1.00 1.00 100
 10  ...................   0.91  0.07 0.77/0.77/0.77 1.00 1.00 1.00 100
 11  ...................   1.21  0.07 0.70/0.70/0.70 1.00 1.00 1.00 100
 12  ...................   1.64  0.07 0.62/0.62/0.62 1.00 1.00 1.00 100
 13  ...................   2.25  0.07 0.54/0.54/0.54 1.00 1.00 1.00 100
 14  ...................   3.16  0.07 0.46/0.46/0.46 1.00 1.00 1.00 100
 15  ...................   4.55  0.10 0.39/0.39/0.39 1.00 1.00 1.00 100
 16  ...................   6.44  0.07 0.31/0.31/0.31 1.00 0.96 0.95 100
 17  ...................   8.99  0.10 0.24/0.24/0.24 1.00 0.92 0.88 100
 18  ...................  11.88  0.06 0.18/0.18/0.18 1.00 0.86 0.75 100
 19  ...................  14.47  0.04 0.15/0.15/0.15 1.00 0.79 0.59 100
 20  ...................  17.77  0.03 0.14/0.14/0.14 1.00 0.81 0.48 100
 21  ...................  19.13  0.02 0.17/0.17/0.17 1.00 0.76 0.36 100
 22  ...................  18.41  0.02 0.26/0.26/0.26 1.00 0.77 0.28 100
 23  ...................  13.64  0.01 0.42/0.42/0.42 1.00 0.74 0.21 100
 24  ...................   6.12  0.01 0.63/0.63/0.63 1.00 0.61 0.13 100
 25  ...................   2.11  0.01 0.82/0.82/0.82 1.00 0.65 0.08 100
 26  ...................   0.41  0.00 0.93/0.93/0.93 1.00 0.50 0.04 100
 27  ...................   0.10  0.00 0.98/0.98/0.98 1.00 0.83 0.03 100
 28  ...................   0.01  0.00 1.00/1.00/1.00 1.00 0.40 0.01 100
 29  ...................   0.00  0.00 1.00/1.00/1.00 1.00 0.50 0.01   0
 30  ...................   0.00  0.00 1.00/1.00/1.00 1.00 0.50 0.00   0
[mcl] jury pruning marks: <100,100,100>, out of 100
[mcl] jury pruning synopsis: <100.0 or really really really good> (cf -scheme, -do log)
[mcl] output is in /local/wiwie/ClustEval/repository/results/05_06_2013-15_52_16_tcga/clusters/MCL_norm_tcga.74.results
[mcl] 1 clusters found
[mcl] output is in /local/wiwie/ClustEval/repository/results/05_06_2013-15_52_16_tcga/clusters/MCL_norm_tcga.74.results

Please cite:
    Stijn van Dongen, Graph Clustering by Flow Simulation.  PhD thesis,
    University of Utrecht, May 2000.
       (  http://www.library.uu.nl/digiarchief/dip/diss/1895620/full.pdf
       or  http://micans.org/mcl/lit/svdthesis.pdf.gz)
OR
    Stijn van Dongen, A cluster algorithm for graphs. Technical
    Report INS-R0010, National Research Institute for Mathematics
    and Computer Science in the Netherlands, Amsterdam, May 2000.
       (  http://www.cwi.nl/ftp/CWIreports/INS/INS-R0010.ps.Z
       or  http://micans.org/mcl/lit/INS-R0010.ps.Z)

