....[mcl] new tab created
[mcl] pid 64840
 ite -------------------  chaos  time hom(avg,lo,hi) expa expb expc fmv
  1  ...................   0.11  0.10 1.01/1.00/1.02 1.00 1.00 1.00 100
  2  ...................   0.15  0.11 0.99/0.98/0.99 1.00 1.00 1.00 100
  3  ...................   0.25  0.06 0.97/0.97/0.97 1.00 1.00 1.00 100
  4  ...................   0.40  0.07 0.93/0.93/0.93 1.00 1.00 1.00 100
  5  ...................   0.65  0.09 0.85/0.85/0.85 1.00 1.00 1.00 100
  6  ...................   1.10  0.08 0.72/0.72/0.72 1.00 1.00 1.00 100
  7  ...................   1.97  0.08 0.57/0.57/0.57 1.00 1.00 1.00 100
  8  ...................   3.82  0.08 0.42/0.42/0.42 1.00 1.00 1.00 100
  9  ...................   7.58  0.08 0.28/0.28/0.28 1.00 0.93 0.93 100
 10  ...................  12.77  0.06 0.16/0.16/0.16 1.00 0.73 0.68 100
 11  ...................  18.26  0.06 0.14/0.14/0.14 1.00 0.64 0.43 100
 12  ...................  18.16  0.01 0.29/0.29/0.29 1.00 0.62 0.27 100
 13  ...................   5.11  0.01 0.67/0.67/0.67 1.00 0.43 0.12 100
 14  ...................   0.35  0.00 0.94/0.94/0.94 1.00 0.35 0.04 100
 15  ...................   0.01  0.00 1.00/1.00/1.00 1.00 0.33 0.01 100
 16  ...................   0.00  0.00 1.00/1.00/1.00 1.00 0.25 0.00   0
[mcl] jury pruning marks: <100,100,100>, out of 100
[mcl] jury pruning synopsis: <100.0 or really really really good> (cf -scheme, -do log)
[mcl] output is in /local/wiwie/ClustEval/repository/results/05_06_2013-15_52_16_tcga/clusters/MCL_norm_tcga.91.results
[mcl] 1 clusters found
[mcl] output is in /local/wiwie/ClustEval/repository/results/05_06_2013-15_52_16_tcga/clusters/MCL_norm_tcga.91.results

Please cite:
    Stijn van Dongen, Graph Clustering by Flow Simulation.  PhD thesis,
    University of Utrecht, May 2000.
       (  http://www.library.uu.nl/digiarchief/dip/diss/1895620/full.pdf
       or  http://micans.org/mcl/lit/svdthesis.pdf.gz)
OR
    Stijn van Dongen, A cluster algorithm for graphs. Technical
    Report INS-R0010, National Research Institute for Mathematics
    and Computer Science in the Netherlands, Amsterdam, May 2000.
       (  http://www.cwi.nl/ftp/CWIreports/INS/INS-R0010.ps.Z
       or  http://micans.org/mcl/lit/INS-R0010.ps.Z)

