....[mcl] new tab created
[mcl] pid 47390
 ite -------------------  chaos  time hom(avg,lo,hi) expa expb expc fmv
  1  ...................   0.11  0.08 1.01/1.00/1.02 1.00 1.00 1.00 100
  2  ...................   0.11  0.08 0.99/0.99/0.99 1.00 1.00 1.00 100
  3  ...................   0.12  0.08 0.99/0.99/0.99 1.00 1.00 1.00 100
  4  ...................   0.13  0.07 0.99/0.99/0.99 1.00 1.00 1.00 100
  5  ...................   0.15  0.07 0.99/0.99/0.99 1.00 1.00 1.00 100
  6  ...................   0.16  0.13 0.98/0.98/0.98 1.00 1.00 1.00 100
  7  ...................   0.18  0.07 0.98/0.98/0.98 1.00 1.00 1.00 100
  8  ...................   0.20  0.07 0.98/0.98/0.98 1.00 1.00 1.00 100
  9  ...................   0.23  0.07 0.97/0.97/0.97 1.00 1.00 1.00 100
 10  ...................   0.25  0.07 0.97/0.97/0.97 1.00 1.00 1.00 100
 11  ...................   0.28  0.07 0.96/0.96/0.96 1.00 1.00 1.00 100
 12  ...................   0.31  0.07 0.95/0.95/0.95 1.00 1.00 1.00 100
 13  ...................   0.35  0.07 0.94/0.94/0.94 1.00 1.00 1.00 100
 14  ...................   0.39  0.07 0.93/0.93/0.93 1.00 1.00 1.00 100
 15  ...................   0.44  0.07 0.91/0.91/0.91 1.00 1.00 1.00 100
 16  ...................   0.49  0.07 0.90/0.90/0.90 1.00 1.00 1.00 100
 17  ...................   0.55  0.07 0.88/0.88/0.88 1.00 1.00 1.00 100
 18  ...................   0.61  0.07 0.86/0.86/0.86 1.00 1.00 1.00 100
 19  ...................   0.69  0.07 0.84/0.84/0.84 1.00 1.00 1.00 100
 20  ...................   0.77  0.07 0.81/0.81/0.81 1.00 1.00 1.00 100
 21  ...................   0.87  0.07 0.78/0.78/0.78 1.00 1.00 1.00 100
 22  ...................   0.99  0.07 0.75/0.75/0.75 1.00 1.00 1.00 100
 23  ...................   1.12  0.08 0.72/0.72/0.72 1.00 1.00 1.00 100
 24  ...................   1.27  0.07 0.68/0.68/0.68 1.00 1.00 1.00 100
 25  ...................   1.45  0.07 0.65/0.65/0.65 1.00 1.00 1.00 100
 26  ...................   1.66  0.08 0.61/0.61/0.61 1.00 1.00 1.00 100
 27  ...................   1.91  0.07 0.58/0.58/0.58 1.00 1.00 1.00 100
 28  ...................   2.20  0.07 0.54/0.54/0.54 1.00 1.00 1.00 100
 29  ...................   2.55  0.07 0.51/0.51/0.51 1.00 1.00 1.00 100
 30  ...................   2.97  0.07 0.48/0.48/0.48 1.00 1.00 1.00 100
 31  ...................   3.47  0.08 0.44/0.44/0.44 1.00 1.00 1.00 100
 32  ...................   4.07  0.07 0.41/0.41/0.41 1.00 1.00 1.00 100
 33  ...................   4.79  0.07 0.38/0.38/0.38 1.00 1.00 0.99 100
 34  ...................   5.57  0.07 0.34/0.34/0.34 1.00 0.98 0.97 100
 35  ...................   6.51  0.06 0.31/0.31/0.31 1.00 0.98 0.95 100
 36  ...................   7.58  0.06 0.28/0.28/0.28 1.00 0.97 0.92 100
 37  ...................   8.76  0.06 0.25/0.25/0.25 1.00 0.96 0.89 100
 38  ...................  10.14  0.06 0.22/0.22/0.22 1.00 0.96 0.85 100
 39  ...................  11.35  0.05 0.19/0.19/0.19 1.00 0.92 0.78 100
 40  ...................  12.59  0.04 0.17/0.17/0.17 1.00 0.91 0.72 100
 41  ...................  13.68  0.04 0.15/0.15/0.15 1.00 0.90 0.64 100
 42  ...................  14.90  0.04 0.14/0.14/0.14 1.00 0.90 0.58 100
 43  ...................  16.48  0.03 0.14/0.14/0.14 1.00 0.92 0.53 100
 44  ...................  17.80  0.02 0.14/0.14/0.14 1.00 0.90 0.48 100
 45  ...................  18.63  0.02 0.15/0.15/0.15 1.00 0.89 0.42 100
 46  ...................  19.02  0.02 0.17/0.17/0.17 1.00 0.88 0.37 100
 47  ...................  20.17  0.02 0.19/0.19/0.19 1.00 0.94 0.35 100
 48  ...................  19.54  0.01 0.23/0.23/0.23 1.00 0.88 0.31 100
 49  ...................  18.11  0.01 0.29/0.29/0.29 1.00 0.88 0.27 100
 50  ...................  15.92  0.01 0.35/0.35/0.35 1.00 0.87 0.24 100
 51  ...................  12.77  0.01 0.44/0.44/0.44 1.00 0.84 0.20 100
 52  ...................  10.08  0.00 0.53/0.53/0.53 1.00 0.88 0.17 100
 53  ...................   6.17  0.00 0.62/0.62/0.62 1.00 0.73 0.13 100
 54  ...................   3.94  0.01 0.71/0.71/0.71 1.00 0.81 0.10 100
 55  ...................   2.34  0.00 0.79/0.79/0.79 1.00 0.80 0.08 100
 56  ...................   1.15  0.00 0.86/0.86/0.86 1.00 0.71 0.06 100
 57  ...................   0.53  0.00 0.91/0.91/0.91 1.00 0.71 0.04 100
 58  ...................   0.32  0.00 0.95/0.95/0.95 1.00 1.00 0.04 100
 59  ...................   0.16  0.00 0.97/0.97/0.97 1.00 0.83 0.03 100
 60  ...................   0.08  0.00 0.98/0.98/0.98 1.00 0.90 0.03 100
 61  ...................   0.03  0.00 0.99/0.99/0.99 1.00 0.78 0.02 100
 62  ...................   0.01  0.00 1.00/1.00/1.00 1.00 0.71 0.02 100
 63  ...................   0.00  0.00 1.00/1.00/1.00 1.00 0.60 0.01   0
 64  ...................   0.00  0.00 1.00/1.00/1.00 1.00 0.67 0.01   0
 65  ...................   0.00  0.00 1.00/1.00/1.00 1.00 1.00 0.01   0
 66  ...................   0.00  0.00 1.00/1.00/1.00 1.00 0.50 0.00   0
[mcl] jury pruning marks: <100,100,100>, out of 100
[mcl] jury pruning synopsis: <100.0 or really really really good> (cf -scheme, -do log)
[mcl] output is in /local/wiwie/ClustEval/repository/results/05_06_2013-15_52_16_tcga/clusters/MCL_norm_tcga.190.results
[mcl] 1 clusters found
[mcl] output is in /local/wiwie/ClustEval/repository/results/05_06_2013-15_52_16_tcga/clusters/MCL_norm_tcga.190.results

Please cite:
    Stijn van Dongen, Graph Clustering by Flow Simulation.  PhD thesis,
    University of Utrecht, May 2000.
       (  http://www.library.uu.nl/digiarchief/dip/diss/1895620/full.pdf
       or  http://micans.org/mcl/lit/svdthesis.pdf.gz)
OR
    Stijn van Dongen, A cluster algorithm for graphs. Technical
    Report INS-R0010, National Research Institute for Mathematics
    and Computer Science in the Netherlands, Amsterdam, May 2000.
       (  http://www.cwi.nl/ftp/CWIreports/INS/INS-R0010.ps.Z
       or  http://micans.org/mcl/lit/INS-R0010.ps.Z)

