....[mcl] new tab created
[mcl] pid 21509
 ite -------------------  chaos  time hom(avg,lo,hi) expa expb expc fmv
  1  ...................   0.11  0.08 1.01/1.00/1.02 1.00 1.00 1.00 100
  2  ...................   0.18  0.08 0.98/0.98/0.98 1.00 1.00 1.00 100
  3  ...................   0.34  0.10 0.94/0.94/0.94 1.00 1.00 1.00 100
  4  ...................   0.65  0.07 0.85/0.85/0.85 1.00 1.00 1.00 100
  5  ...................   1.32  0.10 0.67/0.67/0.67 1.00 1.00 1.00 100
  6  ...................   3.02  0.10 0.47/0.47/0.47 1.00 1.00 1.00 100
  7  ...................   7.55  0.10 0.28/0.28/0.28 1.00 0.93 0.93 100
  8  ...................  14.55  0.06 0.14/0.14/0.14 1.00 0.63 0.59 100
  9  ...................  19.08  0.03 0.21/0.21/0.21 1.00 0.53 0.31 100
 10  ...................   5.34  0.01 0.66/0.66/0.66 1.00 0.38 0.12 100
 11  ...................   0.14  0.00 0.97/0.97/0.97 1.00 0.29 0.03 100
 12  ...................   0.00  0.00 1.00/1.00/1.00 1.00 0.20 0.01 100
 13  ...................   0.00  0.00 1.00/1.00/1.00 1.00 0.50 0.00   0
[mcl] jury pruning marks: <100,100,100>, out of 100
[mcl] jury pruning synopsis: <100.0 or really really really good> (cf -scheme, -do log)
[mcl] output is in /local/wiwie/ClustEval/repository/results/05_06_2013-15_52_16_tcga/clusters/MCL_norm_tcga.43.results
[mcl] 1 clusters found
[mcl] output is in /local/wiwie/ClustEval/repository/results/05_06_2013-15_52_16_tcga/clusters/MCL_norm_tcga.43.results

Please cite:
    Stijn van Dongen, Graph Clustering by Flow Simulation.  PhD thesis,
    University of Utrecht, May 2000.
       (  http://www.library.uu.nl/digiarchief/dip/diss/1895620/full.pdf
       or  http://micans.org/mcl/lit/svdthesis.pdf.gz)
OR
    Stijn van Dongen, A cluster algorithm for graphs. Technical
    Report INS-R0010, National Research Institute for Mathematics
    and Computer Science in the Netherlands, Amsterdam, May 2000.
       (  http://www.cwi.nl/ftp/CWIreports/INS/INS-R0010.ps.Z
       or  http://micans.org/mcl/lit/INS-R0010.ps.Z)

