....[mcl] new tab created
[mcl] pid 52432
 ite -------------------  chaos  time hom(avg,lo,hi) expa expb expc fmv
  1  ...................   0.11  0.07 1.01/1.00/1.02 1.00 1.00 1.00 100
  2  ...................   0.11  0.07 0.99/0.99/0.99 1.00 1.00 1.00 100
  3  ...................   0.13  0.07 0.99/0.99/0.99 1.00 1.00 1.00 100
  4  ...................   0.14  0.07 0.99/0.99/0.99 1.00 1.00 1.00 100
  5  ...................   0.16  0.07 0.98/0.98/0.98 1.00 1.00 1.00 100
  6  ...................   0.19  0.07 0.98/0.98/0.98 1.00 1.00 1.00 100
  7  ...................   0.21  0.07 0.98/0.98/0.98 1.00 1.00 1.00 100
  8  ...................   0.24  0.07 0.97/0.97/0.97 1.00 1.00 1.00 100
  9  ...................   0.27  0.07 0.96/0.96/0.96 1.00 1.00 1.00 100
 10  ...................   0.31  0.09 0.95/0.95/0.95 1.00 1.00 1.00 100
 11  ...................   0.36  0.06 0.94/0.94/0.94 1.00 1.00 1.00 100
 12  ...................   0.41  0.06 0.92/0.92/0.92 1.00 1.00 1.00 100
 13  ...................   0.47  0.06 0.90/0.90/0.90 1.00 1.00 1.00 100
 14  ...................   0.54  0.07 0.88/0.88/0.88 1.00 1.00 1.00 100
 15  ...................   0.62  0.07 0.86/0.86/0.86 1.00 1.00 1.00 100
 16  ...................   0.72  0.07 0.83/0.83/0.83 1.00 1.00 1.00 100
 17  ...................   0.83  0.07 0.79/0.79/0.79 1.00 1.00 1.00 100
 18  ...................   0.96  0.07 0.76/0.76/0.76 1.00 1.00 1.00 100
 19  ...................   1.12  0.07 0.72/0.72/0.72 1.00 1.00 1.00 100
 20  ...................   1.31  0.09 0.68/0.68/0.68 1.00 1.00 1.00 100
 21  ...................   1.54  0.08 0.63/0.63/0.63 1.00 1.00 1.00 100
 22  ...................   1.82  0.07 0.59/0.59/0.59 1.00 1.00 1.00 100
 23  ...................   2.16  0.10 0.55/0.55/0.55 1.00 1.00 1.00 100
 24  ...................   2.59  0.09 0.51/0.51/0.51 1.00 1.00 1.00 100
 25  ...................   3.12  0.07 0.47/0.47/0.47 1.00 1.00 1.00 100
 26  ...................   3.79  0.09 0.42/0.42/0.42 1.00 1.00 1.00 100
 27  ...................   4.62  0.07 0.38/0.38/0.38 1.00 1.00 1.00 100
 28  ...................   5.56  0.07 0.34/0.34/0.34 1.00 0.98 0.97 100
 29  ...................   6.73  0.07 0.30/0.30/0.30 1.00 0.98 0.95 100
 30  ...................   8.00  0.06 0.26/0.26/0.26 1.00 0.95 0.90 100
 31  ...................   9.64  0.06 0.23/0.23/0.23 1.00 0.96 0.86 100
 32  ...................  11.17  0.06 0.20/0.20/0.20 1.00 0.92 0.79 100
 33  ...................  12.70  0.05 0.17/0.17/0.17 1.00 0.90 0.71 100
 34  ...................  14.00  0.04 0.15/0.15/0.15 1.00 0.87 0.62 100
 35  ...................  15.71  0.03 0.14/0.14/0.14 1.00 0.89 0.55 100
 36  ...................  17.19  0.02 0.14/0.14/0.14 1.00 0.88 0.48 100
 37  ...................  18.58  0.02 0.15/0.15/0.15 1.00 0.88 0.42 100
 38  ...................  19.01  0.02 0.17/0.17/0.17 1.00 0.85 0.36 100
 39  ...................  19.42  0.01 0.21/0.21/0.21 1.00 0.89 0.32 100
 40  ...................  18.30  0.01 0.26/0.26/0.26 1.00 0.86 0.28 100
 41  ...................  16.19  0.01 0.34/0.34/0.34 1.00 0.86 0.24 100
 42  ...................  12.68  0.01 0.44/0.44/0.44 1.00 0.83 0.20 100
 43  ...................   8.68  0.01 0.56/0.56/0.56 1.00 0.79 0.16 100
 44  ...................   4.89  0.00 0.67/0.67/0.67 1.00 0.72 0.11 100
 45  ...................   2.85  0.01 0.78/0.78/0.78 1.00 0.82 0.09 100
 46  ...................   1.23  0.00 0.86/0.86/0.86 1.00 0.67 0.06 100
 47  ...................   0.48  0.00 0.92/0.92/0.92 1.00 0.67 0.04 100
 48  ...................   0.26  0.01 0.96/0.96/0.96 1.00 1.00 0.04 100
 49  ...................   0.11  0.00 0.98/0.98/0.98 1.00 0.83 0.03 100
 50  ...................   0.04  0.00 0.99/0.99/0.99 1.00 0.80 0.03 100
 51  ...................   0.01  0.00 1.00/1.00/1.00 1.00 0.50 0.01 100
 52  ...................   0.00  0.00 1.00/1.00/1.00 1.00 0.75 0.01   0
 53  ...................   0.00  0.00 1.00/1.00/1.00 1.00 0.67 0.01   0
 54  ...................   0.00  0.00 1.00/1.00/1.00 1.00 0.50 0.00   0
[mcl] jury pruning marks: <100,100,100>, out of 100
[mcl] jury pruning synopsis: <100.0 or really really really good> (cf -scheme, -do log)
[mcl] output is in /local/wiwie/ClustEval/repository/results/05_06_2013-15_52_16_tcga/clusters/MCL_norm_tcga.159.results
[mcl] 1 clusters found
[mcl] output is in /local/wiwie/ClustEval/repository/results/05_06_2013-15_52_16_tcga/clusters/MCL_norm_tcga.159.results

Please cite:
    Stijn van Dongen, Graph Clustering by Flow Simulation.  PhD thesis,
    University of Utrecht, May 2000.
       (  http://www.library.uu.nl/digiarchief/dip/diss/1895620/full.pdf
       or  http://micans.org/mcl/lit/svdthesis.pdf.gz)
OR
    Stijn van Dongen, A cluster algorithm for graphs. Technical
    Report INS-R0010, National Research Institute for Mathematics
    and Computer Science in the Netherlands, Amsterdam, May 2000.
       (  http://www.cwi.nl/ftp/CWIreports/INS/INS-R0010.ps.Z
       or  http://micans.org/mcl/lit/INS-R0010.ps.Z)

