....[mcl] new tab created
[mcl] pid 15908
 ite -------------------  chaos  time hom(avg,lo,hi) expa expb expc fmv
  1  ...................   0.11  0.07 1.01/1.00/1.02 1.00 1.00 1.00 100
  2  ...................   0.11  0.08 0.99/0.99/0.99 1.00 1.00 1.00 100
  3  ...................   0.12  0.08 0.99/0.99/0.99 1.00 1.00 1.00 100
  4  ...................   0.13  0.07 0.99/0.99/0.99 1.00 1.00 1.00 100
  5  ...................   0.15  0.07 0.99/0.99/0.99 1.00 1.00 1.00 100
  6  ...................   0.16  0.07 0.98/0.98/0.98 1.00 1.00 1.00 100
  7  ...................   0.18  0.07 0.98/0.98/0.98 1.00 1.00 1.00 100
  8  ...................   0.20  0.07 0.98/0.98/0.98 1.00 1.00 1.00 100
  9  ...................   0.23  0.07 0.97/0.97/0.97 1.00 1.00 1.00 100
 10  ...................   0.25  0.07 0.97/0.97/0.97 1.00 1.00 1.00 100
 11  ...................   0.28  0.08 0.96/0.96/0.96 1.00 1.00 1.00 100
 12  ...................   0.31  0.07 0.95/0.95/0.95 1.00 1.00 1.00 100
 13  ...................   0.35  0.07 0.94/0.94/0.94 1.00 1.00 1.00 100
 14  ...................   0.39  0.07 0.93/0.93/0.93 1.00 1.00 1.00 100
 15  ...................   0.43  0.07 0.92/0.92/0.92 1.00 1.00 1.00 100
 16  ...................   0.48  0.07 0.90/0.90/0.90 1.00 1.00 1.00 100
 17  ...................   0.54  0.07 0.88/0.88/0.88 1.00 1.00 1.00 100
 18  ...................   0.61  0.07 0.86/0.86/0.86 1.00 1.00 1.00 100
 19  ...................   0.68  0.08 0.84/0.84/0.84 1.00 1.00 1.00 100
 20  ...................   0.77  0.07 0.81/0.81/0.81 1.00 1.00 1.00 100
 21  ...................   0.86  0.06 0.78/0.78/0.78 1.00 1.00 1.00 100
 22  ...................   0.98  0.07 0.75/0.75/0.75 1.00 1.00 1.00 100
 23  ...................   1.10  0.07 0.72/0.72/0.72 1.00 1.00 1.00 100
 24  ...................   1.25  0.07 0.69/0.69/0.69 1.00 1.00 1.00 100
 25  ...................   1.43  0.08 0.65/0.65/0.65 1.00 1.00 1.00 100
 26  ...................   1.63  0.06 0.62/0.62/0.62 1.00 1.00 1.00 100
 27  ...................   1.87  0.06 0.58/0.58/0.58 1.00 1.00 1.00 100
 28  ...................   2.16  0.07 0.55/0.55/0.55 1.00 1.00 1.00 100
 29  ...................   2.50  0.07 0.51/0.51/0.51 1.00 1.00 1.00 100
 30  ...................   2.90  0.07 0.48/0.48/0.48 1.00 1.00 1.00 100
 31  ...................   3.39  0.07 0.45/0.45/0.45 1.00 1.00 1.00 100
 32  ...................   3.97  0.07 0.41/0.41/0.41 1.00 1.00 1.00 100
 33  ...................   4.68  0.06 0.38/0.38/0.38 1.00 1.00 1.00 100
 34  ...................   5.43  0.07 0.35/0.35/0.35 1.00 0.98 0.98 100
 35  ...................   6.34  0.06 0.32/0.32/0.32 1.00 0.98 0.96 100
 36  ...................   7.43  0.06 0.28/0.28/0.28 1.00 0.98 0.94 100
 37  ...................   8.54  0.06 0.25/0.25/0.25 1.00 0.96 0.89 100
 38  ...................   9.87  0.06 0.22/0.22/0.22 1.00 0.96 0.86 100
 39  ...................  11.09  0.05 0.20/0.20/0.20 1.00 0.93 0.80 100
 40  ...................  12.24  0.05 0.17/0.17/0.17 1.00 0.91 0.72 100
 41  ...................  13.24  0.04 0.16/0.16/0.16 1.00 0.89 0.65 100
 42  ...................  14.68  0.04 0.15/0.15/0.15 1.00 0.92 0.59 100
 43  ...................  16.17  0.03 0.14/0.14/0.14 1.00 0.91 0.54 100
 44  ...................  17.28  0.02 0.14/0.14/0.14 1.00 0.89 0.48 100
 45  ...................  18.28  0.02 0.15/0.15/0.15 1.00 0.89 0.43 100
 46  ...................  19.28  0.02 0.16/0.16/0.16 1.00 0.90 0.39 100
 47  ...................  19.65  0.02 0.19/0.19/0.19 1.00 0.89 0.35 100
 48  ...................  19.18  0.01 0.22/0.22/0.22 1.00 0.88 0.31 100
 49  ...................  18.17  0.01 0.27/0.27/0.27 1.00 0.89 0.27 100
 50  ...................  16.67  0.01 0.34/0.34/0.34 1.00 0.90 0.25 100
 51  ...................  13.66  0.01 0.42/0.42/0.42 1.00 0.85 0.21 100
 52  ...................  10.63  0.01 0.50/0.50/0.50 1.00 0.85 0.18 100
 53  ...................   6.83  0.01 0.60/0.60/0.60 1.00 0.75 0.13 100
 54  ...................   4.50  0.01 0.69/0.69/0.69 1.00 0.82 0.11 100
 55  ...................   2.86  0.00 0.77/0.77/0.77 1.00 0.84 0.09 100
 56  ...................   1.43  0.00 0.84/0.84/0.84 1.00 0.70 0.06 100
 57  ...................   0.70  0.01 0.90/0.90/0.90 1.00 0.74 0.05 100
 58  ...................   0.38  0.00 0.94/0.94/0.94 1.00 0.86 0.04 100
 59  ...................   0.19  0.00 0.96/0.96/0.96 1.00 0.83 0.03 100
 60  ...................   0.10  0.00 0.98/0.98/0.98 1.00 1.00 0.03 100
 61  ...................   0.04  0.00 0.99/0.99/0.99 1.00 0.80 0.03 100
 62  ...................   0.01  0.00 0.99/0.99/0.99 1.00 0.62 0.02 100
 63  ...................   0.00  0.01 1.00/1.00/1.00 1.00 0.60 0.01   0
 64  ...................   0.00  0.00 1.00/1.00/1.00 1.00 1.00 0.01   0
 65  ...................   0.00  0.00 1.00/1.00/1.00 1.00 0.67 0.01   0
 66  ...................   0.00  0.00 1.00/1.00/1.00 1.00 0.50 0.00   0
[mcl] jury pruning marks: <100,100,100>, out of 100
[mcl] jury pruning synopsis: <100.0 or really really really good> (cf -scheme, -do log)
[mcl] output is in /local/wiwie/ClustEval/repository/results/05_06_2013-15_52_16_tcga/clusters/MCL_norm_tcga.188.results
[mcl] 1 clusters found
[mcl] output is in /local/wiwie/ClustEval/repository/results/05_06_2013-15_52_16_tcga/clusters/MCL_norm_tcga.188.results

Please cite:
    Stijn van Dongen, Graph Clustering by Flow Simulation.  PhD thesis,
    University of Utrecht, May 2000.
       (  http://www.library.uu.nl/digiarchief/dip/diss/1895620/full.pdf
       or  http://micans.org/mcl/lit/svdthesis.pdf.gz)
OR
    Stijn van Dongen, A cluster algorithm for graphs. Technical
    Report INS-R0010, National Research Institute for Mathematics
    and Computer Science in the Netherlands, Amsterdam, May 2000.
       (  http://www.cwi.nl/ftp/CWIreports/INS/INS-R0010.ps.Z
       or  http://micans.org/mcl/lit/INS-R0010.ps.Z)

