....[mcl] new tab created
[mcl] pid 65482
 ite -------------------  chaos  time hom(avg,lo,hi) expa expb expc fmv
  1  ...................   0.11  0.07 1.01/1.00/1.02 1.00 1.00 1.00 100
  2  ...................   0.11  0.07 0.99/0.99/0.99 1.00 1.00 1.00 100
  3  ...................   0.12  0.06 0.99/0.99/0.99 1.00 1.00 1.00 100
  4  ...................   0.13  0.06 0.99/0.99/0.99 1.00 1.00 1.00 100
  5  ...................   0.15  0.07 0.99/0.99/0.99 1.00 1.00 1.00 100
  6  ...................   0.17  0.07 0.98/0.98/0.98 1.00 1.00 1.00 100
  7  ...................   0.19  0.07 0.98/0.98/0.98 1.00 1.00 1.00 100
  8  ...................   0.21  0.07 0.98/0.98/0.98 1.00 1.00 1.00 100
  9  ...................   0.23  0.07 0.97/0.97/0.97 1.00 1.00 1.00 100
 10  ...................   0.26  0.06 0.96/0.96/0.96 1.00 1.00 1.00 100
 11  ...................   0.29  0.06 0.96/0.96/0.96 1.00 1.00 1.00 100
 12  ...................   0.32  0.06 0.95/0.95/0.95 1.00 1.00 1.00 100
 13  ...................   0.36  0.07 0.94/0.94/0.94 1.00 1.00 1.00 100
 14  ...................   0.41  0.07 0.92/0.92/0.92 1.00 1.00 1.00 100
 15  ...................   0.45  0.06 0.91/0.91/0.91 1.00 1.00 1.00 100
 16  ...................   0.51  0.07 0.89/0.89/0.89 1.00 1.00 1.00 100
 17  ...................   0.57  0.07 0.87/0.87/0.87 1.00 1.00 1.00 100
 18  ...................   0.65  0.07 0.85/0.85/0.85 1.00 1.00 1.00 100
 19  ...................   0.73  0.08 0.82/0.82/0.82 1.00 1.00 1.00 100
 20  ...................   0.82  0.08 0.80/0.80/0.80 1.00 1.00 1.00 100
 21  ...................   0.93  0.07 0.76/0.76/0.76 1.00 1.00 1.00 100
 22  ...................   1.06  0.07 0.73/0.73/0.73 1.00 1.00 1.00 100
 23  ...................   1.21  0.07 0.70/0.70/0.70 1.00 1.00 1.00 100
 24  ...................   1.38  0.07 0.66/0.66/0.66 1.00 1.00 1.00 100
 25  ...................   1.58  0.07 0.63/0.63/0.63 1.00 1.00 1.00 100
 26  ...................   1.82  0.07 0.59/0.59/0.59 1.00 1.00 1.00 100
 27  ...................   2.11  0.07 0.55/0.55/0.55 1.00 1.00 1.00 100
 28  ...................   2.45  0.07 0.52/0.52/0.52 1.00 1.00 1.00 100
 29  ...................   2.86  0.07 0.48/0.48/0.48 1.00 1.00 1.00 100
 30  ...................   3.35  0.07 0.45/0.45/0.45 1.00 1.00 1.00 100
 31  ...................   3.94  0.07 0.42/0.42/0.42 1.00 1.00 1.00 100
 32  ...................   4.68  0.07 0.38/0.38/0.38 1.00 1.00 1.00 100
 33  ...................   5.46  0.07 0.35/0.35/0.35 1.00 0.98 0.98 100
 34  ...................   6.41  0.07 0.31/0.31/0.31 1.00 0.98 0.96 100
 35  ...................   7.53  0.07 0.28/0.28/0.28 1.00 0.97 0.93 100
 36  ...................   8.71  0.06 0.25/0.25/0.25 1.00 0.96 0.89 100
 37  ...................  10.09  0.06 0.22/0.22/0.22 1.00 0.95 0.85 100
 38  ...................  11.36  0.05 0.19/0.19/0.19 1.00 0.92 0.78 100
 39  ...................  12.60  0.05 0.17/0.17/0.17 1.00 0.91 0.71 100
 40  ...................  13.83  0.04 0.15/0.15/0.15 1.00 0.90 0.64 100
 41  ...................  15.04  0.03 0.14/0.14/0.14 1.00 0.89 0.57 100
 42  ...................  16.70  0.03 0.14/0.14/0.14 1.00 0.92 0.53 100
 43  ...................  17.58  0.03 0.14/0.14/0.14 1.00 0.88 0.46 100
 44  ...................  18.81  0.03 0.15/0.15/0.15 1.00 0.90 0.42 100
 45  ...................  18.98  0.02 0.17/0.17/0.17 1.00 0.87 0.36 100
 46  ...................  20.04  0.02 0.20/0.20/0.20 1.00 0.93 0.34 100
 47  ...................  18.77  0.02 0.24/0.24/0.24 1.00 0.86 0.29 100
 48  ...................  17.77  0.01 0.30/0.30/0.30 1.00 0.91 0.26 100
 49  ...................  14.88  0.01 0.38/0.38/0.38 1.00 0.84 0.22 100
 50  ...................  12.20  0.01 0.47/0.47/0.47 1.00 0.88 0.19 100
 51  ...................   8.44  0.01 0.56/0.56/0.56 1.00 0.79 0.15 100
 52  ...................   5.37  0.01 0.66/0.66/0.66 1.00 0.78 0.12 100
 53  ...................   3.28  0.00 0.75/0.75/0.75 1.00 0.80 0.10 100
 54  ...................   1.84  0.01 0.83/0.83/0.83 1.00 0.79 0.08 100
 55  ...................   0.89  0.00 0.89/0.89/0.89 1.00 0.73 0.05 100
 56  ...................   0.42  0.00 0.93/0.93/0.93 1.00 0.75 0.04 100
 57  ...................   0.25  0.00 0.96/0.96/0.96 1.00 1.00 0.04 100
 58  ...................   0.11  0.01 0.98/0.98/0.98 1.00 0.83 0.03 100
 59  ...................   0.05  0.00 0.99/0.99/0.99 1.00 0.80 0.03 100
 60  ...................   0.01  0.00 0.99/0.99/0.99 1.00 0.62 0.02 100
 61  ...................   0.01  0.00 1.00/1.00/1.00 1.00 0.80 0.01   0
 62  ...................   0.00  0.00 1.00/1.00/1.00 1.00 0.75 0.01   0
 63  ...................   0.00  0.00 1.00/1.00/1.00 1.00 0.67 0.01   0
 64  ...................   0.00  0.00 1.00/1.00/1.00 1.00 0.50 0.00   0
[mcl] jury pruning marks: <100,100,100>, out of 100
[mcl] jury pruning synopsis: <100.0 or really really really good> (cf -scheme, -do log)
[mcl] output is in /local/wiwie/ClustEval/repository/results/05_06_2013-15_52_16_tcga/clusters/MCL_norm_tcga.139.results
[mcl] 1 clusters found
[mcl] output is in /local/wiwie/ClustEval/repository/results/05_06_2013-15_52_16_tcga/clusters/MCL_norm_tcga.139.results

Please cite:
    Stijn van Dongen, Graph Clustering by Flow Simulation.  PhD thesis,
    University of Utrecht, May 2000.
       (  http://www.library.uu.nl/digiarchief/dip/diss/1895620/full.pdf
       or  http://micans.org/mcl/lit/svdthesis.pdf.gz)
OR
    Stijn van Dongen, A cluster algorithm for graphs. Technical
    Report INS-R0010, National Research Institute for Mathematics
    and Computer Science in the Netherlands, Amsterdam, May 2000.
       (  http://www.cwi.nl/ftp/CWIreports/INS/INS-R0010.ps.Z
       or  http://micans.org/mcl/lit/INS-R0010.ps.Z)

