....[mcl] new tab created
[mcl] pid 29472
 ite -------------------  chaos  time hom(avg,lo,hi) expa expb expc fmv
  1  ...................   0.11  0.08 1.01/1.00/1.02 1.00 1.00 1.00 100
  2  ...................   0.11  0.08 0.99/0.99/0.99 1.00 1.00 1.00 100
  3  ...................   0.13  0.08 0.99/0.99/0.99 1.00 1.00 1.00 100
  4  ...................   0.15  0.09 0.99/0.99/0.99 1.00 1.00 1.00 100
  5  ...................   0.17  0.08 0.98/0.98/0.98 1.00 1.00 1.00 100
  6  ...................   0.20  0.07 0.98/0.98/0.98 1.00 1.00 1.00 100
  7  ...................   0.24  0.10 0.97/0.97/0.97 1.00 1.00 1.00 100
  8  ...................   0.27  0.09 0.96/0.96/0.96 1.00 1.00 1.00 100
  9  ...................   0.32  0.07 0.95/0.95/0.95 1.00 1.00 1.00 100
 10  ...................   0.37  0.07 0.93/0.93/0.93 1.00 1.00 1.00 100
 11  ...................   0.43  0.07 0.92/0.92/0.92 1.00 1.00 1.00 100
 12  ...................   0.51  0.10 0.89/0.89/0.89 1.00 1.00 1.00 100
 13  ...................   0.59  0.08 0.87/0.87/0.87 1.00 1.00 1.00 100
 14  ...................   0.70  0.09 0.83/0.83/0.83 1.00 1.00 1.00 100
 15  ...................   0.82  0.10 0.80/0.80/0.80 1.00 1.00 1.00 100
 16  ...................   0.98  0.08 0.75/0.75/0.75 1.00 1.00 1.00 100
 17  ...................   1.16  0.08 0.71/0.71/0.71 1.00 1.00 1.00 100
 18  ...................   1.39  0.08 0.66/0.66/0.66 1.00 1.00 1.00 100
 19  ...................   1.68  0.10 0.61/0.61/0.61 1.00 1.00 1.00 100
 20  ...................   2.04  0.07 0.56/0.56/0.56 1.00 1.00 1.00 100
 21  ...................   2.50  0.09 0.51/0.51/0.51 1.00 1.00 1.00 100
 22  ...................   3.09  0.11 0.47/0.47/0.47 1.00 1.00 1.00 100
 23  ...................   3.85  0.07 0.42/0.42/0.42 1.00 1.00 1.00 100
 24  ...................   4.83  0.08 0.37/0.37/0.37 1.00 1.00 0.99 100
 25  ...................   6.00  0.07 0.33/0.33/0.33 1.00 0.98 0.97 100
 26  ...................   7.44  0.07 0.28/0.28/0.28 1.00 0.96 0.94 100
 27  ...................   9.05  0.64 0.24/0.24/0.24 1.00 0.94 0.88 100
 28  ...................  10.93  0.05 0.20/0.20/0.20 1.00 0.93 0.81 100
 29  ...................  12.58  0.05 0.17/0.17/0.17 1.00 0.88 0.71 100
 30  ...................  14.11  0.04 0.15/0.15/0.15 1.00 0.86 0.61 100
 31  ...................  16.11  0.03 0.14/0.14/0.14 1.00 0.88 0.54 100
 32  ...................  17.51  0.03 0.14/0.14/0.14 1.00 0.85 0.45 100
 33  ...................  18.77  0.02 0.16/0.16/0.16 1.00 0.86 0.39 100
 34  ...................  20.14  0.01 0.19/0.19/0.19 1.00 0.89 0.35 100
 35  ...................  18.49  0.02 0.25/0.25/0.25 1.00 0.81 0.28 100
 36  ...................  16.67  0.03 0.34/0.34/0.34 1.00 0.87 0.25 100
 37  ...................  12.59  0.02 0.45/0.45/0.45 1.00 0.81 0.20 100
 38  ...................   7.96  0.01 0.58/0.58/0.58 1.00 0.76 0.15 100
 39  ...................   3.99  0.00 0.71/0.71/0.71 1.00 0.68 0.10 100
 40  ...................   2.07  0.00 0.82/0.82/0.82 1.00 0.80 0.08 100
 41  ...................   0.69  0.00 0.90/0.90/0.90 1.00 0.58 0.05 100
 42  ...................   0.30  0.01 0.95/0.95/0.95 1.00 0.86 0.04 100
 43  ...................   0.12  0.00 0.98/0.98/0.98 1.00 0.83 0.03 100
 44  ...................   0.03  0.00 0.99/0.99/0.99 1.00 0.70 0.02 100
 45  ...................   0.01  0.00 1.00/1.00/1.00 1.00 0.57 0.01 100
 46  ...................   0.00  0.00 1.00/1.00/1.00 1.00 0.50 0.01   0
 47  ...................   0.00  0.00 1.00/1.00/1.00 1.00 1.00 0.01   0
 48  ...................   0.00  0.00 1.00/1.00/1.00 1.00 0.50 0.00   0
[mcl] jury pruning marks: <100,100,100>, out of 100
[mcl] jury pruning synopsis: <100.0 or really really really good> (cf -scheme, -do log)
[mcl] output is in /local/wiwie/ClustEval/repository/results/05_06_2013-15_52_16_tcga/clusters/MCL_norm_tcga.68.results
[mcl] 1 clusters found
[mcl] output is in /local/wiwie/ClustEval/repository/results/05_06_2013-15_52_16_tcga/clusters/MCL_norm_tcga.68.results

Please cite:
    Stijn van Dongen, Graph Clustering by Flow Simulation.  PhD thesis,
    University of Utrecht, May 2000.
       (  http://www.library.uu.nl/digiarchief/dip/diss/1895620/full.pdf
       or  http://micans.org/mcl/lit/svdthesis.pdf.gz)
OR
    Stijn van Dongen, A cluster algorithm for graphs. Technical
    Report INS-R0010, National Research Institute for Mathematics
    and Computer Science in the Netherlands, Amsterdam, May 2000.
       (  http://www.cwi.nl/ftp/CWIreports/INS/INS-R0010.ps.Z
       or  http://micans.org/mcl/lit/INS-R0010.ps.Z)

