....[mcl] new tab created
[mcl] pid 45846
 ite -------------------  chaos  time hom(avg,lo,hi) expa expb expc fmv
  1  ...................   0.11  0.07 1.01/1.00/1.02 1.00 1.00 1.00 100
  2  ...................   0.12  0.07 0.99/0.99/0.99 1.00 1.00 1.00 100
  3  ...................   0.14  0.10 0.99/0.99/0.99 1.00 1.00 1.00 100
  4  ...................   0.17  0.07 0.98/0.98/0.98 1.00 1.00 1.00 100
  5  ...................   0.20  0.07 0.98/0.98/0.98 1.00 1.00 1.00 100
  6  ...................   0.24  0.07 0.97/0.97/0.97 1.00 1.00 1.00 100
  7  ...................   0.29  0.07 0.96/0.96/0.96 1.00 1.00 1.00 100
  8  ...................   0.34  0.08 0.94/0.94/0.94 1.00 1.00 1.00 100
  9  ...................   0.41  0.10 0.92/0.92/0.92 1.00 1.00 1.00 100
 10  ...................   0.50  0.07 0.89/0.89/0.89 1.00 1.00 1.00 100
 11  ...................   0.61  0.07 0.86/0.86/0.86 1.00 1.00 1.00 100
 12  ...................   0.74  0.10 0.82/0.82/0.82 1.00 1.00 1.00 100
 13  ...................   0.91  0.09 0.77/0.77/0.77 1.00 1.00 1.00 100
 14  ...................   1.12  0.07 0.72/0.72/0.72 1.00 1.00 1.00 100
 15  ...................   1.39  0.08 0.66/0.66/0.66 1.00 1.00 1.00 100
 16  ...................   1.75  0.07 0.60/0.60/0.60 1.00 1.00 1.00 100
 17  ...................   2.22  0.10 0.54/0.54/0.54 1.00 1.00 1.00 100
 18  ...................   2.86  0.08 0.48/0.48/0.48 1.00 1.00 1.00 100
 19  ...................   3.73  0.10 0.43/0.43/0.43 1.00 1.00 1.00 100
 20  ...................   4.89  0.10 0.37/0.37/0.37 1.00 0.99 0.99 100
 21  ...................   6.35  0.08 0.32/0.32/0.32 1.00 0.97 0.96 100
 22  ...................   8.15  0.07 0.26/0.26/0.26 1.00 0.94 0.90 100
 23  ...................  10.58  0.06 0.21/0.21/0.21 1.00 0.94 0.85 100
 24  ...................  12.43  0.09 0.17/0.17/0.17 1.00 0.85 0.72 100
 25  ...................  14.31  0.04 0.15/0.15/0.15 1.00 0.83 0.60 100
 26  ...................  16.84  0.03 0.14/0.14/0.14 1.00 0.86 0.51 100
 27  ...................  18.61  0.02 0.15/0.15/0.15 1.00 0.83 0.42 100
 28  ...................  19.82  0.02 0.18/0.18/0.18 1.00 0.84 0.35 100
 29  ...................  18.48  0.02 0.25/0.25/0.25 1.00 0.80 0.28 100
 30  ...................  15.67  0.01 0.36/0.36/0.36 1.00 0.82 0.23 100
 31  ...................  10.61  0.01 0.51/0.51/0.51 1.00 0.76 0.18 100
 32  ...................   5.14  0.01 0.67/0.67/0.67 1.00 0.65 0.12 100
 33  ...................   2.23  0.00 0.81/0.81/0.81 1.00 0.71 0.08 100
 34  ...................   0.67  0.01 0.90/0.90/0.90 1.00 0.58 0.05 100
 35  ...................   0.25  0.00 0.96/0.96/0.96 1.00 0.86 0.04 100
 36  ...................   0.07  0.00 0.98/0.98/0.98 1.00 0.75 0.03 100
 37  ...................   0.01  0.00 1.00/1.00/1.00 1.00 0.56 0.02 100
 38  ...................   0.00  0.00 1.00/1.00/1.00 1.00 0.60 0.01   0
 39  ...................   0.00  0.00 1.00/1.00/1.00 1.00 0.33 0.00   0
 40  ...................   0.00  0.00 1.00/1.00/1.00 1.00 1.00 0.00   0
[mcl] jury pruning marks: <100,100,100>, out of 100
[mcl] jury pruning synopsis: <100.0 or really really really good> (cf -scheme, -do log)
[mcl] output is in /local/wiwie/ClustEval/repository/results/05_06_2013-15_52_16_tcga/clusters/MCL_norm_tcga.70.results
[mcl] 1 clusters found
[mcl] output is in /local/wiwie/ClustEval/repository/results/05_06_2013-15_52_16_tcga/clusters/MCL_norm_tcga.70.results

Please cite:
    Stijn van Dongen, Graph Clustering by Flow Simulation.  PhD thesis,
    University of Utrecht, May 2000.
       (  http://www.library.uu.nl/digiarchief/dip/diss/1895620/full.pdf
       or  http://micans.org/mcl/lit/svdthesis.pdf.gz)
OR
    Stijn van Dongen, A cluster algorithm for graphs. Technical
    Report INS-R0010, National Research Institute for Mathematics
    and Computer Science in the Netherlands, Amsterdam, May 2000.
       (  http://www.cwi.nl/ftp/CWIreports/INS/INS-R0010.ps.Z
       or  http://micans.org/mcl/lit/INS-R0010.ps.Z)

