....[mcl] new tab created
[mcl] pid 32116
 ite -------------------  chaos  time hom(avg,lo,hi) expa expb expc fmv
  1  ...................   0.11  0.09 1.01/1.00/1.02 1.00 1.00 1.00 100
  2  ...................   0.13  0.07 0.99/0.99/0.99 1.00 1.00 1.00 100
  3  ...................   0.17  0.08 0.98/0.98/0.98 1.00 1.00 1.00 100
  4  ...................   0.23  0.08 0.97/0.97/0.97 1.00 1.00 1.00 100
  5  ...................   0.30  0.08 0.95/0.95/0.95 1.00 1.00 1.00 100
  6  ...................   0.41  0.07 0.92/0.92/0.92 1.00 1.00 1.00 100
  7  ...................   0.55  0.07 0.88/0.88/0.88 1.00 1.00 1.00 100
  8  ...................   0.75  0.10 0.82/0.82/0.82 1.00 1.00 1.00 100
  9  ...................   1.03  0.07 0.74/0.74/0.74 1.00 1.00 1.00 100
 10  ...................   1.46  0.06 0.65/0.65/0.65 1.00 1.00 1.00 100
 11  ...................   2.11  0.08 0.55/0.55/0.55 1.00 1.00 1.00 100
 12  ...................   3.14  0.08 0.46/0.46/0.46 1.00 1.00 1.00 100
 13  ...................   4.82  0.07 0.38/0.38/0.38 1.00 0.99 0.99 100
 14  ...................   7.26  0.09 0.29/0.29/0.29 1.00 0.94 0.94 100
 15  ...................  10.72  0.06 0.21/0.21/0.21 1.00 0.89 0.84 100
 16  ...................  13.79  0.05 0.15/0.15/0.15 1.00 0.77 0.64 100
 17  ...................  17.17  0.04 0.14/0.14/0.14 1.00 0.76 0.48 100
 18  ...................  19.28  0.02 0.17/0.17/0.17 1.00 0.74 0.36 100
 19  ...................  18.14  0.01 0.29/0.29/0.29 1.00 0.75 0.27 100
 20  ...................  10.66  0.01 0.50/0.50/0.50 1.00 0.66 0.18 100
 21  ...................   3.30  0.00 0.75/0.75/0.75 1.00 0.54 0.10 100
 22  ...................   0.52  0.01 0.91/0.91/0.91 1.00 0.43 0.04 100
 23  ...................   0.10  0.00 0.98/0.98/0.98 1.00 0.83 0.03 100
 24  ...................   0.01  0.00 1.00/1.00/1.00 1.00 0.40 0.01 100
 25  ...................   0.00  0.00 1.00/1.00/1.00 1.00 0.50 0.01   0
 26  ...................   0.00  0.00 1.00/1.00/1.00 1.00 0.50 0.00   0
[mcl] jury pruning marks: <100,100,100>, out of 100
[mcl] jury pruning synopsis: <100.0 or really really really good> (cf -scheme, -do log)
[mcl] output is in /local/wiwie/ClustEval/repository/results/05_06_2013-15_52_16_tcga/clusters/MCL_norm_tcga.77.results
[mcl] 1 clusters found
[mcl] output is in /local/wiwie/ClustEval/repository/results/05_06_2013-15_52_16_tcga/clusters/MCL_norm_tcga.77.results

Please cite:
    Stijn van Dongen, Graph Clustering by Flow Simulation.  PhD thesis,
    University of Utrecht, May 2000.
       (  http://www.library.uu.nl/digiarchief/dip/diss/1895620/full.pdf
       or  http://micans.org/mcl/lit/svdthesis.pdf.gz)
OR
    Stijn van Dongen, A cluster algorithm for graphs. Technical
    Report INS-R0010, National Research Institute for Mathematics
    and Computer Science in the Netherlands, Amsterdam, May 2000.
       (  http://www.cwi.nl/ftp/CWIreports/INS/INS-R0010.ps.Z
       or  http://micans.org/mcl/lit/INS-R0010.ps.Z)

