....[mcl] new tab created
[mcl] pid 7871
 ite -------------------  chaos  time hom(avg,lo,hi) expa expb expc fmv
  1  ...................   0.11  0.08 1.01/1.00/1.02 1.00 1.00 1.00 100
  2  ...................   0.26  0.09 0.96/0.96/0.97 1.00 1.00 1.00 100
  3  ...................   0.75  0.07 0.82/0.82/0.82 1.00 1.00 1.00 100
  4  ...................   2.56  0.07 0.51/0.51/0.51 1.00 1.00 1.00 100
  5  ...................  10.70  0.07 0.21/0.21/0.21 1.00 0.84 0.84 100
  6  ...................  19.31  0.05 0.22/0.22/0.22 1.00 0.37 0.31 100
  7  ...................   0.52  0.01 0.91/0.91/0.91 1.00 0.13 0.04 100
  8  ...................   0.00  0.00 1.00/1.00/1.00 1.00 0.08 0.00 100
[mcl] jury pruning marks: <100,100,100>, out of 100
[mcl] jury pruning synopsis: <100.0 or really really really good> (cf -scheme, -do log)
[mcl] output is in /local/wiwie/ClustEval/repository/results/05_06_2013-15_52_16_tcga/clusters/MCL_norm_tcga.54.results
[mcl] 1 clusters found
[mcl] output is in /local/wiwie/ClustEval/repository/results/05_06_2013-15_52_16_tcga/clusters/MCL_norm_tcga.54.results

Please cite:
    Stijn van Dongen, Graph Clustering by Flow Simulation.  PhD thesis,
    University of Utrecht, May 2000.
       (  http://www.library.uu.nl/digiarchief/dip/diss/1895620/full.pdf
       or  http://micans.org/mcl/lit/svdthesis.pdf.gz)
OR
    Stijn van Dongen, A cluster algorithm for graphs. Technical
    Report INS-R0010, National Research Institute for Mathematics
    and Computer Science in the Netherlands, Amsterdam, May 2000.
       (  http://www.cwi.nl/ftp/CWIreports/INS/INS-R0010.ps.Z
       or  http://micans.org/mcl/lit/INS-R0010.ps.Z)

