....[mcl] new tab created
[mcl] pid 18019
 ite -------------------  chaos  time hom(avg,lo,hi) expa expb expc fmv
  1  ...................   0.11  0.07 1.01/1.00/1.02 1.00 1.00 1.00 100
  2  ...................   0.11  0.08 0.99/0.99/0.99 1.00 1.00 1.00 100
  3  ...................   0.13  0.07 0.99/0.99/0.99 1.00 1.00 1.00 100
  4  ...................   0.15  0.07 0.99/0.99/0.99 1.00 1.00 1.00 100
  5  ...................   0.18  0.07 0.98/0.98/0.98 1.00 1.00 1.00 100
  6  ...................   0.21  0.07 0.98/0.98/0.98 1.00 1.00 1.00 100
  7  ...................   0.24  0.07 0.97/0.97/0.97 1.00 1.00 1.00 100
  8  ...................   0.28  0.07 0.96/0.96/0.96 1.00 1.00 1.00 100
  9  ...................   0.33  0.08 0.95/0.95/0.95 1.00 1.00 1.00 100
 10  ...................   0.38  0.07 0.93/0.93/0.93 1.00 1.00 1.00 100
 11  ...................   0.45  0.07 0.91/0.91/0.91 1.00 1.00 1.00 100
 12  ...................   0.53  0.08 0.88/0.88/0.88 1.00 1.00 1.00 100
 13  ...................   0.63  0.07 0.86/0.86/0.86 1.00 1.00 1.00 100
 14  ...................   0.74  0.07 0.82/0.82/0.82 1.00 1.00 1.00 100
 15  ...................   0.88  0.07 0.78/0.78/0.78 1.00 1.00 1.00 100
 16  ...................   1.05  0.08 0.74/0.74/0.74 1.00 1.00 1.00 100
 17  ...................   1.26  0.08 0.69/0.69/0.69 1.00 1.00 1.00 100
 18  ...................   1.52  0.55 0.64/0.64/0.64 1.00 1.00 1.00 100
 19  ...................   1.85  0.07 0.59/0.59/0.59 1.00 1.00 1.00 100
 20  ...................   2.26  0.08 0.54/0.54/0.54 1.00 1.00 1.00 100
 21  ...................   2.80  0.07 0.49/0.49/0.49 1.00 1.00 1.00 100
 22  ...................   3.50  0.07 0.44/0.44/0.44 1.00 1.00 1.00 100
 23  ...................   4.41  0.07 0.39/0.39/0.39 1.00 1.00 1.00 100
 24  ...................   5.50  0.07 0.35/0.35/0.35 1.00 0.98 0.97 100
 25  ...................   6.91  0.07 0.30/0.30/0.30 1.00 0.98 0.95 100
 26  ...................   8.48  0.07 0.25/0.25/0.25 1.00 0.94 0.89 100
 27  ...................  10.57  0.06 0.21/0.21/0.21 1.00 0.95 0.85 100
 28  ...................  12.03  0.06 0.18/0.18/0.18 1.00 0.86 0.73 100
 29  ...................  13.89  0.04 0.15/0.15/0.15 1.00 0.87 0.64 100
 30  ...................  15.72  0.03 0.14/0.14/0.14 1.00 0.86 0.55 100
 31  ...................  17.62  0.03 0.14/0.14/0.14 1.00 0.86 0.48 100
 32  ...................  19.27  0.02 0.15/0.15/0.15 1.00 0.86 0.41 100
 33  ...................  19.72  0.02 0.19/0.19/0.19 1.00 0.84 0.35 100
 34  ...................  18.98  0.01 0.24/0.24/0.24 1.00 0.84 0.29 100
 35  ...................  17.37  0.01 0.33/0.33/0.33 1.00 0.87 0.26 100
 36  ...................  12.67  0.01 0.45/0.45/0.45 1.00 0.77 0.20 100
 37  ...................   8.01  0.01 0.58/0.58/0.58 1.00 0.76 0.15 100
 38  ...................   3.99  0.00 0.71/0.71/0.71 1.00 0.68 0.10 100
 39  ...................   2.04  0.01 0.82/0.82/0.82 1.00 0.80 0.08 100
 40  ...................   0.67  0.00 0.90/0.90/0.90 1.00 0.58 0.05 100
 41  ...................   0.28  0.00 0.95/0.95/0.95 1.00 0.86 0.04 100
 42  ...................   0.11  0.00 0.98/0.98/0.98 1.00 0.83 0.03 100
 43  ...................   0.02  0.00 0.99/0.99/0.99 1.00 0.50 0.02 100
 44  ...................   0.01  0.00 1.00/1.00/1.00 1.00 0.80 0.01   0
 45  ...................   0.00  0.00 1.00/1.00/1.00 1.00 0.50 0.01   0
 46  ...................   0.00  0.00 1.00/1.00/1.00 1.00 0.50 0.00   0
[mcl] jury pruning marks: <100,100,100>, out of 100
[mcl] jury pruning synopsis: <100.0 or really really really good> (cf -scheme, -do log)
[mcl] output is in /local/wiwie/ClustEval/repository/results/05_06_2013-15_52_16_tcga/clusters/MCL_norm_tcga.110.results
[mcl] 1 clusters found
[mcl] output is in /local/wiwie/ClustEval/repository/results/05_06_2013-15_52_16_tcga/clusters/MCL_norm_tcga.110.results

Please cite:
    Stijn van Dongen, Graph Clustering by Flow Simulation.  PhD thesis,
    University of Utrecht, May 2000.
       (  http://www.library.uu.nl/digiarchief/dip/diss/1895620/full.pdf
       or  http://micans.org/mcl/lit/svdthesis.pdf.gz)
OR
    Stijn van Dongen, A cluster algorithm for graphs. Technical
    Report INS-R0010, National Research Institute for Mathematics
    and Computer Science in the Netherlands, Amsterdam, May 2000.
       (  http://www.cwi.nl/ftp/CWIreports/INS/INS-R0010.ps.Z
       or  http://micans.org/mcl/lit/INS-R0010.ps.Z)

