....[mcl] new tab created
[mcl] pid 32213
 ite -------------------  chaos  time hom(avg,lo,hi) expa expb expc fmv
  1  ...................   0.11  0.07 1.01/1.00/1.02 1.00 1.00 1.00 100
  2  ...................   0.13  0.08 0.99/0.99/0.99 1.00 1.00 1.00 100
  3  ...................   0.18  0.08 0.98/0.98/0.98 1.00 1.00 1.00 100
  4  ...................   0.24  0.08 0.97/0.97/0.97 1.00 1.00 1.00 100
  5  ...................   0.32  0.07 0.95/0.95/0.95 1.00 1.00 1.00 100
  6  ...................   0.44  0.07 0.91/0.91/0.91 1.00 1.00 1.00 100
  7  ...................   0.60  0.07 0.86/0.86/0.86 1.00 1.00 1.00 100
  8  ...................   0.83  0.07 0.79/0.79/0.79 1.00 1.00 1.00 100
  9  ...................   1.18  0.07 0.70/0.70/0.70 1.00 1.00 1.00 100
 10  ...................   1.71  0.11 0.61/0.61/0.61 1.00 1.00 1.00 100
 11  ...................   2.56  0.10 0.51/0.51/0.51 1.00 1.00 1.00 100
 12  ...................   3.95  0.07 0.42/0.42/0.42 1.00 1.00 1.00 100
 13  ...................   6.15  0.07 0.32/0.32/0.32 1.00 0.97 0.96 100
 14  ...................   9.34  0.07 0.23/0.23/0.23 1.00 0.91 0.87 100
 15  ...................  12.70  0.06 0.17/0.17/0.17 1.00 0.79 0.69 100
 16  ...................  16.55  0.07 0.14/0.14/0.14 1.00 0.76 0.53 100
 17  ...................  19.24  0.02 0.16/0.16/0.16 1.00 0.73 0.39 100
 18  ...................  18.29  0.02 0.26/0.26/0.26 1.00 0.72 0.28 100
 19  ...................  12.07  0.01 0.48/0.48/0.48 1.00 0.70 0.19 100
 20  ...................   3.70  0.00 0.73/0.73/0.73 1.00 0.53 0.10 100
 21  ...................   0.52  0.01 0.91/0.91/0.91 1.00 0.40 0.04 100
 22  ...................   0.10  0.00 0.98/0.98/0.98 1.00 0.83 0.03 100
 23  ...................   0.00  0.00 1.00/1.00/1.00 1.00 0.30 0.01 100
 24  ...................   0.00  0.00 1.00/1.00/1.00 1.00 0.33 0.00   0
[mcl] jury pruning marks: <100,100,100>, out of 100
[mcl] jury pruning synopsis: <100.0 or really really really good> (cf -scheme, -do log)
[mcl] output is in /local/wiwie/ClustEval/repository/results/05_06_2013-15_52_16_tcga/clusters/MCL_norm_tcga.78.results
[mcl] 1 clusters found
[mcl] output is in /local/wiwie/ClustEval/repository/results/05_06_2013-15_52_16_tcga/clusters/MCL_norm_tcga.78.results

Please cite:
    Stijn van Dongen, Graph Clustering by Flow Simulation.  PhD thesis,
    University of Utrecht, May 2000.
       (  http://www.library.uu.nl/digiarchief/dip/diss/1895620/full.pdf
       or  http://micans.org/mcl/lit/svdthesis.pdf.gz)
OR
    Stijn van Dongen, A cluster algorithm for graphs. Technical
    Report INS-R0010, National Research Institute for Mathematics
    and Computer Science in the Netherlands, Amsterdam, May 2000.
       (  http://www.cwi.nl/ftp/CWIreports/INS/INS-R0010.ps.Z
       or  http://micans.org/mcl/lit/INS-R0010.ps.Z)

