....[mcl] new tab created
[mcl] pid 1137
 ite -------------------  chaos  time hom(avg,lo,hi) expa expb expc fmv
  1  ...................   0.11  0.07 1.01/1.00/1.02 1.00 1.00 1.00 100
  2  ...................   0.12  0.07 0.99/0.99/0.99 1.00 1.00 1.00 100
  3  ...................   0.14  0.07 0.99/0.99/0.99 1.00 1.00 1.00 100
  4  ...................   0.17  0.07 0.98/0.98/0.98 1.00 1.00 1.00 100
  5  ...................   0.20  0.07 0.98/0.98/0.98 1.00 1.00 1.00 100
  6  ...................   0.25  0.07 0.97/0.97/0.97 1.00 1.00 1.00 100
  7  ...................   0.30  0.07 0.95/0.95/0.95 1.00 1.00 1.00 100
  8  ...................   0.36  0.07 0.94/0.94/0.94 1.00 1.00 1.00 100
  9  ...................   0.44  0.08 0.91/0.91/0.91 1.00 1.00 1.00 100
 10  ...................   0.54  0.07 0.88/0.88/0.88 1.00 1.00 1.00 100
 11  ...................   0.66  0.07 0.84/0.84/0.84 1.00 1.00 1.00 100
 12  ...................   0.81  0.07 0.80/0.80/0.80 1.00 1.00 1.00 100
 13  ...................   1.01  0.07 0.74/0.74/0.74 1.00 1.00 1.00 100
 14  ...................   1.26  0.07 0.69/0.69/0.69 1.00 1.00 1.00 100
 15  ...................   1.60  0.07 0.62/0.62/0.62 1.00 1.00 1.00 100
 16  ...................   2.04  0.08 0.56/0.56/0.56 1.00 1.00 1.00 100
 17  ...................   2.64  0.08 0.50/0.50/0.50 1.00 1.00 1.00 100
 18  ...................   3.47  0.07 0.44/0.44/0.44 1.00 1.00 1.00 100
 19  ...................   4.62  0.07 0.38/0.38/0.38 1.00 1.00 1.00 100
 20  ...................   6.08  0.07 0.33/0.33/0.33 1.00 0.97 0.97 100
 21  ...................   7.90  0.06 0.27/0.27/0.27 1.00 0.94 0.91 100
 22  ...................  10.27  0.06 0.22/0.22/0.22 1.00 0.93 0.85 100
 23  ...................  12.30  0.06 0.17/0.17/0.17 1.00 0.85 0.72 100
 24  ...................  14.28  0.04 0.15/0.15/0.15 1.00 0.83 0.60 100
 25  ...................  16.92  0.03 0.14/0.14/0.14 1.00 0.85 0.51 100
 26  ...................  18.71  0.02 0.15/0.15/0.15 1.00 0.82 0.42 100
 27  ...................  19.93  0.01 0.19/0.19/0.19 1.00 0.84 0.35 100
 28  ...................  18.31  0.01 0.27/0.27/0.27 1.00 0.79 0.28 100
 29  ...................  14.35  0.01 0.39/0.39/0.39 1.00 0.78 0.22 100
 30  ...................   9.04  0.01 0.55/0.55/0.55 1.00 0.75 0.16 100
 31  ...................   4.00  0.00 0.71/0.71/0.71 1.00 0.64 0.10 100
 32  ...................   1.43  0.00 0.84/0.84/0.84 1.00 0.63 0.06 100
 33  ...................   0.42  0.00 0.93/0.93/0.93 1.00 0.63 0.04 100
 34  ...................   0.14  0.00 0.97/0.97/0.97 1.00 0.83 0.03 100
 35  ...................   0.03  0.00 0.99/0.99/0.99 1.00 0.70 0.02 100
 36  ...................   0.00  0.00 1.00/1.00/1.00 1.00 0.43 0.01 100
 37  ...................   0.00  0.00 1.00/1.00/1.00 1.00 0.67 0.01   0
 38  ...................   0.00  0.00 1.00/1.00/1.00 1.00 0.50 0.00   0
[mcl] jury pruning marks: <100,100,100>, out of 100
[mcl] jury pruning synopsis: <100.0 or really really really good> (cf -scheme, -do log)
[mcl] output is in /local/wiwie/ClustEval/repository/results/05_06_2013-15_52_16_tcga/clusters/MCL_norm_tcga.119.results
[mcl] 1 clusters found
[mcl] output is in /local/wiwie/ClustEval/repository/results/05_06_2013-15_52_16_tcga/clusters/MCL_norm_tcga.119.results

Please cite:
    Stijn van Dongen, Graph Clustering by Flow Simulation.  PhD thesis,
    University of Utrecht, May 2000.
       (  http://www.library.uu.nl/digiarchief/dip/diss/1895620/full.pdf
       or  http://micans.org/mcl/lit/svdthesis.pdf.gz)
OR
    Stijn van Dongen, A cluster algorithm for graphs. Technical
    Report INS-R0010, National Research Institute for Mathematics
    and Computer Science in the Netherlands, Amsterdam, May 2000.
       (  http://www.cwi.nl/ftp/CWIreports/INS/INS-R0010.ps.Z
       or  http://micans.org/mcl/lit/INS-R0010.ps.Z)

