....[mcl] new tab created
[mcl] pid 39881
 ite -------------------  chaos  time hom(avg,lo,hi) expa expb expc fmv
  1  ...................   0.11  0.07 1.01/1.00/1.02 1.00 1.00 1.00 100
  2  ...................   0.11  0.08 0.99/0.99/0.99 1.00 1.00 1.00 100
  3  ...................   0.14  0.07 0.99/0.99/0.99 1.00 1.00 1.00 100
  4  ...................   0.16  0.07 0.98/0.98/0.98 1.00 1.00 1.00 100
  5  ...................   0.19  0.07 0.98/0.98/0.98 1.00 1.00 1.00 100
  6  ...................   0.22  0.07 0.97/0.97/0.97 1.00 1.00 1.00 100
  7  ...................   0.27  0.07 0.96/0.96/0.96 1.00 1.00 1.00 100
  8  ...................   0.32  0.07 0.95/0.95/0.95 1.00 1.00 1.00 100
  9  ...................   0.38  0.07 0.93/0.93/0.93 1.00 1.00 1.00 100
 10  ...................   0.45  0.07 0.91/0.91/0.91 1.00 1.00 1.00 100
 11  ...................   0.53  0.07 0.88/0.88/0.88 1.00 1.00 1.00 100
 12  ...................   0.64  0.07 0.85/0.85/0.85 1.00 1.00 1.00 100
 13  ...................   0.77  0.06 0.81/0.81/0.81 1.00 1.00 1.00 100
 14  ...................   0.94  0.06 0.76/0.76/0.76 1.00 1.00 1.00 100
 15  ...................   1.14  0.07 0.71/0.71/0.71 1.00 1.00 1.00 100
 16  ...................   1.40  0.07 0.66/0.66/0.66 1.00 1.00 1.00 100
 17  ...................   1.73  0.07 0.60/0.60/0.60 1.00 1.00 1.00 100
 18  ...................   2.16  0.07 0.55/0.55/0.55 1.00 1.00 1.00 100
 19  ...................   2.73  0.07 0.49/0.49/0.49 1.00 1.00 1.00 100
 20  ...................   3.49  0.07 0.44/0.44/0.44 1.00 1.00 1.00 100
 21  ...................   4.51  0.07 0.39/0.39/0.39 1.00 1.00 1.00 100
 22  ...................   5.77  0.07 0.34/0.34/0.34 1.00 0.98 0.97 100
 23  ...................   7.37  0.06 0.28/0.28/0.28 1.00 0.96 0.94 100
 24  ...................   9.24  0.06 0.24/0.24/0.24 1.00 0.93 0.87 100
 25  ...................  11.29  0.05 0.19/0.19/0.19 1.00 0.90 0.79 100
 26  ...................  13.08  0.05 0.16/0.16/0.16 1.00 0.85 0.67 100
 27  ...................  15.12  0.04 0.14/0.14/0.14 1.00 0.85 0.57 100
 28  ...................  17.10  0.02 0.14/0.14/0.14 1.00 0.85 0.48 100
 29  ...................  18.97  0.02 0.15/0.15/0.15 1.00 0.85 0.41 100
 30  ...................  19.83  0.02 0.19/0.19/0.19 1.00 0.84 0.35 100
 31  ...................  18.55  0.01 0.25/0.25/0.25 1.00 0.81 0.28 100
 32  ...................  15.92  0.01 0.36/0.36/0.36 1.00 0.83 0.24 100
 33  ...................  11.23  0.02 0.49/0.49/0.49 1.00 0.78 0.18 100
 34  ...................   5.94  0.01 0.64/0.64/0.64 1.00 0.69 0.13 100
 35  ...................   2.84  0.00 0.78/0.78/0.78 1.00 0.73 0.09 100
 36  ...................   1.00  0.00 0.88/0.88/0.88 1.00 0.63 0.06 100
 37  ...................   0.34  0.00 0.94/0.94/0.94 1.00 0.71 0.04 100
 38  ...................   0.12  0.00 0.98/0.98/0.98 1.00 0.83 0.03 100
 39  ...................   0.03  0.00 0.99/0.99/0.99 1.00 0.60 0.02 100
 40  ...................   0.00  0.00 1.00/1.00/1.00 1.00 0.50 0.01 100
 41  ...................   0.00  0.00 1.00/1.00/1.00 1.00 0.67 0.01   0
 42  ...................   0.00  0.00 1.00/1.00/1.00 1.00 0.50 0.00   0
[mcl] jury pruning marks: <100,100,100>, out of 100
[mcl] jury pruning synopsis: <100.0 or really really really good> (cf -scheme, -do log)
[mcl] output is in /local/wiwie/ClustEval/repository/results/05_06_2013-15_52_16_tcga/clusters/MCL_norm_tcga.114.results
[mcl] 1 clusters found
[mcl] output is in /local/wiwie/ClustEval/repository/results/05_06_2013-15_52_16_tcga/clusters/MCL_norm_tcga.114.results

Please cite:
    Stijn van Dongen, Graph Clustering by Flow Simulation.  PhD thesis,
    University of Utrecht, May 2000.
       (  http://www.library.uu.nl/digiarchief/dip/diss/1895620/full.pdf
       or  http://micans.org/mcl/lit/svdthesis.pdf.gz)
OR
    Stijn van Dongen, A cluster algorithm for graphs. Technical
    Report INS-R0010, National Research Institute for Mathematics
    and Computer Science in the Netherlands, Amsterdam, May 2000.
       (  http://www.cwi.nl/ftp/CWIreports/INS/INS-R0010.ps.Z
       or  http://micans.org/mcl/lit/INS-R0010.ps.Z)

