....[mcl] new tab created
[mcl] pid 6008
 ite -------------------  chaos  time hom(avg,lo,hi) expa expb expc fmv
  1  ...................   0.11  0.07 1.01/1.00/1.02 1.00 1.00 1.00 100
  2  ...................   0.12  0.07 0.99/0.99/0.99 1.00 1.00 1.00 100
  3  ...................   0.15  0.10 0.99/0.99/0.99 1.00 1.00 1.00 100
  4  ...................   0.18  0.07 0.98/0.98/0.98 1.00 1.00 1.00 100
  5  ...................   0.22  0.07 0.97/0.97/0.97 1.00 1.00 1.00 100
  6  ...................   0.28  0.07 0.96/0.96/0.96 1.00 1.00 1.00 100
  7  ...................   0.34  0.09 0.94/0.94/0.94 1.00 1.00 1.00 100
  8  ...................   0.43  0.07 0.92/0.92/0.92 1.00 1.00 1.00 100
  9  ...................   0.54  0.07 0.88/0.88/0.88 1.00 1.00 1.00 100
 10  ...................   0.68  0.09 0.84/0.84/0.84 1.00 1.00 1.00 100
 11  ...................   0.85  0.07 0.79/0.79/0.79 1.00 1.00 1.00 100
 12  ...................   1.09  0.07 0.72/0.72/0.72 1.00 1.00 1.00 100
 13  ...................   1.41  0.10 0.66/0.66/0.66 1.00 1.00 1.00 100
 14  ...................   1.84  0.11 0.59/0.59/0.59 1.00 1.00 1.00 100
 15  ...................   2.45  0.08 0.52/0.52/0.52 1.00 1.00 1.00 100
 16  ...................   3.32  0.08 0.45/0.45/0.45 1.00 1.00 1.00 100
 17  ...................   4.57  0.08 0.39/0.39/0.39 1.00 1.00 1.00 100
 18  ...................   6.20  0.08 0.32/0.32/0.32 1.00 0.96 0.96 100
 19  ...................   8.29  0.06 0.26/0.26/0.26 1.00 0.93 0.89 100
 20  ...................  10.93  0.06 0.20/0.20/0.20 1.00 0.90 0.81 100
 21  ...................  13.13  0.05 0.16/0.16/0.16 1.00 0.82 0.66 100
 22  ...................  15.72  0.05 0.14/0.14/0.14 1.00 0.82 0.54 100
 23  ...................  18.00  0.05 0.14/0.14/0.14 1.00 0.81 0.44 100
 24  ...................  19.75  0.02 0.18/0.18/0.18 1.00 0.82 0.36 100
 25  ...................  18.22  0.02 0.26/0.26/0.26 1.00 0.77 0.28 100
 26  ...................  14.05  0.01 0.40/0.40/0.40 1.00 0.77 0.21 100
 27  ...................   8.03  0.01 0.58/0.58/0.58 1.00 0.71 0.15 100
 28  ...................   3.20  0.01 0.76/0.76/0.76 1.00 0.64 0.10 100
 29  ...................   0.89  0.00 0.89/0.89/0.89 1.00 0.57 0.05 100
 30  ...................   0.26  0.00 0.96/0.96/0.96 1.00 0.75 0.04 100
 31  ...................   0.05  0.00 0.99/0.99/0.99 1.00 0.67 0.03 100
 32  ...................   0.01  0.01 1.00/1.00/1.00 1.00 0.50 0.01 100
 33  ...................   0.00  0.00 1.00/1.00/1.00 1.00 0.50 0.01   0
 34  ...................   0.00  0.00 1.00/1.00/1.00 1.00 0.50 0.00   0
[mcl] jury pruning marks: <100,100,100>, out of 100
[mcl] jury pruning synopsis: <100.0 or really really really good> (cf -scheme, -do log)
[mcl] output is in /local/wiwie/ClustEval/repository/results/05_06_2013-15_52_16_tcga/clusters/MCL_norm_tcga.72.results
[mcl] 1 clusters found
[mcl] output is in /local/wiwie/ClustEval/repository/results/05_06_2013-15_52_16_tcga/clusters/MCL_norm_tcga.72.results

Please cite:
    Stijn van Dongen, Graph Clustering by Flow Simulation.  PhD thesis,
    University of Utrecht, May 2000.
       (  http://www.library.uu.nl/digiarchief/dip/diss/1895620/full.pdf
       or  http://micans.org/mcl/lit/svdthesis.pdf.gz)
OR
    Stijn van Dongen, A cluster algorithm for graphs. Technical
    Report INS-R0010, National Research Institute for Mathematics
    and Computer Science in the Netherlands, Amsterdam, May 2000.
       (  http://www.cwi.nl/ftp/CWIreports/INS/INS-R0010.ps.Z
       or  http://micans.org/mcl/lit/INS-R0010.ps.Z)

