....[mcl] new tab created
[mcl] pid 8422
 ite -------------------  chaos  time hom(avg,lo,hi) expa expb expc fmv
  1  ...................   0.11  0.08 1.01/1.00/1.02 1.00 1.00 1.00 100
  2  ...................   0.17  0.11 0.98/0.98/0.99 1.00 1.00 1.00 100
  3  ...................   0.28  0.08 0.96/0.96/0.96 1.00 1.00 1.00 100
  4  ...................   0.49  0.08 0.90/0.90/0.90 1.00 1.00 1.00 100
  5  ...................   0.88  0.09 0.78/0.78/0.78 1.00 1.00 1.00 100
  6  ...................   1.69  0.08 0.61/0.61/0.61 1.00 1.00 1.00 100
  7  ...................   3.54  0.07 0.44/0.44/0.44 1.00 1.00 1.00 100
  8  ...................   7.70  0.07 0.27/0.27/0.27 1.00 0.91 0.91 100
  9  ...................  13.88  0.09 0.15/0.15/0.15 1.00 0.69 0.63 100
 10  ...................  18.97  0.03 0.17/0.17/0.17 1.00 0.57 0.36 100
 11  ...................  12.34  0.02 0.45/0.45/0.45 1.00 0.54 0.19 100
 12  ...................   1.05  0.01 0.87/0.87/0.87 1.00 0.30 0.06 100
 13  ...................   0.02  0.00 0.99/0.99/0.99 1.00 0.29 0.02 100
 14  ...................   0.00  0.00 1.00/1.00/1.00 1.00 0.20 0.00   0
[mcl] jury pruning marks: <100,100,100>, out of 100
[mcl] jury pruning synopsis: <100.0 or really really really good> (cf -scheme, -do log)
[mcl] output is in /local/wiwie/ClustEval/repository/results/05_06_2013-15_52_16_tcga/clusters/MCL_norm_tcga.3.results
[mcl] 1 clusters found
[mcl] output is in /local/wiwie/ClustEval/repository/results/05_06_2013-15_52_16_tcga/clusters/MCL_norm_tcga.3.results

Please cite:
    Stijn van Dongen, Graph Clustering by Flow Simulation.  PhD thesis,
    University of Utrecht, May 2000.
       (  http://www.library.uu.nl/digiarchief/dip/diss/1895620/full.pdf
       or  http://micans.org/mcl/lit/svdthesis.pdf.gz)
OR
    Stijn van Dongen, A cluster algorithm for graphs. Technical
    Report INS-R0010, National Research Institute for Mathematics
    and Computer Science in the Netherlands, Amsterdam, May 2000.
       (  http://www.cwi.nl/ftp/CWIreports/INS/INS-R0010.ps.Z
       or  http://micans.org/mcl/lit/INS-R0010.ps.Z)

