....[mcl] new tab created
[mcl] pid 42505
 ite -------------------  chaos  time hom(avg,lo,hi) expa expb expc fmv
  1  ...................   0.11  0.08 1.01/1.00/1.02 1.00 1.00 1.00 100
  2  ...................   0.12  0.07 0.99/0.99/0.99 1.00 1.00 1.00 100
  3  ...................   0.14  0.07 0.99/0.99/0.99 1.00 1.00 1.00 100
  4  ...................   0.16  0.07 0.98/0.98/0.98 1.00 1.00 1.00 100
  5  ...................   0.19  0.08 0.98/0.98/0.98 1.00 1.00 1.00 100
  6  ...................   0.23  0.07 0.97/0.97/0.97 1.00 1.00 1.00 100
  7  ...................   0.27  0.08 0.96/0.96/0.96 1.00 1.00 1.00 100
  8  ...................   0.32  0.07 0.95/0.95/0.95 1.00 1.00 1.00 100
  9  ...................   0.39  0.07 0.93/0.93/0.93 1.00 1.00 1.00 100
 10  ...................   0.46  0.08 0.91/0.91/0.91 1.00 1.00 1.00 100
 11  ...................   0.56  0.07 0.88/0.88/0.88 1.00 1.00 1.00 100
 12  ...................   0.67  0.07 0.84/0.84/0.84 1.00 1.00 1.00 100
 13  ...................   0.81  0.07 0.80/0.80/0.80 1.00 1.00 1.00 100
 14  ...................   0.99  0.08 0.75/0.75/0.75 1.00 1.00 1.00 100
 15  ...................   1.22  0.07 0.70/0.70/0.70 1.00 1.00 1.00 100
 16  ...................   1.51  0.07 0.64/0.64/0.64 1.00 1.00 1.00 100
 17  ...................   1.88  0.07 0.58/0.58/0.58 1.00 1.00 1.00 100
 18  ...................   2.37  0.07 0.53/0.53/0.53 1.00 1.00 1.00 100
 19  ...................   3.03  0.08 0.47/0.47/0.47 1.00 1.00 1.00 100
 20  ...................   3.90  0.07 0.42/0.42/0.42 1.00 1.00 1.00 100
 21  ...................   5.08  0.07 0.36/0.36/0.36 1.00 0.99 0.99 100
 22  ...................   6.49  0.07 0.31/0.31/0.31 1.00 0.96 0.95 100
 23  ...................   8.19  0.06 0.26/0.26/0.26 1.00 0.94 0.89 100
 24  ...................  10.58  0.07 0.21/0.21/0.21 1.00 0.95 0.85 100
 25  ...................  12.31  0.05 0.17/0.17/0.17 1.00 0.85 0.72 100
 26  ...................  14.14  0.04 0.15/0.15/0.15 1.00 0.84 0.61 100
 27  ...................  16.70  0.03 0.14/0.14/0.14 1.00 0.87 0.53 100
 28  ...................  18.16  0.03 0.14/0.14/0.14 1.00 0.82 0.43 100
 29  ...................  19.10  0.02 0.17/0.17/0.17 1.00 0.83 0.36 100
 30  ...................  19.43  0.01 0.23/0.23/0.23 1.00 0.86 0.31 100
 31  ...................  17.60  0.01 0.32/0.32/0.32 1.00 0.84 0.26 100
 32  ...................  12.60  0.01 0.45/0.45/0.45 1.00 0.76 0.20 100
 33  ...................   6.78  0.01 0.60/0.60/0.60 1.00 0.67 0.13 100
 34  ...................   3.29  0.00 0.75/0.75/0.75 1.00 0.72 0.10 100
 35  ...................   1.14  0.00 0.86/0.86/0.86 1.00 0.61 0.06 100
 36  ...................   0.39  0.00 0.93/0.93/0.93 1.00 0.71 0.04 100
 37  ...................   0.14  0.00 0.97/0.97/0.97 1.00 0.83 0.03 100
 38  ...................   0.04  0.00 0.99/0.99/0.99 1.00 0.80 0.03 100
 39  ...................   0.01  0.01 1.00/1.00/1.00 1.00 0.50 0.01 100
 40  ...................   0.00  0.00 1.00/1.00/1.00 1.00 0.50 0.01   0
 41  ...................   0.00  0.00 1.00/1.00/1.00 1.00 0.50 0.00   0
[mcl] jury pruning marks: <100,100,100>, out of 100
[mcl] jury pruning synopsis: <100.0 or really really really good> (cf -scheme, -do log)
[mcl] output is in /local/wiwie/ClustEval/repository/results/05_06_2013-15_52_16_tcga/clusters/MCL_norm_tcga.115.results
[mcl] 1 clusters found
[mcl] output is in /local/wiwie/ClustEval/repository/results/05_06_2013-15_52_16_tcga/clusters/MCL_norm_tcga.115.results

Please cite:
    Stijn van Dongen, Graph Clustering by Flow Simulation.  PhD thesis,
    University of Utrecht, May 2000.
       (  http://www.library.uu.nl/digiarchief/dip/diss/1895620/full.pdf
       or  http://micans.org/mcl/lit/svdthesis.pdf.gz)
OR
    Stijn van Dongen, A cluster algorithm for graphs. Technical
    Report INS-R0010, National Research Institute for Mathematics
    and Computer Science in the Netherlands, Amsterdam, May 2000.
       (  http://www.cwi.nl/ftp/CWIreports/INS/INS-R0010.ps.Z
       or  http://micans.org/mcl/lit/INS-R0010.ps.Z)

