....[mcl] new tab created
[mcl] pid 45055
 ite -------------------  chaos  time hom(avg,lo,hi) expa expb expc fmv
  1  ...................   0.11  0.07 1.01/1.00/1.02 1.00 1.00 1.00 100
  2  ...................   0.13  0.11 0.99/0.99/0.99 1.00 1.00 1.00 100
  3  ...................   0.19  0.07 0.98/0.98/0.98 1.00 1.00 1.00 100
  4  ...................   0.26  0.07 0.96/0.96/0.96 1.00 1.00 1.00 100
  5  ...................   0.36  0.07 0.94/0.94/0.94 1.00 1.00 1.00 100
  6  ...................   0.50  0.06 0.89/0.89/0.89 1.00 1.00 1.00 100
  7  ...................   0.72  0.10 0.83/0.83/0.83 1.00 1.00 1.00 100
  8  ...................   1.04  0.06 0.74/0.74/0.74 1.00 1.00 1.00 100
  9  ...................   1.55  0.07 0.63/0.63/0.63 1.00 1.00 1.00 100
 10  ...................   2.38  0.07 0.53/0.53/0.53 1.00 1.00 1.00 100
 11  ...................   3.81  0.07 0.42/0.42/0.42 1.00 1.00 1.00 100
 12  ...................   6.18  0.09 0.32/0.32/0.32 1.00 0.96 0.96 100
 13  ...................   9.74  0.10 0.23/0.23/0.23 1.00 0.90 0.86 100
 14  ...................  13.18  0.06 0.16/0.16/0.16 1.00 0.75 0.65 100
 15  ...................  17.45  0.04 0.14/0.14/0.14 1.00 0.75 0.48 100
 16  ...................  19.96  0.04 0.19/0.19/0.19 1.00 0.72 0.35 100
 17  ...................  15.94  0.01 0.35/0.35/0.35 1.00 0.68 0.24 100
 18  ...................   6.13  0.00 0.63/0.63/0.63 1.00 0.54 0.13 100
 19  ...................   1.11  0.01 0.87/0.87/0.87 1.00 0.46 0.06 100
 20  ...................   0.15  0.00 0.97/0.97/0.97 1.00 0.59 0.03 100
 21  ...................   0.01  0.00 1.00/1.00/1.00 1.00 0.40 0.01 100
 22  ...................   0.00  0.00 1.00/1.00/1.00 1.00 0.25 0.00   0
 23  ...................   0.00  0.00 1.00/1.00/1.00 1.00 1.00 0.00   0
[mcl] jury pruning marks: <100,100,100>, out of 100
[mcl] jury pruning synopsis: <100.0 or really really really good> (cf -scheme, -do log)
[mcl] output is in /local/wiwie/ClustEval/repository/results/05_06_2013-15_52_16_tcga/clusters/MCL_norm_tcga.80.results
[mcl] 1 clusters found
[mcl] output is in /local/wiwie/ClustEval/repository/results/05_06_2013-15_52_16_tcga/clusters/MCL_norm_tcga.80.results

Please cite:
    Stijn van Dongen, Graph Clustering by Flow Simulation.  PhD thesis,
    University of Utrecht, May 2000.
       (  http://www.library.uu.nl/digiarchief/dip/diss/1895620/full.pdf
       or  http://micans.org/mcl/lit/svdthesis.pdf.gz)
OR
    Stijn van Dongen, A cluster algorithm for graphs. Technical
    Report INS-R0010, National Research Institute for Mathematics
    and Computer Science in the Netherlands, Amsterdam, May 2000.
       (  http://www.cwi.nl/ftp/CWIreports/INS/INS-R0010.ps.Z
       or  http://micans.org/mcl/lit/INS-R0010.ps.Z)

