....[mcl] new tab created
[mcl] pid 406
 ite -------------------  chaos  time hom(avg,lo,hi) expa expb expc fmv
  1  ...................   0.11  0.10 1.01/1.00/1.02 1.00 1.00 1.00 100
  2  ...................   0.11  0.08 0.99/0.99/0.99 1.00 1.00 1.00 100
  3  ...................   0.12  0.07 0.99/0.99/0.99 1.00 1.00 1.00 100
  4  ...................   0.14  0.10 0.99/0.99/0.99 1.00 1.00 1.00 100
  5  ...................   0.16  0.07 0.99/0.99/0.99 1.00 1.00 1.00 100
  6  ...................   0.18  0.07 0.98/0.98/0.98 1.00 1.00 1.00 100
  7  ...................   0.20  0.07 0.98/0.98/0.98 1.00 1.00 1.00 100
  8  ...................   0.23  0.07 0.97/0.97/0.97 1.00 1.00 1.00 100
  9  ...................   0.26  0.07 0.96/0.96/0.96 1.00 1.00 1.00 100
 10  ...................   0.30  0.07 0.95/0.95/0.95 1.00 1.00 1.00 100
 11  ...................   0.34  0.07 0.94/0.94/0.94 1.00 1.00 1.00 100
 12  ...................   0.38  0.07 0.93/0.93/0.93 1.00 1.00 1.00 100
 13  ...................   0.43  0.08 0.91/0.91/0.91 1.00 1.00 1.00 100
 14  ...................   0.49  0.06 0.90/0.90/0.90 1.00 1.00 1.00 100
 15  ...................   0.56  0.09 0.87/0.87/0.87 1.00 1.00 1.00 100
 16  ...................   0.65  0.07 0.85/0.85/0.85 1.00 1.00 1.00 100
 17  ...................   0.74  0.07 0.82/0.82/0.82 1.00 1.00 1.00 100
 18  ...................   0.85  0.06 0.79/0.79/0.79 1.00 1.00 1.00 100
 19  ...................   0.98  0.07 0.75/0.75/0.75 1.00 1.00 1.00 100
 20  ...................   1.14  0.07 0.71/0.71/0.71 1.00 1.00 1.00 100
 21  ...................   1.32  0.07 0.67/0.67/0.67 1.00 1.00 1.00 100
 22  ...................   1.54  0.07 0.63/0.63/0.63 1.00 1.00 1.00 100
 23  ...................   1.80  0.07 0.59/0.59/0.59 1.00 1.00 1.00 100
 24  ...................   2.13  0.07 0.55/0.55/0.55 1.00 1.00 1.00 100
 25  ...................   2.52  0.07 0.51/0.51/0.51 1.00 1.00 1.00 100
 26  ...................   3.01  0.07 0.47/0.47/0.47 1.00 1.00 1.00 100
 27  ...................   3.62  0.07 0.43/0.43/0.43 1.00 1.00 1.00 100
 28  ...................   4.36  0.07 0.40/0.40/0.40 1.00 1.00 1.00 100
 29  ...................   5.22  0.07 0.36/0.36/0.36 1.00 0.98 0.98 100
 30  ...................   6.24  0.07 0.32/0.32/0.32 1.00 0.98 0.96 100
 31  ...................   7.52  0.08 0.28/0.28/0.28 1.00 0.97 0.93 100
 32  ...................   8.85  0.07 0.24/0.24/0.24 1.00 0.95 0.88 100
 33  ...................  10.57  0.09 0.21/0.21/0.21 1.00 0.96 0.85 100
 34  ...................  11.74  0.06 0.18/0.18/0.18 1.00 0.89 0.75 100
 35  ...................  13.11  0.06 0.16/0.16/0.16 1.00 0.89 0.67 100
 36  ...................  14.48  0.04 0.15/0.15/0.15 1.00 0.88 0.59 100
 37  ...................  16.37  0.04 0.14/0.14/0.14 1.00 0.91 0.54 100
 38  ...................  17.60  0.03 0.14/0.14/0.14 1.00 0.87 0.47 100
 39  ...................  18.83  0.02 0.15/0.15/0.15 1.00 0.88 0.41 100
 40  ...................  19.28  0.01 0.17/0.17/0.17 1.00 0.87 0.36 100
 41  ...................  19.02  0.01 0.21/0.21/0.21 1.00 0.87 0.31 100
 42  ...................  18.13  0.01 0.27/0.27/0.27 1.00 0.88 0.27 100
 43  ...................  16.19  0.01 0.35/0.35/0.35 1.00 0.87 0.24 100
 44  ...................  12.73  0.00 0.44/0.44/0.44 1.00 0.83 0.20 100
 45  ...................   9.02  0.00 0.55/0.55/0.55 1.00 0.81 0.16 100
 46  ...................   5.39  0.00 0.66/0.66/0.66 1.00 0.74 0.12 100
 47  ...................   3.16  0.01 0.76/0.76/0.76 1.00 0.80 0.10 100
 48  ...................   1.44  0.00 0.84/0.84/0.84 1.00 0.68 0.06 100
 49  ...................   0.66  0.00 0.90/0.90/0.90 1.00 0.74 0.05 100
 50  ...................   0.32  0.01 0.95/0.95/0.95 1.00 0.86 0.04 100
 51  ...................   0.14  0.00 0.97/0.97/0.97 1.00 0.83 0.03 100
 52  ...................   0.06  0.00 0.99/0.99/0.99 1.00 0.80 0.03 100
 53  ...................   0.02  0.00 0.99/0.99/0.99 1.00 0.62 0.02 100
 54  ...................   0.00  0.00 1.00/1.00/1.00 1.00 0.60 0.01   0
 55  ...................   0.00  0.00 1.00/1.00/1.00 1.00 0.67 0.01   0
 56  ...................   0.00  0.00 1.00/1.00/1.00 1.00 1.00 0.01   0
 57  ...................   0.00  0.00 1.00/1.00/1.00 1.00 0.50 0.00   0
[mcl] jury pruning marks: <100,100,100>, out of 100
[mcl] jury pruning synopsis: <100.0 or really really really good> (cf -scheme, -do log)
[mcl] output is in /local/wiwie/ClustEval/repository/results/05_06_2013-15_52_16_tcga/clusters/MCL_norm_tcga.103.results
[mcl] 1 clusters found
[mcl] output is in /local/wiwie/ClustEval/repository/results/05_06_2013-15_52_16_tcga/clusters/MCL_norm_tcga.103.results

Please cite:
    Stijn van Dongen, Graph Clustering by Flow Simulation.  PhD thesis,
    University of Utrecht, May 2000.
       (  http://www.library.uu.nl/digiarchief/dip/diss/1895620/full.pdf
       or  http://micans.org/mcl/lit/svdthesis.pdf.gz)
OR
    Stijn van Dongen, A cluster algorithm for graphs. Technical
    Report INS-R0010, National Research Institute for Mathematics
    and Computer Science in the Netherlands, Amsterdam, May 2000.
       (  http://www.cwi.nl/ftp/CWIreports/INS/INS-R0010.ps.Z
       or  http://micans.org/mcl/lit/INS-R0010.ps.Z)

