....[mcl] new tab created
[mcl] pid 34338
 ite -------------------  chaos  time hom(avg,lo,hi) expa expb expc fmv
  1  ...................   0.11  0.09 1.01/1.00/1.02 1.00 1.00 1.00 100
  2  ...................   0.11  0.08 0.99/0.99/0.99 1.00 1.00 1.00 100
  3  ...................   0.13  0.09 0.99/0.99/0.99 1.00 1.00 1.00 100
  4  ...................   0.16  0.08 0.99/0.99/0.99 1.00 1.00 1.00 100
  5  ...................   0.19  0.08 0.98/0.98/0.98 1.00 1.00 1.00 100
  6  ...................   0.22  0.07 0.97/0.97/0.97 1.00 1.00 1.00 100
  7  ...................   0.26  0.09 0.96/0.96/0.96 1.00 1.00 1.00 100
  8  ...................   0.31  0.07 0.95/0.95/0.95 1.00 1.00 1.00 100
  9  ...................   0.36  0.10 0.94/0.94/0.94 1.00 1.00 1.00 100
 10  ...................   0.43  0.08 0.92/0.92/0.92 1.00 1.00 1.00 100
 11  ...................   0.51  0.07 0.89/0.89/0.89 1.00 1.00 1.00 100
 12  ...................   0.61  0.07 0.86/0.86/0.86 1.00 1.00 1.00 100
 13  ...................   0.73  0.10 0.82/0.82/0.82 1.00 1.00 1.00 100
 14  ...................   0.88  0.11 0.78/0.78/0.78 1.00 1.00 1.00 100
 15  ...................   1.07  0.11 0.73/0.73/0.73 1.00 1.00 1.00 100
 16  ...................   1.30  0.10 0.68/0.68/0.68 1.00 1.00 1.00 100
 17  ...................   1.60  0.08 0.62/0.62/0.62 1.00 1.00 1.00 100
 18  ...................   1.98  0.08 0.57/0.57/0.57 1.00 1.00 1.00 100
 19  ...................   2.47  0.07 0.52/0.52/0.52 1.00 1.00 1.00 100
 20  ...................   3.13  0.07 0.46/0.46/0.46 1.00 1.00 1.00 100
 21  ...................   3.99  0.10 0.41/0.41/0.41 1.00 1.00 1.00 100
 22  ...................   5.13  0.10 0.36/0.36/0.36 1.00 0.99 0.99 100
 23  ...................   6.47  0.07 0.31/0.31/0.31 1.00 0.96 0.95 100
 24  ...................   8.12  0.07 0.26/0.26/0.26 1.00 0.95 0.90 100
 25  ...................  10.25  0.06 0.22/0.22/0.22 1.00 0.94 0.85 100
 26  ...................  12.03  0.05 0.18/0.18/0.18 1.00 0.87 0.74 100
 27  ...................  13.91  0.04 0.15/0.15/0.15 1.00 0.86 0.63 100
 28  ...................  15.84  0.03 0.14/0.14/0.14 1.00 0.85 0.54 100
 29  ...................  17.60  0.02 0.14/0.14/0.14 1.00 0.84 0.45 100
 30  ...................  19.26  0.02 0.16/0.16/0.16 1.00 0.86 0.39 100
 31  ...................  19.42  0.01 0.20/0.20/0.20 1.00 0.83 0.32 100
 32  ...................  18.25  0.01 0.28/0.28/0.28 1.00 0.84 0.27 100
 33  ...................  14.36  0.01 0.39/0.39/0.39 1.00 0.79 0.22 100
 34  ...................  10.15  0.00 0.52/0.52/0.52 1.00 0.81 0.17 100
 35  ...................   5.08  0.00 0.67/0.67/0.67 1.00 0.67 0.12 100
 36  ...................   2.31  0.01 0.80/0.80/0.80 1.00 0.71 0.08 100
 37  ...................   0.80  0.00 0.89/0.89/0.89 1.00 0.62 0.05 100
 38  ...................   0.31  0.00 0.95/0.95/0.95 1.00 0.80 0.04 100
 39  ...................   0.11  0.00 0.98/0.98/0.98 1.00 0.83 0.03 100
 40  ...................   0.02  0.01 0.99/0.99/0.99 1.00 0.50 0.02 100
 41  ...................   0.00  0.00 1.00/1.00/1.00 1.00 0.60 0.01   0
 42  ...................   0.00  0.00 1.00/1.00/1.00 1.00 0.67 0.01   0
 43  ...................   0.00  0.00 1.00/1.00/1.00 1.00 0.50 0.00   0
[mcl] jury pruning marks: <100,100,100>, out of 100
[mcl] jury pruning synopsis: <100.0 or really really really good> (cf -scheme, -do log)
[mcl] output is in /local/wiwie/ClustEval/repository/results/05_06_2013-15_52_16_tcga/clusters/MCL_norm_tcga.34.results
[mcl] 1 clusters found
[mcl] output is in /local/wiwie/ClustEval/repository/results/05_06_2013-15_52_16_tcga/clusters/MCL_norm_tcga.34.results

Please cite:
    Stijn van Dongen, Graph Clustering by Flow Simulation.  PhD thesis,
    University of Utrecht, May 2000.
       (  http://www.library.uu.nl/digiarchief/dip/diss/1895620/full.pdf
       or  http://micans.org/mcl/lit/svdthesis.pdf.gz)
OR
    Stijn van Dongen, A cluster algorithm for graphs. Technical
    Report INS-R0010, National Research Institute for Mathematics
    and Computer Science in the Netherlands, Amsterdam, May 2000.
       (  http://www.cwi.nl/ftp/CWIreports/INS/INS-R0010.ps.Z
       or  http://micans.org/mcl/lit/INS-R0010.ps.Z)

