....[mcl] new tab created
[mcl] pid 37062
 ite -------------------  chaos  time hom(avg,lo,hi) expa expb expc fmv
  1  ...................   0.11  0.11 1.01/1.00/1.02 1.00 1.00 1.00 100
  2  ...................   0.11  0.08 0.99/0.99/0.99 1.00 1.00 1.00 100
  3  ...................   0.12  0.08 0.99/0.99/0.99 1.00 1.00 1.00 100
  4  ...................   0.14  0.08 0.99/0.99/0.99 1.00 1.00 1.00 100
  5  ...................   0.15  0.07 0.99/0.99/0.99 1.00 1.00 1.00 100
  6  ...................   0.17  0.10 0.98/0.98/0.98 1.00 1.00 1.00 100
  7  ...................   0.19  0.07 0.98/0.98/0.98 1.00 1.00 1.00 100
  8  ...................   0.22  0.07 0.97/0.97/0.97 1.00 1.00 1.00 100
  9  ...................   0.24  0.07 0.97/0.97/0.97 1.00 1.00 1.00 100
 10  ...................   0.27  0.10 0.96/0.96/0.96 1.00 1.00 1.00 100
 11  ...................   0.30  0.06 0.95/0.95/0.95 1.00 1.00 1.00 100
 12  ...................   0.34  0.07 0.94/0.94/0.94 1.00 1.00 1.00 100
 13  ...................   0.39  0.08 0.93/0.93/0.93 1.00 1.00 1.00 100
 14  ...................   0.44  0.07 0.91/0.91/0.91 1.00 1.00 1.00 100
 15  ...................   0.49  0.07 0.90/0.90/0.90 1.00 1.00 1.00 100
 16  ...................   0.56  0.11 0.88/0.88/0.88 1.00 1.00 1.00 100
 17  ...................   0.63  0.10 0.85/0.85/0.85 1.00 1.00 1.00 100
 18  ...................   0.71  0.08 0.83/0.83/0.83 1.00 1.00 1.00 100
 19  ...................   0.81  0.07 0.80/0.80/0.80 1.00 1.00 1.00 100
 20  ...................   0.92  0.10 0.77/0.77/0.77 1.00 1.00 1.00 100
 21  ...................   1.05  0.07 0.73/0.73/0.73 1.00 1.00 1.00 100
 22  ...................   1.21  0.07 0.70/0.70/0.70 1.00 1.00 1.00 100
 23  ...................   1.39  0.07 0.66/0.66/0.66 1.00 1.00 1.00 100
 24  ...................   1.61  0.08 0.62/0.62/0.62 1.00 1.00 1.00 100
 25  ...................   1.86  0.09 0.58/0.58/0.58 1.00 1.00 1.00 100
 26  ...................   2.17  0.07 0.55/0.55/0.55 1.00 1.00 1.00 100
 27  ...................   2.54  0.08 0.51/0.51/0.51 1.00 1.00 1.00 100
 28  ...................   2.99  0.07 0.47/0.47/0.47 1.00 1.00 1.00 100
 29  ...................   3.54  0.07 0.44/0.44/0.44 1.00 1.00 1.00 100
 30  ...................   4.21  0.10 0.40/0.40/0.40 1.00 1.00 1.00 100
 31  ...................   5.01  0.07 0.37/0.37/0.37 1.00 0.99 0.99 100
 32  ...................   5.93  0.06 0.33/0.33/0.33 1.00 0.98 0.97 100
 33  ...................   6.99  0.06 0.30/0.30/0.30 1.00 0.97 0.95 100
 34  ...................   8.12  0.06 0.26/0.26/0.26 1.00 0.95 0.90 100
 35  ...................   9.56  0.06 0.23/0.23/0.23 1.00 0.96 0.87 100
 36  ...................  10.92  0.06 0.20/0.20/0.20 1.00 0.93 0.81 100
 37  ...................  12.14  0.05 0.18/0.18/0.18 1.00 0.90 0.73 100
 38  ...................  13.27  0.05 0.16/0.16/0.16 1.00 0.89 0.65 100
 39  ...................  14.77  0.03 0.14/0.14/0.14 1.00 0.90 0.58 100
 40  ...................  16.38  0.03 0.14/0.14/0.14 1.00 0.91 0.53 100
 41  ...................  17.68  0.02 0.14/0.14/0.14 1.00 0.89 0.47 100
 42  ...................  18.68  0.02 0.15/0.15/0.15 1.00 0.88 0.42 100
 43  ...................  18.99  0.02 0.17/0.17/0.17 1.00 0.87 0.36 100
 44  ...................  19.94  0.02 0.20/0.20/0.20 1.00 0.92 0.33 100
 45  ...................  18.67  0.03 0.25/0.25/0.25 1.00 0.86 0.29 100
 46  ...................  17.81  0.01 0.31/0.31/0.31 1.00 0.92 0.26 100
 47  ...................  14.08  0.01 0.39/0.39/0.39 1.00 0.81 0.21 100
 48  ...................  11.68  0.00 0.49/0.49/0.49 1.00 0.90 0.19 100
 49  ...................   7.13  0.00 0.59/0.59/0.59 1.00 0.71 0.14 100
 50  ...................   4.52  0.01 0.69/0.69/0.69 1.00 0.80 0.11 100
 51  ...................   2.80  0.00 0.78/0.78/0.78 1.00 0.84 0.09 100
 52  ...................   1.35  0.00 0.85/0.85/0.85 1.00 0.70 0.06 100
 53  ...................   0.54  0.00 0.91/0.91/0.91 1.00 0.63 0.04 100
 54  ...................   0.32  0.00 0.95/0.95/0.95 1.00 1.00 0.04 100
 55  ...................   0.15  0.00 0.97/0.97/0.97 1.00 0.83 0.03 100
 56  ...................   0.07  0.00 0.98/0.98/0.98 1.00 0.90 0.03 100
 57  ...................   0.02  0.00 0.99/0.99/0.99 1.00 0.56 0.02 100
 58  ...................   0.01  0.00 1.00/1.00/1.00 1.00 0.80 0.01   0
 59  ...................   0.00  0.00 1.00/1.00/1.00 1.00 0.75 0.01   0
 60  ...................   0.00  0.00 1.00/1.00/1.00 1.00 0.67 0.01   0
 61  ...................   0.00  0.00 1.00/1.00/1.00 1.00 0.50 0.00   0
[mcl] jury pruning marks: <100,100,100>, out of 100
[mcl] jury pruning synopsis: <100.0 or really really really good> (cf -scheme, -do log)
[mcl] output is in /local/wiwie/ClustEval/repository/results/05_06_2013-15_52_16_tcga/clusters/MCL_norm_tcga.144.results
[mcl] 1 clusters found
[mcl] output is in /local/wiwie/ClustEval/repository/results/05_06_2013-15_52_16_tcga/clusters/MCL_norm_tcga.144.results

Please cite:
    Stijn van Dongen, Graph Clustering by Flow Simulation.  PhD thesis,
    University of Utrecht, May 2000.
       (  http://www.library.uu.nl/digiarchief/dip/diss/1895620/full.pdf
       or  http://micans.org/mcl/lit/svdthesis.pdf.gz)
OR
    Stijn van Dongen, A cluster algorithm for graphs. Technical
    Report INS-R0010, National Research Institute for Mathematics
    and Computer Science in the Netherlands, Amsterdam, May 2000.
       (  http://www.cwi.nl/ftp/CWIreports/INS/INS-R0010.ps.Z
       or  http://micans.org/mcl/lit/INS-R0010.ps.Z)

