....[mcl] new tab created
[mcl] pid 52676
 ite -------------------  chaos  time hom(avg,lo,hi) expa expb expc fmv
  1  ...................   0.11  0.06 1.01/1.00/1.02 1.00 1.00 1.00 100
  2  ...................   0.12  0.07 0.99/0.99/0.99 1.00 1.00 1.00 100
  3  ...................   0.15  0.07 0.99/0.99/0.99 1.00 1.00 1.00 100
  4  ...................   0.19  0.06 0.98/0.98/0.98 1.00 1.00 1.00 100
  5  ...................   0.23  0.07 0.97/0.97/0.97 1.00 1.00 1.00 100
  6  ...................   0.29  0.07 0.96/0.96/0.96 1.00 1.00 1.00 100
  7  ...................   0.36  0.07 0.94/0.94/0.94 1.00 1.00 1.00 100
  8  ...................   0.45  0.07 0.91/0.91/0.91 1.00 1.00 1.00 100
  9  ...................   0.57  0.07 0.87/0.87/0.87 1.00 1.00 1.00 100
 10  ...................   0.73  0.07 0.82/0.82/0.82 1.00 1.00 1.00 100
 11  ...................   0.93  0.07 0.77/0.77/0.77 1.00 1.00 1.00 100
 12  ...................   1.21  0.07 0.70/0.70/0.70 1.00 1.00 1.00 100
 13  ...................   1.58  0.07 0.63/0.63/0.63 1.00 1.00 1.00 100
 14  ...................   2.10  0.07 0.55/0.55/0.55 1.00 1.00 1.00 100
 15  ...................   2.85  0.07 0.48/0.48/0.48 1.00 1.00 1.00 100
 16  ...................   3.93  0.07 0.42/0.42/0.42 1.00 1.00 1.00 100
 17  ...................   5.44  0.06 0.35/0.35/0.35 1.00 0.98 0.98 100
 18  ...................   7.49  0.06 0.28/0.28/0.28 1.00 0.95 0.93 100
 19  ...................  10.03  0.05 0.22/0.22/0.22 1.00 0.91 0.85 100
 20  ...................  12.57  0.05 0.17/0.17/0.17 1.00 0.84 0.72 100
 21  ...................  14.94  0.04 0.14/0.14/0.14 1.00 0.80 0.57 100
 22  ...................  17.60  0.03 0.14/0.14/0.14 1.00 0.81 0.46 100
 23  ...................  18.89  0.02 0.17/0.17/0.17 1.00 0.78 0.36 100
 24  ...................  18.95  0.02 0.24/0.24/0.24 1.00 0.81 0.29 100
 25  ...................  15.13  0.01 0.37/0.37/0.37 1.00 0.77 0.23 100
 26  ...................   8.68  0.01 0.56/0.56/0.56 1.00 0.70 0.16 100
 27  ...................   3.33  0.01 0.75/0.75/0.75 1.00 0.61 0.10 100
 28  ...................   0.97  0.00 0.88/0.88/0.88 1.00 0.61 0.06 100
 29  ...................   0.25  0.00 0.96/0.96/0.96 1.00 0.71 0.04 100
 30  ...................   0.05  0.01 0.99/0.99/0.99 1.00 0.67 0.03 100
 31  ...................   0.01  0.00 1.00/1.00/1.00 1.00 0.50 0.01 100
 32  ...................   0.00  0.00 1.00/1.00/1.00 1.00 0.50 0.01   0
 33  ...................   0.00  0.00 1.00/1.00/1.00 1.00 0.50 0.00   0
[mcl] jury pruning marks: <100,100,100>, out of 100
[mcl] jury pruning synopsis: <100.0 or really really really good> (cf -scheme, -do log)
[mcl] output is in /local/wiwie/ClustEval/repository/results/05_06_2013-15_52_16_tcga/clusters/MCL_norm_tcga.127.results
[mcl] 1 clusters found
[mcl] output is in /local/wiwie/ClustEval/repository/results/05_06_2013-15_52_16_tcga/clusters/MCL_norm_tcga.127.results

Please cite:
    Stijn van Dongen, Graph Clustering by Flow Simulation.  PhD thesis,
    University of Utrecht, May 2000.
       (  http://www.library.uu.nl/digiarchief/dip/diss/1895620/full.pdf
       or  http://micans.org/mcl/lit/svdthesis.pdf.gz)
OR
    Stijn van Dongen, A cluster algorithm for graphs. Technical
    Report INS-R0010, National Research Institute for Mathematics
    and Computer Science in the Netherlands, Amsterdam, May 2000.
       (  http://www.cwi.nl/ftp/CWIreports/INS/INS-R0010.ps.Z
       or  http://micans.org/mcl/lit/INS-R0010.ps.Z)

