....[mcl] new tab created
[mcl] pid 64716
 ite -------------------  chaos  time hom(avg,lo,hi) expa expb expc fmv
  1  ...................   0.11  0.11 1.01/1.00/1.02 1.00 1.00 1.00 100
  2  ...................   0.15  0.07 0.99/0.99/0.99 1.00 1.00 1.00 100
  3  ...................   0.23  0.07 0.97/0.97/0.97 1.00 1.00 1.00 100
  4  ...................   0.35  0.10 0.94/0.94/0.94 1.00 1.00 1.00 100
  5  ...................   0.55  0.10 0.88/0.88/0.88 1.00 1.00 1.00 100
  6  ...................   0.89  0.07 0.78/0.78/0.78 1.00 1.00 1.00 100
  7  ...................   1.49  0.07 0.64/0.64/0.64 1.00 1.00 1.00 100
  8  ...................   2.64  0.10 0.50/0.50/0.50 1.00 1.00 1.00 100
  9  ...................   4.98  0.07 0.37/0.37/0.37 1.00 0.99 0.99 100
 10  ...................   9.11  0.10 0.24/0.24/0.24 1.00 0.88 0.87 100
 11  ...................  14.00  0.05 0.15/0.15/0.15 1.00 0.71 0.62 100
 12  ...................  19.21  0.03 0.15/0.15/0.15 1.00 0.67 0.41 100
 13  ...................  17.81  0.03 0.31/0.31/0.31 1.00 0.64 0.26 100
 14  ...................   5.33  0.02 0.66/0.66/0.66 1.00 0.45 0.12 100
 15  ...................   0.43  0.00 0.93/0.93/0.93 1.00 0.34 0.04 100
 16  ...................   0.02  0.00 0.99/0.99/0.99 1.00 0.42 0.02 100
 17  ...................   0.00  0.00 1.00/1.00/1.00 1.00 0.20 0.00   0
[mcl] jury pruning marks: <100,100,100>, out of 100
[mcl] jury pruning synopsis: <100.0 or really really really good> (cf -scheme, -do log)
[mcl] output is in /local/wiwie/ClustEval/repository/results/05_06_2013-15_52_16_tcga/clusters/MCL_norm_tcga.88.results
[mcl] 1 clusters found
[mcl] output is in /local/wiwie/ClustEval/repository/results/05_06_2013-15_52_16_tcga/clusters/MCL_norm_tcga.88.results

Please cite:
    Stijn van Dongen, Graph Clustering by Flow Simulation.  PhD thesis,
    University of Utrecht, May 2000.
       (  http://www.library.uu.nl/digiarchief/dip/diss/1895620/full.pdf
       or  http://micans.org/mcl/lit/svdthesis.pdf.gz)
OR
    Stijn van Dongen, A cluster algorithm for graphs. Technical
    Report INS-R0010, National Research Institute for Mathematics
    and Computer Science in the Netherlands, Amsterdam, May 2000.
       (  http://www.cwi.nl/ftp/CWIreports/INS/INS-R0010.ps.Z
       or  http://micans.org/mcl/lit/INS-R0010.ps.Z)

