....[mcl] new tab created
[mcl] pid 63229
 ite -------------------  chaos  time hom(avg,lo,hi) expa expb expc fmv
  1  ...................   0.11  0.07 1.01/1.00/1.02 1.00 1.00 1.00 100
  2  ...................   0.12  0.10 0.99/0.99/0.99 1.00 1.00 1.00 100
  3  ...................   0.14  0.07 0.99/0.99/0.99 1.00 1.00 1.00 100
  4  ...................   0.17  0.07 0.98/0.98/0.98 1.00 1.00 1.00 100
  5  ...................   0.21  0.07 0.98/0.98/0.98 1.00 1.00 1.00 100
  6  ...................   0.26  0.06 0.96/0.96/0.96 1.00 1.00 1.00 100
  7  ...................   0.31  0.07 0.95/0.95/0.95 1.00 1.00 1.00 100
  8  ...................   0.38  0.07 0.93/0.93/0.93 1.00 1.00 1.00 100
  9  ...................   0.47  0.10 0.90/0.90/0.90 1.00 1.00 1.00 100
 10  ...................   0.58  0.08 0.87/0.87/0.87 1.00 1.00 1.00 100
 11  ...................   0.72  0.11 0.83/0.83/0.83 1.00 1.00 1.00 100
 12  ...................   0.90  0.07 0.77/0.77/0.77 1.00 1.00 1.00 100
 13  ...................   1.13  0.07 0.72/0.72/0.72 1.00 1.00 1.00 100
 14  ...................   1.43  0.08 0.65/0.65/0.65 1.00 1.00 1.00 100
 15  ...................   1.84  0.09 0.59/0.59/0.59 1.00 1.00 1.00 100
 16  ...................   2.39  0.07 0.52/0.52/0.52 1.00 1.00 1.00 100
 17  ...................   3.16  0.07 0.46/0.46/0.46 1.00 1.00 1.00 100
 18  ...................   4.23  0.07 0.40/0.40/0.40 1.00 1.00 1.00 100
 19  ...................   5.65  0.07 0.34/0.34/0.34 1.00 0.98 0.97 100
 20  ...................   7.52  0.06 0.28/0.28/0.28 1.00 0.96 0.93 100
 21  ...................   9.80  0.08 0.22/0.22/0.22 1.00 0.92 0.86 100
 22  ...................  12.01  0.06 0.18/0.18/0.18 1.00 0.86 0.74 100
 23  ...................  14.15  0.07 0.15/0.15/0.15 1.00 0.82 0.61 100
 24  ...................  16.86  0.03 0.14/0.14/0.14 1.00 0.84 0.52 100
 25  ...................  18.64  0.03 0.15/0.15/0.15 1.00 0.81 0.42 100
 26  ...................  20.04  0.02 0.19/0.19/0.19 1.00 0.84 0.35 100
 27  ...................  18.19  0.01 0.27/0.27/0.27 1.00 0.78 0.27 100
 28  ...................  13.77  0.01 0.40/0.40/0.40 1.00 0.76 0.21 100
 29  ...................   8.11  0.01 0.57/0.57/0.57 1.00 0.72 0.15 100
 30  ...................   3.39  0.01 0.74/0.74/0.74 1.00 0.64 0.10 100
 31  ...................   1.09  0.00 0.87/0.87/0.87 1.00 0.61 0.06 100
 32  ...................   0.33  0.00 0.94/0.94/0.94 1.00 0.71 0.04 100
 33  ...................   0.10  0.00 0.98/0.98/0.98 1.00 0.83 0.03 100
 34  ...................   0.01  0.00 0.99/0.99/0.99 1.00 0.50 0.02 100
 35  ...................   0.00  0.01 1.00/1.00/1.00 1.00 0.60 0.01   0
 36  ...................   0.00  0.00 1.00/1.00/1.00 1.00 0.33 0.00   0
 37  ...................   0.00  0.00 1.00/1.00/1.00 1.00 1.00 0.00   0
[mcl] jury pruning marks: <100,100,100>, out of 100
[mcl] jury pruning synopsis: <100.0 or really really really good> (cf -scheme, -do log)
[mcl] output is in /local/wiwie/ClustEval/repository/results/05_06_2013-15_52_16_tcga/clusters/MCL_norm_tcga.71.results
[mcl] 1 clusters found
[mcl] output is in /local/wiwie/ClustEval/repository/results/05_06_2013-15_52_16_tcga/clusters/MCL_norm_tcga.71.results

Please cite:
    Stijn van Dongen, Graph Clustering by Flow Simulation.  PhD thesis,
    University of Utrecht, May 2000.
       (  http://www.library.uu.nl/digiarchief/dip/diss/1895620/full.pdf
       or  http://micans.org/mcl/lit/svdthesis.pdf.gz)
OR
    Stijn van Dongen, A cluster algorithm for graphs. Technical
    Report INS-R0010, National Research Institute for Mathematics
    and Computer Science in the Netherlands, Amsterdam, May 2000.
       (  http://www.cwi.nl/ftp/CWIreports/INS/INS-R0010.ps.Z
       or  http://micans.org/mcl/lit/INS-R0010.ps.Z)

