....[mcl] new tab created
[mcl] pid 53658
 ite -------------------  chaos  time hom(avg,lo,hi) expa expb expc fmv
  1  ...................   0.11  0.07 1.01/1.00/1.02 1.00 1.00 1.00 100
  2  ...................   0.14  0.07 0.99/0.99/0.99 1.00 1.00 1.00 100
  3  ...................   0.21  0.07 0.97/0.97/0.97 1.00 1.00 1.00 100
  4  ...................   0.31  0.07 0.95/0.95/0.95 1.00 1.00 1.00 100
  5  ...................   0.47  0.07 0.90/0.90/0.90 1.00 1.00 1.00 100
  6  ...................   0.72  0.07 0.83/0.83/0.83 1.00 1.00 1.00 100
  7  ...................   1.13  0.06 0.72/0.72/0.72 1.00 1.00 1.00 100
  8  ...................   1.84  0.07 0.59/0.59/0.59 1.00 1.00 1.00 100
  9  ...................   3.17  0.08 0.46/0.46/0.46 1.00 1.00 1.00 100
 10  ...................   5.68  0.07 0.34/0.34/0.34 1.00 0.97 0.97 100
 11  ...................   9.86  0.07 0.22/0.22/0.22 1.00 0.88 0.86 100
 12  ...................  14.16  0.05 0.15/0.15/0.15 1.00 0.71 0.61 100
 13  ...................  18.76  0.02 0.15/0.15/0.15 1.00 0.69 0.42 100
 14  ...................  18.22  0.02 0.27/0.27/0.27 1.00 0.66 0.27 100
 15  ...................   8.05  0.01 0.58/0.58/0.58 1.00 0.55 0.15 100
 16  ...................   1.07  0.00 0.87/0.87/0.87 1.00 0.39 0.06 100
 17  ...................   0.09  0.01 0.98/0.98/0.98 1.00 0.59 0.03 100
 18  ...................   0.00  0.00 1.00/1.00/1.00 1.00 0.30 0.01 100
 19  ...................   0.00  0.00 1.00/1.00/1.00 1.00 0.33 0.00   0
[mcl] jury pruning marks: <100,100,100>, out of 100
[mcl] jury pruning synopsis: <100.0 or really really really good> (cf -scheme, -do log)
[mcl] output is in /local/wiwie/ClustEval/repository/results/05_06_2013-15_52_16_tcga/clusters/MCL_norm_tcga.38.results
[mcl] 1 clusters found
[mcl] output is in /local/wiwie/ClustEval/repository/results/05_06_2013-15_52_16_tcga/clusters/MCL_norm_tcga.38.results

Please cite:
    Stijn van Dongen, Graph Clustering by Flow Simulation.  PhD thesis,
    University of Utrecht, May 2000.
       (  http://www.library.uu.nl/digiarchief/dip/diss/1895620/full.pdf
       or  http://micans.org/mcl/lit/svdthesis.pdf.gz)
OR
    Stijn van Dongen, A cluster algorithm for graphs. Technical
    Report INS-R0010, National Research Institute for Mathematics
    and Computer Science in the Netherlands, Amsterdam, May 2000.
       (  http://www.cwi.nl/ftp/CWIreports/INS/INS-R0010.ps.Z
       or  http://micans.org/mcl/lit/INS-R0010.ps.Z)

