....[mcl] new tab created
[mcl] pid 27174
 ite -------------------  chaos  time hom(avg,lo,hi) expa expb expc fmv
  1  ...................   0.11  0.07 1.01/1.00/1.02 1.00 1.00 1.00 100
  2  ...................   0.11  0.07 0.99/0.99/0.99 1.00 1.00 1.00 100
  3  ...................   0.12  0.10 0.99/0.99/0.99 1.00 1.00 1.00 100
  4  ...................   0.14  0.07 0.99/0.99/0.99 1.00 1.00 1.00 100
  5  ...................   0.16  0.07 0.99/0.99/0.99 1.00 1.00 1.00 100
  6  ...................   0.18  0.07 0.98/0.98/0.98 1.00 1.00 1.00 100
  7  ...................   0.21  0.10 0.98/0.98/0.98 1.00 1.00 1.00 100
  8  ...................   0.23  0.07 0.97/0.97/0.97 1.00 1.00 1.00 100
  9  ...................   0.26  0.07 0.96/0.96/0.96 1.00 1.00 1.00 100
 10  ...................   0.30  0.10 0.95/0.95/0.95 1.00 1.00 1.00 100
 11  ...................   0.34  0.07 0.94/0.94/0.94 1.00 1.00 1.00 100
 12  ...................   0.39  0.07 0.93/0.93/0.93 1.00 1.00 1.00 100
 13  ...................   0.45  0.07 0.91/0.91/0.91 1.00 1.00 1.00 100
 14  ...................   0.51  0.07 0.89/0.89/0.89 1.00 1.00 1.00 100
 15  ...................   0.58  0.07 0.87/0.87/0.87 1.00 1.00 1.00 100
 16  ...................   0.67  0.07 0.84/0.84/0.84 1.00 1.00 1.00 100
 17  ...................   0.77  0.07 0.81/0.81/0.81 1.00 1.00 1.00 100
 18  ...................   0.89  0.06 0.78/0.78/0.78 1.00 1.00 1.00 100
 19  ...................   1.03  0.07 0.74/0.74/0.74 1.00 1.00 1.00 100
 20  ...................   1.19  0.07 0.70/0.70/0.70 1.00 1.00 1.00 100
 21  ...................   1.39  0.07 0.66/0.66/0.66 1.00 1.00 1.00 100
 22  ...................   1.63  0.07 0.62/0.62/0.62 1.00 1.00 1.00 100
 23  ...................   1.92  0.07 0.58/0.58/0.58 1.00 1.00 1.00 100
 24  ...................   2.27  0.10 0.54/0.54/0.54 1.00 1.00 1.00 100
 25  ...................   2.70  0.07 0.50/0.50/0.50 1.00 1.00 1.00 100
 26  ...................   3.25  0.10 0.46/0.46/0.46 1.00 1.00 1.00 100
 27  ...................   3.91  0.07 0.42/0.42/0.42 1.00 1.00 1.00 100
 28  ...................   4.74  0.07 0.38/0.38/0.38 1.00 1.00 0.99 100
 29  ...................   5.69  0.07 0.34/0.34/0.34 1.00 0.98 0.97 100
 30  ...................   6.86  0.08 0.30/0.30/0.30 1.00 0.98 0.95 100
 31  ...................   8.09  0.06 0.26/0.26/0.26 1.00 0.95 0.90 100
 32  ...................   9.65  0.06 0.23/0.23/0.23 1.00 0.95 0.86 100
 33  ...................  11.14  0.05 0.20/0.20/0.20 1.00 0.92 0.79 100
 34  ...................  12.57  0.05 0.17/0.17/0.17 1.00 0.90 0.71 100
 35  ...................  13.83  0.04 0.15/0.15/0.15 1.00 0.87 0.62 100
 36  ...................  15.62  0.04 0.14/0.14/0.14 1.00 0.90 0.56 100
 37  ...................  16.80  0.03 0.14/0.14/0.14 1.00 0.87 0.48 100
 38  ...................  18.26  0.02 0.15/0.15/0.15 1.00 0.89 0.43 100
 39  ...................  19.08  0.02 0.16/0.16/0.16 1.00 0.87 0.38 100
 40  ...................  19.87  0.01 0.20/0.20/0.20 1.00 0.90 0.34 100
 41  ...................  18.65  0.02 0.25/0.25/0.25 1.00 0.85 0.29 100
 42  ...................  17.59  0.01 0.32/0.32/0.32 1.00 0.90 0.26 100
 43  ...................  13.71  0.00 0.41/0.41/0.41 1.00 0.80 0.21 100
 44  ...................  10.46  0.00 0.52/0.52/0.52 1.00 0.85 0.18 100
 45  ...................   6.10  0.00 0.63/0.63/0.63 1.00 0.71 0.13 100
 46  ...................   3.69  0.01 0.74/0.74/0.74 1.00 0.81 0.10 100
 47  ...................   1.93  0.00 0.82/0.82/0.82 1.00 0.77 0.08 100
 48  ...................   0.79  0.00 0.89/0.89/0.89 1.00 0.65 0.05 100
 49  ...................   0.36  0.00 0.94/0.94/0.94 1.00 0.80 0.04 100
 50  ...................   0.16  0.00 0.97/0.97/0.97 1.00 0.83 0.03 100
 51  ...................   0.07  0.00 0.98/0.98/0.98 1.00 0.90 0.03 100
 52  ...................   0.02  0.00 0.99/0.99/0.99 1.00 0.56 0.02 100
 53  ...................   0.01  0.00 1.00/1.00/1.00 1.00 0.80 0.01   0
 54  ...................   0.00  0.00 1.00/1.00/1.00 1.00 0.50 0.01   0
 55  ...................   0.00  0.00 1.00/1.00/1.00 1.00 1.00 0.01   0
 56  ...................   0.00  0.00 1.00/1.00/1.00 1.00 0.50 0.00   0
[mcl] jury pruning marks: <100,100,100>, out of 100
[mcl] jury pruning synopsis: <100.0 or really really really good> (cf -scheme, -do log)
[mcl] output is in /local/wiwie/ClustEval/repository/results/05_06_2013-15_52_16_tcga/clusters/MCL_norm_tcga.155.results
[mcl] 1 clusters found
[mcl] output is in /local/wiwie/ClustEval/repository/results/05_06_2013-15_52_16_tcga/clusters/MCL_norm_tcga.155.results

Please cite:
    Stijn van Dongen, Graph Clustering by Flow Simulation.  PhD thesis,
    University of Utrecht, May 2000.
       (  http://www.library.uu.nl/digiarchief/dip/diss/1895620/full.pdf
       or  http://micans.org/mcl/lit/svdthesis.pdf.gz)
OR
    Stijn van Dongen, A cluster algorithm for graphs. Technical
    Report INS-R0010, National Research Institute for Mathematics
    and Computer Science in the Netherlands, Amsterdam, May 2000.
       (  http://www.cwi.nl/ftp/CWIreports/INS/INS-R0010.ps.Z
       or  http://micans.org/mcl/lit/INS-R0010.ps.Z)

