....[mcl] new tab created
[mcl] pid 61033
 ite -------------------  chaos  time hom(avg,lo,hi) expa expb expc fmv
  1  ...................   0.11  0.07 1.01/1.00/1.02 1.00 1.00 1.00 100
  2  ...................   0.11  0.06 0.99/0.99/0.99 1.00 1.00 1.00 100
  3  ...................   0.12  0.06 0.99/0.99/0.99 1.00 1.00 1.00 100
  4  ...................   0.13  0.07 0.99/0.99/0.99 1.00 1.00 1.00 100
  5  ...................   0.15  0.07 0.99/0.99/0.99 1.00 1.00 1.00 100
  6  ...................   0.17  0.06 0.98/0.98/0.98 1.00 1.00 1.00 100
  7  ...................   0.18  0.06 0.98/0.98/0.98 1.00 1.00 1.00 100
  8  ...................   0.21  0.07 0.98/0.98/0.98 1.00 1.00 1.00 100
  9  ...................   0.23  0.07 0.97/0.97/0.97 1.00 1.00 1.00 100
 10  ...................   0.26  0.07 0.96/0.96/0.96 1.00 1.00 1.00 100
 11  ...................   0.29  0.07 0.96/0.96/0.96 1.00 1.00 1.00 100
 12  ...................   0.32  0.07 0.95/0.95/0.95 1.00 1.00 1.00 100
 13  ...................   0.36  0.06 0.94/0.94/0.94 1.00 1.00 1.00 100
 14  ...................   0.40  0.06 0.93/0.93/0.93 1.00 1.00 1.00 100
 15  ...................   0.45  0.06 0.91/0.91/0.91 1.00 1.00 1.00 100
 16  ...................   0.50  0.06 0.89/0.89/0.89 1.00 1.00 1.00 100
 17  ...................   0.56  0.07 0.87/0.87/0.87 1.00 1.00 1.00 100
 18  ...................   0.63  0.07 0.85/0.85/0.85 1.00 1.00 1.00 100
 19  ...................   0.71  0.07 0.83/0.83/0.83 1.00 1.00 1.00 100
 20  ...................   0.81  0.07 0.80/0.80/0.80 1.00 1.00 1.00 100
 21  ...................   0.91  0.07 0.77/0.77/0.77 1.00 1.00 1.00 100
 22  ...................   1.03  0.07 0.74/0.74/0.74 1.00 1.00 1.00 100
 23  ...................   1.18  0.07 0.70/0.70/0.70 1.00 1.00 1.00 100
 24  ...................   1.34  0.07 0.67/0.67/0.67 1.00 1.00 1.00 100
 25  ...................   1.53  0.07 0.63/0.63/0.63 1.00 1.00 1.00 100
 26  ...................   1.76  0.06 0.60/0.60/0.60 1.00 1.00 1.00 100
 27  ...................   2.03  0.06 0.56/0.56/0.56 1.00 1.00 1.00 100
 28  ...................   2.36  0.07 0.53/0.53/0.53 1.00 1.00 1.00 100
 29  ...................   2.74  0.06 0.49/0.49/0.49 1.00 1.00 1.00 100
 30  ...................   3.21  0.06 0.46/0.46/0.46 1.00 1.00 1.00 100
 31  ...................   3.77  0.07 0.43/0.43/0.43 1.00 1.00 1.00 100
 32  ...................   4.44  0.07 0.39/0.39/0.39 1.00 1.00 1.00 100
 33  ...................   5.21  0.07 0.36/0.36/0.36 1.00 0.99 0.98 100
 34  ...................   6.09  0.06 0.32/0.32/0.32 1.00 0.98 0.96 100
 35  ...................   7.16  0.06 0.29/0.29/0.29 1.00 0.98 0.94 100
 36  ...................   8.20  0.06 0.26/0.26/0.26 1.00 0.95 0.89 100
 37  ...................   9.63  0.07 0.23/0.23/0.23 1.00 0.97 0.87 100
 38  ...................  10.91  0.05 0.20/0.20/0.20 1.00 0.93 0.81 100
 39  ...................  12.05  0.05 0.18/0.18/0.18 1.00 0.91 0.73 100
 40  ...................  13.18  0.04 0.16/0.16/0.16 1.00 0.90 0.66 100
 41  ...................  14.46  0.03 0.15/0.15/0.15 1.00 0.90 0.59 100
 42  ...................  15.91  0.03 0.14/0.14/0.14 1.00 0.91 0.54 100
 43  ...................  17.20  0.03 0.14/0.14/0.14 1.00 0.90 0.48 100
 44  ...................  18.30  0.02 0.15/0.15/0.15 1.00 0.89 0.43 100
 45  ...................  19.22  0.02 0.16/0.16/0.16 1.00 0.90 0.39 100
 46  ...................  19.66  0.01 0.19/0.19/0.19 1.00 0.89 0.35 100
 47  ...................  19.22  0.01 0.22/0.22/0.22 1.00 0.88 0.31 100
 48  ...................  18.21  0.02 0.27/0.27/0.27 1.00 0.89 0.27 100
 49  ...................  16.66  0.01 0.34/0.34/0.34 1.00 0.90 0.25 100
 50  ...................  12.91  0.01 0.42/0.42/0.42 1.00 0.81 0.20 100
 51  ...................  10.47  0.01 0.52/0.52/0.52 1.00 0.90 0.18 100
 52  ...................   6.32  0.01 0.61/0.61/0.61 1.00 0.71 0.13 100
 53  ...................   4.19  0.00 0.71/0.71/0.71 1.00 0.84 0.11 100
 54  ...................   2.40  0.01 0.79/0.79/0.79 1.00 0.77 0.08 100
 55  ...................   1.32  0.00 0.86/0.86/0.86 1.00 0.79 0.06 100
 56  ...................   0.54  0.00 0.91/0.91/0.91 1.00 0.63 0.04 100
 57  ...................   0.33  0.00 0.94/0.94/0.94 1.00 1.00 0.04 100
 58  ...................   0.16  0.01 0.97/0.97/0.97 1.00 0.83 0.03 100
 59  ...................   0.08  0.00 0.98/0.98/0.98 1.00 0.90 0.03 100
 60  ...................   0.03  0.00 0.99/0.99/0.99 1.00 0.78 0.02 100
 61  ...................   0.01  0.00 1.00/1.00/1.00 1.00 0.57 0.01 100
 62  ...................   0.00  0.00 1.00/1.00/1.00 1.00 0.75 0.01   0
 63  ...................   0.00  0.00 1.00/1.00/1.00 1.00 0.67 0.01   0
 64  ...................   0.00  0.00 1.00/1.00/1.00 1.00 1.00 0.01   0
 65  ...................   0.00  0.00 1.00/1.00/1.00 1.00 0.50 0.00   0
[mcl] jury pruning marks: <100,100,100>, out of 100
[mcl] jury pruning synopsis: <100.0 or really really really good> (cf -scheme, -do log)
[mcl] output is in /local/wiwie/ClustEval/repository/results/05_06_2013-15_52_16_tcga/clusters/MCL_norm_tcga.138.results
[mcl] 1 clusters found
[mcl] output is in /local/wiwie/ClustEval/repository/results/05_06_2013-15_52_16_tcga/clusters/MCL_norm_tcga.138.results

Please cite:
    Stijn van Dongen, Graph Clustering by Flow Simulation.  PhD thesis,
    University of Utrecht, May 2000.
       (  http://www.library.uu.nl/digiarchief/dip/diss/1895620/full.pdf
       or  http://micans.org/mcl/lit/svdthesis.pdf.gz)
OR
    Stijn van Dongen, A cluster algorithm for graphs. Technical
    Report INS-R0010, National Research Institute for Mathematics
    and Computer Science in the Netherlands, Amsterdam, May 2000.
       (  http://www.cwi.nl/ftp/CWIreports/INS/INS-R0010.ps.Z
       or  http://micans.org/mcl/lit/INS-R0010.ps.Z)

