....[mcl] new tab created
[mcl] pid 65188
 ite -------------------  chaos  time hom(avg,lo,hi) expa expb expc fmv
  1  ...................   0.11  0.09 1.01/1.00/1.02 1.00 1.00 1.00 100
  2  ...................   0.16  0.07 0.98/0.98/0.99 1.00 1.00 1.00 100
  3  ...................   0.28  0.07 0.96/0.96/0.96 1.00 1.00 1.00 100
  4  ...................   0.47  0.07 0.90/0.90/0.90 1.00 1.00 1.00 100
  5  ...................   0.84  0.10 0.79/0.79/0.79 1.00 1.00 1.00 100
  6  ...................   1.57  0.07 0.63/0.63/0.63 1.00 1.00 1.00 100
  7  ...................   3.20  0.07 0.46/0.46/0.46 1.00 1.00 1.00 100
  8  ...................   6.96  0.10 0.30/0.30/0.30 1.00 0.95 0.95 100
  9  ...................  12.69  0.06 0.16/0.16/0.16 1.00 0.72 0.68 100
 10  ...................  18.88  0.04 0.15/0.15/0.15 1.00 0.61 0.41 100
 11  ...................  15.41  0.03 0.37/0.37/0.37 1.00 0.55 0.23 100
 12  ...................   2.28  0.01 0.80/0.80/0.80 1.00 0.36 0.08 100
 13  ...................   0.08  0.00 0.98/0.98/0.98 1.00 0.37 0.03 100
 14  ...................   0.00  0.00 1.00/1.00/1.00 1.00 0.22 0.01 100
 15  ...................   0.00  0.00 1.00/1.00/1.00 1.00 0.50 0.00   0
[mcl] jury pruning marks: <100,100,100>, out of 100
[mcl] jury pruning synopsis: <100.0 or really really really good> (cf -scheme, -do log)
[mcl] output is in /local/wiwie/ClustEval/repository/results/05_06_2013-15_52_16_tcga/clusters/MCL_norm_tcga.96.results
[mcl] 1 clusters found
[mcl] output is in /local/wiwie/ClustEval/repository/results/05_06_2013-15_52_16_tcga/clusters/MCL_norm_tcga.96.results

Please cite:
    Stijn van Dongen, Graph Clustering by Flow Simulation.  PhD thesis,
    University of Utrecht, May 2000.
       (  http://www.library.uu.nl/digiarchief/dip/diss/1895620/full.pdf
       or  http://micans.org/mcl/lit/svdthesis.pdf.gz)
OR
    Stijn van Dongen, A cluster algorithm for graphs. Technical
    Report INS-R0010, National Research Institute for Mathematics
    and Computer Science in the Netherlands, Amsterdam, May 2000.
       (  http://www.cwi.nl/ftp/CWIreports/INS/INS-R0010.ps.Z
       or  http://micans.org/mcl/lit/INS-R0010.ps.Z)

