....[mcl] new tab created
[mcl] pid 37959
 ite -------------------  chaos  time hom(avg,lo,hi) expa expb expc fmv
  1  ...................   0.11  0.07 1.01/1.00/1.02 1.00 1.00 1.00 100
  2  ...................   0.11  0.07 0.99/0.99/0.99 1.00 1.00 1.00 100
  3  ...................   0.12  0.06 0.99/0.99/0.99 1.00 1.00 1.00 100
  4  ...................   0.13  0.07 0.99/0.99/0.99 1.00 1.00 1.00 100
  5  ...................   0.15  0.07 0.99/0.99/0.99 1.00 1.00 1.00 100
  6  ...................   0.16  0.08 0.98/0.98/0.98 1.00 1.00 1.00 100
  7  ...................   0.18  0.06 0.98/0.98/0.98 1.00 1.00 1.00 100
  8  ...................   0.20  0.07 0.98/0.98/0.98 1.00 1.00 1.00 100
  9  ...................   0.22  0.07 0.97/0.97/0.97 1.00 1.00 1.00 100
 10  ...................   0.25  0.08 0.97/0.97/0.97 1.00 1.00 1.00 100
 11  ...................   0.28  0.08 0.96/0.96/0.96 1.00 1.00 1.00 100
 12  ...................   0.31  0.08 0.95/0.95/0.95 1.00 1.00 1.00 100
 13  ...................   0.34  0.07 0.94/0.94/0.94 1.00 1.00 1.00 100
 14  ...................   0.38  0.07 0.93/0.93/0.93 1.00 1.00 1.00 100
 15  ...................   0.42  0.07 0.92/0.92/0.92 1.00 1.00 1.00 100
 16  ...................   0.47  0.07 0.90/0.90/0.90 1.00 1.00 1.00 100
 17  ...................   0.53  0.07 0.89/0.89/0.89 1.00 1.00 1.00 100
 18  ...................   0.59  0.07 0.87/0.87/0.87 1.00 1.00 1.00 100
 19  ...................   0.66  0.07 0.84/0.84/0.84 1.00 1.00 1.00 100
 20  ...................   0.75  0.08 0.82/0.82/0.82 1.00 1.00 1.00 100
 21  ...................   0.84  0.07 0.79/0.79/0.79 1.00 1.00 1.00 100
 22  ...................   0.94  0.07 0.76/0.76/0.76 1.00 1.00 1.00 100
 23  ...................   1.07  0.07 0.73/0.73/0.73 1.00 1.00 1.00 100
 24  ...................   1.21  0.08 0.70/0.70/0.70 1.00 1.00 1.00 100
 25  ...................   1.37  0.07 0.66/0.66/0.66 1.00 1.00 1.00 100
 26  ...................   1.57  0.07 0.63/0.63/0.63 1.00 1.00 1.00 100
 27  ...................   1.79  0.07 0.59/0.59/0.59 1.00 1.00 1.00 100
 28  ...................   2.06  0.07 0.56/0.56/0.56 1.00 1.00 1.00 100
 29  ...................   2.37  0.07 0.53/0.53/0.53 1.00 1.00 1.00 100
 30  ...................   2.75  0.08 0.49/0.49/0.49 1.00 1.00 1.00 100
 31  ...................   3.20  0.07 0.46/0.46/0.46 1.00 1.00 1.00 100
 32  ...................   3.74  0.08 0.43/0.43/0.43 1.00 1.00 1.00 100
 33  ...................   4.38  0.07 0.39/0.39/0.39 1.00 1.00 1.00 100
 34  ...................   5.14  0.07 0.36/0.36/0.36 1.00 0.99 0.99 100
 35  ...................   5.99  0.07 0.33/0.33/0.33 1.00 0.98 0.97 100
 36  ...................   6.94  0.07 0.30/0.30/0.30 1.00 0.97 0.95 100
 37  ...................   7.95  0.06 0.27/0.27/0.27 1.00 0.96 0.90 100
 38  ...................   9.24  0.06 0.24/0.24/0.24 1.00 0.97 0.87 100
 39  ...................  10.70  0.06 0.21/0.21/0.21 1.00 0.96 0.84 100
 40  ...................  11.57  0.05 0.18/0.18/0.18 1.00 0.89 0.75 100
 41  ...................  12.79  0.05 0.17/0.17/0.17 1.00 0.91 0.69 100
 42  ...................  13.93  0.04 0.15/0.15/0.15 1.00 0.90 0.62 100
 43  ...................  15.42  0.03 0.14/0.14/0.14 1.00 0.92 0.57 100
 44  ...................  16.82  0.03 0.14/0.14/0.14 1.00 0.91 0.52 100
 45  ...................  17.63  0.03 0.14/0.14/0.14 1.00 0.88 0.45 100
 46  ...................  18.83  0.02 0.15/0.15/0.15 1.00 0.91 0.41 100
 47  ...................  19.02  0.02 0.17/0.17/0.17 1.00 0.88 0.36 100
 48  ...................  19.97  0.02 0.20/0.20/0.20 1.00 0.93 0.34 100
 49  ...................  18.90  0.02 0.24/0.24/0.24 1.00 0.87 0.29 100
 50  ...................  18.18  0.01 0.30/0.30/0.30 1.00 0.92 0.27 100
 51  ...................  15.42  0.01 0.36/0.36/0.36 1.00 0.85 0.23 100
 52  ...................  12.65  0.01 0.45/0.45/0.45 1.00 0.87 0.20 100
 53  ...................   9.74  0.01 0.54/0.54/0.54 1.00 0.86 0.17 100
 54  ...................   6.06  0.01 0.63/0.63/0.63 1.00 0.74 0.13 100
 55  ...................   3.87  0.00 0.72/0.72/0.72 1.00 0.81 0.10 100
 56  ...................   2.30  0.01 0.80/0.80/0.80 1.00 0.80 0.08 100
 57  ...................   1.13  0.00 0.86/0.86/0.86 1.00 0.71 0.06 100
 58  ...................   0.52  0.00 0.91/0.91/0.91 1.00 0.71 0.04 100
 59  ...................   0.33  0.00 0.95/0.95/0.95 1.00 1.00 0.04 100
 60  ...................   0.16  0.00 0.97/0.97/0.97 1.00 0.83 0.03 100
 61  ...................   0.08  0.00 0.98/0.98/0.98 1.00 0.90 0.03 100
 62  ...................   0.03  0.00 0.99/0.99/0.99 1.00 0.78 0.02 100
 63  ...................   0.01  0.00 1.00/1.00/1.00 1.00 0.71 0.02 100
 64  ...................   0.00  0.01 1.00/1.00/1.00 1.00 0.60 0.01   0
 65  ...................   0.00  0.00 1.00/1.00/1.00 1.00 0.67 0.01   0
 66  ...................   0.00  0.00 1.00/1.00/1.00 1.00 1.00 0.01   0
 67  ...................   0.00  0.00 1.00/1.00/1.00 1.00 0.50 0.00   0
[mcl] jury pruning marks: <100,100,100>, out of 100
[mcl] jury pruning synopsis: <100.0 or really really really good> (cf -scheme, -do log)
[mcl] output is in /local/wiwie/ClustEval/repository/results/05_06_2013-15_52_16_tcga/clusters/MCL_norm_tcga.183.results
[mcl] 1 clusters found
[mcl] output is in /local/wiwie/ClustEval/repository/results/05_06_2013-15_52_16_tcga/clusters/MCL_norm_tcga.183.results

Please cite:
    Stijn van Dongen, Graph Clustering by Flow Simulation.  PhD thesis,
    University of Utrecht, May 2000.
       (  http://www.library.uu.nl/digiarchief/dip/diss/1895620/full.pdf
       or  http://micans.org/mcl/lit/svdthesis.pdf.gz)
OR
    Stijn van Dongen, A cluster algorithm for graphs. Technical
    Report INS-R0010, National Research Institute for Mathematics
    and Computer Science in the Netherlands, Amsterdam, May 2000.
       (  http://www.cwi.nl/ftp/CWIreports/INS/INS-R0010.ps.Z
       or  http://micans.org/mcl/lit/INS-R0010.ps.Z)

