....[mcl] new tab created
[mcl] pid 21098
 ite -------------------  chaos  time hom(avg,lo,hi) expa expb expc fmv
  1  ...................   0.11  0.08 1.01/1.00/1.02 1.00 1.00 1.00 100
  2  ...................   0.12  0.07 0.99/0.99/0.99 1.00 1.00 1.00 100
  3  ...................   0.15  0.07 0.99/0.99/0.99 1.00 1.00 1.00 100
  4  ...................   0.18  0.07 0.98/0.98/0.98 1.00 1.00 1.00 100
  5  ...................   0.22  0.07 0.97/0.97/0.97 1.00 1.00 1.00 100
  6  ...................   0.27  0.07 0.96/0.96/0.96 1.00 1.00 1.00 100
  7  ...................   0.33  0.07 0.95/0.95/0.95 1.00 1.00 1.00 100
  8  ...................   0.41  0.07 0.92/0.92/0.92 1.00 1.00 1.00 100
  9  ...................   0.50  0.07 0.89/0.89/0.89 1.00 1.00 1.00 100
 10  ...................   0.63  0.08 0.85/0.85/0.85 1.00 1.00 1.00 100
 11  ...................   0.78  0.08 0.81/0.81/0.81 1.00 1.00 1.00 100
 12  ...................   0.99  0.08 0.75/0.75/0.75 1.00 1.00 1.00 100
 13  ...................   1.26  0.08 0.69/0.69/0.69 1.00 1.00 1.00 100
 14  ...................   1.62  0.07 0.62/0.62/0.62 1.00 1.00 1.00 100
 15  ...................   2.12  0.07 0.55/0.55/0.55 1.00 1.00 1.00 100
 16  ...................   2.81  0.07 0.49/0.49/0.49 1.00 1.00 1.00 100
 17  ...................   3.80  0.07 0.42/0.42/0.42 1.00 1.00 1.00 100
 18  ...................   5.17  0.07 0.36/0.36/0.36 1.00 0.99 0.99 100
 19  ...................   6.92  0.07 0.30/0.30/0.30 1.00 0.96 0.95 100
 20  ...................   9.11  0.06 0.24/0.24/0.24 1.00 0.92 0.87 100
 21  ...................  11.54  0.06 0.19/0.19/0.19 1.00 0.88 0.77 100
 22  ...................  13.96  0.05 0.15/0.15/0.15 1.00 0.84 0.64 100
 23  ...................  16.52  0.03 0.14/0.14/0.14 1.00 0.82 0.53 100
 24  ...................  18.56  0.02 0.15/0.15/0.15 1.00 0.81 0.43 100
 25  ...................  19.80  0.02 0.19/0.19/0.19 1.00 0.82 0.35 100
 26  ...................  18.16  0.01 0.27/0.27/0.27 1.00 0.78 0.27 100
 27  ...................  13.74  0.01 0.41/0.41/0.41 1.00 0.76 0.21 100
 28  ...................   7.96  0.01 0.58/0.58/0.58 1.00 0.72 0.15 100
 29  ...................   3.22  0.00 0.75/0.75/0.75 1.00 0.64 0.10 100
 30  ...................   0.98  0.00 0.88/0.88/0.88 1.00 0.61 0.06 100
 31  ...................   0.28  0.00 0.95/0.95/0.95 1.00 0.71 0.04 100
 32  ...................   0.07  0.00 0.98/0.98/0.98 1.00 0.75 0.03 100
 33  ...................   0.01  0.00 1.00/1.00/1.00 1.00 0.44 0.01 100
 34  ...................   0.00  0.00 1.00/1.00/1.00 1.00 0.50 0.01   0
 35  ...................   0.00  0.00 1.00/1.00/1.00 1.00 0.50 0.00   0
[mcl] jury pruning marks: <100,100,100>, out of 100
[mcl] jury pruning synopsis: <100.0 or really really really good> (cf -scheme, -do log)
[mcl] output is in /local/wiwie/ClustEval/repository/results/05_06_2013-15_52_16_tcga/clusters/MCL_norm_tcga.123.results
[mcl] 1 clusters found
[mcl] output is in /local/wiwie/ClustEval/repository/results/05_06_2013-15_52_16_tcga/clusters/MCL_norm_tcga.123.results

Please cite:
    Stijn van Dongen, Graph Clustering by Flow Simulation.  PhD thesis,
    University of Utrecht, May 2000.
       (  http://www.library.uu.nl/digiarchief/dip/diss/1895620/full.pdf
       or  http://micans.org/mcl/lit/svdthesis.pdf.gz)
OR
    Stijn van Dongen, A cluster algorithm for graphs. Technical
    Report INS-R0010, National Research Institute for Mathematics
    and Computer Science in the Netherlands, Amsterdam, May 2000.
       (  http://www.cwi.nl/ftp/CWIreports/INS/INS-R0010.ps.Z
       or  http://micans.org/mcl/lit/INS-R0010.ps.Z)

