....[mcl] new tab created
[mcl] pid 18572
 ite -------------------  chaos  time hom(avg,lo,hi) expa expb expc fmv
  1  ...................   0.11  0.07 1.01/1.00/1.02 1.00 1.00 1.00 100
  2  ...................   0.11  0.10 0.99/0.99/0.99 1.00 1.00 1.00 100
  3  ...................   0.12  0.08 0.99/0.99/0.99 1.00 1.00 1.00 100
  4  ...................   0.14  0.07 0.99/0.99/0.99 1.00 1.00 1.00 100
  5  ...................   0.15  0.10 0.99/0.99/0.99 1.00 1.00 1.00 100
  6  ...................   0.17  0.07 0.98/0.98/0.98 1.00 1.00 1.00 100
  7  ...................   0.19  0.07 0.98/0.98/0.98 1.00 1.00 1.00 100
  8  ...................   0.22  0.07 0.97/0.97/0.97 1.00 1.00 1.00 100
  9  ...................   0.24  0.07 0.97/0.97/0.97 1.00 1.00 1.00 100
 10  ...................   0.27  0.07 0.96/0.96/0.96 1.00 1.00 1.00 100
 11  ...................   0.31  0.07 0.95/0.95/0.95 1.00 1.00 1.00 100
 12  ...................   0.35  0.07 0.94/0.94/0.94 1.00 1.00 1.00 100
 13  ...................   0.39  0.07 0.93/0.93/0.93 1.00 1.00 1.00 100
 14  ...................   0.44  0.07 0.91/0.91/0.91 1.00 1.00 1.00 100
 15  ...................   0.50  0.07 0.89/0.89/0.89 1.00 1.00 1.00 100
 16  ...................   0.56  0.07 0.87/0.87/0.87 1.00 1.00 1.00 100
 17  ...................   0.64  0.10 0.85/0.85/0.85 1.00 1.00 1.00 100
 18  ...................   0.73  0.07 0.82/0.82/0.82 1.00 1.00 1.00 100
 19  ...................   0.83  0.06 0.79/0.79/0.79 1.00 1.00 1.00 100
 20  ...................   0.94  0.06 0.76/0.76/0.76 1.00 1.00 1.00 100
 21  ...................   1.08  0.10 0.73/0.73/0.73 1.00 1.00 1.00 100
 22  ...................   1.24  0.08 0.69/0.69/0.69 1.00 1.00 1.00 100
 23  ...................   1.43  0.07 0.65/0.65/0.65 1.00 1.00 1.00 100
 24  ...................   1.66  0.10 0.61/0.61/0.61 1.00 1.00 1.00 100
 25  ...................   1.92  0.07 0.58/0.58/0.58 1.00 1.00 1.00 100
 26  ...................   2.25  0.07 0.54/0.54/0.54 1.00 1.00 1.00 100
 27  ...................   2.64  0.07 0.50/0.50/0.50 1.00 1.00 1.00 100
 28  ...................   3.12  0.07 0.47/0.47/0.47 1.00 1.00 1.00 100
 29  ...................   3.70  0.08 0.43/0.43/0.43 1.00 1.00 1.00 100
 30  ...................   4.41  0.08 0.39/0.39/0.39 1.00 1.00 1.00 100
 31  ...................   5.21  0.08 0.36/0.36/0.36 1.00 0.98 0.98 100
 32  ...................   6.17  0.06 0.32/0.32/0.32 1.00 0.98 0.96 100
 33  ...................   7.32  0.06 0.29/0.29/0.29 1.00 0.98 0.94 100
 34  ...................   8.52  0.09 0.25/0.25/0.25 1.00 0.95 0.89 100
 35  ...................  10.03  0.06 0.22/0.22/0.22 1.00 0.96 0.85 100
 36  ...................  11.37  0.08 0.19/0.19/0.19 1.00 0.92 0.78 100
 37  ...................  12.69  0.04 0.17/0.17/0.17 1.00 0.90 0.71 100
 38  ...................  13.93  0.04 0.15/0.15/0.15 1.00 0.89 0.63 100
 39  ...................  15.38  0.04 0.14/0.14/0.14 1.00 0.90 0.57 100
 40  ...................  16.88  0.03 0.14/0.14/0.14 1.00 0.90 0.51 100
 41  ...................  17.81  0.02 0.14/0.14/0.14 1.00 0.87 0.44 100
 42  ...................  19.38  0.02 0.16/0.16/0.16 1.00 0.92 0.41 100
 43  ...................  19.64  0.02 0.18/0.18/0.18 1.00 0.87 0.35 100
 44  ...................  19.06  0.01 0.22/0.22/0.22 1.00 0.87 0.31 100
 45  ...................  18.18  0.01 0.27/0.27/0.27 1.00 0.89 0.27 100
 46  ...................  16.19  0.01 0.34/0.34/0.34 1.00 0.87 0.24 100
 47  ...................  12.82  0.01 0.43/0.43/0.43 1.00 0.83 0.20 100
 48  ...................  10.03  0.01 0.53/0.53/0.53 1.00 0.88 0.17 100
 49  ...................   6.01  0.01 0.64/0.64/0.64 1.00 0.73 0.13 100
 50  ...................   3.73  0.00 0.73/0.73/0.73 1.00 0.81 0.10 100
 51  ...................   2.11  0.00 0.82/0.82/0.82 1.00 0.80 0.08 100
 52  ...................   0.98  0.00 0.88/0.88/0.88 1.00 0.71 0.06 100
 53  ...................   0.43  0.00 0.93/0.93/0.93 1.00 0.71 0.04 100
 54  ...................   0.22  0.00 0.96/0.96/0.96 1.00 0.92 0.04 100
 55  ...................   0.11  0.00 0.98/0.98/0.98 1.00 0.91 0.03 100
 56  ...................   0.04  0.00 0.99/0.99/0.99 1.00 0.80 0.03 100
 57  ...................   0.01  0.00 1.00/1.00/1.00 1.00 0.62 0.02 100
 58  ...................   0.00  0.00 1.00/1.00/1.00 1.00 0.60 0.01   0
 59  ...................   0.00  0.00 1.00/1.00/1.00 1.00 0.67 0.01   0
 60  ...................   0.00  0.00 1.00/1.00/1.00 1.00 1.00 0.01   0
 61  ...................   0.00  0.00 1.00/1.00/1.00 1.00 0.50 0.00   0
[mcl] jury pruning marks: <100,100,100>, out of 100
[mcl] jury pruning synopsis: <100.0 or really really really good> (cf -scheme, -do log)
[mcl] output is in /local/wiwie/ClustEval/repository/results/05_06_2013-15_52_16_tcga/clusters/MCL_norm_tcga.66.results
[mcl] 1 clusters found
[mcl] output is in /local/wiwie/ClustEval/repository/results/05_06_2013-15_52_16_tcga/clusters/MCL_norm_tcga.66.results

Please cite:
    Stijn van Dongen, Graph Clustering by Flow Simulation.  PhD thesis,
    University of Utrecht, May 2000.
       (  http://www.library.uu.nl/digiarchief/dip/diss/1895620/full.pdf
       or  http://micans.org/mcl/lit/svdthesis.pdf.gz)
OR
    Stijn van Dongen, A cluster algorithm for graphs. Technical
    Report INS-R0010, National Research Institute for Mathematics
    and Computer Science in the Netherlands, Amsterdam, May 2000.
       (  http://www.cwi.nl/ftp/CWIreports/INS/INS-R0010.ps.Z
       or  http://micans.org/mcl/lit/INS-R0010.ps.Z)

