....[mcl] new tab created
[mcl] pid 12697
 ite -------------------  chaos  time hom(avg,lo,hi) expa expb expc fmv
  1  ...................   0.11  0.07 1.01/1.00/1.02 1.00 1.00 1.00 100
  2  ...................   0.11  0.07 0.99/0.99/0.99 1.00 1.00 1.00 100
  3  ...................   0.12  0.06 0.99/0.99/0.99 1.00 1.00 1.00 100
  4  ...................   0.13  0.07 0.99/0.99/0.99 1.00 1.00 1.00 100
  5  ...................   0.15  0.07 0.99/0.99/0.99 1.00 1.00 1.00 100
  6  ...................   0.16  0.06 0.98/0.98/0.98 1.00 1.00 1.00 100
  7  ...................   0.18  0.06 0.98/0.98/0.98 1.00 1.00 1.00 100
  8  ...................   0.20  0.07 0.98/0.98/0.98 1.00 1.00 1.00 100
  9  ...................   0.22  0.07 0.97/0.97/0.97 1.00 1.00 1.00 100
 10  ...................   0.24  0.07 0.97/0.97/0.97 1.00 1.00 1.00 100
 11  ...................   0.27  0.07 0.96/0.96/0.96 1.00 1.00 1.00 100
 12  ...................   0.30  0.07 0.95/0.95/0.95 1.00 1.00 1.00 100
 13  ...................   0.33  0.07 0.95/0.95/0.95 1.00 1.00 1.00 100
 14  ...................   0.37  0.08 0.94/0.94/0.94 1.00 1.00 1.00 100
 15  ...................   0.41  0.07 0.92/0.92/0.92 1.00 1.00 1.00 100
 16  ...................   0.45  0.07 0.91/0.91/0.91 1.00 1.00 1.00 100
 17  ...................   0.50  0.07 0.89/0.89/0.89 1.00 1.00 1.00 100
 18  ...................   0.56  0.07 0.88/0.88/0.88 1.00 1.00 1.00 100
 19  ...................   0.63  0.07 0.85/0.85/0.85 1.00 1.00 1.00 100
 20  ...................   0.70  0.07 0.83/0.83/0.83 1.00 1.00 1.00 100
 21  ...................   0.79  0.07 0.81/0.81/0.81 1.00 1.00 1.00 100
 22  ...................   0.88  0.07 0.78/0.78/0.78 1.00 1.00 1.00 100
 23  ...................   0.99  0.08 0.75/0.75/0.75 1.00 1.00 1.00 100
 24  ...................   1.12  0.07 0.72/0.72/0.72 1.00 1.00 1.00 100
 25  ...................   1.26  0.07 0.69/0.69/0.69 1.00 1.00 1.00 100
 26  ...................   1.43  0.07 0.65/0.65/0.65 1.00 1.00 1.00 100
 27  ...................   1.63  0.07 0.62/0.62/0.62 1.00 1.00 1.00 100
 28  ...................   1.86  0.07 0.59/0.59/0.59 1.00 1.00 1.00 100
 29  ...................   2.12  0.07 0.55/0.55/0.55 1.00 1.00 1.00 100
 30  ...................   2.44  0.07 0.52/0.52/0.52 1.00 1.00 1.00 100
 31  ...................   2.82  0.07 0.49/0.49/0.49 1.00 1.00 1.00 100
 32  ...................   3.27  0.07 0.46/0.46/0.46 1.00 1.00 1.00 100
 33  ...................   3.81  0.07 0.42/0.42/0.42 1.00 1.00 1.00 100
 34  ...................   4.44  0.07 0.39/0.39/0.39 1.00 1.00 1.00 100
 35  ...................   5.19  0.07 0.36/0.36/0.36 1.00 0.99 0.99 100
 36  ...................   6.00  0.07 0.33/0.33/0.33 1.00 0.98 0.97 100
 37  ...................   6.95  0.06 0.30/0.30/0.30 1.00 0.98 0.95 100
 38  ...................   7.95  0.06 0.27/0.27/0.27 1.00 0.96 0.91 100
 39  ...................   9.15  0.06 0.24/0.24/0.24 1.00 0.96 0.87 100
 40  ...................  10.59  0.05 0.21/0.21/0.21 1.00 0.96 0.84 100
 41  ...................  11.59  0.06 0.19/0.19/0.19 1.00 0.91 0.77 100
 42  ...................  12.78  0.04 0.17/0.17/0.17 1.00 0.92 0.70 100
 43  ...................  13.88  0.04 0.15/0.15/0.15 1.00 0.90 0.63 100
 44  ...................  15.06  0.04 0.14/0.14/0.14 1.00 0.90 0.57 100
 45  ...................  16.61  0.03 0.14/0.14/0.14 1.00 0.92 0.53 100
 46  ...................  17.80  0.03 0.14/0.14/0.14 1.00 0.90 0.48 100
 47  ...................  18.50  0.03 0.15/0.15/0.15 1.00 0.89 0.42 100
 48  ...................  19.12  0.02 0.16/0.16/0.16 1.00 0.90 0.38 100
 49  ...................  19.86  0.01 0.19/0.19/0.19 1.00 0.92 0.35 100
 50  ...................  19.27  0.01 0.22/0.22/0.22 1.00 0.88 0.31 100
 51  ...................  18.18  0.02 0.27/0.27/0.27 1.00 0.89 0.27 100
 52  ...................  16.90  0.01 0.33/0.33/0.33 1.00 0.91 0.25 100
 53  ...................  13.71  0.01 0.41/0.41/0.41 1.00 0.84 0.21 100
 54  ...................  10.97  0.00 0.50/0.50/0.50 1.00 0.87 0.18 100
 55  ...................   7.55  0.00 0.59/0.59/0.59 1.00 0.79 0.14 100
 56  ...................   4.86  0.01 0.68/0.68/0.68 1.00 0.79 0.11 100
 57  ...................   3.18  0.00 0.76/0.76/0.76 1.00 0.85 0.10 100
 58  ...................   1.74  0.01 0.83/0.83/0.83 1.00 0.75 0.07 100
 59  ...................   0.97  0.00 0.88/0.88/0.88 1.00 0.81 0.06 100
 60  ...................   0.44  0.00 0.92/0.92/0.92 1.00 0.71 0.04 100
 61  ...................   0.27  0.01 0.95/0.95/0.95 1.00 1.00 0.04 100
 62  ...................   0.13  0.00 0.97/0.97/0.97 1.00 0.83 0.03 100
 63  ...................   0.06  0.00 0.99/0.99/0.99 1.00 0.80 0.03 100
 64  ...................   0.02  0.00 0.99/0.99/0.99 1.00 0.62 0.02 100
 65  ...................   0.01  0.00 1.00/1.00/1.00 1.00 0.80 0.01   0
 66  ...................   0.00  0.00 1.00/1.00/1.00 1.00 0.75 0.01   0
 67  ...................   0.00  0.00 1.00/1.00/1.00 1.00 0.67 0.01   0
 68  ...................   0.00  0.00 1.00/1.00/1.00 1.00 1.00 0.01   0
 69  ...................   0.00  0.00 1.00/1.00/1.00 1.00 0.50 0.00   0
[mcl] jury pruning marks: <100,100,100>, out of 100
[mcl] jury pruning synopsis: <100.0 or really really really good> (cf -scheme, -do log)
[mcl] output is in /local/wiwie/ClustEval/repository/results/05_06_2013-15_52_16_tcga/clusters/MCL_norm_tcga.172.results
[mcl] 1 clusters found
[mcl] output is in /local/wiwie/ClustEval/repository/results/05_06_2013-15_52_16_tcga/clusters/MCL_norm_tcga.172.results

Please cite:
    Stijn van Dongen, Graph Clustering by Flow Simulation.  PhD thesis,
    University of Utrecht, May 2000.
       (  http://www.library.uu.nl/digiarchief/dip/diss/1895620/full.pdf
       or  http://micans.org/mcl/lit/svdthesis.pdf.gz)
OR
    Stijn van Dongen, A cluster algorithm for graphs. Technical
    Report INS-R0010, National Research Institute for Mathematics
    and Computer Science in the Netherlands, Amsterdam, May 2000.
       (  http://www.cwi.nl/ftp/CWIreports/INS/INS-R0010.ps.Z
       or  http://micans.org/mcl/lit/INS-R0010.ps.Z)

