....[mcl] new tab created
[mcl] pid 509
 ite -------------------  chaos  time hom(avg,lo,hi) expa expb expc fmv
  1  ...................   0.11  0.08 1.01/1.00/1.02 1.00 1.00 1.00 100
  2  ...................   0.11  0.11 0.99/0.99/0.99 1.00 1.00 1.00 100
  3  ...................   0.13  0.08 0.99/0.99/0.99 1.00 1.00 1.00 100
  4  ...................   0.14  0.08 0.99/0.99/0.99 1.00 1.00 1.00 100
  5  ...................   0.16  0.08 0.98/0.98/0.98 1.00 1.00 1.00 100
  6  ...................   0.18  0.09 0.98/0.98/0.98 1.00 1.00 1.00 100
  7  ...................   0.21  0.07 0.98/0.98/0.98 1.00 1.00 1.00 100
  8  ...................   0.24  0.08 0.97/0.97/0.97 1.00 1.00 1.00 100
  9  ...................   0.27  0.10 0.96/0.96/0.96 1.00 1.00 1.00 100
 10  ...................   0.31  0.07 0.95/0.95/0.95 1.00 1.00 1.00 100
 11  ...................   0.35  0.07 0.94/0.94/0.94 1.00 1.00 1.00 100
 12  ...................   0.40  0.09 0.93/0.93/0.93 1.00 1.00 1.00 100
 13  ...................   0.46  0.07 0.91/0.91/0.91 1.00 1.00 1.00 100
 14  ...................   0.52  0.06 0.89/0.89/0.89 1.00 1.00 1.00 100
 15  ...................   0.60  0.61 0.86/0.86/0.86 1.00 1.00 1.00 100
 16  ...................   0.69  0.06 0.83/0.83/0.83 1.00 1.00 1.00 100
 17  ...................   0.80  0.07 0.80/0.80/0.80 1.00 1.00 1.00 100
 18  ...................   0.92  0.09 0.77/0.77/0.77 1.00 1.00 1.00 100
 19  ...................   1.07  0.10 0.73/0.73/0.73 1.00 1.00 1.00 100
 20  ...................   1.25  0.10 0.69/0.69/0.69 1.00 1.00 1.00 100
 21  ...................   1.46  0.07 0.65/0.65/0.65 1.00 1.00 1.00 100
 22  ...................   1.72  0.07 0.60/0.60/0.60 1.00 1.00 1.00 100
 23  ...................   2.03  0.07 0.56/0.56/0.56 1.00 1.00 1.00 100
 24  ...................   2.42  0.07 0.52/0.52/0.52 1.00 1.00 1.00 100
 25  ...................   2.90  0.07 0.48/0.48/0.48 1.00 1.00 1.00 100
 26  ...................   3.50  0.10 0.44/0.44/0.44 1.00 1.00 1.00 100
 27  ...................   4.25  0.08 0.40/0.40/0.40 1.00 1.00 1.00 100
 28  ...................   5.17  0.08 0.36/0.36/0.36 1.00 0.99 0.99 100
 29  ...................   6.18  0.07 0.32/0.32/0.32 1.00 0.97 0.96 100
 30  ...................   7.46  0.06 0.28/0.28/0.28 1.00 0.97 0.93 100
 31  ...................   8.88  0.08 0.24/0.24/0.24 1.00 0.95 0.89 100
 32  ...................  10.60  0.06 0.21/0.21/0.21 1.00 0.95 0.84 100
 33  ...................  11.91  0.05 0.18/0.18/0.18 1.00 0.89 0.75 100
 34  ...................  13.13  0.04 0.16/0.16/0.16 1.00 0.87 0.66 100
 35  ...................  14.74  0.54 0.14/0.14/0.14 1.00 0.89 0.58 100
 36  ...................  16.73  0.05 0.14/0.14/0.14 1.00 0.91 0.53 100
 37  ...................  17.77  0.03 0.14/0.14/0.14 1.00 0.86 0.45 100
 38  ...................  19.45  0.02 0.16/0.16/0.16 1.00 0.90 0.41 100
 39  ...................  19.65  0.02 0.18/0.18/0.18 1.00 0.86 0.35 100
 40  ...................  19.38  0.03 0.23/0.23/0.23 1.00 0.87 0.31 100
 41  ...................  18.16  0.02 0.29/0.29/0.29 1.00 0.88 0.27 100
 42  ...................  14.88  0.01 0.38/0.38/0.38 1.00 0.82 0.22 100
 43  ...................  11.98  0.01 0.48/0.48/0.48 1.00 0.88 0.19 100
 44  ...................   6.89  0.01 0.60/0.60/0.60 1.00 0.68 0.13 100
 45  ...................   4.18  0.01 0.71/0.71/0.71 1.00 0.79 0.11 100
 46  ...................   2.25  0.00 0.80/0.80/0.80 1.00 0.77 0.08 100
 47  ...................   1.01  0.00 0.88/0.88/0.88 1.00 0.71 0.06 100
 48  ...................   0.42  0.01 0.93/0.93/0.93 1.00 0.71 0.04 100
 49  ...................   0.19  0.00 0.96/0.96/0.96 1.00 0.83 0.03 100
 50  ...................   0.08  0.00 0.98/0.98/0.98 1.00 0.90 0.03 100
 51  ...................   0.02  0.00 0.99/0.99/0.99 1.00 0.56 0.02 100
 52  ...................   0.01  0.00 1.00/1.00/1.00 1.00 0.80 0.01   0
 53  ...................   0.00  0.00 1.00/1.00/1.00 1.00 0.75 0.01   0
 54  ...................   0.00  0.00 1.00/1.00/1.00 1.00 0.67 0.01   0
 55  ...................   0.00  0.00 1.00/1.00/1.00 1.00 0.50 0.00   0
[mcl] jury pruning marks: <100,100,100>, out of 100
[mcl] jury pruning synopsis: <100.0 or really really really good> (cf -scheme, -do log)
[mcl] output is in /local/wiwie/ClustEval/repository/results/05_06_2013-15_52_16_tcga/clusters/MCL_norm_tcga.104.results
[mcl] 1 clusters found
[mcl] output is in /local/wiwie/ClustEval/repository/results/05_06_2013-15_52_16_tcga/clusters/MCL_norm_tcga.104.results

Please cite:
    Stijn van Dongen, Graph Clustering by Flow Simulation.  PhD thesis,
    University of Utrecht, May 2000.
       (  http://www.library.uu.nl/digiarchief/dip/diss/1895620/full.pdf
       or  http://micans.org/mcl/lit/svdthesis.pdf.gz)
OR
    Stijn van Dongen, A cluster algorithm for graphs. Technical
    Report INS-R0010, National Research Institute for Mathematics
    and Computer Science in the Netherlands, Amsterdam, May 2000.
       (  http://www.cwi.nl/ftp/CWIreports/INS/INS-R0010.ps.Z
       or  http://micans.org/mcl/lit/INS-R0010.ps.Z)

