....[mcl] new tab created
[mcl] pid 7986
 ite -------------------  chaos  time hom(avg,lo,hi) expa expb expc fmv
  1  ...................   0.11  0.08 1.01/1.00/1.02 1.00 1.00 1.00 100
  2  ...................   0.11  0.08 0.99/0.99/0.99 1.00 1.00 1.00 100
  3  ...................   0.12  0.11 0.99/0.99/0.99 1.00 1.00 1.00 100
  4  ...................   0.13  0.06 0.99/0.99/0.99 1.00 1.00 1.00 100
  5  ...................   0.14  0.07 0.99/0.99/0.99 1.00 1.00 1.00 100
  6  ...................   0.16  0.07 0.99/0.99/0.99 1.00 1.00 1.00 100
  7  ...................   0.18  0.07 0.98/0.98/0.98 1.00 1.00 1.00 100
  8  ...................   0.19  0.07 0.98/0.98/0.98 1.00 1.00 1.00 100
  9  ...................   0.21  0.07 0.97/0.97/0.97 1.00 1.00 1.00 100
 10  ...................   0.24  0.08 0.97/0.97/0.97 1.00 1.00 1.00 100
 11  ...................   0.26  0.07 0.96/0.96/0.96 1.00 1.00 1.00 100
 12  ...................   0.29  0.07 0.96/0.96/0.96 1.00 1.00 1.00 100
 13  ...................   0.32  0.07 0.95/0.95/0.95 1.00 1.00 1.00 100
 14  ...................   0.36  0.07 0.94/0.94/0.94 1.00 1.00 1.00 100
 15  ...................   0.39  0.07 0.93/0.93/0.93 1.00 1.00 1.00 100
 16  ...................   0.44  0.07 0.91/0.91/0.91 1.00 1.00 1.00 100
 17  ...................   0.49  0.07 0.90/0.90/0.90 1.00 1.00 1.00 100
 18  ...................   0.54  0.07 0.88/0.88/0.88 1.00 1.00 1.00 100
 19  ...................   0.60  0.07 0.86/0.86/0.86 1.00 1.00 1.00 100
 20  ...................   0.67  0.07 0.84/0.84/0.84 1.00 1.00 1.00 100
 21  ...................   0.75  0.07 0.82/0.82/0.82 1.00 1.00 1.00 100
 22  ...................   0.84  0.07 0.79/0.79/0.79 1.00 1.00 1.00 100
 23  ...................   0.94  0.07 0.76/0.76/0.76 1.00 1.00 1.00 100
 24  ...................   1.06  0.07 0.73/0.73/0.73 1.00 1.00 1.00 100
 25  ...................   1.19  0.06 0.70/0.70/0.70 1.00 1.00 1.00 100
 26  ...................   1.35  0.07 0.67/0.67/0.67 1.00 1.00 1.00 100
 27  ...................   1.52  0.07 0.64/0.64/0.64 1.00 1.00 1.00 100
 28  ...................   1.73  0.07 0.60/0.60/0.60 1.00 1.00 1.00 100
 29  ...................   1.97  0.07 0.57/0.57/0.57 1.00 1.00 1.00 100
 30  ...................   2.26  0.07 0.54/0.54/0.54 1.00 1.00 1.00 100
 31  ...................   2.59  0.07 0.51/0.51/0.51 1.00 1.00 1.00 100
 32  ...................   2.99  0.07 0.47/0.47/0.47 1.00 1.00 1.00 100
 33  ...................   3.46  0.07 0.44/0.44/0.44 1.00 1.00 1.00 100
 34  ...................   4.01  0.07 0.41/0.41/0.41 1.00 1.00 1.00 100
 35  ...................   4.67  0.07 0.38/0.38/0.38 1.00 1.00 0.99 100
 36  ...................   5.39  0.07 0.35/0.35/0.35 1.00 0.98 0.98 100
 37  ...................   6.25  0.06 0.32/0.32/0.32 1.00 0.98 0.96 100
 38  ...................   7.21  0.06 0.29/0.29/0.29 1.00 0.98 0.94 100
 39  ...................   8.20  0.06 0.26/0.26/0.26 1.00 0.96 0.89 100
 40  ...................   9.48  0.06 0.23/0.23/0.23 1.00 0.97 0.87 100
 41  ...................  10.80  0.06 0.21/0.21/0.21 1.00 0.95 0.83 100
 42  ...................  11.77  0.05 0.18/0.18/0.18 1.00 0.91 0.75 100
 43  ...................  12.77  0.04 0.16/0.16/0.16 1.00 0.90 0.68 100
 44  ...................  13.93  0.03 0.15/0.15/0.15 1.00 0.91 0.62 100
 45  ...................  15.37  0.03 0.14/0.14/0.14 1.00 0.92 0.57 100
 46  ...................  16.65  0.03 0.14/0.14/0.14 1.00 0.91 0.52 100
 47  ...................  17.60  0.03 0.14/0.14/0.14 1.00 0.89 0.46 100
 48  ...................  18.74  0.02 0.15/0.15/0.15 1.00 0.91 0.42 100
 49  ...................  19.12  0.01 0.16/0.16/0.16 1.00 0.89 0.38 100
 50  ...................  19.97  0.01 0.19/0.19/0.19 1.00 0.93 0.35 100
 51  ...................  19.31  0.01 0.23/0.23/0.23 1.00 0.88 0.31 100
 52  ...................  18.19  0.01 0.27/0.27/0.27 1.00 0.89 0.27 100
 53  ...................  16.90  0.01 0.33/0.33/0.33 1.00 0.91 0.25 100
 54  ...................  13.74  0.01 0.41/0.41/0.41 1.00 0.84 0.21 100
 55  ...................  11.23  0.01 0.49/0.49/0.49 1.00 0.89 0.18 100
 56  ...................   8.01  0.01 0.58/0.58/0.58 1.00 0.81 0.15 100
 57  ...................   5.11  0.01 0.67/0.67/0.67 1.00 0.77 0.12 100
 58  ...................   3.28  0.00 0.75/0.75/0.75 1.00 0.82 0.10 100
 59  ...................   2.07  0.00 0.82/0.82/0.82 1.00 0.86 0.08 100
 60  ...................   1.03  0.01 0.88/0.88/0.88 1.00 0.71 0.06 100
 61  ...................   0.48  0.00 0.92/0.92/0.92 1.00 0.71 0.04 100
 62  ...................   0.30  0.00 0.95/0.95/0.95 1.00 1.00 0.04 100
 63  ...................   0.15  0.00 0.97/0.97/0.97 1.00 0.83 0.03 100
 64  ...................   0.08  0.00 0.98/0.98/0.98 1.00 0.90 0.03 100
 65  ...................   0.03  0.00 0.99/0.99/0.99 1.00 0.78 0.02 100
 66  ...................   0.01  0.00 1.00/1.00/1.00 1.00 0.71 0.02 100
 67  ...................   0.00  0.00 1.00/1.00/1.00 1.00 0.60 0.01   0
 68  ...................   0.00  0.00 1.00/1.00/1.00 1.00 0.67 0.01   0
 69  ...................   0.00  0.00 1.00/1.00/1.00 1.00 1.00 0.01   0
 70  ...................   0.00  0.00 1.00/1.00/1.00 1.00 0.50 0.00   0
[mcl] jury pruning marks: <100,100,100>, out of 100
[mcl] jury pruning synopsis: <100.0 or really really really good> (cf -scheme, -do log)
[mcl] output is in /local/wiwie/ClustEval/repository/results/05_06_2013-15_52_16_tcga/clusters/MCL_norm_tcga.207.results
[mcl] 1 clusters found
[mcl] output is in /local/wiwie/ClustEval/repository/results/05_06_2013-15_52_16_tcga/clusters/MCL_norm_tcga.207.results

Please cite:
    Stijn van Dongen, Graph Clustering by Flow Simulation.  PhD thesis,
    University of Utrecht, May 2000.
       (  http://www.library.uu.nl/digiarchief/dip/diss/1895620/full.pdf
       or  http://micans.org/mcl/lit/svdthesis.pdf.gz)
OR
    Stijn van Dongen, A cluster algorithm for graphs. Technical
    Report INS-R0010, National Research Institute for Mathematics
    and Computer Science in the Netherlands, Amsterdam, May 2000.
       (  http://www.cwi.nl/ftp/CWIreports/INS/INS-R0010.ps.Z
       or  http://micans.org/mcl/lit/INS-R0010.ps.Z)

