....[mcl] new tab created
[mcl] pid 7532
 ite -------------------  chaos  time hom(avg,lo,hi) expa expb expc fmv
  1  ...................   0.11  0.07 1.01/1.00/1.02 1.00 1.00 1.00 100
  2  ...................   0.11  0.07 0.99/0.99/0.99 1.00 1.00 1.00 100
  3  ...................   0.12  0.07 0.99/0.99/0.99 1.00 1.00 1.00 100
  4  ...................   0.13  0.07 0.99/0.99/0.99 1.00 1.00 1.00 100
  5  ...................   0.14  0.07 0.99/0.99/0.99 1.00 1.00 1.00 100
  6  ...................   0.16  0.07 0.99/0.99/0.99 1.00 1.00 1.00 100
  7  ...................   0.18  0.07 0.98/0.98/0.98 1.00 1.00 1.00 100
  8  ...................   0.20  0.07 0.98/0.98/0.98 1.00 1.00 1.00 100
  9  ...................   0.22  0.07 0.97/0.97/0.97 1.00 1.00 1.00 100
 10  ...................   0.24  0.07 0.97/0.97/0.97 1.00 1.00 1.00 100
 11  ...................   0.27  0.07 0.96/0.96/0.96 1.00 1.00 1.00 100
 12  ...................   0.29  0.07 0.96/0.96/0.96 1.00 1.00 1.00 100
 13  ...................   0.33  0.07 0.95/0.95/0.95 1.00 1.00 1.00 100
 14  ...................   0.36  0.07 0.94/0.94/0.94 1.00 1.00 1.00 100
 15  ...................   0.40  0.06 0.92/0.92/0.92 1.00 1.00 1.00 100
 16  ...................   0.45  0.07 0.91/0.91/0.91 1.00 1.00 1.00 100
 17  ...................   0.50  0.07 0.90/0.90/0.90 1.00 1.00 1.00 100
 18  ...................   0.55  0.07 0.88/0.88/0.88 1.00 1.00 1.00 100
 19  ...................   0.62  0.07 0.86/0.86/0.86 1.00 1.00 1.00 100
 20  ...................   0.69  0.07 0.84/0.84/0.84 1.00 1.00 1.00 100
 21  ...................   0.77  0.07 0.81/0.81/0.81 1.00 1.00 1.00 100
 22  ...................   0.86  0.07 0.78/0.78/0.78 1.00 1.00 1.00 100
 23  ...................   0.97  0.06 0.76/0.76/0.76 1.00 1.00 1.00 100
 24  ...................   1.09  0.06 0.73/0.73/0.73 1.00 1.00 1.00 100
 25  ...................   1.23  0.06 0.69/0.69/0.69 1.00 1.00 1.00 100
 26  ...................   1.39  0.06 0.66/0.66/0.66 1.00 1.00 1.00 100
 27  ...................   1.58  0.07 0.63/0.63/0.63 1.00 1.00 1.00 100
 28  ...................   1.80  0.06 0.59/0.59/0.59 1.00 1.00 1.00 100
 29  ...................   2.05  0.06 0.56/0.56/0.56 1.00 1.00 1.00 100
 30  ...................   2.35  0.06 0.53/0.53/0.53 1.00 1.00 1.00 100
 31  ...................   2.71  0.07 0.50/0.50/0.50 1.00 1.00 1.00 100
 32  ...................   3.13  0.07 0.46/0.46/0.46 1.00 1.00 1.00 100
 33  ...................   3.64  0.07 0.43/0.43/0.43 1.00 1.00 1.00 100
 34  ...................   4.23  0.06 0.40/0.40/0.40 1.00 1.00 1.00 100
 35  ...................   4.93  0.06 0.37/0.37/0.37 1.00 0.99 0.99 100
 36  ...................   5.71  0.06 0.34/0.34/0.34 1.00 0.98 0.97 100
 37  ...................   6.61  0.06 0.31/0.31/0.31 1.00 0.98 0.95 100
 38  ...................   7.63  0.06 0.28/0.28/0.28 1.00 0.97 0.92 100
 39  ...................   8.73  0.06 0.25/0.25/0.25 1.00 0.96 0.89 100
 40  ...................  10.00  0.06 0.22/0.22/0.22 1.00 0.96 0.85 100
 41  ...................  11.18  0.05 0.20/0.20/0.20 1.00 0.93 0.79 100
 42  ...................  12.27  0.04 0.17/0.17/0.17 1.00 0.91 0.72 100
 43  ...................  13.22  0.04 0.16/0.16/0.16 1.00 0.90 0.65 100
 44  ...................  14.45  0.03 0.15/0.15/0.15 1.00 0.91 0.59 100
 45  ...................  15.78  0.03 0.14/0.14/0.14 1.00 0.91 0.54 100
 46  ...................  16.86  0.03 0.14/0.14/0.14 1.00 0.90 0.48 100
 47  ...................  17.90  0.02 0.14/0.14/0.14 1.00 0.90 0.44 100
 48  ...................  19.49  0.02 0.16/0.16/0.16 1.00 0.94 0.41 100
 49  ...................  19.44  0.01 0.18/0.18/0.18 1.00 0.87 0.36 100
 50  ...................  19.37  0.01 0.21/0.21/0.21 1.00 0.90 0.32 100
 51  ...................  18.67  0.02 0.25/0.25/0.25 1.00 0.89 0.29 100
 52  ...................  17.77  0.02 0.30/0.30/0.30 1.00 0.92 0.26 100
 53  ...................  15.14  0.01 0.37/0.37/0.37 1.00 0.86 0.23 100
 54  ...................  12.36  0.01 0.45/0.45/0.45 1.00 0.86 0.19 100
 55  ...................   9.70  0.01 0.54/0.54/0.54 1.00 0.88 0.17 100
 56  ...................   6.07  0.00 0.63/0.63/0.63 1.00 0.74 0.13 100
 57  ...................   3.92  0.00 0.72/0.72/0.72 1.00 0.81 0.10 100
 58  ...................   2.36  0.00 0.79/0.79/0.79 1.00 0.80 0.08 100
 59  ...................   1.32  0.00 0.86/0.86/0.86 1.00 0.79 0.06 100
 60  ...................   0.66  0.00 0.90/0.90/0.90 1.00 0.74 0.05 100
 61  ...................   0.36  0.00 0.94/0.94/0.94 1.00 0.86 0.04 100
 62  ...................   0.18  0.00 0.96/0.96/0.96 1.00 0.83 0.03 100
 63  ...................   0.10  0.00 0.98/0.98/0.98 1.00 1.00 0.03 100
 64  ...................   0.05  0.00 0.99/0.99/0.99 1.00 0.80 0.03 100
 65  ...................   0.01  0.00 0.99/0.99/0.99 1.00 0.62 0.02 100
 66  ...................   0.01  0.00 1.00/1.00/1.00 1.00 0.80 0.01   0
 67  ...................   0.00  0.00 1.00/1.00/1.00 1.00 0.75 0.01   0
 68  ...................   0.00  0.00 1.00/1.00/1.00 1.00 0.67 0.01   0
 69  ...................   0.00  0.00 1.00/1.00/1.00 1.00 0.50 0.00   0
[mcl] jury pruning marks: <100,100,100>, out of 100
[mcl] jury pruning synopsis: <100.0 or really really really good> (cf -scheme, -do log)
[mcl] output is in /local/wiwie/ClustEval/repository/results/05_06_2013-15_52_16_tcga/clusters/MCL_norm_tcga.223.results
[mcl] 1 clusters found
[mcl] output is in /local/wiwie/ClustEval/repository/results/05_06_2013-15_52_16_tcga/clusters/MCL_norm_tcga.223.results

Please cite:
    Stijn van Dongen, Graph Clustering by Flow Simulation.  PhD thesis,
    University of Utrecht, May 2000.
       (  http://www.library.uu.nl/digiarchief/dip/diss/1895620/full.pdf
       or  http://micans.org/mcl/lit/svdthesis.pdf.gz)
OR
    Stijn van Dongen, A cluster algorithm for graphs. Technical
    Report INS-R0010, National Research Institute for Mathematics
    and Computer Science in the Netherlands, Amsterdam, May 2000.
       (  http://www.cwi.nl/ftp/CWIreports/INS/INS-R0010.ps.Z
       or  http://micans.org/mcl/lit/INS-R0010.ps.Z)

