....[mcl] new tab created
[mcl] pid 52914
 ite -------------------  chaos  time hom(avg,lo,hi) expa expb expc fmv
  1  ...................   0.11  0.08 1.01/1.00/1.02 1.00 1.00 1.00 100
  2  ...................   0.12  0.08 0.99/0.99/0.99 1.00 1.00 1.00 100
  3  ...................   0.14  0.08 0.99/0.99/0.99 1.00 1.00 1.00 100
  4  ...................   0.16  0.08 0.98/0.98/0.98 1.00 1.00 1.00 100
  5  ...................   0.20  0.08 0.98/0.98/0.98 1.00 1.00 1.00 100
  6  ...................   0.23  0.08 0.97/0.97/0.97 1.00 1.00 1.00 100
  7  ...................   0.28  0.08 0.96/0.96/0.96 1.00 1.00 1.00 100
  8  ...................   0.33  0.08 0.94/0.94/0.94 1.00 1.00 1.00 100
  9  ...................   0.40  0.08 0.93/0.93/0.93 1.00 1.00 1.00 100
 10  ...................   0.48  0.57 0.90/0.90/0.90 1.00 1.00 1.00 100
 11  ...................   0.58  0.07 0.87/0.87/0.87 1.00 1.00 1.00 100
 12  ...................   0.71  0.08 0.83/0.83/0.83 1.00 1.00 1.00 100
 13  ...................   0.86  0.07 0.79/0.79/0.79 1.00 1.00 1.00 100
 14  ...................   1.05  0.07 0.73/0.73/0.73 1.00 1.00 1.00 100
 15  ...................   1.30  0.07 0.68/0.68/0.68 1.00 1.00 1.00 100
 16  ...................   1.62  0.07 0.62/0.62/0.62 1.00 1.00 1.00 100
 17  ...................   2.04  0.07 0.56/0.56/0.56 1.00 1.00 1.00 100
 18  ...................   2.60  0.07 0.50/0.50/0.50 1.00 1.00 1.00 100
 19  ...................   3.36  0.07 0.45/0.45/0.45 1.00 1.00 1.00 100
 20  ...................   4.38  0.07 0.39/0.39/0.39 1.00 1.00 1.00 100
 21  ...................   5.67  0.07 0.34/0.34/0.34 1.00 0.98 0.97 100
 22  ...................   7.33  0.07 0.29/0.29/0.29 1.00 0.96 0.94 100
 23  ...................   9.33  0.06 0.23/0.23/0.23 1.00 0.93 0.87 100
 24  ...................  11.40  0.05 0.19/0.19/0.19 1.00 0.89 0.78 100
 25  ...................  13.10  0.04 0.16/0.16/0.16 1.00 0.83 0.65 100
 26  ...................  15.62  0.04 0.14/0.14/0.14 1.00 0.87 0.56 100
 27  ...................  17.65  0.03 0.14/0.14/0.14 1.00 0.84 0.47 100
 28  ...................  19.03  0.02 0.16/0.16/0.16 1.00 0.83 0.39 100
 29  ...................  19.27  0.01 0.20/0.20/0.20 1.00 0.82 0.32 100
 30  ...................  18.11  0.01 0.29/0.29/0.29 1.00 0.84 0.27 100
 31  ...................  13.74  0.01 0.41/0.41/0.41 1.00 0.77 0.21 100
 32  ...................   8.69  0.00 0.56/0.56/0.56 1.00 0.75 0.16 100
 33  ...................   3.98  0.00 0.71/0.71/0.71 1.00 0.65 0.10 100
 34  ...................   1.49  0.01 0.84/0.84/0.84 1.00 0.63 0.06 100
 35  ...................   0.47  0.00 0.92/0.92/0.92 1.00 0.63 0.04 100
 36  ...................   0.16  0.00 0.97/0.97/0.97 1.00 0.83 0.03 100
 37  ...................   0.05  0.00 0.99/0.99/0.99 1.00 0.80 0.03 100
 38  ...................   0.01  0.00 1.00/1.00/1.00 1.00 0.50 0.01 100
 39  ...................   0.00  0.00 1.00/1.00/1.00 1.00 0.50 0.01   0
 40  ...................   0.00  0.00 1.00/1.00/1.00 1.00 0.50 0.00   0
[mcl] jury pruning marks: <100,100,100>, out of 100
[mcl] jury pruning synopsis: <100.0 or really really really good> (cf -scheme, -do log)
[mcl] output is in /local/wiwie/ClustEval/repository/results/05_06_2013-15_52_16_tcga/clusters/MCL_norm_tcga.116.results
[mcl] 1 clusters found
[mcl] output is in /local/wiwie/ClustEval/repository/results/05_06_2013-15_52_16_tcga/clusters/MCL_norm_tcga.116.results

Please cite:
    Stijn van Dongen, Graph Clustering by Flow Simulation.  PhD thesis,
    University of Utrecht, May 2000.
       (  http://www.library.uu.nl/digiarchief/dip/diss/1895620/full.pdf
       or  http://micans.org/mcl/lit/svdthesis.pdf.gz)
OR
    Stijn van Dongen, A cluster algorithm for graphs. Technical
    Report INS-R0010, National Research Institute for Mathematics
    and Computer Science in the Netherlands, Amsterdam, May 2000.
       (  http://www.cwi.nl/ftp/CWIreports/INS/INS-R0010.ps.Z
       or  http://micans.org/mcl/lit/INS-R0010.ps.Z)

