....[mcl] new tab created
[mcl] pid 21933
 ite -------------------  chaos  time hom(avg,lo,hi) expa expb expc fmv
  1  ...................   0.11  0.07 1.01/1.00/1.02 1.00 1.00 1.00 100
  2  ...................   0.11  0.07 0.99/0.99/0.99 1.00 1.00 1.00 100
  3  ...................   0.12  0.07 0.99/0.99/0.99 1.00 1.00 1.00 100
  4  ...................   0.13  0.07 0.99/0.99/0.99 1.00 1.00 1.00 100
  5  ...................   0.15  0.08 0.99/0.99/0.99 1.00 1.00 1.00 100
  6  ...................   0.16  0.08 0.98/0.98/0.98 1.00 1.00 1.00 100
  7  ...................   0.18  0.07 0.98/0.98/0.98 1.00 1.00 1.00 100
  8  ...................   0.20  0.07 0.98/0.98/0.98 1.00 1.00 1.00 100
  9  ...................   0.22  0.07 0.97/0.97/0.97 1.00 1.00 1.00 100
 10  ...................   0.24  0.07 0.97/0.97/0.97 1.00 1.00 1.00 100
 11  ...................   0.27  0.07 0.96/0.96/0.96 1.00 1.00 1.00 100
 12  ...................   0.30  0.07 0.95/0.95/0.95 1.00 1.00 1.00 100
 13  ...................   0.33  0.07 0.95/0.95/0.95 1.00 1.00 1.00 100
 14  ...................   0.37  0.07 0.93/0.93/0.93 1.00 1.00 1.00 100
 15  ...................   0.41  0.08 0.92/0.92/0.92 1.00 1.00 1.00 100
 16  ...................   0.46  0.08 0.91/0.91/0.91 1.00 1.00 1.00 100
 17  ...................   0.51  0.08 0.89/0.89/0.89 1.00 1.00 1.00 100
 18  ...................   0.57  0.08 0.87/0.87/0.87 1.00 1.00 1.00 100
 19  ...................   0.63  0.08 0.85/0.85/0.85 1.00 1.00 1.00 100
 20  ...................   0.71  0.07 0.83/0.83/0.83 1.00 1.00 1.00 100
 21  ...................   0.79  0.07 0.80/0.80/0.80 1.00 1.00 1.00 100
 22  ...................   0.89  0.07 0.78/0.78/0.78 1.00 1.00 1.00 100
 23  ...................   1.00  0.07 0.75/0.75/0.75 1.00 1.00 1.00 100
 24  ...................   1.13  0.07 0.71/0.71/0.71 1.00 1.00 1.00 100
 25  ...................   1.28  0.07 0.68/0.68/0.68 1.00 1.00 1.00 100
 26  ...................   1.45  0.08 0.65/0.65/0.65 1.00 1.00 1.00 100
 27  ...................   1.65  0.07 0.61/0.61/0.61 1.00 1.00 1.00 100
 28  ...................   1.89  0.07 0.58/0.58/0.58 1.00 1.00 1.00 100
 29  ...................   2.17  0.07 0.55/0.55/0.55 1.00 1.00 1.00 100
 30  ...................   2.49  0.07 0.51/0.51/0.51 1.00 1.00 1.00 100
 31  ...................   2.88  0.08 0.48/0.48/0.48 1.00 1.00 1.00 100
 32  ...................   3.35  0.07 0.45/0.45/0.45 1.00 1.00 1.00 100
 33  ...................   3.89  0.07 0.42/0.42/0.42 1.00 1.00 1.00 100
 34  ...................   4.56  0.08 0.39/0.39/0.39 1.00 1.00 1.00 100
 35  ...................   5.28  0.07 0.35/0.35/0.35 1.00 0.98 0.98 100
 36  ...................   6.14  0.07 0.32/0.32/0.32 1.00 0.98 0.96 100
 37  ...................   7.15  0.07 0.29/0.29/0.29 1.00 0.98 0.94 100
 38  ...................   8.16  0.06 0.26/0.26/0.26 1.00 0.96 0.90 100
 39  ...................   9.40  0.06 0.23/0.23/0.23 1.00 0.96 0.87 100
 40  ...................  10.85  0.05 0.21/0.21/0.21 1.00 0.96 0.83 100
 41  ...................  11.78  0.05 0.18/0.18/0.18 1.00 0.90 0.75 100
 42  ...................  12.78  0.05 0.16/0.16/0.16 1.00 0.90 0.68 100
 43  ...................  14.07  0.03 0.15/0.15/0.15 1.00 0.91 0.62 100
 44  ...................  15.49  0.03 0.14/0.14/0.14 1.00 0.92 0.57 100
 45  ...................  16.84  0.02 0.14/0.14/0.14 1.00 0.91 0.52 100
 46  ...................  17.57  0.02 0.14/0.14/0.14 1.00 0.88 0.45 100
 47  ...................  18.87  0.02 0.15/0.15/0.15 1.00 0.92 0.42 100
 48  ...................  18.86  0.02 0.17/0.17/0.17 1.00 0.87 0.36 100
 49  ...................  19.80  0.02 0.20/0.20/0.20 1.00 0.93 0.34 100
 50  ...................  19.41  0.01 0.23/0.23/0.23 1.00 0.90 0.30 100
 51  ...................  18.12  0.01 0.29/0.29/0.29 1.00 0.89 0.27 100
 52  ...................  15.93  0.01 0.35/0.35/0.35 1.00 0.87 0.24 100
 53  ...................  12.82  0.00 0.43/0.43/0.43 1.00 0.84 0.20 100
 54  ...................  10.21  0.01 0.52/0.52/0.52 1.00 0.88 0.17 100
 55  ...................   6.50  0.01 0.61/0.61/0.61 1.00 0.75 0.13 100
 56  ...................   4.40  0.00 0.70/0.70/0.70 1.00 0.84 0.11 100
 57  ...................   2.82  0.01 0.78/0.78/0.78 1.00 0.84 0.09 100
 58  ...................   1.42  0.00 0.85/0.85/0.85 1.00 0.70 0.06 100
 59  ...................   0.70  0.00 0.90/0.90/0.90 1.00 0.74 0.05 100
 60  ...................   0.38  0.01 0.94/0.94/0.94 1.00 0.86 0.04 100
 61  ...................   0.19  0.00 0.96/0.96/0.96 1.00 0.83 0.03 100
 62  ...................   0.11  0.00 0.98/0.98/0.98 1.00 1.00 0.03 100
 63  ...................   0.05  0.00 0.99/0.99/0.99 1.00 0.80 0.03 100
 64  ...................   0.02  0.00 0.99/0.99/0.99 1.00 0.62 0.02 100
 65  ...................   0.01  0.00 1.00/1.00/1.00 1.00 0.80 0.01   0
 66  ...................   0.00  0.00 1.00/1.00/1.00 1.00 0.75 0.01   0
 67  ...................   0.00  0.00 1.00/1.00/1.00 1.00 0.67 0.01   0
 68  ...................   0.00  0.00 1.00/1.00/1.00 1.00 0.50 0.00   0
[mcl] jury pruning marks: <100,100,100>, out of 100
[mcl] jury pruning synopsis: <100.0 or really really really good> (cf -scheme, -do log)
[mcl] output is in /local/wiwie/ClustEval/repository/results/05_06_2013-15_52_16_tcga/clusters/MCL_norm_tcga.174.results
[mcl] 1 clusters found
[mcl] output is in /local/wiwie/ClustEval/repository/results/05_06_2013-15_52_16_tcga/clusters/MCL_norm_tcga.174.results

Please cite:
    Stijn van Dongen, Graph Clustering by Flow Simulation.  PhD thesis,
    University of Utrecht, May 2000.
       (  http://www.library.uu.nl/digiarchief/dip/diss/1895620/full.pdf
       or  http://micans.org/mcl/lit/svdthesis.pdf.gz)
OR
    Stijn van Dongen, A cluster algorithm for graphs. Technical
    Report INS-R0010, National Research Institute for Mathematics
    and Computer Science in the Netherlands, Amsterdam, May 2000.
       (  http://www.cwi.nl/ftp/CWIreports/INS/INS-R0010.ps.Z
       or  http://micans.org/mcl/lit/INS-R0010.ps.Z)

