....[mcl] new tab created
[mcl] pid 47477
 ite -------------------  chaos  time hom(avg,lo,hi) expa expb expc fmv
  1  ...................   0.11  0.10 1.01/1.00/1.02 1.00 1.00 1.00 100
  2  ...................   0.38  0.09 0.93/0.93/0.94 1.00 1.00 1.00 100
  3  ...................   1.77  0.07 0.60/0.60/0.60 1.00 1.00 1.00 100
  4  ...................  11.50  0.07 0.19/0.19/0.19 1.00 0.77 0.77 100
  5  ...................  10.44  0.03 0.52/0.52/0.52 1.00 0.23 0.18 100
  6  ...................   0.00  0.00 1.00/1.00/1.00 1.00 0.04 0.01 100
  7  ...................   0.00  0.00 1.00/1.00/1.00 1.00 0.50 0.00   0
[mcl] jury pruning marks: <100,100,100>, out of 100
[mcl] jury pruning synopsis: <100.0 or really really really good> (cf -scheme, -do log)
[mcl] output is in /local/wiwie/ClustEval/repository/results/05_06_2013-15_52_16_tcga/clusters/MCL_norm_tcga.10.results
[mcl] 1 clusters found
[mcl] output is in /local/wiwie/ClustEval/repository/results/05_06_2013-15_52_16_tcga/clusters/MCL_norm_tcga.10.results

Please cite:
    Stijn van Dongen, Graph Clustering by Flow Simulation.  PhD thesis,
    University of Utrecht, May 2000.
       (  http://www.library.uu.nl/digiarchief/dip/diss/1895620/full.pdf
       or  http://micans.org/mcl/lit/svdthesis.pdf.gz)
OR
    Stijn van Dongen, A cluster algorithm for graphs. Technical
    Report INS-R0010, National Research Institute for Mathematics
    and Computer Science in the Netherlands, Amsterdam, May 2000.
       (  http://www.cwi.nl/ftp/CWIreports/INS/INS-R0010.ps.Z
       or  http://micans.org/mcl/lit/INS-R0010.ps.Z)

