....[mcl] new tab created
[mcl] pid 4434
 ite -------------------  chaos  time hom(avg,lo,hi) expa expb expc fmv
  1  ...................   0.11  0.12 1.01/1.00/1.02 1.00 1.00 1.00 100
  2  ...................   0.11  0.07 0.99/0.99/0.99 1.00 1.00 1.00 100
  3  ...................   0.12  0.07 0.99/0.99/0.99 1.00 1.00 1.00 100
  4  ...................   0.14  0.07 0.99/0.99/0.99 1.00 1.00 1.00 100
  5  ...................   0.16  0.10 0.99/0.99/0.99 1.00 1.00 1.00 100
  6  ...................   0.18  0.07 0.98/0.98/0.98 1.00 1.00 1.00 100
  7  ...................   0.20  0.07 0.98/0.98/0.98 1.00 1.00 1.00 100
  8  ...................   0.23  0.07 0.97/0.97/0.97 1.00 1.00 1.00 100
  9  ...................   0.26  0.08 0.96/0.96/0.96 1.00 1.00 1.00 100
 10  ...................   0.29  0.07 0.96/0.96/0.96 1.00 1.00 1.00 100
 11  ...................   0.33  0.10 0.95/0.95/0.95 1.00 1.00 1.00 100
 12  ...................   0.37  0.07 0.93/0.93/0.93 1.00 1.00 1.00 100
 13  ...................   0.42  0.07 0.92/0.92/0.92 1.00 1.00 1.00 100
 14  ...................   0.48  0.07 0.90/0.90/0.90 1.00 1.00 1.00 100
 15  ...................   0.55  0.07 0.88/0.88/0.88 1.00 1.00 1.00 100
 16  ...................   0.62  0.07 0.86/0.86/0.86 1.00 1.00 1.00 100
 17  ...................   0.71  0.09 0.83/0.83/0.83 1.00 1.00 1.00 100
 18  ...................   0.82  0.08 0.80/0.80/0.80 1.00 1.00 1.00 100
 19  ...................   0.94  0.10 0.76/0.76/0.76 1.00 1.00 1.00 100
 20  ...................   1.08  0.10 0.73/0.73/0.73 1.00 1.00 1.00 100
 21  ...................   1.25  0.08 0.69/0.69/0.69 1.00 1.00 1.00 100
 22  ...................   1.46  0.07 0.65/0.65/0.65 1.00 1.00 1.00 100
 23  ...................   1.70  0.07 0.61/0.61/0.61 1.00 1.00 1.00 100
 24  ...................   2.00  0.07 0.57/0.57/0.57 1.00 1.00 1.00 100
 25  ...................   2.35  0.08 0.53/0.53/0.53 1.00 1.00 1.00 100
 26  ...................   2.79  0.10 0.49/0.49/0.49 1.00 1.00 1.00 100
 27  ...................   3.34  0.07 0.45/0.45/0.45 1.00 1.00 1.00 100
 28  ...................   4.00  0.07 0.41/0.41/0.41 1.00 1.00 1.00 100
 29  ...................   4.82  0.09 0.38/0.38/0.38 1.00 1.00 0.99 100
 30  ...................   5.75  0.07 0.34/0.34/0.34 1.00 0.98 0.97 100
 31  ...................   6.88  0.07 0.30/0.30/0.30 1.00 0.98 0.95 100
 32  ...................   8.06  0.08 0.26/0.26/0.26 1.00 0.95 0.90 100
 33  ...................   9.62  0.06 0.23/0.23/0.23 1.00 0.96 0.87 100
 34  ...................  11.13  0.05 0.20/0.20/0.20 1.00 0.93 0.81 100
 35  ...................  12.42  0.05 0.17/0.17/0.17 1.00 0.89 0.72 100
 36  ...................  13.81  0.07 0.15/0.15/0.15 1.00 0.89 0.64 100
 37  ...................  15.28  0.04 0.14/0.14/0.14 1.00 0.89 0.57 100
 38  ...................  16.85  0.03 0.14/0.14/0.14 1.00 0.89 0.51 100
 39  ...................  17.96  0.02 0.14/0.14/0.14 1.00 0.87 0.44 100
 40  ...................  18.86  0.02 0.16/0.16/0.16 1.00 0.88 0.39 100
 41  ...................  19.65  0.03 0.19/0.19/0.19 1.00 0.89 0.35 100
 42  ...................  19.41  0.02 0.23/0.23/0.23 1.00 0.88 0.31 100
 43  ...................  18.14  0.01 0.29/0.29/0.29 1.00 0.88 0.27 100
 44  ...................  15.39  0.01 0.37/0.37/0.37 1.00 0.85 0.23 100
 45  ...................  12.17  0.01 0.47/0.47/0.47 1.00 0.85 0.19 100
 46  ...................   8.06  0.01 0.58/0.58/0.58 1.00 0.77 0.15 100
 47  ...................   4.62  0.01 0.68/0.68/0.68 1.00 0.73 0.11 100
 48  ...................   2.82  0.00 0.78/0.78/0.78 1.00 0.84 0.09 100
 49  ...................   1.32  0.01 0.86/0.86/0.86 1.00 0.70 0.06 100
 50  ...................   0.51  0.00 0.91/0.91/0.91 1.00 0.63 0.04 100
 51  ...................   0.29  0.00 0.95/0.95/0.95 1.00 1.00 0.04 100
 52  ...................   0.13  0.00 0.97/0.97/0.97 1.00 0.83 0.03 100
 53  ...................   0.05  0.00 0.99/0.99/0.99 1.00 0.80 0.03 100
 54  ...................   0.01  0.00 0.99/0.99/0.99 1.00 0.62 0.02 100
 55  ...................   0.00  0.01 1.00/1.00/1.00 1.00 0.60 0.01   0
 56  ...................   0.00  0.00 1.00/1.00/1.00 1.00 0.67 0.01   0
 57  ...................   0.00  0.00 1.00/1.00/1.00 1.00 1.00 0.01   0
 58  ...................   0.00  0.00 1.00/1.00/1.00 1.00 0.50 0.00   0
[mcl] jury pruning marks: <100,100,100>, out of 100
[mcl] jury pruning synopsis: <100.0 or really really really good> (cf -scheme, -do log)
[mcl] output is in /local/wiwie/ClustEval/repository/results/05_06_2013-15_52_16_tcga/clusters/MCL_norm_tcga.151.results
[mcl] 1 clusters found
[mcl] output is in /local/wiwie/ClustEval/repository/results/05_06_2013-15_52_16_tcga/clusters/MCL_norm_tcga.151.results

Please cite:
    Stijn van Dongen, Graph Clustering by Flow Simulation.  PhD thesis,
    University of Utrecht, May 2000.
       (  http://www.library.uu.nl/digiarchief/dip/diss/1895620/full.pdf
       or  http://micans.org/mcl/lit/svdthesis.pdf.gz)
OR
    Stijn van Dongen, A cluster algorithm for graphs. Technical
    Report INS-R0010, National Research Institute for Mathematics
    and Computer Science in the Netherlands, Amsterdam, May 2000.
       (  http://www.cwi.nl/ftp/CWIreports/INS/INS-R0010.ps.Z
       or  http://micans.org/mcl/lit/INS-R0010.ps.Z)

