....[mcl] new tab created
[mcl] pid 64930
 ite -------------------  chaos  time hom(avg,lo,hi) expa expb expc fmv
  1  ...................   0.11  0.07 1.01/1.00/1.02 1.00 1.00 1.00 100
  2  ...................   0.16  0.07 0.99/0.98/0.99 1.00 1.00 1.00 100
  3  ...................   0.25  0.07 0.97/0.97/0.97 1.00 1.00 1.00 100
  4  ...................   0.41  0.07 0.92/0.92/0.92 1.00 1.00 1.00 100
  5  ...................   0.68  0.07 0.84/0.84/0.84 1.00 1.00 1.00 100
  6  ...................   1.18  0.10 0.70/0.70/0.70 1.00 1.00 1.00 100
  7  ...................   2.17  0.07 0.55/0.55/0.55 1.00 1.00 1.00 100
  8  ...................   4.33  0.07 0.40/0.40/0.40 1.00 1.00 1.00 100
  9  ...................   8.58  0.10 0.25/0.25/0.25 1.00 0.89 0.89 100
 10  ...................  13.93  0.05 0.15/0.15/0.15 1.00 0.69 0.61 100
 11  ...................  19.27  0.03 0.16/0.16/0.16 1.00 0.63 0.39 100
 12  ...................  14.87  0.02 0.38/0.38/0.38 1.00 0.58 0.22 100
 13  ...................   2.80  0.01 0.78/0.78/0.78 1.00 0.42 0.09 100
 14  ...................   0.13  0.00 0.97/0.97/0.97 1.00 0.37 0.03 100
 15  ...................   0.00  0.00 1.00/1.00/1.00 1.00 0.20 0.01 100
 16  ...................   0.00  0.00 1.00/1.00/1.00 1.00 0.50 0.00   0
[mcl] jury pruning marks: <100,100,100>, out of 100
[mcl] jury pruning synopsis: <100.0 or really really really good> (cf -scheme, -do log)
[mcl] output is in /local/wiwie/ClustEval/repository/results/05_06_2013-15_52_16_tcga/clusters/MCL_norm_tcga.92.results
[mcl] 1 clusters found
[mcl] output is in /local/wiwie/ClustEval/repository/results/05_06_2013-15_52_16_tcga/clusters/MCL_norm_tcga.92.results

Please cite:
    Stijn van Dongen, Graph Clustering by Flow Simulation.  PhD thesis,
    University of Utrecht, May 2000.
       (  http://www.library.uu.nl/digiarchief/dip/diss/1895620/full.pdf
       or  http://micans.org/mcl/lit/svdthesis.pdf.gz)
OR
    Stijn van Dongen, A cluster algorithm for graphs. Technical
    Report INS-R0010, National Research Institute for Mathematics
    and Computer Science in the Netherlands, Amsterdam, May 2000.
       (  http://www.cwi.nl/ftp/CWIreports/INS/INS-R0010.ps.Z
       or  http://micans.org/mcl/lit/INS-R0010.ps.Z)

