....[mcl] new tab created
[mcl] pid 4123
 ite -------------------  chaos  time hom(avg,lo,hi) expa expb expc fmv
  1  ...................   0.11  0.11 1.01/1.00/1.02 1.00 1.00 1.00 100
  2  ...................   0.24  0.07 0.97/0.97/0.97 1.00 1.00 1.00 100
  3  ...................   0.61  0.07 0.86/0.86/0.86 1.00 1.00 1.00 100
  4  ...................   1.78  0.07 0.60/0.60/0.60 1.00 1.00 1.00 100
  5  ...................   6.51  0.07 0.31/0.31/0.31 1.00 0.95 0.95 100
  6  ...................  16.88  0.09 0.14/0.14/0.14 1.00 0.52 0.49 100
  7  ...................  10.08  0.02 0.53/0.53/0.53 1.00 0.35 0.17 100
  8  ...................   0.05  0.00 0.99/0.99/0.99 1.00 0.16 0.03 100
  9  ...................   0.00  0.00 1.00/1.00/1.00 1.00 0.12 0.00 100
[mcl] jury pruning marks: <100,100,100>, out of 100
[mcl] jury pruning synopsis: <100.0 or really really really good> (cf -scheme, -do log)
[mcl] output is in /local/wiwie/ClustEval/repository/results/05_06_2013-15_52_16_tcga/clusters/MCL_norm_tcga.51.results
[mcl] 1 clusters found
[mcl] output is in /local/wiwie/ClustEval/repository/results/05_06_2013-15_52_16_tcga/clusters/MCL_norm_tcga.51.results

Please cite:
    Stijn van Dongen, Graph Clustering by Flow Simulation.  PhD thesis,
    University of Utrecht, May 2000.
       (  http://www.library.uu.nl/digiarchief/dip/diss/1895620/full.pdf
       or  http://micans.org/mcl/lit/svdthesis.pdf.gz)
OR
    Stijn van Dongen, A cluster algorithm for graphs. Technical
    Report INS-R0010, National Research Institute for Mathematics
    and Computer Science in the Netherlands, Amsterdam, May 2000.
       (  http://www.cwi.nl/ftp/CWIreports/INS/INS-R0010.ps.Z
       or  http://micans.org/mcl/lit/INS-R0010.ps.Z)

