....[mcl] new tab created
[mcl] pid 9592
 ite -------------------  chaos  time hom(avg,lo,hi) expa expb expc fmv
  1  ...................   0.11  0.08 1.01/1.00/1.02 1.00 1.00 1.00 100
  2  ...................   0.11  0.08 0.99/0.99/0.99 1.00 1.00 1.00 100
  3  ...................   0.12  0.08 0.99/0.99/0.99 1.00 1.00 1.00 100
  4  ...................   0.13  0.08 0.99/0.99/0.99 1.00 1.00 1.00 100
  5  ...................   0.15  0.08 0.99/0.99/0.99 1.00 1.00 1.00 100
  6  ...................   0.17  0.08 0.98/0.98/0.98 1.00 1.00 1.00 100
  7  ...................   0.19  0.10 0.98/0.98/0.98 1.00 1.00 1.00 100
  8  ...................   0.21  0.08 0.98/0.98/0.98 1.00 1.00 1.00 100
  9  ...................   0.23  0.10 0.97/0.97/0.97 1.00 1.00 1.00 100
 10  ...................   0.26  0.10 0.96/0.96/0.96 1.00 1.00 1.00 100
 11  ...................   0.29  0.08 0.96/0.96/0.96 1.00 1.00 1.00 100
 12  ...................   0.33  0.07 0.95/0.95/0.95 1.00 1.00 1.00 100
 13  ...................   0.37  0.07 0.94/0.94/0.94 1.00 1.00 1.00 100
 14  ...................   0.41  0.08 0.92/0.92/0.92 1.00 1.00 1.00 100
 15  ...................   0.46  0.07 0.91/0.91/0.91 1.00 1.00 1.00 100
 16  ...................   0.52  0.08 0.89/0.89/0.89 1.00 1.00 1.00 100
 17  ...................   0.58  0.07 0.87/0.87/0.87 1.00 1.00 1.00 100
 18  ...................   0.66  0.07 0.84/0.84/0.84 1.00 1.00 1.00 100
 19  ...................   0.74  0.07 0.82/0.82/0.82 1.00 1.00 1.00 100
 20  ...................   0.84  0.10 0.79/0.79/0.79 1.00 1.00 1.00 100
 21  ...................   0.96  0.07 0.76/0.76/0.76 1.00 1.00 1.00 100
 22  ...................   1.09  0.07 0.73/0.73/0.73 1.00 1.00 1.00 100
 23  ...................   1.24  0.07 0.69/0.69/0.69 1.00 1.00 1.00 100
 24  ...................   1.42  0.07 0.65/0.65/0.65 1.00 1.00 1.00 100
 25  ...................   1.64  0.08 0.62/0.62/0.62 1.00 1.00 1.00 100
 26  ...................   1.89  0.07 0.58/0.58/0.58 1.00 1.00 1.00 100
 27  ...................   2.19  0.08 0.55/0.55/0.55 1.00 1.00 1.00 100
 28  ...................   2.55  0.08 0.51/0.51/0.51 1.00 1.00 1.00 100
 29  ...................   2.98  0.07 0.47/0.47/0.47 1.00 1.00 1.00 100
 30  ...................   3.51  0.07 0.44/0.44/0.44 1.00 1.00 1.00 100
 31  ...................   4.14  0.10 0.41/0.41/0.41 1.00 1.00 1.00 100
 32  ...................   4.89  0.09 0.37/0.37/0.37 1.00 0.99 0.99 100
 33  ...................   5.75  0.08 0.34/0.34/0.34 1.00 0.98 0.97 100
 34  ...................   6.74  0.08 0.30/0.30/0.30 1.00 0.98 0.95 100
 35  ...................   7.83  0.07 0.27/0.27/0.27 1.00 0.96 0.91 100
 36  ...................   9.11  0.07 0.24/0.24/0.24 1.00 0.96 0.87 100
 37  ...................  10.67  0.07 0.21/0.21/0.21 1.00 0.96 0.84 100
 38  ...................  11.65  0.05 0.18/0.18/0.18 1.00 0.89 0.75 100
 39  ...................  12.83  0.05 0.16/0.16/0.16 1.00 0.90 0.68 100
 40  ...................  14.17  0.03 0.15/0.15/0.15 1.00 0.90 0.61 100
 41  ...................  15.62  0.03 0.14/0.14/0.14 1.00 0.91 0.55 100
 42  ...................  16.80  0.03 0.14/0.14/0.14 1.00 0.89 0.49 100
 43  ...................  17.88  0.02 0.14/0.14/0.14 1.00 0.89 0.44 100
 44  ...................  18.91  0.02 0.16/0.16/0.16 1.00 0.90 0.39 100
 45  ...................  19.68  0.02 0.18/0.18/0.18 1.00 0.90 0.35 100
 46  ...................  19.21  0.01 0.22/0.22/0.22 1.00 0.87 0.31 100
 47  ...................  18.12  0.01 0.27/0.27/0.27 1.00 0.88 0.27 100
 48  ...................  16.90  0.01 0.33/0.33/0.33 1.00 0.91 0.25 100
 49  ...................  13.64  0.01 0.42/0.42/0.42 1.00 0.84 0.21 100
 50  ...................  10.55  0.01 0.51/0.51/0.51 1.00 0.85 0.18 100
 51  ...................   6.70  0.00 0.61/0.61/0.61 1.00 0.75 0.13 100
 52  ...................   4.34  0.00 0.70/0.70/0.70 1.00 0.82 0.11 100
 53  ...................   2.40  0.00 0.79/0.79/0.79 1.00 0.75 0.08 100
 54  ...................   1.24  0.00 0.86/0.86/0.86 1.00 0.75 0.06 100
 55  ...................   0.53  0.00 0.91/0.91/0.91 1.00 0.67 0.04 100
 56  ...................   0.32  0.00 0.95/0.95/0.95 1.00 1.00 0.04 100
 57  ...................   0.15  0.00 0.97/0.97/0.97 1.00 0.83 0.03 100
 58  ...................   0.07  0.00 0.98/0.98/0.98 1.00 0.90 0.03 100
 59  ...................   0.02  0.00 0.99/0.99/0.99 1.00 0.56 0.02 100
 60  ...................   0.01  0.00 1.00/1.00/1.00 1.00 0.80 0.01   0
 61  ...................   0.00  0.00 1.00/1.00/1.00 1.00 0.75 0.01   0
 62  ...................   0.00  0.00 1.00/1.00/1.00 1.00 0.67 0.01   0
 63  ...................   0.00  0.00 1.00/1.00/1.00 1.00 0.50 0.00   0
[mcl] jury pruning marks: <100,100,100>, out of 100
[mcl] jury pruning synopsis: <100.0 or really really really good> (cf -scheme, -do log)
[mcl] output is in /local/wiwie/ClustEval/repository/results/05_06_2013-15_52_16_tcga/clusters/MCL_norm_tcga.140.results
[mcl] 1 clusters found
[mcl] output is in /local/wiwie/ClustEval/repository/results/05_06_2013-15_52_16_tcga/clusters/MCL_norm_tcga.140.results

Please cite:
    Stijn van Dongen, Graph Clustering by Flow Simulation.  PhD thesis,
    University of Utrecht, May 2000.
       (  http://www.library.uu.nl/digiarchief/dip/diss/1895620/full.pdf
       or  http://micans.org/mcl/lit/svdthesis.pdf.gz)
OR
    Stijn van Dongen, A cluster algorithm for graphs. Technical
    Report INS-R0010, National Research Institute for Mathematics
    and Computer Science in the Netherlands, Amsterdam, May 2000.
       (  http://www.cwi.nl/ftp/CWIreports/INS/INS-R0010.ps.Z
       or  http://micans.org/mcl/lit/INS-R0010.ps.Z)

