....[mcl] new tab created
[mcl] pid 55526
 ite -------------------  chaos  time hom(avg,lo,hi) expa expb expc fmv
  1  ...................   0.11  0.11 1.01/1.00/1.02 1.00 1.00 1.00 100
  2  ...................   0.15  0.08 0.99/0.99/0.99 1.00 1.00 1.00 100
  3  ...................   0.23  0.07 0.97/0.97/0.97 1.00 1.00 1.00 100
  4  ...................   0.37  0.07 0.94/0.94/0.94 1.00 1.00 1.00 100
  5  ...................   0.58  0.07 0.87/0.87/0.87 1.00 1.00 1.00 100
  6  ...................   0.96  0.07 0.76/0.76/0.76 1.00 1.00 1.00 100
  7  ...................   1.63  0.07 0.62/0.62/0.62 1.00 1.00 1.00 100
  8  ...................   2.98  0.11 0.48/0.48/0.48 1.00 1.00 1.00 100
  9  ...................   5.74  0.07 0.34/0.34/0.34 1.00 0.97 0.97 100
 10  ...................  10.65  0.06 0.21/0.21/0.21 1.00 0.86 0.84 100
 11  ...................  15.59  0.04 0.14/0.14/0.14 1.00 0.66 0.55 100
 12  ...................  19.66  0.03 0.18/0.18/0.18 1.00 0.64 0.35 100
 13  ...................  13.65  0.02 0.42/0.42/0.42 1.00 0.59 0.21 100
 14  ...................   2.41  0.01 0.79/0.79/0.79 1.00 0.39 0.08 100
 15  ...................   0.15  0.00 0.97/0.97/0.97 1.00 0.42 0.03 100
 16  ...................   0.00  0.00 1.00/1.00/1.00 1.00 0.30 0.01 100
 17  ...................   0.00  0.00 1.00/1.00/1.00 1.00 0.33 0.00   0
[mcl] jury pruning marks: <100,100,100>, out of 100
[mcl] jury pruning synopsis: <100.0 or really really really good> (cf -scheme, -do log)
[mcl] output is in /local/wiwie/ClustEval/repository/results/05_06_2013-15_52_16_tcga/clusters/MCL_norm_tcga.39.results
[mcl] 1 clusters found
[mcl] output is in /local/wiwie/ClustEval/repository/results/05_06_2013-15_52_16_tcga/clusters/MCL_norm_tcga.39.results

Please cite:
    Stijn van Dongen, Graph Clustering by Flow Simulation.  PhD thesis,
    University of Utrecht, May 2000.
       (  http://www.library.uu.nl/digiarchief/dip/diss/1895620/full.pdf
       or  http://micans.org/mcl/lit/svdthesis.pdf.gz)
OR
    Stijn van Dongen, A cluster algorithm for graphs. Technical
    Report INS-R0010, National Research Institute for Mathematics
    and Computer Science in the Netherlands, Amsterdam, May 2000.
       (  http://www.cwi.nl/ftp/CWIreports/INS/INS-R0010.ps.Z
       or  http://micans.org/mcl/lit/INS-R0010.ps.Z)

