....[mcl] new tab created
[mcl] pid 65217
 ite -------------------  chaos  time hom(avg,lo,hi) expa expb expc fmv
  1  ...................   0.11  0.07 1.01/1.00/1.02 1.00 1.00 1.00 100
  2  ...................   0.11  0.08 0.99/0.99/0.99 1.00 1.00 1.00 100
  3  ...................   0.12  0.09 0.99/0.99/0.99 1.00 1.00 1.00 100
  4  ...................   0.13  0.07 0.99/0.99/0.99 1.00 1.00 1.00 100
  5  ...................   0.15  0.07 0.99/0.99/0.99 1.00 1.00 1.00 100
  6  ...................   0.16  0.07 0.98/0.98/0.98 1.00 1.00 1.00 100
  7  ...................   0.18  0.07 0.98/0.98/0.98 1.00 1.00 1.00 100
  8  ...................   0.20  0.08 0.98/0.98/0.98 1.00 1.00 1.00 100
  9  ...................   0.22  0.10 0.97/0.97/0.97 1.00 1.00 1.00 100
 10  ...................   0.24  0.07 0.97/0.97/0.97 1.00 1.00 1.00 100
 11  ...................   0.27  0.07 0.96/0.96/0.96 1.00 1.00 1.00 100
 12  ...................   0.30  0.07 0.95/0.95/0.95 1.00 1.00 1.00 100
 13  ...................   0.33  0.10 0.94/0.94/0.94 1.00 1.00 1.00 100
 14  ...................   0.37  0.10 0.93/0.93/0.93 1.00 1.00 1.00 100
 15  ...................   0.41  0.07 0.92/0.92/0.92 1.00 1.00 1.00 100
 16  ...................   0.46  0.07 0.91/0.91/0.91 1.00 1.00 1.00 100
 17  ...................   0.52  0.11 0.89/0.89/0.89 1.00 1.00 1.00 100
 18  ...................   0.58  0.08 0.87/0.87/0.87 1.00 1.00 1.00 100
 19  ...................   0.64  0.09 0.85/0.85/0.85 1.00 1.00 1.00 100
 20  ...................   0.72  0.08 0.83/0.83/0.83 1.00 1.00 1.00 100
 21  ...................   0.81  0.09 0.80/0.80/0.80 1.00 1.00 1.00 100
 22  ...................   0.91  0.08 0.77/0.77/0.77 1.00 1.00 1.00 100
 23  ...................   1.03  0.08 0.74/0.74/0.74 1.00 1.00 1.00 100
 24  ...................   1.16  0.07 0.71/0.71/0.71 1.00 1.00 1.00 100
 25  ...................   1.31  0.10 0.68/0.68/0.68 1.00 1.00 1.00 100
 26  ...................   1.49  0.07 0.64/0.64/0.64 1.00 1.00 1.00 100
 27  ...................   1.70  0.07 0.61/0.61/0.61 1.00 1.00 1.00 100
 28  ...................   1.94  0.07 0.57/0.57/0.57 1.00 1.00 1.00 100
 29  ...................   2.23  0.07 0.54/0.54/0.54 1.00 1.00 1.00 100
 30  ...................   2.58  0.07 0.51/0.51/0.51 1.00 1.00 1.00 100
 31  ...................   2.98  0.07 0.47/0.47/0.47 1.00 1.00 1.00 100
 32  ...................   3.47  0.08 0.44/0.44/0.44 1.00 1.00 1.00 100
 33  ...................   4.05  0.08 0.41/0.41/0.41 1.00 1.00 1.00 100
 34  ...................   4.74  0.07 0.38/0.38/0.38 1.00 1.00 0.99 100
 35  ...................   5.48  0.07 0.35/0.35/0.35 1.00 0.98 0.97 100
 36  ...................   6.39  0.06 0.31/0.31/0.31 1.00 0.98 0.96 100
 37  ...................   7.45  0.10 0.28/0.28/0.28 1.00 0.98 0.94 100
 38  ...................   8.52  0.06 0.25/0.25/0.25 1.00 0.96 0.89 100
 39  ...................   9.84  0.06 0.22/0.22/0.22 1.00 0.96 0.86 100
 40  ...................  11.10  0.05 0.20/0.20/0.20 1.00 0.94 0.81 100
 41  ...................  12.08  0.05 0.18/0.18/0.18 1.00 0.90 0.73 100
 42  ...................  13.14  0.04 0.16/0.16/0.16 1.00 0.90 0.66 100
 43  ...................  14.35  0.04 0.15/0.15/0.15 1.00 0.91 0.59 100
 44  ...................  15.75  0.03 0.14/0.14/0.14 1.00 0.91 0.54 100
 45  ...................  16.79  0.02 0.14/0.14/0.14 1.00 0.89 0.48 100
 46  ...................  17.90  0.02 0.14/0.14/0.14 1.00 0.90 0.44 100
 47  ...................  19.39  0.02 0.16/0.16/0.16 1.00 0.93 0.41 100
 48  ...................  19.55  0.02 0.18/0.18/0.18 1.00 0.88 0.36 100
 49  ...................  19.49  0.01 0.21/0.21/0.21 1.00 0.90 0.32 100
 50  ...................  18.54  0.02 0.25/0.25/0.25 1.00 0.88 0.28 100
 51  ...................  17.80  0.01 0.31/0.31/0.31 1.00 0.93 0.26 100
 52  ...................  14.62  0.01 0.38/0.38/0.38 1.00 0.83 0.22 100
 53  ...................  12.19  0.01 0.47/0.47/0.47 1.00 0.89 0.19 100
 54  ...................   8.70  0.01 0.56/0.56/0.56 1.00 0.81 0.16 100
 55  ...................   5.82  0.00 0.65/0.65/0.65 1.00 0.80 0.13 100
 56  ...................   3.70  0.01 0.73/0.73/0.73 1.00 0.81 0.10 100
 57  ...................   2.18  0.00 0.81/0.81/0.81 1.00 0.80 0.08 100
 58  ...................   1.07  0.01 0.87/0.87/0.87 1.00 0.71 0.06 100
 59  ...................   0.50  0.00 0.92/0.92/0.92 1.00 0.71 0.04 100
 60  ...................   0.31  0.00 0.95/0.95/0.95 1.00 1.00 0.04 100
 61  ...................   0.15  0.00 0.97/0.97/0.97 1.00 0.83 0.03 100
 62  ...................   0.08  0.00 0.98/0.98/0.98 1.00 0.90 0.03 100
 63  ...................   0.03  0.01 0.99/0.99/0.99 1.00 0.78 0.02 100
 64  ...................   0.01  0.00 1.00/1.00/1.00 1.00 0.71 0.02 100
 65  ...................   0.00  0.00 1.00/1.00/1.00 1.00 0.60 0.01   0
 66  ...................   0.00  0.00 1.00/1.00/1.00 1.00 0.67 0.01   0
 67  ...................   0.00  0.00 1.00/1.00/1.00 1.00 1.00 0.01   0
 68  ...................   0.00  0.00 1.00/1.00/1.00 1.00 0.50 0.00   0
[mcl] jury pruning marks: <100,100,100>, out of 100
[mcl] jury pruning synopsis: <100.0 or really really really good> (cf -scheme, -do log)
[mcl] output is in /local/wiwie/ClustEval/repository/results/05_06_2013-15_52_16_tcga/clusters/MCL_norm_tcga.98.results
[mcl] 1 clusters found
[mcl] output is in /local/wiwie/ClustEval/repository/results/05_06_2013-15_52_16_tcga/clusters/MCL_norm_tcga.98.results

Please cite:
    Stijn van Dongen, Graph Clustering by Flow Simulation.  PhD thesis,
    University of Utrecht, May 2000.
       (  http://www.library.uu.nl/digiarchief/dip/diss/1895620/full.pdf
       or  http://micans.org/mcl/lit/svdthesis.pdf.gz)
OR
    Stijn van Dongen, A cluster algorithm for graphs. Technical
    Report INS-R0010, National Research Institute for Mathematics
    and Computer Science in the Netherlands, Amsterdam, May 2000.
       (  http://www.cwi.nl/ftp/CWIreports/INS/INS-R0010.ps.Z
       or  http://micans.org/mcl/lit/INS-R0010.ps.Z)

