....[mcl] new tab created
[mcl] pid 64266
 ite -------------------  chaos  time hom(avg,lo,hi) expa expb expc fmv
  1  ...................   0.11  0.08 1.01/1.00/1.02 1.00 1.00 1.00 100
  2  ...................   0.14  0.11 0.99/0.99/0.99 1.00 1.00 1.00 100
  3  ...................   0.19  0.11 0.98/0.98/0.98 1.00 1.00 1.00 100
  4  ...................   0.27  0.12 0.96/0.96/0.96 1.00 1.00 1.00 100
  5  ...................   0.38  0.11 0.93/0.93/0.93 1.00 1.00 1.00 100
  6  ...................   0.54  0.07 0.88/0.88/0.88 1.00 1.00 1.00 100
  7  ...................   0.79  0.07 0.81/0.81/0.81 1.00 1.00 1.00 100
  8  ...................   1.17  0.07 0.71/0.71/0.71 1.00 1.00 1.00 100
  9  ...................   1.78  0.09 0.60/0.60/0.60 1.00 1.00 1.00 100
 10  ...................   2.83  0.07 0.49/0.49/0.49 1.00 1.00 1.00 100
 11  ...................   4.69  0.09 0.38/0.38/0.38 1.00 0.99 0.99 100
 12  ...................   7.64  0.07 0.28/0.28/0.28 1.00 0.93 0.92 100
 13  ...................  11.54  0.06 0.19/0.19/0.19 1.00 0.83 0.76 100
 14  ...................  15.59  0.04 0.14/0.14/0.14 1.00 0.73 0.56 100
 15  ...................  18.84  0.05 0.16/0.16/0.16 1.00 0.70 0.39 100
 16  ...................  18.21  0.01 0.27/0.27/0.27 1.00 0.70 0.27 100
 17  ...................  10.09  0.01 0.53/0.53/0.53 1.00 0.64 0.17 100
 18  ...................   2.20  0.00 0.81/0.81/0.81 1.00 0.47 0.08 100
 19  ...................   0.27  0.01 0.95/0.95/0.95 1.00 0.50 0.04 100
 20  ...................   0.02  0.00 0.99/0.99/0.99 1.00 0.42 0.02 100
 21  ...................   0.00  0.00 1.00/1.00/1.00 1.00 0.40 0.01   0
 22  ...................   0.00  0.00 1.00/1.00/1.00 1.00 0.50 0.00   0
[mcl] jury pruning marks: <100,100,100>, out of 100
[mcl] jury pruning synopsis: <100.0 or really really really good> (cf -scheme, -do log)
[mcl] output is in /local/wiwie/ClustEval/repository/results/05_06_2013-15_52_16_tcga/clusters/MCL_norm_tcga.2.results
[mcl] 1 clusters found
[mcl] output is in /local/wiwie/ClustEval/repository/results/05_06_2013-15_52_16_tcga/clusters/MCL_norm_tcga.2.results

Please cite:
    Stijn van Dongen, Graph Clustering by Flow Simulation.  PhD thesis,
    University of Utrecht, May 2000.
       (  http://www.library.uu.nl/digiarchief/dip/diss/1895620/full.pdf
       or  http://micans.org/mcl/lit/svdthesis.pdf.gz)
OR
    Stijn van Dongen, A cluster algorithm for graphs. Technical
    Report INS-R0010, National Research Institute for Mathematics
    and Computer Science in the Netherlands, Amsterdam, May 2000.
       (  http://www.cwi.nl/ftp/CWIreports/INS/INS-R0010.ps.Z
       or  http://micans.org/mcl/lit/INS-R0010.ps.Z)

