....[mcl] new tab created
[mcl] pid 37355
 ite -------------------  chaos  time hom(avg,lo,hi) expa expb expc fmv
  1  ...................   0.11  0.08 1.01/1.00/1.02 1.00 1.00 1.00 100
  2  ...................   0.21  0.10 0.98/0.97/0.98 1.00 1.00 1.00 100
  3  ...................   0.46  0.07 0.91/0.91/0.91 1.00 1.00 1.00 100
  4  ...................   1.09  0.08 0.73/0.73/0.73 1.00 1.00 1.00 100
  5  ...................   2.97  0.08 0.48/0.48/0.48 1.00 1.00 1.00 100
  6  ...................   9.10  0.07 0.24/0.24/0.24 1.00 0.88 0.88 100
  7  ...................  17.91  0.05 0.14/0.14/0.14 1.00 0.50 0.44 100
  8  ...................  10.60  0.01 0.51/0.51/0.51 1.00 0.40 0.18 100
  9  ...................   0.16  0.01 0.97/0.97/0.97 1.00 0.19 0.03 100
 10  ...................   0.00  0.00 1.00/1.00/1.00 1.00 0.10 0.00 100
[mcl] jury pruning marks: <100,100,100>, out of 100
[mcl] jury pruning synopsis: <100.0 or really really really good> (cf -scheme, -do log)
[mcl] output is in /local/wiwie/ClustEval/repository/results/05_06_2013-15_52_16_tcga/clusters/MCL_norm_tcga.47.results
[mcl] 1 clusters found
[mcl] output is in /local/wiwie/ClustEval/repository/results/05_06_2013-15_52_16_tcga/clusters/MCL_norm_tcga.47.results

Please cite:
    Stijn van Dongen, Graph Clustering by Flow Simulation.  PhD thesis,
    University of Utrecht, May 2000.
       (  http://www.library.uu.nl/digiarchief/dip/diss/1895620/full.pdf
       or  http://micans.org/mcl/lit/svdthesis.pdf.gz)
OR
    Stijn van Dongen, A cluster algorithm for graphs. Technical
    Report INS-R0010, National Research Institute for Mathematics
    and Computer Science in the Netherlands, Amsterdam, May 2000.
       (  http://www.cwi.nl/ftp/CWIreports/INS/INS-R0010.ps.Z
       or  http://micans.org/mcl/lit/INS-R0010.ps.Z)

