....[mcl] new tab created
[mcl] pid 19609
 ite -------------------  chaos  time hom(avg,lo,hi) expa expb expc fmv
  1  ...................   0.11  0.11 1.01/1.00/1.02 1.00 1.00 1.00 100
  2  ...................   0.11  0.08 0.99/0.99/0.99 1.00 1.00 1.00 100
  3  ...................   0.13  0.08 0.99/0.99/0.99 1.00 1.00 1.00 100
  4  ...................   0.14  0.08 0.99/0.99/0.99 1.00 1.00 1.00 100
  5  ...................   0.16  0.07 0.98/0.98/0.98 1.00 1.00 1.00 100
  6  ...................   0.19  0.07 0.98/0.98/0.98 1.00 1.00 1.00 100
  7  ...................   0.21  0.07 0.97/0.97/0.97 1.00 1.00 1.00 100
  8  ...................   0.24  0.07 0.97/0.97/0.97 1.00 1.00 1.00 100
  9  ...................   0.28  0.11 0.96/0.96/0.96 1.00 1.00 1.00 100
 10  ...................   0.32  0.07 0.95/0.95/0.95 1.00 1.00 1.00 100
 11  ...................   0.37  0.10 0.94/0.94/0.94 1.00 1.00 1.00 100
 12  ...................   0.42  0.08 0.92/0.92/0.92 1.00 1.00 1.00 100
 13  ...................   0.48  0.07 0.90/0.90/0.90 1.00 1.00 1.00 100
 14  ...................   0.55  0.07 0.88/0.88/0.88 1.00 1.00 1.00 100
 15  ...................   0.64  0.10 0.85/0.85/0.85 1.00 1.00 1.00 100
 16  ...................   0.74  0.07 0.82/0.82/0.82 1.00 1.00 1.00 100
 17  ...................   0.86  0.08 0.79/0.79/0.79 1.00 1.00 1.00 100
 18  ...................   1.00  0.08 0.75/0.75/0.75 1.00 1.00 1.00 100
 19  ...................   1.17  0.09 0.71/0.71/0.71 1.00 1.00 1.00 100
 20  ...................   1.37  0.10 0.66/0.66/0.66 1.00 1.00 1.00 100
 21  ...................   1.62  0.08 0.62/0.62/0.62 1.00 1.00 1.00 100
 22  ...................   1.92  0.10 0.58/0.58/0.58 1.00 1.00 1.00 100
 23  ...................   2.30  0.08 0.53/0.53/0.53 1.00 1.00 1.00 100
 24  ...................   2.77  0.07 0.49/0.49/0.49 1.00 1.00 1.00 100
 25  ...................   3.35  0.11 0.45/0.45/0.45 1.00 1.00 1.00 100
 26  ...................   4.08  0.07 0.41/0.41/0.41 1.00 1.00 1.00 100
 27  ...................   4.99  0.07 0.37/0.37/0.37 1.00 0.99 0.99 100
 28  ...................   6.07  0.10 0.33/0.33/0.33 1.00 0.98 0.97 100
 29  ...................   7.32  0.07 0.29/0.29/0.29 1.00 0.96 0.94 100
 30  ...................   8.74  0.06 0.25/0.25/0.25 1.00 0.95 0.89 100
 31  ...................  10.60  0.05 0.21/0.21/0.21 1.00 0.96 0.85 100
 32  ...................  11.89  0.05 0.18/0.18/0.18 1.00 0.88 0.75 100
 33  ...................  13.21  0.04 0.16/0.16/0.16 1.00 0.87 0.66 100
 34  ...................  14.85  0.04 0.14/0.14/0.14 1.00 0.89 0.58 100
 35  ...................  16.63  0.03 0.14/0.14/0.14 1.00 0.89 0.52 100
 36  ...................  17.80  0.05 0.14/0.14/0.14 1.00 0.86 0.44 100
 37  ...................  18.99  0.02 0.16/0.16/0.16 1.00 0.88 0.39 100
 38  ...................  19.98  0.02 0.19/0.19/0.19 1.00 0.89 0.35 100
 39  ...................  18.88  0.02 0.24/0.24/0.24 1.00 0.84 0.29 100
 40  ...................  17.80  0.01 0.31/0.31/0.31 1.00 0.90 0.26 100
 41  ...................  13.75  0.01 0.41/0.41/0.41 1.00 0.79 0.21 100
 42  ...................  10.25  0.01 0.52/0.52/0.52 1.00 0.84 0.17 100
 43  ...................   6.01  0.01 0.63/0.63/0.63 1.00 0.73 0.13 100
 44  ...................   3.33  0.00 0.75/0.75/0.75 1.00 0.76 0.10 100
 45  ...................   1.50  0.00 0.84/0.84/0.84 1.00 0.68 0.06 100
 46  ...................   0.66  0.00 0.90/0.90/0.90 1.00 0.74 0.05 100
 47  ...................   0.31  0.01 0.95/0.95/0.95 1.00 0.86 0.04 100
 48  ...................   0.13  0.00 0.97/0.97/0.97 1.00 0.83 0.03 100
 49  ...................   0.05  0.00 0.99/0.99/0.99 1.00 0.80 0.03 100
 50  ...................   0.01  0.00 1.00/1.00/1.00 1.00 0.62 0.02 100
 51  ...................   0.00  0.00 1.00/1.00/1.00 1.00 0.60 0.01   0
 52  ...................   0.00  0.00 1.00/1.00/1.00 1.00 0.67 0.01   0
 53  ...................   0.00  0.00 1.00/1.00/1.00 1.00 0.50 0.00   0
[mcl] jury pruning marks: <100,100,100>, out of 100
[mcl] jury pruning synopsis: <100.0 or really really really good> (cf -scheme, -do log)
[mcl] output is in /local/wiwie/ClustEval/repository/results/05_06_2013-15_52_16_tcga/clusters/MCL_norm_tcga.67.results
[mcl] 1 clusters found
[mcl] output is in /local/wiwie/ClustEval/repository/results/05_06_2013-15_52_16_tcga/clusters/MCL_norm_tcga.67.results

Please cite:
    Stijn van Dongen, Graph Clustering by Flow Simulation.  PhD thesis,
    University of Utrecht, May 2000.
       (  http://www.library.uu.nl/digiarchief/dip/diss/1895620/full.pdf
       or  http://micans.org/mcl/lit/svdthesis.pdf.gz)
OR
    Stijn van Dongen, A cluster algorithm for graphs. Technical
    Report INS-R0010, National Research Institute for Mathematics
    and Computer Science in the Netherlands, Amsterdam, May 2000.
       (  http://www.cwi.nl/ftp/CWIreports/INS/INS-R0010.ps.Z
       or  http://micans.org/mcl/lit/INS-R0010.ps.Z)

