....[mcl] new tab created
[mcl] pid 58104
 ite -------------------  chaos  time hom(avg,lo,hi) expa expb expc fmv
  1  ...................   0.11  0.08 1.01/1.00/1.02 1.00 1.00 1.00 100
  2  ...................   0.14  0.07 0.99/0.99/0.99 1.00 1.00 1.00 100
  3  ...................   0.21  0.10 0.98/0.98/0.98 1.00 1.00 1.00 100
  4  ...................   0.30  0.10 0.95/0.95/0.95 1.00 1.00 1.00 100
  5  ...................   0.45  0.07 0.91/0.91/0.91 1.00 1.00 1.00 100
  6  ...................   0.67  0.07 0.84/0.84/0.84 1.00 1.00 1.00 100
  7  ...................   1.03  0.10 0.74/0.74/0.74 1.00 1.00 1.00 100
  8  ...................   1.64  0.10 0.62/0.62/0.62 1.00 1.00 1.00 100
  9  ...................   2.74  0.07 0.49/0.49/0.49 1.00 1.00 1.00 100
 10  ...................   4.81  0.07 0.38/0.38/0.38 1.00 0.99 0.99 100
 11  ...................   8.16  0.10 0.26/0.26/0.26 1.00 0.90 0.89 100
 12  ...................  12.80  0.05 0.17/0.17/0.17 1.00 0.79 0.71 100
 13  ...................  17.12  0.04 0.14/0.14/0.14 1.00 0.68 0.48 100
 14  ...................  19.92  0.02 0.20/0.20/0.20 1.00 0.69 0.33 100
 15  ...................  13.38  0.01 0.42/0.42/0.42 1.00 0.61 0.20 100
 16  ...................   3.32  0.01 0.75/0.75/0.75 1.00 0.47 0.10 100
 17  ...................   0.34  0.00 0.94/0.94/0.94 1.00 0.43 0.04 100
 18  ...................   0.02  0.00 0.99/0.99/0.99 1.00 0.42 0.02 100
 19  ...................   0.00  0.00 1.00/1.00/1.00 1.00 0.40 0.01   0
 20  ...................   0.00  0.00 1.00/1.00/1.00 1.00 0.50 0.00   0
[mcl] jury pruning marks: <100,100,100>, out of 100
[mcl] jury pruning synopsis: <100.0 or really really really good> (cf -scheme, -do log)
[mcl] output is in /local/wiwie/ClustEval/repository/results/05_06_2013-15_52_16_tcga/clusters/MCL_norm_tcga.84.results
[mcl] 1 clusters found
[mcl] output is in /local/wiwie/ClustEval/repository/results/05_06_2013-15_52_16_tcga/clusters/MCL_norm_tcga.84.results

Please cite:
    Stijn van Dongen, Graph Clustering by Flow Simulation.  PhD thesis,
    University of Utrecht, May 2000.
       (  http://www.library.uu.nl/digiarchief/dip/diss/1895620/full.pdf
       or  http://micans.org/mcl/lit/svdthesis.pdf.gz)
OR
    Stijn van Dongen, A cluster algorithm for graphs. Technical
    Report INS-R0010, National Research Institute for Mathematics
    and Computer Science in the Netherlands, Amsterdam, May 2000.
       (  http://www.cwi.nl/ftp/CWIreports/INS/INS-R0010.ps.Z
       or  http://micans.org/mcl/lit/INS-R0010.ps.Z)

