....[mcl] new tab created
[mcl] pid 59111
 ite -------------------  chaos  time hom(avg,lo,hi) expa expb expc fmv
  1  ...................   0.11  0.08 1.01/1.00/1.02 1.00 1.00 1.00 100
  2  ...................   0.11  0.07 0.99/0.99/0.99 1.00 1.00 1.00 100
  3  ...................   0.12  0.08 0.99/0.99/0.99 1.00 1.00 1.00 100
  4  ...................   0.13  0.07 0.99/0.99/0.99 1.00 1.00 1.00 100
  5  ...................   0.14  0.07 0.99/0.99/0.99 1.00 1.00 1.00 100
  6  ...................   0.16  0.07 0.98/0.98/0.98 1.00 1.00 1.00 100
  7  ...................   0.18  0.07 0.98/0.98/0.98 1.00 1.00 1.00 100
  8  ...................   0.20  0.06 0.98/0.98/0.98 1.00 1.00 1.00 100
  9  ...................   0.22  0.07 0.97/0.97/0.97 1.00 1.00 1.00 100
 10  ...................   0.24  0.06 0.97/0.97/0.97 1.00 1.00 1.00 100
 11  ...................   0.27  0.06 0.96/0.96/0.96 1.00 1.00 1.00 100
 12  ...................   0.30  0.07 0.95/0.95/0.95 1.00 1.00 1.00 100
 13  ...................   0.33  0.07 0.95/0.95/0.95 1.00 1.00 1.00 100
 14  ...................   0.36  0.07 0.94/0.94/0.94 1.00 1.00 1.00 100
 15  ...................   0.40  0.07 0.92/0.92/0.92 1.00 1.00 1.00 100
 16  ...................   0.45  0.07 0.91/0.91/0.91 1.00 1.00 1.00 100
 17  ...................   0.50  0.07 0.89/0.89/0.89 1.00 1.00 1.00 100
 18  ...................   0.56  0.07 0.88/0.88/0.88 1.00 1.00 1.00 100
 19  ...................   0.62  0.07 0.86/0.86/0.86 1.00 1.00 1.00 100
 20  ...................   0.69  0.07 0.83/0.83/0.83 1.00 1.00 1.00 100
 21  ...................   0.78  0.07 0.81/0.81/0.81 1.00 1.00 1.00 100
 22  ...................   0.87  0.07 0.78/0.78/0.78 1.00 1.00 1.00 100
 23  ...................   0.98  0.08 0.75/0.75/0.75 1.00 1.00 1.00 100
 24  ...................   1.10  0.07 0.72/0.72/0.72 1.00 1.00 1.00 100
 25  ...................   1.24  0.07 0.69/0.69/0.69 1.00 1.00 1.00 100
 26  ...................   1.41  0.07 0.66/0.66/0.66 1.00 1.00 1.00 100
 27  ...................   1.60  0.07 0.62/0.62/0.62 1.00 1.00 1.00 100
 28  ...................   1.82  0.07 0.59/0.59/0.59 1.00 1.00 1.00 100
 29  ...................   2.08  0.07 0.56/0.56/0.56 1.00 1.00 1.00 100
 30  ...................   2.39  0.07 0.52/0.52/0.52 1.00 1.00 1.00 100
 31  ...................   2.76  0.07 0.49/0.49/0.49 1.00 1.00 1.00 100
 32  ...................   3.19  0.07 0.46/0.46/0.46 1.00 1.00 1.00 100
 33  ...................   3.71  0.07 0.43/0.43/0.43 1.00 1.00 1.00 100
 34  ...................   4.32  0.07 0.40/0.40/0.40 1.00 1.00 1.00 100
 35  ...................   5.04  0.07 0.37/0.37/0.37 1.00 0.99 0.99 100
 36  ...................   5.84  0.07 0.33/0.33/0.33 1.00 0.98 0.97 100
 37  ...................   6.75  0.06 0.30/0.30/0.30 1.00 0.98 0.95 100
 38  ...................   7.74  0.06 0.27/0.27/0.27 1.00 0.96 0.91 100
 39  ...................   8.93  0.06 0.24/0.24/0.24 1.00 0.97 0.88 100
 40  ...................  10.28  0.06 0.22/0.22/0.22 1.00 0.96 0.85 100
 41  ...................  11.31  0.05 0.19/0.19/0.19 1.00 0.92 0.78 100
 42  ...................  12.52  0.05 0.17/0.17/0.17 1.00 0.92 0.72 100
 43  ...................  13.55  0.04 0.16/0.16/0.16 1.00 0.90 0.65 100
 44  ...................  14.72  0.03 0.14/0.14/0.14 1.00 0.90 0.58 100
 45  ...................  16.16  0.03 0.14/0.14/0.14 1.00 0.92 0.54 100
 46  ...................  17.24  0.02 0.14/0.14/0.14 1.00 0.90 0.48 100
 47  ...................  18.26  0.02 0.15/0.15/0.15 1.00 0.90 0.43 100
 48  ...................  19.00  0.02 0.16/0.16/0.16 1.00 0.90 0.39 100
 49  ...................  19.69  0.02 0.18/0.18/0.18 1.00 0.91 0.35 100
 50  ...................  19.07  0.02 0.21/0.21/0.21 1.00 0.87 0.31 100
 51  ...................  18.42  0.01 0.26/0.26/0.26 1.00 0.90 0.28 100
 52  ...................  17.59  0.01 0.32/0.32/0.32 1.00 0.93 0.26 100
 53  ...................  14.35  0.01 0.39/0.39/0.39 1.00 0.83 0.22 100
 54  ...................  12.13  0.01 0.47/0.47/0.47 1.00 0.90 0.19 100
 55  ...................   8.66  0.01 0.56/0.56/0.56 1.00 0.81 0.16 100
 56  ...................   5.65  0.01 0.65/0.65/0.65 1.00 0.78 0.12 100
 57  ...................   3.70  0.00 0.73/0.73/0.73 1.00 0.83 0.10 100
 58  ...................   2.19  0.01 0.81/0.81/0.81 1.00 0.80 0.08 100
 59  ...................   1.09  0.00 0.87/0.87/0.87 1.00 0.71 0.06 100
 60  ...................   0.51  0.00 0.91/0.91/0.91 1.00 0.71 0.04 100
 61  ...................   0.32  0.00 0.95/0.95/0.95 1.00 1.00 0.04 100
 62  ...................   0.16  0.00 0.97/0.97/0.97 1.00 0.83 0.03 100
 63  ...................   0.08  0.00 0.98/0.98/0.98 1.00 0.90 0.03 100
 64  ...................   0.04  0.00 0.99/0.99/0.99 1.00 0.89 0.03 100
 65  ...................   0.01  0.00 1.00/1.00/1.00 1.00 0.62 0.02 100
 66  ...................   0.00  0.00 1.00/1.00/1.00 1.00 0.60 0.01   0
 67  ...................   0.00  0.00 1.00/1.00/1.00 1.00 0.67 0.01   0
 68  ...................   0.00  0.00 1.00/1.00/1.00 1.00 1.00 0.01   0
 69  ...................   0.00  0.00 1.00/1.00/1.00 1.00 0.50 0.00   0
[mcl] jury pruning marks: <100,100,100>, out of 100
[mcl] jury pruning synopsis: <100.0 or really really really good> (cf -scheme, -do log)
[mcl] output is in /local/wiwie/ClustEval/repository/results/05_06_2013-15_52_16_tcga/clusters/MCL_norm_tcga.170.results
[mcl] 1 clusters found
[mcl] output is in /local/wiwie/ClustEval/repository/results/05_06_2013-15_52_16_tcga/clusters/MCL_norm_tcga.170.results

Please cite:
    Stijn van Dongen, Graph Clustering by Flow Simulation.  PhD thesis,
    University of Utrecht, May 2000.
       (  http://www.library.uu.nl/digiarchief/dip/diss/1895620/full.pdf
       or  http://micans.org/mcl/lit/svdthesis.pdf.gz)
OR
    Stijn van Dongen, A cluster algorithm for graphs. Technical
    Report INS-R0010, National Research Institute for Mathematics
    and Computer Science in the Netherlands, Amsterdam, May 2000.
       (  http://www.cwi.nl/ftp/CWIreports/INS/INS-R0010.ps.Z
       or  http://micans.org/mcl/lit/INS-R0010.ps.Z)

