....[mcl] new tab created
[mcl] pid 16393
 ite -------------------  chaos  time hom(avg,lo,hi) expa expb expc fmv
  1  ...................   0.11  0.08 1.01/1.00/1.02 1.00 1.00 1.00 100
  2  ...................   0.27  0.10 0.96/0.96/0.96 1.00 1.00 1.00 100
  3  ...................   0.80  0.07 0.80/0.80/0.80 1.00 1.00 1.00 100
  4  ...................   2.89  0.10 0.48/0.48/0.48 1.00 1.00 1.00 100
  5  ...................  11.79  0.08 0.18/0.18/0.18 1.00 0.75 0.75 100
  6  ...................  18.14  0.04 0.29/0.29/0.29 1.00 0.36 0.27 100
  7  ...................   0.19  0.01 0.96/0.96/0.96 1.00 0.13 0.03 100
  8  ...................   0.00  0.00 1.00/1.00/1.00 1.00 0.10 0.00 100
[mcl] jury pruning marks: <100,100,100>, out of 100
[mcl] jury pruning synopsis: <100.0 or really really really good> (cf -scheme, -do log)
[mcl] output is in /local/wiwie/ClustEval/repository/results/05_06_2013-15_52_16_tcga/clusters/MCL_norm_tcga.55.results
[mcl] 1 clusters found
[mcl] output is in /local/wiwie/ClustEval/repository/results/05_06_2013-15_52_16_tcga/clusters/MCL_norm_tcga.55.results

Please cite:
    Stijn van Dongen, Graph Clustering by Flow Simulation.  PhD thesis,
    University of Utrecht, May 2000.
       (  http://www.library.uu.nl/digiarchief/dip/diss/1895620/full.pdf
       or  http://micans.org/mcl/lit/svdthesis.pdf.gz)
OR
    Stijn van Dongen, A cluster algorithm for graphs. Technical
    Report INS-R0010, National Research Institute for Mathematics
    and Computer Science in the Netherlands, Amsterdam, May 2000.
       (  http://www.cwi.nl/ftp/CWIreports/INS/INS-R0010.ps.Z
       or  http://micans.org/mcl/lit/INS-R0010.ps.Z)

