....[mcl] new tab created
[mcl] pid 51127
 ite -------------------  chaos  time hom(avg,lo,hi) expa expb expc fmv
  1  ...................   0.11  0.11 1.01/1.00/1.02 1.00 1.00 1.00 100
  2  ...................   0.11  0.08 0.99/0.99/0.99 1.00 1.00 1.00 100
  3  ...................   0.13  0.06 0.99/0.99/0.99 1.00 1.00 1.00 100
  4  ...................   0.14  0.07 0.99/0.99/0.99 1.00 1.00 1.00 100
  5  ...................   0.16  0.11 0.98/0.98/0.98 1.00 1.00 1.00 100
  6  ...................   0.18  0.08 0.98/0.98/0.98 1.00 1.00 1.00 100
  7  ...................   0.21  0.08 0.98/0.98/0.98 1.00 1.00 1.00 100
  8  ...................   0.24  0.07 0.97/0.97/0.97 1.00 1.00 1.00 100
  9  ...................   0.27  0.09 0.96/0.96/0.96 1.00 1.00 1.00 100
 10  ...................   0.31  0.07 0.95/0.95/0.95 1.00 1.00 1.00 100
 11  ...................   0.35  0.07 0.94/0.94/0.94 1.00 1.00 1.00 100
 12  ...................   0.40  0.09 0.92/0.92/0.92 1.00 1.00 1.00 100
 13  ...................   0.46  0.07 0.91/0.91/0.91 1.00 1.00 1.00 100
 14  ...................   0.53  0.08 0.88/0.88/0.88 1.00 1.00 1.00 100
 15  ...................   0.61  0.07 0.86/0.86/0.86 1.00 1.00 1.00 100
 16  ...................   0.70  0.07 0.83/0.83/0.83 1.00 1.00 1.00 100
 17  ...................   0.81  0.09 0.80/0.80/0.80 1.00 1.00 1.00 100
 18  ...................   0.94  0.07 0.76/0.76/0.76 1.00 1.00 1.00 100
 19  ...................   1.09  0.07 0.72/0.72/0.72 1.00 1.00 1.00 100
 20  ...................   1.28  0.10 0.68/0.68/0.68 1.00 1.00 1.00 100
 21  ...................   1.50  0.07 0.64/0.64/0.64 1.00 1.00 1.00 100
 22  ...................   1.77  0.07 0.60/0.60/0.60 1.00 1.00 1.00 100
 23  ...................   2.10  0.07 0.56/0.56/0.56 1.00 1.00 1.00 100
 24  ...................   2.50  0.07 0.51/0.51/0.51 1.00 1.00 1.00 100
 25  ...................   3.01  0.08 0.47/0.47/0.47 1.00 1.00 1.00 100
 26  ...................   3.64  0.08 0.43/0.43/0.43 1.00 1.00 1.00 100
 27  ...................   4.43  0.07 0.39/0.39/0.39 1.00 1.00 1.00 100
 28  ...................   5.35  0.10 0.35/0.35/0.35 1.00 0.98 0.98 100
 29  ...................   6.44  0.07 0.31/0.31/0.31 1.00 0.97 0.95 100
 30  ...................   7.71  0.07 0.27/0.27/0.27 1.00 0.96 0.91 100
 31  ...................   9.24  0.09 0.24/0.24/0.24 1.00 0.96 0.87 100
 32  ...................  10.82  0.06 0.20/0.20/0.20 1.00 0.93 0.81 100
 33  ...................  12.19  0.05 0.17/0.17/0.17 1.00 0.89 0.72 100
 34  ...................  13.67  0.04 0.15/0.15/0.15 1.00 0.89 0.64 100
 35  ...................  15.32  0.04 0.14/0.14/0.14 1.00 0.89 0.57 100
 36  ...................  16.76  0.03 0.14/0.14/0.14 1.00 0.87 0.50 100
 37  ...................  18.13  0.02 0.14/0.14/0.14 1.00 0.88 0.44 100
 38  ...................  19.29  0.02 0.16/0.16/0.16 1.00 0.88 0.39 100
 39  ...................  20.30  0.01 0.19/0.19/0.19 1.00 0.90 0.35 100
 40  ...................  18.58  0.01 0.24/0.24/0.24 1.00 0.82 0.29 100
 41  ...................  17.59  0.01 0.32/0.32/0.32 1.00 0.90 0.26 100
 42  ...................  13.71  0.01 0.41/0.41/0.41 1.00 0.80 0.21 100
 43  ...................  10.21  0.01 0.52/0.52/0.52 1.00 0.84 0.17 100
 44  ...................   6.02  0.00 0.63/0.63/0.63 1.00 0.73 0.13 100
 45  ...................   3.36  0.00 0.74/0.74/0.74 1.00 0.76 0.10 100
 46  ...................   1.69  0.00 0.83/0.83/0.83 1.00 0.75 0.07 100
 47  ...................   0.69  0.00 0.90/0.90/0.90 1.00 0.67 0.05 100
 48  ...................   0.33  0.00 0.94/0.94/0.94 1.00 0.86 0.04 100
 49  ...................   0.14  0.00 0.97/0.97/0.97 1.00 0.83 0.03 100
 50  ...................   0.05  0.00 0.99/0.99/0.99 1.00 0.80 0.03 100
 51  ...................   0.01  0.00 0.99/0.99/0.99 1.00 0.62 0.02 100
 52  ...................   0.00  0.00 1.00/1.00/1.00 1.00 0.60 0.01   0
 53  ...................   0.00  0.00 1.00/1.00/1.00 1.00 0.67 0.01   0
 54  ...................   0.00  0.00 1.00/1.00/1.00 1.00 0.50 0.00   0
[mcl] jury pruning marks: <100,100,100>, out of 100
[mcl] jury pruning synopsis: <100.0 or really really really good> (cf -scheme, -do log)
[mcl] output is in /local/wiwie/ClustEval/repository/results/05_06_2013-15_52_16_tcga/clusters/MCL_norm_tcga.158.results
[mcl] 1 clusters found
[mcl] output is in /local/wiwie/ClustEval/repository/results/05_06_2013-15_52_16_tcga/clusters/MCL_norm_tcga.158.results

Please cite:
    Stijn van Dongen, Graph Clustering by Flow Simulation.  PhD thesis,
    University of Utrecht, May 2000.
       (  http://www.library.uu.nl/digiarchief/dip/diss/1895620/full.pdf
       or  http://micans.org/mcl/lit/svdthesis.pdf.gz)
OR
    Stijn van Dongen, A cluster algorithm for graphs. Technical
    Report INS-R0010, National Research Institute for Mathematics
    and Computer Science in the Netherlands, Amsterdam, May 2000.
       (  http://www.cwi.nl/ftp/CWIreports/INS/INS-R0010.ps.Z
       or  http://micans.org/mcl/lit/INS-R0010.ps.Z)

