....[mcl] new tab created
[mcl] pid 31698
 ite -------------------  chaos  time hom(avg,lo,hi) expa expb expc fmv
  1  ...................   0.11  0.09 1.01/1.00/1.02 1.00 1.00 1.00 100
  2  ...................   0.11  0.07 0.99/0.99/0.99 1.00 1.00 1.00 100
  3  ...................   0.12  0.07 0.99/0.99/0.99 1.00 1.00 1.00 100
  4  ...................   0.13  0.07 0.99/0.99/0.99 1.00 1.00 1.00 100
  5  ...................   0.14  0.10 0.99/0.99/0.99 1.00 1.00 1.00 100
  6  ...................   0.16  0.07 0.99/0.99/0.99 1.00 1.00 1.00 100
  7  ...................   0.18  0.11 0.98/0.98/0.98 1.00 1.00 1.00 100
  8  ...................   0.19  0.07 0.98/0.98/0.98 1.00 1.00 1.00 100
  9  ...................   0.21  0.07 0.97/0.97/0.97 1.00 1.00 1.00 100
 10  ...................   0.24  0.07 0.97/0.97/0.97 1.00 1.00 1.00 100
 11  ...................   0.26  0.07 0.96/0.96/0.96 1.00 1.00 1.00 100
 12  ...................   0.29  0.07 0.96/0.96/0.96 1.00 1.00 1.00 100
 13  ...................   0.32  0.07 0.95/0.95/0.95 1.00 1.00 1.00 100
 14  ...................   0.35  0.07 0.94/0.94/0.94 1.00 1.00 1.00 100
 15  ...................   0.39  0.07 0.93/0.93/0.93 1.00 1.00 1.00 100
 16  ...................   0.43  0.06 0.91/0.91/0.91 1.00 1.00 1.00 100
 17  ...................   0.48  0.07 0.90/0.90/0.90 1.00 1.00 1.00 100
 18  ...................   0.54  0.06 0.88/0.88/0.88 1.00 1.00 1.00 100
 19  ...................   0.60  0.06 0.86/0.86/0.86 1.00 1.00 1.00 100
 20  ...................   0.66  0.10 0.84/0.84/0.84 1.00 1.00 1.00 100
 21  ...................   0.74  0.06 0.82/0.82/0.82 1.00 1.00 1.00 100
 22  ...................   0.83  0.06 0.79/0.79/0.79 1.00 1.00 1.00 100
 23  ...................   0.93  0.07 0.77/0.77/0.77 1.00 1.00 1.00 100
 24  ...................   1.04  0.06 0.74/0.74/0.74 1.00 1.00 1.00 100
 25  ...................   1.17  0.07 0.71/0.71/0.71 1.00 1.00 1.00 100
 26  ...................   1.32  0.10 0.67/0.67/0.67 1.00 1.00 1.00 100
 27  ...................   1.50  0.07 0.64/0.64/0.64 1.00 1.00 1.00 100
 28  ...................   1.70  0.07 0.61/0.61/0.61 1.00 1.00 1.00 100
 29  ...................   1.93  0.07 0.58/0.58/0.58 1.00 1.00 1.00 100
 30  ...................   2.21  0.07 0.54/0.54/0.54 1.00 1.00 1.00 100
 31  ...................   2.53  0.07 0.51/0.51/0.51 1.00 1.00 1.00 100
 32  ...................   2.91  0.08 0.48/0.48/0.48 1.00 1.00 1.00 100
 33  ...................   3.37  0.06 0.45/0.45/0.45 1.00 1.00 1.00 100
 34  ...................   3.90  0.08 0.42/0.42/0.42 1.00 1.00 1.00 100
 35  ...................   4.55  0.08 0.39/0.39/0.39 1.00 1.00 1.00 100
 36  ...................   5.24  0.06 0.36/0.36/0.36 1.00 0.98 0.98 100
 37  ...................   6.08  0.06 0.33/0.33/0.33 1.00 0.99 0.97 100
 38  ...................   7.04  0.07 0.30/0.30/0.30 1.00 0.98 0.95 100
 39  ...................   7.99  0.06 0.27/0.27/0.27 1.00 0.96 0.90 100
 40  ...................   9.19  0.09 0.24/0.24/0.24 1.00 0.97 0.87 100
 41  ...................  10.59  0.06 0.21/0.21/0.21 1.00 0.96 0.84 100
 42  ...................  11.54  0.05 0.19/0.19/0.19 1.00 0.91 0.77 100
 43  ...................  12.79  0.04 0.17/0.17/0.17 1.00 0.92 0.71 100
 44  ...................  13.84  0.04 0.15/0.15/0.15 1.00 0.90 0.64 100
 45  ...................  14.88  0.04 0.14/0.14/0.14 1.00 0.90 0.58 100
 46  ...................  16.36  0.06 0.14/0.14/0.14 1.00 0.92 0.53 100
 47  ...................  17.49  0.03 0.14/0.14/0.14 1.00 0.90 0.48 100
 48  ...................  18.30  0.02 0.15/0.15/0.15 1.00 0.89 0.43 100
 49  ...................  19.12  0.02 0.16/0.16/0.16 1.00 0.90 0.39 100
 50  ...................  19.75  0.02 0.18/0.18/0.18 1.00 0.91 0.35 100
 51  ...................  19.08  0.02 0.21/0.21/0.21 1.00 0.87 0.31 100
 52  ...................  18.41  0.01 0.26/0.26/0.26 1.00 0.90 0.28 100
 53  ...................  17.58  0.01 0.31/0.31/0.31 1.00 0.93 0.26 100
 54  ...................  14.61  0.01 0.38/0.38/0.38 1.00 0.84 0.22 100
 55  ...................  12.22  0.01 0.46/0.46/0.46 1.00 0.89 0.19 100
 56  ...................   8.97  0.00 0.55/0.55/0.55 1.00 0.82 0.16 100
 57  ...................   5.94  0.00 0.64/0.64/0.64 1.00 0.79 0.13 100
 58  ...................   3.83  0.01 0.72/0.72/0.72 1.00 0.81 0.10 100
 59  ...................   2.31  0.00 0.80/0.80/0.80 1.00 0.80 0.08 100
 60  ...................   1.23  0.00 0.86/0.86/0.86 1.00 0.75 0.06 100
 61  ...................   0.60  0.01 0.91/0.91/0.91 1.00 0.72 0.04 100
 62  ...................   0.35  0.00 0.94/0.94/0.94 1.00 0.92 0.04 100
 63  ...................   0.18  0.00 0.96/0.96/0.96 1.00 0.83 0.03 100
 64  ...................   0.10  0.00 0.98/0.98/0.98 1.00 1.00 0.03 100
 65  ...................   0.05  0.00 0.99/0.99/0.99 1.00 0.80 0.03 100
 66  ...................   0.01  0.00 0.99/0.99/0.99 1.00 0.62 0.02 100
 67  ...................   0.01  0.00 1.00/1.00/1.00 1.00 0.80 0.01   0
 68  ...................   0.00  0.00 1.00/1.00/1.00 1.00 0.75 0.01   0
 69  ...................   0.00  0.00 1.00/1.00/1.00 1.00 0.67 0.01   0
 70  ...................   0.00  0.00 1.00/1.00/1.00 1.00 0.50 0.00   0
[mcl] jury pruning marks: <100,100,100>, out of 100
[mcl] jury pruning synopsis: <100.0 or really really really good> (cf -scheme, -do log)
[mcl] output is in /local/wiwie/ClustEval/repository/results/05_06_2013-15_52_16_tcga/clusters/MCL_norm_tcga.247.results
[mcl] 1 clusters found
[mcl] output is in /local/wiwie/ClustEval/repository/results/05_06_2013-15_52_16_tcga/clusters/MCL_norm_tcga.247.results

Please cite:
    Stijn van Dongen, Graph Clustering by Flow Simulation.  PhD thesis,
    University of Utrecht, May 2000.
       (  http://www.library.uu.nl/digiarchief/dip/diss/1895620/full.pdf
       or  http://micans.org/mcl/lit/svdthesis.pdf.gz)
OR
    Stijn van Dongen, A cluster algorithm for graphs. Technical
    Report INS-R0010, National Research Institute for Mathematics
    and Computer Science in the Netherlands, Amsterdam, May 2000.
       (  http://www.cwi.nl/ftp/CWIreports/INS/INS-R0010.ps.Z
       or  http://micans.org/mcl/lit/INS-R0010.ps.Z)

