....[mcl] new tab created
[mcl] pid 9339
 ite -------------------  chaos  time hom(avg,lo,hi) expa expb expc fmv
  1  ...................   0.11  0.08 1.01/1.00/1.02 1.00 1.00 1.00 100
  2  ...................   0.17  0.11 0.98/0.98/0.98 1.00 1.00 1.00 100
  3  ...................   0.31  0.07 0.95/0.95/0.95 1.00 1.00 1.00 100
  4  ...................   0.56  0.10 0.87/0.87/0.87 1.00 1.00 1.00 100
  5  ...................   1.08  0.11 0.73/0.73/0.73 1.00 1.00 1.00 100
  6  ...................   2.25  0.07 0.54/0.54/0.54 1.00 1.00 1.00 100
  7  ...................   5.21  0.07 0.36/0.36/0.36 1.00 0.98 0.98 100
  8  ...................  11.37  0.06 0.19/0.19/0.19 1.00 0.80 0.78 100
  9  ...................  17.82  0.04 0.14/0.14/0.14 1.00 0.57 0.44 100
 10  ...................  16.19  0.03 0.34/0.34/0.34 1.00 0.54 0.24 100
 11  ...................   2.11  0.01 0.82/0.82/0.82 1.00 0.34 0.08 100
 12  ...................   0.04  0.01 0.99/0.99/0.99 1.00 0.33 0.03 100
 13  ...................   0.00  0.00 1.00/1.00/1.00 1.00 0.12 0.00 100
[mcl] jury pruning marks: <100,100,100>, out of 100
[mcl] jury pruning synopsis: <100.0 or really really really good> (cf -scheme, -do log)
[mcl] output is in /local/wiwie/ClustEval/repository/results/05_06_2013-15_52_16_tcga/clusters/MCL_norm_tcga.42.results
[mcl] 1 clusters found
[mcl] output is in /local/wiwie/ClustEval/repository/results/05_06_2013-15_52_16_tcga/clusters/MCL_norm_tcga.42.results

Please cite:
    Stijn van Dongen, Graph Clustering by Flow Simulation.  PhD thesis,
    University of Utrecht, May 2000.
       (  http://www.library.uu.nl/digiarchief/dip/diss/1895620/full.pdf
       or  http://micans.org/mcl/lit/svdthesis.pdf.gz)
OR
    Stijn van Dongen, A cluster algorithm for graphs. Technical
    Report INS-R0010, National Research Institute for Mathematics
    and Computer Science in the Netherlands, Amsterdam, May 2000.
       (  http://www.cwi.nl/ftp/CWIreports/INS/INS-R0010.ps.Z
       or  http://micans.org/mcl/lit/INS-R0010.ps.Z)

