....[mcl] new tab created
[mcl] pid 60567
 ite -------------------  chaos  time hom(avg,lo,hi) expa expb expc fmv
  1  ...................   0.11  0.08 1.01/1.00/1.02 1.00 1.00 1.00 100
  2  ...................   0.15  0.08 0.99/0.99/0.99 1.00 1.00 1.00 100
  3  ...................   0.22  0.07 0.97/0.97/0.97 1.00 1.00 1.00 100
  4  ...................   0.33  0.10 0.95/0.95/0.95 1.00 1.00 1.00 100
  5  ...................   0.50  0.07 0.89/0.89/0.89 1.00 1.00 1.00 100
  6  ...................   0.77  0.07 0.81/0.81/0.81 1.00 1.00 1.00 100
  7  ...................   1.24  0.10 0.69/0.69/0.69 1.00 1.00 1.00 100
  8  ...................   2.07  0.08 0.56/0.56/0.56 1.00 1.00 1.00 100
  9  ...................   3.69  0.11 0.43/0.43/0.43 1.00 1.00 1.00 100
 10  ...................   6.70  0.10 0.30/0.30/0.30 1.00 0.95 0.95 100
 11  ...................  11.36  0.06 0.19/0.19/0.19 1.00 0.83 0.79 100
 12  ...................  16.11  0.07 0.14/0.14/0.14 1.00 0.68 0.54 100
 13  ...................  19.76  0.03 0.18/0.18/0.18 1.00 0.66 0.36 100
 14  ...................  14.61  0.02 0.38/0.38/0.38 1.00 0.61 0.22 100
 15  ...................   3.77  0.01 0.73/0.73/0.73 1.00 0.47 0.10 100
 16  ...................   0.33  0.00 0.94/0.94/0.94 1.00 0.40 0.04 100
 17  ...................   0.01  0.00 0.99/0.99/0.99 1.00 0.42 0.02 100
 18  ...................   0.00  0.00 1.00/1.00/1.00 1.00 0.20 0.00   0
[mcl] jury pruning marks: <100,100,100>, out of 100
[mcl] jury pruning synopsis: <100.0 or really really really good> (cf -scheme, -do log)
[mcl] output is in /local/wiwie/ClustEval/repository/results/05_06_2013-15_52_16_tcga/clusters/MCL_norm_tcga.86.results
[mcl] 1 clusters found
[mcl] output is in /local/wiwie/ClustEval/repository/results/05_06_2013-15_52_16_tcga/clusters/MCL_norm_tcga.86.results

Please cite:
    Stijn van Dongen, Graph Clustering by Flow Simulation.  PhD thesis,
    University of Utrecht, May 2000.
       (  http://www.library.uu.nl/digiarchief/dip/diss/1895620/full.pdf
       or  http://micans.org/mcl/lit/svdthesis.pdf.gz)
OR
    Stijn van Dongen, A cluster algorithm for graphs. Technical
    Report INS-R0010, National Research Institute for Mathematics
    and Computer Science in the Netherlands, Amsterdam, May 2000.
       (  http://www.cwi.nl/ftp/CWIreports/INS/INS-R0010.ps.Z
       or  http://micans.org/mcl/lit/INS-R0010.ps.Z)

