....[mcl] new tab created
[mcl] pid 65432
 ite -------------------  chaos  time hom(avg,lo,hi) expa expb expc fmv
  1  ...................   0.11  0.07 1.01/1.00/1.02 1.00 1.00 1.00 100
  2  ...................   0.11  0.08 0.99/0.99/0.99 1.00 1.00 1.00 100
  3  ...................   0.12  0.07 0.99/0.99/0.99 1.00 1.00 1.00 100
  4  ...................   0.14  0.07 0.99/0.99/0.99 1.00 1.00 1.00 100
  5  ...................   0.15  0.07 0.99/0.99/0.99 1.00 1.00 1.00 100
  6  ...................   0.17  0.07 0.98/0.98/0.98 1.00 1.00 1.00 100
  7  ...................   0.19  0.11 0.98/0.98/0.98 1.00 1.00 1.00 100
  8  ...................   0.21  0.09 0.98/0.98/0.98 1.00 1.00 1.00 100
  9  ...................   0.24  0.08 0.97/0.97/0.97 1.00 1.00 1.00 100
 10  ...................   0.26  0.07 0.96/0.96/0.96 1.00 1.00 1.00 100
 11  ...................   0.30  0.10 0.95/0.95/0.95 1.00 1.00 1.00 100
 12  ...................   0.33  0.07 0.95/0.95/0.95 1.00 1.00 1.00 100
 13  ...................   0.37  0.07 0.93/0.93/0.93 1.00 1.00 1.00 100
 14  ...................   0.42  0.07 0.92/0.92/0.92 1.00 1.00 1.00 100
 15  ...................   0.47  0.08 0.90/0.90/0.90 1.00 1.00 1.00 100
 16  ...................   0.53  0.09 0.89/0.89/0.89 1.00 1.00 1.00 100
 17  ...................   0.60  0.07 0.86/0.86/0.86 1.00 1.00 1.00 100
 18  ...................   0.67  0.07 0.84/0.84/0.84 1.00 1.00 1.00 100
 19  ...................   0.76  0.06 0.81/0.81/0.81 1.00 1.00 1.00 100
 20  ...................   0.86  0.07 0.78/0.78/0.78 1.00 1.00 1.00 100
 21  ...................   0.98  0.10 0.75/0.75/0.75 1.00 1.00 1.00 100
 22  ...................   1.12  0.06 0.72/0.72/0.72 1.00 1.00 1.00 100
 23  ...................   1.28  0.07 0.68/0.68/0.68 1.00 1.00 1.00 100
 24  ...................   1.47  0.07 0.65/0.65/0.65 1.00 1.00 1.00 100
 25  ...................   1.69  0.10 0.61/0.61/0.61 1.00 1.00 1.00 100
 26  ...................   1.95  0.61 0.57/0.57/0.57 1.00 1.00 1.00 100
 27  ...................   2.27  0.08 0.54/0.54/0.54 1.00 1.00 1.00 100
 28  ...................   2.65  0.09 0.50/0.50/0.50 1.00 1.00 1.00 100
 29  ...................   3.11  0.10 0.47/0.47/0.47 1.00 1.00 1.00 100
 30  ...................   3.67  0.08 0.43/0.43/0.43 1.00 1.00 1.00 100
 31  ...................   4.34  0.07 0.40/0.40/0.40 1.00 1.00 1.00 100
 32  ...................   5.15  0.07 0.36/0.36/0.36 1.00 0.99 0.99 100
 33  ...................   6.05  0.07 0.33/0.33/0.33 1.00 0.98 0.97 100
 34  ...................   7.10  0.07 0.29/0.29/0.29 1.00 0.97 0.94 100
 35  ...................   8.17  0.07 0.26/0.26/0.26 1.00 0.95 0.89 100
 36  ...................   9.61  0.08 0.23/0.23/0.23 1.00 0.97 0.86 100
 37  ...................  10.96  0.09 0.20/0.20/0.20 1.00 0.93 0.81 100
 38  ...................  12.11  0.05 0.18/0.18/0.18 1.00 0.90 0.73 100
 39  ...................  13.17  0.05 0.16/0.16/0.16 1.00 0.89 0.65 100
 40  ...................  14.74  0.04 0.15/0.15/0.15 1.00 0.92 0.59 100
 41  ...................  16.29  0.03 0.14/0.14/0.14 1.00 0.91 0.54 100
 42  ...................  17.54  0.02 0.14/0.14/0.14 1.00 0.89 0.48 100
 43  ...................  18.52  0.02 0.15/0.15/0.15 1.00 0.89 0.42 100
 44  ...................  18.86  0.04 0.17/0.17/0.17 1.00 0.87 0.37 100
 45  ...................  20.29  0.02 0.19/0.19/0.19 1.00 0.94 0.35 100
 46  ...................  19.03  0.02 0.24/0.24/0.24 1.00 0.85 0.30 100
 47  ...................  18.18  0.01 0.29/0.29/0.29 1.00 0.91 0.27 100
 48  ...................  15.39  0.01 0.37/0.37/0.37 1.00 0.85 0.23 100
 49  ...................  12.30  0.01 0.46/0.46/0.46 1.00 0.85 0.19 100
 50  ...................   8.72  0.01 0.56/0.56/0.56 1.00 0.81 0.16 100
 51  ...................   5.58  0.00 0.66/0.66/0.66 1.00 0.78 0.12 100
 52  ...................   3.31  0.00 0.75/0.75/0.75 1.00 0.78 0.10 100
 53  ...................   1.84  0.00 0.82/0.82/0.82 1.00 0.79 0.08 100
 54  ...................   0.89  0.00 0.89/0.89/0.89 1.00 0.73 0.05 100
 55  ...................   0.41  0.00 0.93/0.93/0.93 1.00 0.75 0.04 100
 56  ...................   0.22  0.00 0.96/0.96/0.96 1.00 0.92 0.04 100
 57  ...................   0.11  0.00 0.98/0.98/0.98 1.00 0.91 0.03 100
 58  ...................   0.05  0.00 0.99/0.99/0.99 1.00 0.80 0.03 100
 59  ...................   0.01  0.00 0.99/0.99/0.99 1.00 0.62 0.02 100
 60  ...................   0.00  0.00 1.00/1.00/1.00 1.00 0.60 0.01   0
 61  ...................   0.00  0.00 1.00/1.00/1.00 1.00 0.67 0.01   0
 62  ...................   0.00  0.00 1.00/1.00/1.00 1.00 1.00 0.01   0
 63  ...................   0.00  0.00 1.00/1.00/1.00 1.00 0.50 0.00   0
[mcl] jury pruning marks: <100,100,100>, out of 100
[mcl] jury pruning synopsis: <100.0 or really really really good> (cf -scheme, -do log)
[mcl] output is in /local/wiwie/ClustEval/repository/results/05_06_2013-15_52_16_tcga/clusters/MCL_norm_tcga.100.results
[mcl] 1 clusters found
[mcl] output is in /local/wiwie/ClustEval/repository/results/05_06_2013-15_52_16_tcga/clusters/MCL_norm_tcga.100.results

Please cite:
    Stijn van Dongen, Graph Clustering by Flow Simulation.  PhD thesis,
    University of Utrecht, May 2000.
       (  http://www.library.uu.nl/digiarchief/dip/diss/1895620/full.pdf
       or  http://micans.org/mcl/lit/svdthesis.pdf.gz)
OR
    Stijn van Dongen, A cluster algorithm for graphs. Technical
    Report INS-R0010, National Research Institute for Mathematics
    and Computer Science in the Netherlands, Amsterdam, May 2000.
       (  http://www.cwi.nl/ftp/CWIreports/INS/INS-R0010.ps.Z
       or  http://micans.org/mcl/lit/INS-R0010.ps.Z)

