....[mcl] new tab created
[mcl] pid 26714
 ite -------------------  chaos  time hom(avg,lo,hi) expa expb expc fmv
  1  ...................   0.11  0.08 1.01/1.00/1.02 1.00 1.00 1.00 100
  2  ...................   0.25  0.07 0.97/0.96/0.97 1.00 1.00 1.00 100
  3  ...................   0.70  0.07 0.83/0.83/0.83 1.00 1.00 1.00 100
  4  ...................   2.27  0.09 0.54/0.54/0.54 1.00 1.00 1.00 100
  5  ...................   9.08  0.07 0.24/0.24/0.24 1.00 0.87 0.87 100
  6  ...................  19.20  0.08 0.17/0.17/0.17 1.00 0.41 0.36 100
  7  ...................   2.02  0.02 0.82/0.82/0.82 1.00 0.23 0.08 100
  8  ...................   0.00  0.00 1.00/1.00/1.00 1.00 0.08 0.01 100
  9  ...................   0.00  0.00 1.00/1.00/1.00 1.00 0.50 0.00   0
[mcl] jury pruning marks: <100,100,100>, out of 100
[mcl] jury pruning synopsis: <100.0 or really really really good> (cf -scheme, -do log)
[mcl] output is in /local/wiwie/ClustEval/repository/results/05_06_2013-15_52_16_tcga/clusters/MCL_norm_tcga.6.results
[mcl] 1 clusters found
[mcl] output is in /local/wiwie/ClustEval/repository/results/05_06_2013-15_52_16_tcga/clusters/MCL_norm_tcga.6.results

Please cite:
    Stijn van Dongen, Graph Clustering by Flow Simulation.  PhD thesis,
    University of Utrecht, May 2000.
       (  http://www.library.uu.nl/digiarchief/dip/diss/1895620/full.pdf
       or  http://micans.org/mcl/lit/svdthesis.pdf.gz)
OR
    Stijn van Dongen, A cluster algorithm for graphs. Technical
    Report INS-R0010, National Research Institute for Mathematics
    and Computer Science in the Netherlands, Amsterdam, May 2000.
       (  http://www.cwi.nl/ftp/CWIreports/INS/INS-R0010.ps.Z
       or  http://micans.org/mcl/lit/INS-R0010.ps.Z)

