....[mcl] new tab created
[mcl] pid 40569
 ite -------------------  chaos  time hom(avg,lo,hi) expa expb expc fmv
  1  ...................   0.11  0.11 1.01/1.00/1.02 1.00 1.00 1.00 100
  2  ...................   0.35  0.10 0.94/0.94/0.95 1.00 1.00 1.00 100
  3  ...................   1.43  0.07 0.65/0.65/0.65 1.00 1.00 1.00 100
  4  ...................   8.46  0.07 0.25/0.25/0.25 1.00 0.89 0.89 100
  5  ...................  18.15  0.05 0.27/0.27/0.27 1.00 0.31 0.27 100
  6  ...................   0.05  0.00 0.99/0.99/0.99 1.00 0.10 0.03 100
  7  ...................   0.00  0.00 1.00/1.00/1.00 1.00 0.12 0.00 100
[mcl] jury pruning marks: <100,100,100>, out of 100
[mcl] jury pruning synopsis: <100.0 or really really really good> (cf -scheme, -do log)
[mcl] output is in /local/wiwie/ClustEval/repository/results/05_06_2013-15_52_16_tcga/clusters/MCL_norm_tcga.9.results
[mcl] 1 clusters found
[mcl] output is in /local/wiwie/ClustEval/repository/results/05_06_2013-15_52_16_tcga/clusters/MCL_norm_tcga.9.results

Please cite:
    Stijn van Dongen, Graph Clustering by Flow Simulation.  PhD thesis,
    University of Utrecht, May 2000.
       (  http://www.library.uu.nl/digiarchief/dip/diss/1895620/full.pdf
       or  http://micans.org/mcl/lit/svdthesis.pdf.gz)
OR
    Stijn van Dongen, A cluster algorithm for graphs. Technical
    Report INS-R0010, National Research Institute for Mathematics
    and Computer Science in the Netherlands, Amsterdam, May 2000.
       (  http://www.cwi.nl/ftp/CWIreports/INS/INS-R0010.ps.Z
       or  http://micans.org/mcl/lit/INS-R0010.ps.Z)

