....[mcl] new tab created
[mcl] pid 64743
 ite -------------------  chaos  time hom(avg,lo,hi) expa expb expc fmv
  1  ...................   0.11  0.07 1.01/1.00/1.02 1.00 1.00 1.00 100
  2  ...................   0.15  0.07 0.99/0.99/0.99 1.00 1.00 1.00 100
  3  ...................   0.24  0.10 0.97/0.97/0.97 1.00 1.00 1.00 100
  4  ...................   0.38  0.07 0.93/0.93/0.93 1.00 1.00 1.00 100
  5  ...................   0.62  0.07 0.86/0.86/0.86 1.00 1.00 1.00 100
  6  ...................   1.03  0.07 0.74/0.74/0.74 1.00 1.00 1.00 100
  7  ...................   1.80  0.10 0.59/0.59/0.59 1.00 1.00 1.00 100
  8  ...................   3.38  0.11 0.45/0.45/0.45 1.00 1.00 1.00 100
  9  ...................   6.61  0.07 0.31/0.31/0.31 1.00 0.95 0.95 100
 10  ...................  11.60  0.07 0.18/0.18/0.18 1.00 0.79 0.75 100
 11  ...................  16.84  0.03 0.14/0.14/0.14 1.00 0.65 0.48 100
 12  ...................  19.34  0.02 0.23/0.23/0.23 1.00 0.63 0.31 100
 13  ...................   9.71  0.01 0.54/0.54/0.54 1.00 0.56 0.17 100
 14  ...................   0.98  0.00 0.88/0.88/0.88 1.00 0.34 0.06 100
 15  ...................   0.05  0.00 0.99/0.99/0.99 1.00 0.47 0.03 100
 16  ...................   0.00  0.00 1.00/1.00/1.00 1.00 0.25 0.01 100
 17  ...................   0.00  0.00 1.00/1.00/1.00 1.00 0.50 0.00   0
[mcl] jury pruning marks: <100,100,100>, out of 100
[mcl] jury pruning synopsis: <100.0 or really really really good> (cf -scheme, -do log)
[mcl] output is in /local/wiwie/ClustEval/repository/results/05_06_2013-15_52_16_tcga/clusters/MCL_norm_tcga.90.results
[mcl] 1 clusters found
[mcl] output is in /local/wiwie/ClustEval/repository/results/05_06_2013-15_52_16_tcga/clusters/MCL_norm_tcga.90.results

Please cite:
    Stijn van Dongen, Graph Clustering by Flow Simulation.  PhD thesis,
    University of Utrecht, May 2000.
       (  http://www.library.uu.nl/digiarchief/dip/diss/1895620/full.pdf
       or  http://micans.org/mcl/lit/svdthesis.pdf.gz)
OR
    Stijn van Dongen, A cluster algorithm for graphs. Technical
    Report INS-R0010, National Research Institute for Mathematics
    and Computer Science in the Netherlands, Amsterdam, May 2000.
       (  http://www.cwi.nl/ftp/CWIreports/INS/INS-R0010.ps.Z
       or  http://micans.org/mcl/lit/INS-R0010.ps.Z)

