....[mcl] new tab created
[mcl] pid 657
 ite -------------------  chaos  time hom(avg,lo,hi) expa expb expc fmv
  1  ...................   0.11  0.07 1.01/1.00/1.02 1.00 1.00 1.00 100
  2  ...................   0.11  0.08 0.99/0.99/0.99 1.00 1.00 1.00 100
  3  ...................   0.13  0.07 0.99/0.99/0.99 1.00 1.00 1.00 100
  4  ...................   0.15  0.07 0.99/0.99/0.99 1.00 1.00 1.00 100
  5  ...................   0.17  0.08 0.98/0.98/0.98 1.00 1.00 1.00 100
  6  ...................   0.19  0.07 0.98/0.98/0.98 1.00 1.00 1.00 100
  7  ...................   0.22  0.08 0.97/0.97/0.97 1.00 1.00 1.00 100
  8  ...................   0.25  0.07 0.97/0.97/0.97 1.00 1.00 1.00 100
  9  ...................   0.29  0.07 0.96/0.96/0.96 1.00 1.00 1.00 100
 10  ...................   0.33  0.07 0.95/0.95/0.95 1.00 1.00 1.00 100
 11  ...................   0.38  0.07 0.93/0.93/0.93 1.00 1.00 1.00 100
 12  ...................   0.44  0.07 0.91/0.91/0.91 1.00 1.00 1.00 100
 13  ...................   0.51  0.08 0.89/0.89/0.89 1.00 1.00 1.00 100
 14  ...................   0.59  0.07 0.87/0.87/0.87 1.00 1.00 1.00 100
 15  ...................   0.68  0.07 0.84/0.84/0.84 1.00 1.00 1.00 100
 16  ...................   0.79  0.07 0.80/0.80/0.80 1.00 1.00 1.00 100
 17  ...................   0.93  0.07 0.77/0.77/0.77 1.00 1.00 1.00 100
 18  ...................   1.09  0.08 0.73/0.73/0.73 1.00 1.00 1.00 100
 19  ...................   1.28  0.07 0.68/0.68/0.68 1.00 1.00 1.00 100
 20  ...................   1.51  0.08 0.64/0.64/0.64 1.00 1.00 1.00 100
 21  ...................   1.80  0.07 0.59/0.59/0.59 1.00 1.00 1.00 100
 22  ...................   2.16  0.07 0.55/0.55/0.55 1.00 1.00 1.00 100
 23  ...................   2.61  0.07 0.50/0.50/0.50 1.00 1.00 1.00 100
 24  ...................   3.17  0.07 0.46/0.46/0.46 1.00 1.00 1.00 100
 25  ...................   3.87  0.07 0.42/0.42/0.42 1.00 1.00 1.00 100
 26  ...................   4.78  0.08 0.38/0.38/0.38 1.00 1.00 0.99 100
 27  ...................   5.83  0.07 0.33/0.33/0.33 1.00 0.98 0.97 100
 28  ...................   7.10  0.06 0.29/0.29/0.29 1.00 0.97 0.94 100
 29  ...................   8.54  0.06 0.25/0.25/0.25 1.00 0.95 0.89 100
 30  ...................  10.34  0.06 0.22/0.22/0.22 1.00 0.95 0.85 100
 31  ...................  11.69  0.06 0.18/0.18/0.18 1.00 0.88 0.75 100
 32  ...................  13.15  0.04 0.16/0.16/0.16 1.00 0.88 0.66 100
 33  ...................  14.81  0.04 0.14/0.14/0.14 1.00 0.88 0.58 100
 34  ...................  16.71  0.03 0.14/0.14/0.14 1.00 0.89 0.52 100
 35  ...................  17.86  0.02 0.14/0.14/0.14 1.00 0.85 0.44 100
 36  ...................  19.27  0.02 0.16/0.16/0.16 1.00 0.88 0.39 100
 37  ...................  20.29  0.02 0.19/0.19/0.19 1.00 0.89 0.35 100
 38  ...................  18.66  0.01 0.25/0.25/0.25 1.00 0.82 0.29 100
 39  ...................  17.37  0.02 0.33/0.33/0.33 1.00 0.89 0.26 100
 40  ...................  12.87  0.01 0.43/0.43/0.43 1.00 0.77 0.20 100
 41  ...................   9.06  0.01 0.55/0.55/0.55 1.00 0.81 0.16 100
 42  ...................   5.13  0.00 0.67/0.67/0.67 1.00 0.72 0.12 100
 43  ...................   2.87  0.01 0.77/0.77/0.77 1.00 0.79 0.09 100
 44  ...................   1.14  0.00 0.86/0.86/0.86 1.00 0.63 0.06 100
 45  ...................   0.46  0.00 0.92/0.92/0.92 1.00 0.71 0.04 100
 46  ...................   0.22  0.01 0.96/0.96/0.96 1.00 0.92 0.04 100
 47  ...................   0.10  0.00 0.98/0.98/0.98 1.00 0.91 0.03 100
 48  ...................   0.02  0.00 0.99/0.99/0.99 1.00 0.50 0.02 100
 49  ...................   0.01  0.00 1.00/1.00/1.00 1.00 0.80 0.01   0
 50  ...................   0.00  0.00 1.00/1.00/1.00 1.00 0.75 0.01   0
 51  ...................   0.00  0.00 1.00/1.00/1.00 1.00 0.67 0.01   0
 52  ...................   0.00  0.00 1.00/1.00/1.00 1.00 0.50 0.00   0
[mcl] jury pruning marks: <100,100,100>, out of 100
[mcl] jury pruning synopsis: <100.0 or really really really good> (cf -scheme, -do log)
[mcl] output is in /local/wiwie/ClustEval/repository/results/05_06_2013-15_52_16_tcga/clusters/MCL_norm_tcga.106.results
[mcl] 1 clusters found
[mcl] output is in /local/wiwie/ClustEval/repository/results/05_06_2013-15_52_16_tcga/clusters/MCL_norm_tcga.106.results

Please cite:
    Stijn van Dongen, Graph Clustering by Flow Simulation.  PhD thesis,
    University of Utrecht, May 2000.
       (  http://www.library.uu.nl/digiarchief/dip/diss/1895620/full.pdf
       or  http://micans.org/mcl/lit/svdthesis.pdf.gz)
OR
    Stijn van Dongen, A cluster algorithm for graphs. Technical
    Report INS-R0010, National Research Institute for Mathematics
    and Computer Science in the Netherlands, Amsterdam, May 2000.
       (  http://www.cwi.nl/ftp/CWIreports/INS/INS-R0010.ps.Z
       or  http://micans.org/mcl/lit/INS-R0010.ps.Z)

