....[mcl] new tab created
[mcl] pid 33859
 ite -------------------  chaos  time hom(avg,lo,hi) expa expb expc fmv
  1  ...................   0.11  0.07 1.01/1.00/1.02 1.00 1.00 1.00 100
  2  ...................   0.20  0.07 0.98/0.97/0.98 1.00 1.00 1.00 100
  3  ...................   0.43  0.10 0.92/0.92/0.92 1.00 1.00 1.00 100
  4  ...................   0.96  0.07 0.76/0.76/0.76 1.00 1.00 1.00 100
  5  ...................   2.42  0.10 0.52/0.52/0.52 1.00 1.00 1.00 100
  6  ...................   7.14  0.07 0.29/0.29/0.29 1.00 0.94 0.94 100
  7  ...................  15.64  0.05 0.14/0.14/0.14 1.00 0.59 0.55 100
  8  ...................  17.81  0.03 0.31/0.31/0.31 1.00 0.48 0.26 100
  9  ...................   1.01  0.01 0.88/0.88/0.88 1.00 0.22 0.06 100
 10  ...................   0.00  0.00 1.00/1.00/1.00 1.00 0.18 0.01 100
 11  ...................   0.00  0.00 1.00/1.00/1.00 1.00 0.33 0.00   0
[mcl] jury pruning marks: <100,100,100>, out of 100
[mcl] jury pruning synopsis: <100.0 or really really really good> (cf -scheme, -do log)
[mcl] output is in /local/wiwie/ClustEval/repository/results/05_06_2013-15_52_16_tcga/clusters/MCL_norm_tcga.46.results
[mcl] 1 clusters found
[mcl] output is in /local/wiwie/ClustEval/repository/results/05_06_2013-15_52_16_tcga/clusters/MCL_norm_tcga.46.results

Please cite:
    Stijn van Dongen, Graph Clustering by Flow Simulation.  PhD thesis,
    University of Utrecht, May 2000.
       (  http://www.library.uu.nl/digiarchief/dip/diss/1895620/full.pdf
       or  http://micans.org/mcl/lit/svdthesis.pdf.gz)
OR
    Stijn van Dongen, A cluster algorithm for graphs. Technical
    Report INS-R0010, National Research Institute for Mathematics
    and Computer Science in the Netherlands, Amsterdam, May 2000.
       (  http://www.cwi.nl/ftp/CWIreports/INS/INS-R0010.ps.Z
       or  http://micans.org/mcl/lit/INS-R0010.ps.Z)

