....[mcl] new tab created
[mcl] pid 22730
 ite -------------------  chaos  time hom(avg,lo,hi) expa expb expc fmv
  1  ...................   0.11  0.08 1.01/1.00/1.02 1.00 1.00 1.00 100
  2  ...................   0.11  0.08 0.99/0.99/0.99 1.00 1.00 1.00 100
  3  ...................   0.12  0.07 0.99/0.99/0.99 1.00 1.00 1.00 100
  4  ...................   0.14  0.07 0.99/0.99/0.99 1.00 1.00 1.00 100
  5  ...................   0.15  0.10 0.99/0.99/0.99 1.00 1.00 1.00 100
  6  ...................   0.17  0.10 0.98/0.98/0.98 1.00 1.00 1.00 100
  7  ...................   0.19  0.09 0.98/0.98/0.98 1.00 1.00 1.00 100
  8  ...................   0.21  0.07 0.97/0.97/0.97 1.00 1.00 1.00 100
  9  ...................   0.24  0.07 0.97/0.97/0.97 1.00 1.00 1.00 100
 10  ...................   0.27  0.07 0.96/0.96/0.96 1.00 1.00 1.00 100
 11  ...................   0.30  0.07 0.95/0.95/0.95 1.00 1.00 1.00 100
 12  ...................   0.34  0.07 0.94/0.94/0.94 1.00 1.00 1.00 100
 13  ...................   0.38  0.08 0.93/0.93/0.93 1.00 1.00 1.00 100
 14  ...................   0.43  0.07 0.92/0.92/0.92 1.00 1.00 1.00 100
 15  ...................   0.48  0.61 0.90/0.90/0.90 1.00 1.00 1.00 100
 16  ...................   0.55  0.08 0.88/0.88/0.88 1.00 1.00 1.00 100
 17  ...................   0.62  0.07 0.86/0.86/0.86 1.00 1.00 1.00 100
 18  ...................   0.70  0.07 0.83/0.83/0.83 1.00 1.00 1.00 100
 19  ...................   0.79  0.07 0.80/0.80/0.80 1.00 1.00 1.00 100
 20  ...................   0.90  0.07 0.77/0.77/0.77 1.00 1.00 1.00 100
 21  ...................   1.03  0.10 0.74/0.74/0.74 1.00 1.00 1.00 100
 22  ...................   1.18  0.07 0.70/0.70/0.70 1.00 1.00 1.00 100
 23  ...................   1.35  0.07 0.67/0.67/0.67 1.00 1.00 1.00 100
 24  ...................   1.56  0.07 0.63/0.63/0.63 1.00 1.00 1.00 100
 25  ...................   1.80  0.11 0.59/0.59/0.59 1.00 1.00 1.00 100
 26  ...................   2.09  0.07 0.56/0.56/0.56 1.00 1.00 1.00 100
 27  ...................   2.45  0.07 0.52/0.52/0.52 1.00 1.00 1.00 100
 28  ...................   2.87  0.07 0.48/0.48/0.48 1.00 1.00 1.00 100
 29  ...................   3.39  0.10 0.45/0.45/0.45 1.00 1.00 1.00 100
 30  ...................   4.01  0.10 0.41/0.41/0.41 1.00 1.00 1.00 100
 31  ...................   4.78  0.06 0.38/0.38/0.38 1.00 1.00 0.99 100
 32  ...................   5.62  0.07 0.34/0.34/0.34 1.00 0.98 0.97 100
 33  ...................   6.63  0.08 0.31/0.31/0.31 1.00 0.98 0.95 100
 34  ...................   7.76  0.08 0.27/0.27/0.27 1.00 0.96 0.91 100
 35  ...................   9.09  0.06 0.24/0.24/0.24 1.00 0.96 0.88 100
 36  ...................  10.65  0.05 0.21/0.21/0.21 1.00 0.96 0.84 100
 37  ...................  11.70  0.06 0.18/0.18/0.18 1.00 0.89 0.75 100
 38  ...................  12.89  0.04 0.16/0.16/0.16 1.00 0.90 0.67 100
 39  ...................  14.07  0.04 0.15/0.15/0.15 1.00 0.89 0.60 100
 40  ...................  15.65  0.03 0.14/0.14/0.14 1.00 0.91 0.54 100
 41  ...................  16.99  0.03 0.14/0.14/0.14 1.00 0.89 0.48 100
 42  ...................  18.24  0.02 0.14/0.14/0.14 1.00 0.89 0.43 100
 43  ...................  19.29  0.02 0.16/0.16/0.16 1.00 0.90 0.39 100
 44  ...................  19.83  0.01 0.19/0.19/0.19 1.00 0.89 0.35 100
 45  ...................  19.41  0.01 0.23/0.23/0.23 1.00 0.88 0.31 100
 46  ...................  18.10  0.01 0.28/0.28/0.28 1.00 0.88 0.27 100
 47  ...................  15.91  0.01 0.36/0.36/0.36 1.00 0.87 0.24 100
 48  ...................  12.65  0.00 0.45/0.45/0.45 1.00 0.84 0.20 100
 49  ...................   9.05  0.00 0.55/0.55/0.55 1.00 0.81 0.16 100
 50  ...................   5.85  0.00 0.65/0.65/0.65 1.00 0.79 0.13 100
 51  ...................   3.37  0.01 0.74/0.74/0.74 1.00 0.76 0.10 100
 52  ...................   2.05  0.00 0.82/0.82/0.82 1.00 0.86 0.08 100
 53  ...................   0.96  0.00 0.88/0.88/0.88 1.00 0.71 0.06 100
 54  ...................   0.42  0.00 0.93/0.93/0.93 1.00 0.71 0.04 100
 55  ...................   0.22  0.00 0.96/0.96/0.96 1.00 0.92 0.04 100
 56  ...................   0.11  0.00 0.98/0.98/0.98 1.00 0.91 0.03 100
 57  ...................   0.04  0.00 0.99/0.99/0.99 1.00 0.80 0.03 100
 58  ...................   0.01  0.00 0.99/0.99/0.99 1.00 0.62 0.02 100
 59  ...................   0.00  0.00 1.00/1.00/1.00 1.00 0.60 0.01   0
 60  ...................   0.00  0.01 1.00/1.00/1.00 1.00 0.67 0.01   0
 61  ...................   0.00  0.00 1.00/1.00/1.00 1.00 1.00 0.01   0
 62  ...................   0.00  0.00 1.00/1.00/1.00 1.00 0.50 0.00   0
[mcl] jury pruning marks: <100,100,100>, out of 100
[mcl] jury pruning synopsis: <100.0 or really really really good> (cf -scheme, -do log)
[mcl] output is in /local/wiwie/ClustEval/repository/results/05_06_2013-15_52_16_tcga/clusters/MCL_norm_tcga.143.results
[mcl] 1 clusters found
[mcl] output is in /local/wiwie/ClustEval/repository/results/05_06_2013-15_52_16_tcga/clusters/MCL_norm_tcga.143.results

Please cite:
    Stijn van Dongen, Graph Clustering by Flow Simulation.  PhD thesis,
    University of Utrecht, May 2000.
       (  http://www.library.uu.nl/digiarchief/dip/diss/1895620/full.pdf
       or  http://micans.org/mcl/lit/svdthesis.pdf.gz)
OR
    Stijn van Dongen, A cluster algorithm for graphs. Technical
    Report INS-R0010, National Research Institute for Mathematics
    and Computer Science in the Netherlands, Amsterdam, May 2000.
       (  http://www.cwi.nl/ftp/CWIreports/INS/INS-R0010.ps.Z
       or  http://micans.org/mcl/lit/INS-R0010.ps.Z)

