....[mcl] new tab created
[mcl] pid 40884
 ite -------------------  chaos  time hom(avg,lo,hi) expa expb expc fmv
  1  ...................   0.11  0.10 1.01/1.00/1.02 1.00 1.00 1.00 100
  2  ...................   0.31  0.09 0.95/0.95/0.96 1.00 1.00 1.00 100
  3  ...................   1.08  0.08 0.73/0.73/0.73 1.00 1.00 1.00 100
  4  ...................   5.20  0.08 0.36/0.36/0.36 1.00 0.99 0.99 100
  5  ...................  17.93  0.06 0.14/0.14/0.14 1.00 0.46 0.45 100
  6  ...................   2.19  0.02 0.81/0.81/0.81 1.00 0.18 0.08 100
  7  ...................   0.00  0.00 1.00/1.00/1.00 1.00 0.04 0.00 100
[mcl] jury pruning marks: <100,100,100>, out of 100
[mcl] jury pruning synopsis: <100.0 or really really really good> (cf -scheme, -do log)
[mcl] output is in /local/wiwie/ClustEval/repository/results/05_06_2013-15_52_16_tcga/clusters/MCL_norm_tcga.60.results
[mcl] 1 clusters found
[mcl] output is in /local/wiwie/ClustEval/repository/results/05_06_2013-15_52_16_tcga/clusters/MCL_norm_tcga.60.results

Please cite:
    Stijn van Dongen, Graph Clustering by Flow Simulation.  PhD thesis,
    University of Utrecht, May 2000.
       (  http://www.library.uu.nl/digiarchief/dip/diss/1895620/full.pdf
       or  http://micans.org/mcl/lit/svdthesis.pdf.gz)
OR
    Stijn van Dongen, A cluster algorithm for graphs. Technical
    Report INS-R0010, National Research Institute for Mathematics
    and Computer Science in the Netherlands, Amsterdam, May 2000.
       (  http://www.cwi.nl/ftp/CWIreports/INS/INS-R0010.ps.Z
       or  http://micans.org/mcl/lit/INS-R0010.ps.Z)

