....[mcl] new tab created
[mcl] pid 6039
 ite -------------------  chaos  time hom(avg,lo,hi) expa expb expc fmv
  1  ...................   0.11  0.08 1.01/1.00/1.02 1.00 1.00 1.00 100
  2  ...................   0.11  0.08 0.99/0.99/0.99 1.00 1.00 1.00 100
  3  ...................   0.13  0.08 0.99/0.99/0.99 1.00 1.00 1.00 100
  4  ...................   0.15  0.08 0.99/0.99/0.99 1.00 1.00 1.00 100
  5  ...................   0.17  0.07 0.98/0.98/0.98 1.00 1.00 1.00 100
  6  ...................   0.20  0.07 0.98/0.98/0.98 1.00 1.00 1.00 100
  7  ...................   0.23  0.08 0.97/0.97/0.97 1.00 1.00 1.00 100
  8  ...................   0.27  0.07 0.96/0.96/0.96 1.00 1.00 1.00 100
  9  ...................   0.31  0.07 0.95/0.95/0.95 1.00 1.00 1.00 100
 10  ...................   0.36  0.08 0.94/0.94/0.94 1.00 1.00 1.00 100
 11  ...................   0.41  0.07 0.92/0.92/0.92 1.00 1.00 1.00 100
 12  ...................   0.48  0.07 0.90/0.90/0.90 1.00 1.00 1.00 100
 13  ...................   0.56  0.08 0.87/0.87/0.87 1.00 1.00 1.00 100
 14  ...................   0.66  0.07 0.84/0.84/0.84 1.00 1.00 1.00 100
 15  ...................   0.77  0.07 0.81/0.81/0.81 1.00 1.00 1.00 100
 16  ...................   0.91  0.07 0.77/0.77/0.77 1.00 1.00 1.00 100
 17  ...................   1.08  0.07 0.73/0.73/0.73 1.00 1.00 1.00 100
 18  ...................   1.28  0.07 0.68/0.68/0.68 1.00 1.00 1.00 100
 19  ...................   1.53  0.07 0.63/0.63/0.63 1.00 1.00 1.00 100
 20  ...................   1.84  0.08 0.59/0.59/0.59 1.00 1.00 1.00 100
 21  ...................   2.24  0.07 0.54/0.54/0.54 1.00 1.00 1.00 100
 22  ...................   2.74  0.07 0.49/0.49/0.49 1.00 1.00 1.00 100
 23  ...................   3.38  0.08 0.45/0.45/0.45 1.00 1.00 1.00 100
 24  ...................   4.19  0.07 0.40/0.40/0.40 1.00 1.00 1.00 100
 25  ...................   5.21  0.08 0.36/0.36/0.36 1.00 0.99 0.99 100
 26  ...................   6.41  0.07 0.31/0.31/0.31 1.00 0.97 0.96 100
 27  ...................   7.85  0.07 0.27/0.27/0.27 1.00 0.96 0.91 100
 28  ...................   9.59  0.06 0.23/0.23/0.23 1.00 0.95 0.87 100
 29  ...................  11.31  0.06 0.19/0.19/0.19 1.00 0.91 0.79 100
 30  ...................  12.80  0.05 0.17/0.17/0.17 1.00 0.87 0.69 100
 31  ...................  14.40  0.04 0.15/0.15/0.15 1.00 0.87 0.59 100
 32  ...................  16.55  0.03 0.14/0.14/0.14 1.00 0.89 0.53 100
 33  ...................  17.92  0.03 0.14/0.14/0.14 1.00 0.85 0.45 100
 34  ...................  19.16  0.02 0.16/0.16/0.16 1.00 0.86 0.39 100
 35  ...................  19.97  0.02 0.20/0.20/0.20 1.00 0.88 0.34 100
 36  ...................  18.56  0.01 0.25/0.25/0.25 1.00 0.83 0.28 100
 37  ...................  16.66  0.01 0.34/0.34/0.34 1.00 0.87 0.25 100
 38  ...................  12.60  0.01 0.45/0.45/0.45 1.00 0.81 0.20 100
 39  ...................   8.03  0.01 0.58/0.58/0.58 1.00 0.76 0.15 100
 40  ...................   4.36  0.01 0.70/0.70/0.70 1.00 0.73 0.11 100
 41  ...................   2.16  0.00 0.81/0.81/0.81 1.00 0.75 0.08 100
 42  ...................   0.80  0.01 0.89/0.89/0.89 1.00 0.62 0.05 100
 43  ...................   0.34  0.00 0.94/0.94/0.94 1.00 0.80 0.04 100
 44  ...................   0.13  0.00 0.97/0.97/0.97 1.00 0.83 0.03 100
 45  ...................   0.05  0.00 0.99/0.99/0.99 1.00 0.80 0.03 100
 46  ...................   0.01  0.00 1.00/1.00/1.00 1.00 0.62 0.02 100
 47  ...................   0.00  0.00 1.00/1.00/1.00 1.00 0.60 0.01   0
 48  ...................   0.00  0.00 1.00/1.00/1.00 1.00 0.67 0.01   0
 49  ...................   0.00  0.00 1.00/1.00/1.00 1.00 0.50 0.00   0
[mcl] jury pruning marks: <100,100,100>, out of 100
[mcl] jury pruning synopsis: <100.0 or really really really good> (cf -scheme, -do log)
[mcl] output is in /local/wiwie/ClustEval/repository/results/05_06_2013-15_52_16_tcga/clusters/MCL_norm_tcga.108.results
[mcl] 1 clusters found
[mcl] output is in /local/wiwie/ClustEval/repository/results/05_06_2013-15_52_16_tcga/clusters/MCL_norm_tcga.108.results

Please cite:
    Stijn van Dongen, Graph Clustering by Flow Simulation.  PhD thesis,
    University of Utrecht, May 2000.
       (  http://www.library.uu.nl/digiarchief/dip/diss/1895620/full.pdf
       or  http://micans.org/mcl/lit/svdthesis.pdf.gz)
OR
    Stijn van Dongen, A cluster algorithm for graphs. Technical
    Report INS-R0010, National Research Institute for Mathematics
    and Computer Science in the Netherlands, Amsterdam, May 2000.
       (  http://www.cwi.nl/ftp/CWIreports/INS/INS-R0010.ps.Z
       or  http://micans.org/mcl/lit/INS-R0010.ps.Z)

