....[mcl] new tab created
[mcl] pid 15943
 ite -------------------  chaos  time hom(avg,lo,hi) expa expb expc fmv
  1  ...................   0.11  0.07 1.01/1.00/1.02 1.00 1.00 1.00 100
  2  ...................   0.11  0.07 0.99/0.99/0.99 1.00 1.00 1.00 100
  3  ...................   0.12  0.08 0.99/0.99/0.99 1.00 1.00 1.00 100
  4  ...................   0.13  0.07 0.99/0.99/0.99 1.00 1.00 1.00 100
  5  ...................   0.15  0.07 0.99/0.99/0.99 1.00 1.00 1.00 100
  6  ...................   0.16  0.07 0.98/0.98/0.98 1.00 1.00 1.00 100
  7  ...................   0.18  0.08 0.98/0.98/0.98 1.00 1.00 1.00 100
  8  ...................   0.20  0.07 0.98/0.98/0.98 1.00 1.00 1.00 100
  9  ...................   0.22  0.07 0.97/0.97/0.97 1.00 1.00 1.00 100
 10  ...................   0.25  0.07 0.97/0.97/0.97 1.00 1.00 1.00 100
 11  ...................   0.27  0.07 0.96/0.96/0.96 1.00 1.00 1.00 100
 12  ...................   0.30  0.07 0.95/0.95/0.95 1.00 1.00 1.00 100
 13  ...................   0.34  0.07 0.94/0.94/0.94 1.00 1.00 1.00 100
 14  ...................   0.38  0.07 0.93/0.93/0.93 1.00 1.00 1.00 100
 15  ...................   0.42  0.07 0.92/0.92/0.92 1.00 1.00 1.00 100
 16  ...................   0.47  0.07 0.90/0.90/0.90 1.00 1.00 1.00 100
 17  ...................   0.52  0.07 0.89/0.89/0.89 1.00 1.00 1.00 100
 18  ...................   0.58  0.07 0.87/0.87/0.87 1.00 1.00 1.00 100
 19  ...................   0.65  0.07 0.85/0.85/0.85 1.00 1.00 1.00 100
 20  ...................   0.73  0.07 0.82/0.82/0.82 1.00 1.00 1.00 100
 21  ...................   0.82  0.06 0.80/0.80/0.80 1.00 1.00 1.00 100
 22  ...................   0.93  0.07 0.77/0.77/0.77 1.00 1.00 1.00 100
 23  ...................   1.05  0.07 0.74/0.74/0.74 1.00 1.00 1.00 100
 24  ...................   1.18  0.07 0.70/0.70/0.70 1.00 1.00 1.00 100
 25  ...................   1.34  0.07 0.67/0.67/0.67 1.00 1.00 1.00 100
 26  ...................   1.53  0.07 0.64/0.64/0.64 1.00 1.00 1.00 100
 27  ...................   1.74  0.06 0.60/0.60/0.60 1.00 1.00 1.00 100
 28  ...................   2.00  0.06 0.57/0.57/0.57 1.00 1.00 1.00 100
 29  ...................   2.30  0.06 0.53/0.53/0.53 1.00 1.00 1.00 100
 30  ...................   2.66  0.07 0.50/0.50/0.50 1.00 1.00 1.00 100
 31  ...................   3.09  0.07 0.47/0.47/0.47 1.00 1.00 1.00 100
 32  ...................   3.60  0.07 0.43/0.43/0.43 1.00 1.00 1.00 100
 33  ...................   4.21  0.07 0.40/0.40/0.40 1.00 1.00 1.00 100
 34  ...................   4.92  0.07 0.37/0.37/0.37 1.00 0.99 0.99 100
 35  ...................   5.73  0.07 0.34/0.34/0.34 1.00 0.98 0.97 100
 36  ...................   6.65  0.07 0.31/0.31/0.31 1.00 0.98 0.95 100
 37  ...................   7.68  0.06 0.27/0.27/0.27 1.00 0.97 0.92 100
 38  ...................   8.87  0.06 0.24/0.24/0.24 1.00 0.96 0.88 100
 39  ...................  10.26  0.06 0.22/0.22/0.22 1.00 0.96 0.85 100
 40  ...................  11.34  0.05 0.19/0.19/0.19 1.00 0.92 0.78 100
 41  ...................  12.56  0.05 0.17/0.17/0.17 1.00 0.92 0.71 100
 42  ...................  13.65  0.03 0.15/0.15/0.15 1.00 0.90 0.64 100
 43  ...................  14.88  0.03 0.14/0.14/0.14 1.00 0.90 0.58 100
 44  ...................  16.40  0.03 0.14/0.14/0.14 1.00 0.92 0.53 100
 45  ...................  17.54  0.02 0.14/0.14/0.14 1.00 0.90 0.48 100
 46  ...................  18.45  0.02 0.15/0.15/0.15 1.00 0.89 0.43 100
 47  ...................  19.17  0.02 0.16/0.16/0.16 1.00 0.90 0.38 100
 48  ...................  19.80  0.02 0.19/0.19/0.19 1.00 0.91 0.35 100
 49  ...................  19.26  0.02 0.22/0.22/0.22 1.00 0.88 0.31 100
 50  ...................  18.19  0.01 0.27/0.27/0.27 1.00 0.89 0.27 100
 51  ...................  16.67  0.01 0.34/0.34/0.34 1.00 0.90 0.25 100
 52  ...................  13.67  0.01 0.41/0.41/0.41 1.00 0.85 0.21 100
 53  ...................  10.67  0.01 0.50/0.50/0.50 1.00 0.85 0.18 100
 54  ...................   6.90  0.01 0.59/0.59/0.59 1.00 0.75 0.13 100
 55  ...................   4.58  0.00 0.69/0.69/0.69 1.00 0.82 0.11 100
 56  ...................   3.06  0.01 0.77/0.77/0.77 1.00 0.87 0.10 100
 57  ...................   1.49  0.00 0.84/0.84/0.84 1.00 0.68 0.06 100
 58  ...................   0.79  0.01 0.89/0.89/0.89 1.00 0.79 0.05 100
 59  ...................   0.40  0.00 0.93/0.93/0.93 1.00 0.80 0.04 100
 60  ...................   0.22  0.00 0.96/0.96/0.96 1.00 0.92 0.04 100
 61  ...................   0.12  0.00 0.98/0.98/0.98 1.00 0.91 0.03 100
 62  ...................   0.05  0.00 0.99/0.99/0.99 1.00 0.80 0.03 100
 63  ...................   0.02  0.00 0.99/0.99/0.99 1.00 0.62 0.02 100
 64  ...................   0.01  0.00 1.00/1.00/1.00 1.00 0.80 0.01   0
 65  ...................   0.00  0.00 1.00/1.00/1.00 1.00 0.75 0.01   0
 66  ...................   0.00  0.01 1.00/1.00/1.00 1.00 0.67 0.01   0
 67  ...................   0.00  0.00 1.00/1.00/1.00 1.00 0.50 0.00   0
[mcl] jury pruning marks: <100,100,100>, out of 100
[mcl] jury pruning synopsis: <100.0 or really really really good> (cf -scheme, -do log)
[mcl] output is in /local/wiwie/ClustEval/repository/results/05_06_2013-15_52_16_tcga/clusters/MCL_norm_tcga.180.results
[mcl] 1 clusters found
[mcl] output is in /local/wiwie/ClustEval/repository/results/05_06_2013-15_52_16_tcga/clusters/MCL_norm_tcga.180.results

Please cite:
    Stijn van Dongen, Graph Clustering by Flow Simulation.  PhD thesis,
    University of Utrecht, May 2000.
       (  http://www.library.uu.nl/digiarchief/dip/diss/1895620/full.pdf
       or  http://micans.org/mcl/lit/svdthesis.pdf.gz)
OR
    Stijn van Dongen, A cluster algorithm for graphs. Technical
    Report INS-R0010, National Research Institute for Mathematics
    and Computer Science in the Netherlands, Amsterdam, May 2000.
       (  http://www.cwi.nl/ftp/CWIreports/INS/INS-R0010.ps.Z
       or  http://micans.org/mcl/lit/INS-R0010.ps.Z)

