....[mcl] new tab created
[mcl] pid 33297
 ite -------------------  chaos  time hom(avg,lo,hi) expa expb expc fmv
  1  ...................   0.11  0.07 1.01/1.00/1.02 1.00 1.00 1.00 100
  2  ...................   0.12  0.07 0.99/0.99/0.99 1.00 1.00 1.00 100
  3  ...................   0.15  0.07 0.99/0.99/0.99 1.00 1.00 1.00 100
  4  ...................   0.18  0.06 0.98/0.98/0.98 1.00 1.00 1.00 100
  5  ...................   0.22  0.07 0.97/0.97/0.97 1.00 1.00 1.00 100
  6  ...................   0.27  0.07 0.96/0.96/0.96 1.00 1.00 1.00 100
  7  ...................   0.34  0.07 0.94/0.94/0.94 1.00 1.00 1.00 100
  8  ...................   0.42  0.06 0.92/0.92/0.92 1.00 1.00 1.00 100
  9  ...................   0.52  0.06 0.89/0.89/0.89 1.00 1.00 1.00 100
 10  ...................   0.65  0.07 0.85/0.85/0.85 1.00 1.00 1.00 100
 11  ...................   0.82  0.07 0.80/0.80/0.80 1.00 1.00 1.00 100
 12  ...................   1.04  0.07 0.74/0.74/0.74 1.00 1.00 1.00 100
 13  ...................   1.33  0.07 0.67/0.67/0.67 1.00 1.00 1.00 100
 14  ...................   1.73  0.07 0.60/0.60/0.60 1.00 1.00 1.00 100
 15  ...................   2.28  0.07 0.54/0.54/0.54 1.00 1.00 1.00 100
 16  ...................   3.05  0.07 0.47/0.47/0.47 1.00 1.00 1.00 100
 17  ...................   4.16  0.06 0.41/0.41/0.41 1.00 1.00 1.00 100
 18  ...................   5.65  0.06 0.34/0.34/0.34 1.00 0.98 0.97 100
 19  ...................   7.61  0.07 0.28/0.28/0.28 1.00 0.95 0.92 100
 20  ...................  10.08  0.06 0.22/0.22/0.22 1.00 0.92 0.85 100
 21  ...................  12.43  0.06 0.17/0.17/0.17 1.00 0.85 0.72 100
 22  ...................  14.67  0.03 0.14/0.14/0.14 1.00 0.81 0.58 100
 23  ...................  17.33  0.03 0.14/0.14/0.14 1.00 0.82 0.48 100
 24  ...................  19.20  0.02 0.16/0.16/0.16 1.00 0.81 0.39 100
 25  ...................  19.07  0.02 0.22/0.22/0.22 1.00 0.79 0.31 100
 26  ...................  17.37  0.01 0.33/0.33/0.33 1.00 0.83 0.26 100
 27  ...................  11.66  0.01 0.49/0.49/0.49 1.00 0.75 0.19 100
 28  ...................   4.89  0.00 0.67/0.67/0.67 1.00 0.59 0.11 100
 29  ...................   1.73  0.01 0.83/0.83/0.83 1.00 0.64 0.07 100
 30  ...................   0.43  0.00 0.93/0.93/0.93 1.00 0.57 0.04 100
 31  ...................   0.13  0.00 0.97/0.97/0.97 1.00 0.83 0.03 100
 32  ...................   0.02  0.00 0.99/0.99/0.99 1.00 0.50 0.02 100
 33  ...................   0.00  0.00 1.00/1.00/1.00 1.00 0.60 0.01   0
 34  ...................   0.00  0.00 1.00/1.00/1.00 1.00 0.67 0.01   0
 35  ...................   0.00  0.00 1.00/1.00/1.00 1.00 0.50 0.00   0
[mcl] jury pruning marks: <100,100,100>, out of 100
[mcl] jury pruning synopsis: <100.0 or really really really good> (cf -scheme, -do log)
[mcl] output is in /local/wiwie/ClustEval/repository/results/05_06_2013-15_52_16_tcga/clusters/MCL_norm_tcga.124.results
[mcl] 1 clusters found
[mcl] output is in /local/wiwie/ClustEval/repository/results/05_06_2013-15_52_16_tcga/clusters/MCL_norm_tcga.124.results

Please cite:
    Stijn van Dongen, Graph Clustering by Flow Simulation.  PhD thesis,
    University of Utrecht, May 2000.
       (  http://www.library.uu.nl/digiarchief/dip/diss/1895620/full.pdf
       or  http://micans.org/mcl/lit/svdthesis.pdf.gz)
OR
    Stijn van Dongen, A cluster algorithm for graphs. Technical
    Report INS-R0010, National Research Institute for Mathematics
    and Computer Science in the Netherlands, Amsterdam, May 2000.
       (  http://www.cwi.nl/ftp/CWIreports/INS/INS-R0010.ps.Z
       or  http://micans.org/mcl/lit/INS-R0010.ps.Z)

