....[mcl] new tab created
[mcl] pid 40743
 ite -------------------  chaos  time hom(avg,lo,hi) expa expb expc fmv
  1  ...................   0.11  0.07 1.01/1.00/1.02 1.00 1.00 1.00 100
  2  ...................   0.12  0.07 0.99/0.99/0.99 1.00 1.00 1.00 100
  3  ...................   0.15  0.07 0.99/0.99/0.99 1.00 1.00 1.00 100
  4  ...................   0.19  0.07 0.98/0.98/0.98 1.00 1.00 1.00 100
  5  ...................   0.24  0.07 0.97/0.97/0.97 1.00 1.00 1.00 100
  6  ...................   0.30  0.10 0.95/0.95/0.95 1.00 1.00 1.00 100
  7  ...................   0.38  0.10 0.93/0.93/0.93 1.00 1.00 1.00 100
  8  ...................   0.48  0.07 0.90/0.90/0.90 1.00 1.00 1.00 100
  9  ...................   0.61  0.07 0.86/0.86/0.86 1.00 1.00 1.00 100
 10  ...................   0.79  0.09 0.81/0.81/0.81 1.00 1.00 1.00 100
 11  ...................   1.02  0.07 0.74/0.74/0.74 1.00 1.00 1.00 100
 12  ...................   1.33  0.08 0.67/0.67/0.67 1.00 1.00 1.00 100
 13  ...................   1.77  0.07 0.60/0.60/0.60 1.00 1.00 1.00 100
 14  ...................   2.40  0.10 0.52/0.52/0.52 1.00 1.00 1.00 100
 15  ...................   3.32  0.07 0.45/0.45/0.45 1.00 1.00 1.00 100
 16  ...................   4.68  0.07 0.38/0.38/0.38 1.00 1.00 1.00 100
 17  ...................   6.47  0.07 0.31/0.31/0.31 1.00 0.96 0.95 100
 18  ...................   8.88  0.09 0.24/0.24/0.24 1.00 0.93 0.88 100
 19  ...................  11.57  0.06 0.19/0.19/0.19 1.00 0.87 0.77 100
 20  ...................  14.05  0.05 0.15/0.15/0.15 1.00 0.80 0.62 100
 21  ...................  16.87  0.03 0.14/0.14/0.14 1.00 0.81 0.50 100
 22  ...................  18.90  0.02 0.16/0.16/0.16 1.00 0.79 0.39 100
 23  ...................  19.08  0.03 0.22/0.22/0.22 1.00 0.78 0.31 100
 24  ...................  16.66  0.03 0.34/0.34/0.34 1.00 0.80 0.25 100
 25  ...................  10.15  0.02 0.52/0.52/0.52 1.00 0.71 0.17 100
 26  ...................   3.87  0.01 0.72/0.72/0.72 1.00 0.59 0.10 100
 27  ...................   1.06  0.00 0.87/0.87/0.87 1.00 0.57 0.06 100
 28  ...................   0.28  0.00 0.95/0.95/0.95 1.00 0.71 0.04 100
 29  ...................   0.05  0.01 0.99/0.99/0.99 1.00 0.67 0.03 100
 30  ...................   0.01  0.00 1.00/1.00/1.00 1.00 0.50 0.01 100
 31  ...................   0.00  0.00 1.00/1.00/1.00 1.00 0.50 0.01   0
 32  ...................   0.00  0.00 1.00/1.00/1.00 1.00 0.50 0.00   0
[mcl] jury pruning marks: <100,100,100>, out of 100
[mcl] jury pruning synopsis: <100.0 or really really really good> (cf -scheme, -do log)
[mcl] output is in /local/wiwie/ClustEval/repository/results/05_06_2013-15_52_16_tcga/clusters/MCL_norm_tcga.35.results
[mcl] 1 clusters found
[mcl] output is in /local/wiwie/ClustEval/repository/results/05_06_2013-15_52_16_tcga/clusters/MCL_norm_tcga.35.results

Please cite:
    Stijn van Dongen, Graph Clustering by Flow Simulation.  PhD thesis,
    University of Utrecht, May 2000.
       (  http://www.library.uu.nl/digiarchief/dip/diss/1895620/full.pdf
       or  http://micans.org/mcl/lit/svdthesis.pdf.gz)
OR
    Stijn van Dongen, A cluster algorithm for graphs. Technical
    Report INS-R0010, National Research Institute for Mathematics
    and Computer Science in the Netherlands, Amsterdam, May 2000.
       (  http://www.cwi.nl/ftp/CWIreports/INS/INS-R0010.ps.Z
       or  http://micans.org/mcl/lit/INS-R0010.ps.Z)

