....[mcl] new tab created
[mcl] pid 64968
 ite -------------------  chaos  time hom(avg,lo,hi) expa expb expc fmv
  1  ...................   0.11  0.07 1.01/1.00/1.02 1.00 1.00 1.00 100
  2  ...................   0.16  0.07 0.99/0.98/0.99 1.00 1.00 1.00 100
  3  ...................   0.26  0.10 0.96/0.96/0.96 1.00 1.00 1.00 100
  4  ...................   0.43  0.07 0.92/0.92/0.92 1.00 1.00 1.00 100
  5  ...................   0.72  0.07 0.83/0.83/0.83 1.00 1.00 1.00 100
  6  ...................   1.27  0.10 0.68/0.68/0.68 1.00 1.00 1.00 100
  7  ...................   2.39  0.07 0.52/0.52/0.52 1.00 1.00 1.00 100
  8  ...................   4.90  0.10 0.37/0.37/0.37 1.00 0.99 0.99 100
  9  ...................   9.78  0.06 0.22/0.22/0.22 1.00 0.87 0.86 100
 10  ...................  15.60  0.06 0.14/0.14/0.14 1.00 0.66 0.57 100
 11  ...................  20.02  0.03 0.19/0.19/0.19 1.00 0.61 0.35 100
 12  ...................  11.95  0.01 0.48/0.48/0.48 1.00 0.56 0.19 100
 13  ...................   1.09  0.01 0.87/0.87/0.87 1.00 0.30 0.06 100
 14  ...................   0.04  0.00 0.99/0.99/0.99 1.00 0.47 0.03 100
 15  ...................   0.00  0.00 1.00/1.00/1.00 1.00 0.12 0.00 100
 16  ...................   0.00  0.00 1.00/1.00/1.00 1.00 1.00 0.00   0
[mcl] jury pruning marks: <100,100,100>, out of 100
[mcl] jury pruning synopsis: <100.0 or really really really good> (cf -scheme, -do log)
[mcl] output is in /local/wiwie/ClustEval/repository/results/05_06_2013-15_52_16_tcga/clusters/MCL_norm_tcga.93.results
[mcl] 1 clusters found
[mcl] output is in /local/wiwie/ClustEval/repository/results/05_06_2013-15_52_16_tcga/clusters/MCL_norm_tcga.93.results

Please cite:
    Stijn van Dongen, Graph Clustering by Flow Simulation.  PhD thesis,
    University of Utrecht, May 2000.
       (  http://www.library.uu.nl/digiarchief/dip/diss/1895620/full.pdf
       or  http://micans.org/mcl/lit/svdthesis.pdf.gz)
OR
    Stijn van Dongen, A cluster algorithm for graphs. Technical
    Report INS-R0010, National Research Institute for Mathematics
    and Computer Science in the Netherlands, Amsterdam, May 2000.
       (  http://www.cwi.nl/ftp/CWIreports/INS/INS-R0010.ps.Z
       or  http://micans.org/mcl/lit/INS-R0010.ps.Z)

