....[mcl] new tab created
[mcl] pid 8517
 ite -------------------  chaos  time hom(avg,lo,hi) expa expb expc fmv
  1  ...................   0.11  0.08 1.01/1.00/1.02 1.00 1.00 1.00 100
  2  ...................   0.19  0.07 0.98/0.98/0.98 1.00 1.00 1.00 100
  3  ...................   0.40  0.07 0.93/0.93/0.93 1.00 1.00 1.00 100
  4  ...................   0.84  0.09 0.79/0.79/0.79 1.00 1.00 1.00 100
  5  ...................   1.98  0.08 0.57/0.57/0.57 1.00 1.00 1.00 100
  6  ...................   5.42  0.09 0.35/0.35/0.35 1.00 0.98 0.98 100
  7  ...................  12.84  0.10 0.16/0.16/0.16 1.00 0.70 0.68 100
  8  ...................  20.05  0.05 0.19/0.19/0.19 1.00 0.51 0.35 100
  9  ...................   5.06  0.02 0.67/0.67/0.67 1.00 0.33 0.12 100
 10  ...................   0.07  0.00 0.98/0.98/0.98 1.00 0.26 0.03 100
 11  ...................   0.00  0.00 1.00/1.00/1.00 1.00 0.11 0.00 100
[mcl] jury pruning marks: <100,100,100>, out of 100
[mcl] jury pruning synopsis: <100.0 or really really really good> (cf -scheme, -do log)
[mcl] output is in /local/wiwie/ClustEval/repository/results/05_06_2013-15_52_16_tcga/clusters/MCL_norm_tcga.4.results
[mcl] 1 clusters found
[mcl] output is in /local/wiwie/ClustEval/repository/results/05_06_2013-15_52_16_tcga/clusters/MCL_norm_tcga.4.results

Please cite:
    Stijn van Dongen, Graph Clustering by Flow Simulation.  PhD thesis,
    University of Utrecht, May 2000.
       (  http://www.library.uu.nl/digiarchief/dip/diss/1895620/full.pdf
       or  http://micans.org/mcl/lit/svdthesis.pdf.gz)
OR
    Stijn van Dongen, A cluster algorithm for graphs. Technical
    Report INS-R0010, National Research Institute for Mathematics
    and Computer Science in the Netherlands, Amsterdam, May 2000.
       (  http://www.cwi.nl/ftp/CWIreports/INS/INS-R0010.ps.Z
       or  http://micans.org/mcl/lit/INS-R0010.ps.Z)

