....[mcl] new tab created
[mcl] pid 12633
 ite -------------------  chaos  time hom(avg,lo,hi) expa expb expc fmv
  1  ...................   0.11  0.08 1.01/1.00/1.02 1.00 1.00 1.00 100
  2  ...................   0.12  0.08 0.99/0.99/0.99 1.00 1.00 1.00 100
  3  ...................   0.14  0.08 0.99/0.99/0.99 1.00 1.00 1.00 100
  4  ...................   0.17  0.07 0.98/0.98/0.98 1.00 1.00 1.00 100
  5  ...................   0.21  0.07 0.98/0.98/0.98 1.00 1.00 1.00 100
  6  ...................   0.25  0.06 0.97/0.97/0.97 1.00 1.00 1.00 100
  7  ...................   0.31  0.07 0.95/0.95/0.95 1.00 1.00 1.00 100
  8  ...................   0.37  0.07 0.93/0.93/0.93 1.00 1.00 1.00 100
  9  ...................   0.46  0.08 0.91/0.91/0.91 1.00 1.00 1.00 100
 10  ...................   0.56  0.07 0.88/0.88/0.88 1.00 1.00 1.00 100
 11  ...................   0.69  0.07 0.84/0.84/0.84 1.00 1.00 1.00 100
 12  ...................   0.86  0.08 0.79/0.79/0.79 1.00 1.00 1.00 100
 13  ...................   1.07  0.07 0.73/0.73/0.73 1.00 1.00 1.00 100
 14  ...................   1.34  0.07 0.67/0.67/0.67 1.00 1.00 1.00 100
 15  ...................   1.71  0.07 0.61/0.61/0.61 1.00 1.00 1.00 100
 16  ...................   2.21  0.07 0.54/0.54/0.54 1.00 1.00 1.00 100
 17  ...................   2.89  0.07 0.48/0.48/0.48 1.00 1.00 1.00 100
 18  ...................   3.83  0.06 0.42/0.42/0.42 1.00 1.00 1.00 100
 19  ...................   5.13  0.06 0.36/0.36/0.36 1.00 0.99 0.99 100
 20  ...................   6.76  0.07 0.30/0.30/0.30 1.00 0.96 0.95 100
 21  ...................   8.81  0.07 0.25/0.25/0.25 1.00 0.94 0.89 100
 22  ...................  11.09  0.06 0.20/0.20/0.20 1.00 0.89 0.79 100
 23  ...................  13.08  0.04 0.16/0.16/0.16 1.00 0.83 0.66 100
 24  ...................  15.60  0.03 0.14/0.14/0.14 1.00 0.84 0.56 100
 25  ...................  17.62  0.03 0.14/0.14/0.14 1.00 0.82 0.45 100
 26  ...................  18.94  0.02 0.17/0.17/0.17 1.00 0.81 0.37 100
 27  ...................  19.30  0.01 0.22/0.22/0.22 1.00 0.83 0.31 100
 28  ...................  17.37  0.01 0.33/0.33/0.33 1.00 0.83 0.26 100
 29  ...................  12.06  0.01 0.48/0.48/0.48 1.00 0.76 0.19 100
 30  ...................   5.86  0.01 0.65/0.65/0.65 1.00 0.65 0.13 100
 31  ...................   2.30  0.00 0.80/0.80/0.80 1.00 0.65 0.08 100
 32  ...................   0.66  0.01 0.90/0.90/0.90 1.00 0.58 0.05 100
 33  ...................   0.19  0.00 0.96/0.96/0.96 1.00 0.71 0.03 100
 34  ...................   0.05  0.00 0.99/0.99/0.99 1.00 0.80 0.03 100
 35  ...................   0.01  0.00 1.00/1.00/1.00 1.00 0.50 0.01 100
 36  ...................   0.00  0.00 1.00/1.00/1.00 1.00 0.50 0.01   0
 37  ...................   0.00  0.00 1.00/1.00/1.00 1.00 0.50 0.00   0
[mcl] jury pruning marks: <100,100,100>, out of 100
[mcl] jury pruning synopsis: <100.0 or really really really good> (cf -scheme, -do log)
[mcl] output is in /local/wiwie/ClustEval/repository/results/05_06_2013-15_52_16_tcga/clusters/MCL_norm_tcga.120.results
[mcl] 1 clusters found
[mcl] output is in /local/wiwie/ClustEval/repository/results/05_06_2013-15_52_16_tcga/clusters/MCL_norm_tcga.120.results

Please cite:
    Stijn van Dongen, Graph Clustering by Flow Simulation.  PhD thesis,
    University of Utrecht, May 2000.
       (  http://www.library.uu.nl/digiarchief/dip/diss/1895620/full.pdf
       or  http://micans.org/mcl/lit/svdthesis.pdf.gz)
OR
    Stijn van Dongen, A cluster algorithm for graphs. Technical
    Report INS-R0010, National Research Institute for Mathematics
    and Computer Science in the Netherlands, Amsterdam, May 2000.
       (  http://www.cwi.nl/ftp/CWIreports/INS/INS-R0010.ps.Z
       or  http://micans.org/mcl/lit/INS-R0010.ps.Z)

