....[mcl] new tab created
[mcl] pid 59417
 ite -------------------  chaos  time hom(avg,lo,hi) expa expb expc fmv
  1  ...................   0.11  0.07 1.01/1.00/1.02 1.00 1.00 1.00 100
  2  ...................   0.12  0.06 0.99/0.99/0.99 1.00 1.00 1.00 100
  3  ...................   0.14  0.07 0.99/0.99/0.99 1.00 1.00 1.00 100
  4  ...................   0.17  0.07 0.98/0.98/0.98 1.00 1.00 1.00 100
  5  ...................   0.20  0.07 0.98/0.98/0.98 1.00 1.00 1.00 100
  6  ...................   0.24  0.07 0.97/0.97/0.97 1.00 1.00 1.00 100
  7  ...................   0.29  0.07 0.96/0.96/0.96 1.00 1.00 1.00 100
  8  ...................   0.35  0.07 0.94/0.94/0.94 1.00 1.00 1.00 100
  9  ...................   0.43  0.07 0.92/0.92/0.92 1.00 1.00 1.00 100
 10  ...................   0.52  0.07 0.89/0.89/0.89 1.00 1.00 1.00 100
 11  ...................   0.63  0.06 0.85/0.85/0.85 1.00 1.00 1.00 100
 12  ...................   0.78  0.06 0.81/0.81/0.81 1.00 1.00 1.00 100
 13  ...................   0.96  0.07 0.76/0.76/0.76 1.00 1.00 1.00 100
 14  ...................   1.19  0.07 0.70/0.70/0.70 1.00 1.00 1.00 100
 15  ...................   1.49  0.07 0.64/0.64/0.64 1.00 1.00 1.00 100
 16  ...................   1.89  0.06 0.58/0.58/0.58 1.00 1.00 1.00 100
 17  ...................   2.42  0.07 0.52/0.52/0.52 1.00 1.00 1.00 100
 18  ...................   3.15  0.07 0.46/0.46/0.46 1.00 1.00 1.00 100
 19  ...................   4.14  0.07 0.41/0.41/0.41 1.00 1.00 1.00 100
 20  ...................   5.44  0.07 0.35/0.35/0.35 1.00 0.98 0.98 100
 21  ...................   7.14  0.06 0.29/0.29/0.29 1.00 0.97 0.94 100
 22  ...................   9.13  0.06 0.24/0.24/0.24 1.00 0.93 0.87 100
 23  ...................  11.32  0.06 0.19/0.19/0.19 1.00 0.89 0.78 100
 24  ...................  13.19  0.04 0.16/0.16/0.16 1.00 0.83 0.65 100
 25  ...................  15.65  0.03 0.14/0.14/0.14 1.00 0.85 0.55 100
 26  ...................  17.55  0.03 0.14/0.14/0.14 1.00 0.82 0.45 100
 27  ...................  19.04  0.02 0.16/0.16/0.16 1.00 0.83 0.38 100
 28  ...................  19.02  0.01 0.22/0.22/0.22 1.00 0.82 0.31 100
 29  ...................  17.81  0.02 0.31/0.31/0.31 1.00 0.86 0.26 100
 30  ...................  12.64  0.01 0.45/0.45/0.45 1.00 0.75 0.20 100
 31  ...................   6.51  0.01 0.61/0.61/0.61 1.00 0.66 0.13 100
 32  ...................   3.11  0.00 0.76/0.76/0.76 1.00 0.74 0.10 100
 33  ...................   1.01  0.01 0.88/0.88/0.88 1.00 0.61 0.06 100
 34  ...................   0.32  0.00 0.95/0.95/0.95 1.00 0.71 0.04 100
 35  ...................   0.10  0.00 0.98/0.98/0.98 1.00 0.83 0.03 100
 36  ...................   0.02  0.00 0.99/0.99/0.99 1.00 0.50 0.02 100
 37  ...................   0.00  0.00 1.00/1.00/1.00 1.00 0.60 0.01   0
 38  ...................   0.00  0.00 1.00/1.00/1.00 1.00 0.67 0.01   0
 39  ...................   0.00  0.00 1.00/1.00/1.00 1.00 0.50 0.00   0
[mcl] jury pruning marks: <100,100,100>, out of 100
[mcl] jury pruning synopsis: <100.0 or really really really good> (cf -scheme, -do log)
[mcl] output is in /local/wiwie/ClustEval/repository/results/05_06_2013-15_52_16_tcga/clusters/MCL_norm_tcga.118.results
[mcl] 1 clusters found
[mcl] output is in /local/wiwie/ClustEval/repository/results/05_06_2013-15_52_16_tcga/clusters/MCL_norm_tcga.118.results

Please cite:
    Stijn van Dongen, Graph Clustering by Flow Simulation.  PhD thesis,
    University of Utrecht, May 2000.
       (  http://www.library.uu.nl/digiarchief/dip/diss/1895620/full.pdf
       or  http://micans.org/mcl/lit/svdthesis.pdf.gz)
OR
    Stijn van Dongen, A cluster algorithm for graphs. Technical
    Report INS-R0010, National Research Institute for Mathematics
    and Computer Science in the Netherlands, Amsterdam, May 2000.
       (  http://www.cwi.nl/ftp/CWIreports/INS/INS-R0010.ps.Z
       or  http://micans.org/mcl/lit/INS-R0010.ps.Z)

