....[mcl] new tab created
[mcl] pid 42471
 ite -------------------  chaos  time hom(avg,lo,hi) expa expb expc fmv
  1  ...................   0.11  0.08 1.01/1.00/1.02 1.00 1.00 1.00 100
  2  ...................   0.12  0.07 0.99/0.99/0.99 1.00 1.00 1.00 100
  3  ...................   0.15  0.07 0.99/0.99/0.99 1.00 1.00 1.00 100
  4  ...................   0.18  0.07 0.98/0.98/0.98 1.00 1.00 1.00 100
  5  ...................   0.23  0.07 0.97/0.97/0.97 1.00 1.00 1.00 100
  6  ...................   0.28  0.07 0.96/0.96/0.96 1.00 1.00 1.00 100
  7  ...................   0.35  0.07 0.94/0.94/0.94 1.00 1.00 1.00 100
  8  ...................   0.44  0.07 0.91/0.91/0.91 1.00 1.00 1.00 100
  9  ...................   0.55  0.07 0.88/0.88/0.88 1.00 1.00 1.00 100
 10  ...................   0.70  0.08 0.83/0.83/0.83 1.00 1.00 1.00 100
 11  ...................   0.89  0.07 0.78/0.78/0.78 1.00 1.00 1.00 100
 12  ...................   1.15  0.07 0.71/0.71/0.71 1.00 1.00 1.00 100
 13  ...................   1.49  0.55 0.64/0.64/0.64 1.00 1.00 1.00 100
 14  ...................   1.97  0.07 0.57/0.57/0.57 1.00 1.00 1.00 100
 15  ...................   2.64  0.07 0.50/0.50/0.50 1.00 1.00 1.00 100
 16  ...................   3.62  0.07 0.43/0.43/0.43 1.00 1.00 1.00 100
 17  ...................   5.00  0.08 0.37/0.37/0.37 1.00 0.99 0.99 100
 18  ...................   6.83  0.07 0.30/0.30/0.30 1.00 0.96 0.95 100
 19  ...................   9.14  0.07 0.24/0.24/0.24 1.00 0.92 0.87 100
 20  ...................  11.56  0.05 0.18/0.18/0.18 1.00 0.86 0.75 100
 21  ...................  14.06  0.04 0.15/0.15/0.15 1.00 0.82 0.62 100
 22  ...................  16.90  0.03 0.14/0.14/0.14 1.00 0.82 0.51 100
 23  ...................  19.27  0.02 0.15/0.15/0.15 1.00 0.81 0.41 100
 24  ...................  19.36  0.02 0.21/0.21/0.21 1.00 0.78 0.32 100
 25  ...................  17.81  0.01 0.31/0.31/0.31 1.00 0.82 0.26 100
 26  ...................  12.08  0.01 0.47/0.47/0.47 1.00 0.74 0.19 100
 27  ...................   5.15  0.01 0.66/0.66/0.66 1.00 0.60 0.12 100
 28  ...................   1.74  0.00 0.83/0.83/0.83 1.00 0.62 0.07 100
 29  ...................   0.42  0.00 0.93/0.93/0.93 1.00 0.57 0.04 100
 30  ...................   0.12  0.01 0.98/0.98/0.98 1.00 0.83 0.03 100
 31  ...................   0.02  0.00 0.99/0.99/0.99 1.00 0.50 0.02 100
 32  ...................   0.00  0.00 1.00/1.00/1.00 1.00 0.60 0.01   0
 33  ...................   0.00  0.00 1.00/1.00/1.00 1.00 0.33 0.00   0
[mcl] jury pruning marks: <100,100,100>, out of 100
[mcl] jury pruning synopsis: <100.0 or really really really good> (cf -scheme, -do log)
[mcl] output is in /local/wiwie/ClustEval/repository/results/05_06_2013-15_52_16_tcga/clusters/MCL_norm_tcga.126.results
[mcl] 1 clusters found
[mcl] output is in /local/wiwie/ClustEval/repository/results/05_06_2013-15_52_16_tcga/clusters/MCL_norm_tcga.126.results

Please cite:
    Stijn van Dongen, Graph Clustering by Flow Simulation.  PhD thesis,
    University of Utrecht, May 2000.
       (  http://www.library.uu.nl/digiarchief/dip/diss/1895620/full.pdf
       or  http://micans.org/mcl/lit/svdthesis.pdf.gz)
OR
    Stijn van Dongen, A cluster algorithm for graphs. Technical
    Report INS-R0010, National Research Institute for Mathematics
    and Computer Science in the Netherlands, Amsterdam, May 2000.
       (  http://www.cwi.nl/ftp/CWIreports/INS/INS-R0010.ps.Z
       or  http://micans.org/mcl/lit/INS-R0010.ps.Z)

