....[mcl] new tab created
[mcl] pid 13282
 ite -------------------  chaos  time hom(avg,lo,hi) expa expb expc fmv
  1  ...................   0.11  0.07 1.01/1.00/1.02 1.00 1.00 1.00 100
  2  ...................   0.11  0.08 0.99/0.99/0.99 1.00 1.00 1.00 100
  3  ...................   0.12  0.07 0.99/0.99/0.99 1.00 1.00 1.00 100
  4  ...................   0.14  0.07 0.99/0.99/0.99 1.00 1.00 1.00 100
  5  ...................   0.16  0.07 0.99/0.99/0.99 1.00 1.00 1.00 100
  6  ...................   0.18  0.07 0.98/0.98/0.98 1.00 1.00 1.00 100
  7  ...................   0.20  0.07 0.98/0.98/0.98 1.00 1.00 1.00 100
  8  ...................   0.23  0.07 0.97/0.97/0.97 1.00 1.00 1.00 100
  9  ...................   0.26  0.07 0.96/0.96/0.96 1.00 1.00 1.00 100
 10  ...................   0.29  0.07 0.96/0.96/0.96 1.00 1.00 1.00 100
 11  ...................   0.33  0.07 0.94/0.94/0.94 1.00 1.00 1.00 100
 12  ...................   0.38  0.07 0.93/0.93/0.93 1.00 1.00 1.00 100
 13  ...................   0.43  0.11 0.92/0.92/0.92 1.00 1.00 1.00 100
 14  ...................   0.49  0.07 0.90/0.90/0.90 1.00 1.00 1.00 100
 15  ...................   0.56  0.08 0.88/0.88/0.88 1.00 1.00 1.00 100
 16  ...................   0.64  0.08 0.85/0.85/0.85 1.00 1.00 1.00 100
 17  ...................   0.73  0.09 0.82/0.82/0.82 1.00 1.00 1.00 100
 18  ...................   0.83  0.10 0.79/0.79/0.79 1.00 1.00 1.00 100
 19  ...................   0.96  0.11 0.76/0.76/0.76 1.00 1.00 1.00 100
 20  ...................   1.11  0.07 0.72/0.72/0.72 1.00 1.00 1.00 100
 21  ...................   1.29  0.10 0.68/0.68/0.68 1.00 1.00 1.00 100
 22  ...................   1.50  0.09 0.64/0.64/0.64 1.00 1.00 1.00 100
 23  ...................   1.75  0.08 0.60/0.60/0.60 1.00 1.00 1.00 100
 24  ...................   2.06  0.09 0.56/0.56/0.56 1.00 1.00 1.00 100
 25  ...................   2.44  0.07 0.52/0.52/0.52 1.00 1.00 1.00 100
 26  ...................   2.90  0.07 0.48/0.48/0.48 1.00 1.00 1.00 100
 27  ...................   3.47  0.07 0.44/0.44/0.44 1.00 1.00 1.00 100
 28  ...................   4.17  0.06 0.40/0.40/0.40 1.00 1.00 1.00 100
 29  ...................   5.03  0.06 0.37/0.37/0.37 1.00 0.99 0.99 100
 30  ...................   6.02  0.06 0.33/0.33/0.33 1.00 0.98 0.97 100
 31  ...................   7.18  0.07 0.29/0.29/0.29 1.00 0.97 0.94 100
 32  ...................   8.46  0.08 0.25/0.25/0.25 1.00 0.95 0.89 100
 33  ...................  10.01  0.05 0.22/0.22/0.22 1.00 0.95 0.85 100
 34  ...................  11.44  0.09 0.19/0.19/0.19 1.00 0.92 0.78 100
 35  ...................  12.68  0.04 0.17/0.17/0.17 1.00 0.89 0.69 100
 36  ...................  14.04  0.06 0.15/0.15/0.15 1.00 0.89 0.61 100
 37  ...................  15.73  0.03 0.14/0.14/0.14 1.00 0.90 0.55 100
 38  ...................  17.13  0.03 0.14/0.14/0.14 1.00 0.88 0.48 100
 39  ...................  18.49  0.02 0.15/0.15/0.15 1.00 0.89 0.43 100
 40  ...................  18.86  0.02 0.17/0.17/0.17 1.00 0.86 0.37 100
 41  ...................  19.92  0.03 0.20/0.20/0.20 1.00 0.92 0.34 100
 42  ...................  18.64  0.02 0.25/0.25/0.25 1.00 0.85 0.29 100
 43  ...................  17.59  0.01 0.32/0.32/0.32 1.00 0.90 0.26 100
 44  ...................  13.76  0.01 0.40/0.40/0.40 1.00 0.80 0.21 100
 45  ...................  10.59  0.01 0.51/0.51/0.51 1.00 0.85 0.18 100
 46  ...................   6.25  0.00 0.62/0.62/0.62 1.00 0.71 0.13 100
 47  ...................   3.85  0.00 0.72/0.72/0.72 1.00 0.81 0.10 100
 48  ...................   2.15  0.00 0.81/0.81/0.81 1.00 0.80 0.08 100
 49  ...................   0.98  0.01 0.88/0.88/0.88 1.00 0.71 0.06 100
 50  ...................   0.41  0.00 0.93/0.93/0.93 1.00 0.71 0.04 100
 51  ...................   0.19  0.00 0.96/0.96/0.96 1.00 0.83 0.03 100
 52  ...................   0.09  0.00 0.98/0.98/0.98 1.00 1.00 0.03 100
 53  ...................   0.03  0.00 0.99/0.99/0.99 1.00 0.70 0.02 100
 54  ...................   0.01  0.00 1.00/1.00/1.00 1.00 0.57 0.01 100
 55  ...................   0.00  0.00 1.00/1.00/1.00 1.00 0.75 0.01   0
 56  ...................   0.00  0.00 1.00/1.00/1.00 1.00 0.67 0.01   0
 57  ...................   0.00  0.00 1.00/1.00/1.00 1.00 0.50 0.00   0
[mcl] jury pruning marks: <100,100,100>, out of 100
[mcl] jury pruning synopsis: <100.0 or really really really good> (cf -scheme, -do log)
[mcl] output is in /local/wiwie/ClustEval/repository/results/05_06_2013-15_52_16_tcga/clusters/MCL_norm_tcga.152.results
[mcl] 1 clusters found
[mcl] output is in /local/wiwie/ClustEval/repository/results/05_06_2013-15_52_16_tcga/clusters/MCL_norm_tcga.152.results

Please cite:
    Stijn van Dongen, Graph Clustering by Flow Simulation.  PhD thesis,
    University of Utrecht, May 2000.
       (  http://www.library.uu.nl/digiarchief/dip/diss/1895620/full.pdf
       or  http://micans.org/mcl/lit/svdthesis.pdf.gz)
OR
    Stijn van Dongen, A cluster algorithm for graphs. Technical
    Report INS-R0010, National Research Institute for Mathematics
    and Computer Science in the Netherlands, Amsterdam, May 2000.
       (  http://www.cwi.nl/ftp/CWIreports/INS/INS-R0010.ps.Z
       or  http://micans.org/mcl/lit/INS-R0010.ps.Z)

